Installing dependencies...

added 436 packages, and audited 437 packages in 11s

129 packages are looking for funding
  run `npm fund` for details

3 vulnerabilities (2 moderate, 1 high)

To address issues that do not require attention, run:
  npm audit fix

Some issues need review, and may require choosing
a different dependency.

Run `npm audit` for details.
Building React app...

> boilerplate-code-react-js@0.0.0 build
> vite build

vite v7.1.11 building for production...
transforming...
✓ 2898 modules transformed.
rendering chunks...
computing gzip size...
dist/index.html                                    1.26 kB │ gzip:   0.66 kB
dist/assets/rectanglePlaceholder-nCbViREl.png     11.85 kB
dist/assets/irfanMalikBg-D4osmO_C.jpg             24.66 kB
dist/assets/placeholderMan-BvremNML.png           36.64 kB
dist/assets/handShake-Dk1DoagP.webp               65.18 kB
dist/assets/tower-gldBe0jJ.webp                   66.16 kB
dist/assets/tower2-LuqAcWCu.jpg                   72.52 kB
dist/assets/shakeelBg-NX99JDrP.jpg               143.15 kB
dist/assets/MainLogo-DJpFhlQE.png                144.86 kB
dist/assets/Fav-BPcykgsi.png                     147.34 kB
dist/assets/akhtar-qLBVRLf-.jpg                  173.92 kB
dist/assets/tower3-DpFzgoGy.jpg                  175.56 kB
dist/assets/meerShinyDress-C8scZpYx.webp         229.68 kB
dist/assets/meerGreenJacket-ykCKR2uN.png         230.19 kB
dist/assets/arabic-BElshnQY.jpg                  238.42 kB
dist/assets/wasim-ETjjiRaD.jpg                   242.26 kB
dist/assets/salman-DD3Zraly.jpg                  255.18 kB
dist/assets/fahad-CnovJc60.jpg                   278.62 kB
dist/assets/tech-BdWyL5Pa.jpg                    281.71 kB
dist/assets/dubai-Bmqq4ymj.jpg                   311.77 kB
dist/assets/wasimAkramBg-D4BFEYu1.png            313.57 kB
dist/assets/wasimAkram-CBOcRO9q.png            4,488.96 kB
dist/assets/index-DKx-C6dk.css                   126.08 kB │ gzip:  17.42 kB
dist/assets/useDebounce-GaWkzfZA.js                0.19 kB │ gzip:   0.17 kB
dist/assets/check-BefqzW2t.js                      0.29 kB │ gzip:   0.24 kB
dist/assets/chevron-down-DWflkS-b.js               0.30 kB │ gzip:   0.25 kB
dist/assets/plus-DMgwbYHf.js                       0.33 kB │ gzip:   0.25 kB
dist/assets/circle-check-DH8ZuRtv.js               0.35 kB │ gzip:   0.27 kB
dist/assets/trending-up-CmdBV1FH.js                0.35 kB │ gzip:   0.27 kB
dist/assets/ban-Dy1L6Kcg.js                        0.35 kB │ gzip:   0.28 kB
dist/assets/circle-check-big-CcuzVGvo.js           0.36 kB │ gzip:   0.28 kB
dist/assets/info-BcPjwlJU.js                       0.37 kB │ gzip:   0.28 kB
dist/assets/mail-6QTiBTFb.js                       0.39 kB │ gzip:   0.31 kB
dist/assets/briefcase-Bp93gM0i.js                  0.39 kB │ gzip:   0.30 kB
dist/assets/log-in-BpPF-eOb.js                     0.40 kB │ gzip:   0.29 kB
dist/assets/download-D2eDVW69.js                   0.41 kB │ gzip:   0.30 kB
dist/assets/message-square-NEDC0xhw.js             0.41 kB │ gzip:   0.31 kB
dist/assets/globe-DbwH3Uld.js                      0.41 kB │ gzip:   0.29 kB
dist/assets/circle-alert-ClxpCV7d.js               0.42 kB │ gzip:   0.29 kB
dist/assets/eye-DMF79pck.js                        0.42 kB │ gzip:   0.30 kB
dist/assets/map-pin-llDMX0h4.js                    0.43 kB │ gzip:   0.33 kB
dist/assets/link-Di8W5PFO.js                       0.43 kB │ gzip:   0.30 kB
dist/assets/pencil-DPSQ_8Uf.js                     0.45 kB │ gzip:   0.33 kB
dist/assets/box-CO9MdAWw.js                        0.48 kB │ gzip:   0.33 kB
dist/assets/user-plus-DjFIzcn9.js                  0.48 kB │ gzip:   0.34 kB
dist/assets/shield-check-8vEAurTB.js               0.49 kB │ gzip:   0.35 kB
dist/assets/square-pen-CVyXuuri.js                 0.49 kB │ gzip:   0.34 kB
dist/assets/phone-8p_OYWoT.js                      0.50 kB │ gzip:   0.33 kB
dist/assets/trash-2-CPPWU4DI.js                    0.50 kB │ gzip:   0.32 kB
dist/assets/file-text-BnAMDtCh.js                  0.51 kB │ gzip:   0.32 kB
dist/assets/sparkles-DwaOshWt.js                   0.67 kB │ gzip:   0.39 kB
dist/assets/label-B3UtuFwp.js                      0.89 kB │ gzip:   0.55 kB
dist/assets/InfoBox-c4N-U2HG.js                    0.91 kB │ gzip:   0.46 kB
dist/assets/textarea-ByowBwKe.js                   0.96 kB │ gzip:   0.54 kB
dist/assets/ToggleChips-BTN3tHjJ.js                1.12 kB │ gzip:   0.65 kB
dist/assets/input-CILg5bbk.js                      1.14 kB │ gzip:   0.66 kB
dist/assets/card-BM9bf1NK.js                       1.18 kB │ gzip:   0.46 kB
dist/assets/EmptyState-7Sa4vTbi.js                 1.47 kB │ gzip:   0.61 kB
dist/assets/target-dZt2-wOt.js                     1.56 kB │ gzip:   0.56 kB
dist/assets/index-Azov5s_j.js                      1.73 kB │ gzip:   0.81 kB
dist/assets/toolbar-CvNSua92.js                    1.86 kB │ gzip:   0.86 kB
dist/assets/topCards-D2Cau0_0.js                   2.01 kB │ gzip:   0.93 kB
dist/assets/index-D4XwQBbi.js                      2.07 kB │ gzip:   0.92 kB
dist/assets/ForgotPassword-FMvHxg3D.js             2.21 kB │ gzip:   1.10 kB
dist/assets/ImageUploader-GaYDKhjk.js              2.26 kB │ gzip:   1.13 kB
dist/assets/ResetPassword-B4zzko4J.js              2.44 kB │ gzip:   1.08 kB
dist/assets/AuthCallback-CLTErZa8.js               2.47 kB │ gzip:   1.24 kB
dist/assets/FileUploader-DdPx2Tfm.js               3.02 kB │ gzip:   1.36 kB
dist/assets/index-DRnQ2STf.js                      3.07 kB │ gzip:   1.46 kB
dist/assets/index-Csw-6exM.js                      3.21 kB │ gzip:   1.60 kB
dist/assets/index-CfjNKodP.js                      3.27 kB │ gzip:   1.59 kB
dist/assets/index-Y1T-GoyG.js                      3.40 kB │ gzip:   1.62 kB
dist/assets/SelectRole-BlP_xX-C.js                 3.41 kB │ gzip:   1.55 kB
dist/assets/index-BDGCe1Yd.js                      3.98 kB │ gzip:   1.50 kB
dist/assets/SignUp-DqKqhkbZ.js                     4.00 kB │ gzip:   1.61 kB
dist/assets/index-D7T9UOag.js                      4.05 kB │ gzip:   1.60 kB
dist/assets/index-BfGg7wtY.js                      4.05 kB │ gzip:   1.60 kB
dist/assets/index-CCKkr-8I.js                      4.05 kB │ gzip:   1.60 kB
dist/assets/LegalModal-p2Gm4hSm.js                 4.09 kB │ gzip:   2.01 kB
dist/assets/checkbox-D0tPs5ob.js                   4.11 kB │ gzip:   1.80 kB
dist/assets/Dashboard-BWhDP7R9.js                  4.25 kB │ gzip:   1.44 kB
dist/assets/Dashboard-wNDDpaF1.js                  4.26 kB │ gzip:   1.45 kB
dist/assets/index-DIQh68oX.js                      4.49 kB │ gzip:   2.30 kB
dist/assets/index-Bq7cQ8q-.js                      4.51 kB │ gzip:   2.30 kB
dist/assets/Stepper-Bm4kU93H.js                    4.66 kB │ gzip:   2.03 kB
dist/assets/index-DvPjoseV.js                      4.93 kB │ gzip:   2.07 kB
dist/assets/ContactSupport-BAUWmDRA.js             4.96 kB │ gzip:   2.04 kB
dist/assets/Login-x8GUUKfG.js                      5.07 kB │ gzip:   2.15 kB
dist/assets/Tabs-CwcsbUKC.js                       5.77 kB │ gzip:   2.03 kB
dist/assets/VerifyUserEmail-Bt9Lx2hv.js            5.92 kB │ gzip:   2.12 kB
dist/assets/index-BHJVuRX6.js                      7.17 kB │ gzip:   2.95 kB
dist/assets/Profile-CBlF4_9C.js                    7.38 kB │ gzip:   2.53 kB
dist/assets/index-D-L-ideS.js                      7.44 kB │ gzip:   2.84 kB
dist/assets/dialog-D5S8IDL4.js                     8.41 kB │ gzip:   3.24 kB
dist/assets/index-BMXfQOQ3.js                      8.81 kB │ gzip:   3.32 kB
dist/assets/index-CycqNvch.js                      9.22 kB │ gzip:   3.79 kB
dist/assets/Header-EgCKuOFp.js                    11.07 kB │ gzip:   3.46 kB
dist/assets/EditFounder-xI-SCXB2.js               15.36 kB │ gzip:   3.64 kB
dist/assets/EditInvestor-DLBFyMHL.js              16.73 kB │ gzip:   4.05 kB
dist/assets/CreateNewBatch-P3xdAd_H.js            17.01 kB │ gzip:   4.31 kB
dist/assets/index-CR_9hz06.js                     18.22 kB │ gzip:   5.43 kB
dist/assets/index-BQUIUbEu.js                     18.84 kB │ gzip:   6.19 kB
dist/assets/index-CjtJe6rb.js                     20.65 kB │ gzip:   5.72 kB
dist/assets/select-DvT2NGlA.js                    21.30 kB │ gzip:   7.64 kB
dist/assets/index-BPk4I8hs.js                     24.76 kB │ gzip:   8.99 kB
dist/assets/index-CF2B-wQG.js                     30.18 kB │ gzip:  11.61 kB
dist/assets/table-DqG8_RjE.js                     42.22 kB │ gzip:  11.99 kB
dist/assets/ViewCallLogsModal-D8Y1hz0U.js         82.14 kB │ gzip:  24.80 kB
dist/assets/Landing-BnhnqN5S.js                  136.33 kB │ gzip:  48.77 kB
dist/assets/index-CWZeY0YE.js                    745.13 kB │ gzip: 225.15 kB
dist/assets/index-664CMXYB.js                    882.81 kB │ gzip: 258.20 kB

(!) Some chunks are larger than 500 kB after minification. Consider:
- Using dynamic import() to code-split the application
- Use build.rollupOptions.output.manualChunks to improve chunking: https://rollupjs.org/configuration-options/#output-manualchunks
- Adjust chunk size limit for this warning via build.chunkSizeWarningLimit.
✓ built in 10.89s
Packaging build...
  adding: favicon.ico (deflated 13%)
  adding: assets/ (stored 0%)
  adding: assets/irfanMalikBg-D4osmO_C.jpg (deflated 1%)
  adding: assets/meerShinyDress-C8scZpYx.webp (deflated 0%)
  adding: assets/shakeelBg-NX99JDrP.jpg (deflated 0%)
  adding: assets/akhtar-qLBVRLf-.jpg (deflated 1%)
  adding: assets/dubai-Bmqq4ymj.jpg (deflated 0%)
  adding: assets/fahad-CnovJc60.jpg (deflated 0%)
  adding: assets/handShake-Dk1DoagP.webp (deflated 0%)
  adding: assets/salman-DD3Zraly.jpg (deflated 0%)
  adding: assets/tech-BdWyL5Pa.jpg (deflated 0%)
  adding: assets/wasim-ETjjiRaD.jpg (deflated 0%)
  adding: assets/placeholderMan-BvremNML.png (deflated 3%)
  adding: assets/rectanglePlaceholder-nCbViREl.png (deflated 31%)
  adding: assets/Fav-BPcykgsi.png (deflated 5%)
  adding: assets/MainLogo-DJpFhlQE.png (deflated 4%)
  adding: assets/tower-gldBe0jJ.webp (deflated 0%)
  adding: assets/tower2-LuqAcWCu.jpg (deflated 2%)
  adding: assets/tower3-DpFzgoGy.jpg (deflated 0%)
  adding: assets/meerGreenJacket-ykCKR2uN.png (deflated 0%)
  adding: assets/wasimAkramBg-D4BFEYu1.png (deflated 0%)
  adding: assets/arabic-BElshnQY.jpg (deflated 0%)
  adding: assets/wasimAkram-CBOcRO9q.png (deflated 1%)
  adding: assets/index-DKx-C6dk.css (deflated 86%)
  adding: assets/index-CWZeY0YE.js (deflated 70%)
  adding: assets/Landing-BnhnqN5S.js (deflated 64%)
  adding: assets/index-Csw-6exM.js (deflated 50%)
  adding: assets/index-DRnQ2STf.js (deflated 53%)
  adding: assets/index-Y1T-GoyG.js (deflated 53%)
  adding: assets/index-CfjNKodP.js (deflated 52%)
  adding: assets/Header-EgCKuOFp.js (deflated 69%)
  adding: assets/SignUp-DqKqhkbZ.js (deflated 60%)
  adding: assets/ForgotPassword-FMvHxg3D.js (deflated 51%)
  adding: assets/VerifyUserEmail-Bt9Lx2hv.js (deflated 64%)
  adding: assets/ResetPassword-B4zzko4J.js (deflated 56%)
  adding: assets/ContactSupport-BAUWmDRA.js (deflated 59%)
  adding: assets/AuthCallback-CLTErZa8.js (deflated 50%)
  adding: assets/SelectRole-BlP_xX-C.js (deflated 55%)
  adding: assets/Login-x8GUUKfG.js (deflated 58%)
  adding: assets/index-Azov5s_j.js (deflated 53%)
  adding: assets/index-664CMXYB.js (deflated 71%)
  adding: assets/Profile-CBlF4_9C.js (deflated 66%)
  adding: assets/index-BHJVuRX6.js (deflated 59%)
  adding: assets/index-D-L-ideS.js (deflated 62%)
  adding: assets/box-CO9MdAWw.js (deflated 36%)
  adding: assets/EditInvestor-DLBFyMHL.js (deflated 76%)
  adding: assets/index-BMXfQOQ3.js (deflated 63%)
  adding: assets/globe-DbwH3Uld.js (deflated 33%)
  adding: assets/ViewCallLogsModal-D8Y1hz0U.js (deflated 70%)
  adding: assets/label-B3UtuFwp.js (deflated 40%)
  adding: assets/EditFounder-xI-SCXB2.js (deflated 77%)
  adding: assets/index-CycqNvch.js (deflated 59%)
  adding: assets/index-BQUIUbEu.js (deflated 67%)
  adding: assets/user-plus-DjFIzcn9.js (deflated 34%)
  adding: assets/log-in-BpPF-eOb.js (deflated 32%)
  adding: assets/ban-Dy1L6Kcg.js (deflated 26%)
  adding: assets/phone-8p_OYWoT.js (deflated 37%)
  adding: assets/InfoBox-c4N-U2HG.js (deflated 51%)
  adding: assets/pencil-DPSQ_8Uf.js (deflated 31%)
  adding: assets/shield-check-8vEAurTB.js (deflated 32%)
  adding: assets/index-BDGCe1Yd.js (deflated 63%)
  adding: assets/index-DvPjoseV.js (deflated 58%)
  adding: assets/EmptyState-7Sa4vTbi.js (deflated 60%)
  adding: assets/useDebounce-GaWkzfZA.js (deflated 22%)
  adding: assets/CreateNewBatch-P3xdAd_H.js (deflated 75%)
  adding: assets/sparkles-DwaOshWt.js (deflated 45%)
  adding: assets/circle-check-DH8ZuRtv.js (deflated 27%)
  adding: assets/map-pin-llDMX0h4.js (deflated 28%)
  adding: assets/briefcase-Bp93gM0i.js (deflated 28%)
  adding: assets/info-BcPjwlJU.js (deflated 30%)
  adding: assets/message-square-NEDC0xhw.js (deflated 29%)
  adding: assets/mail-6QTiBTFb.js (deflated 26%)
  adding: assets/table-DqG8_RjE.js (deflated 72%)
  adding: assets/circle-alert-ClxpCV7d.js (deflated 36%)
  adding: assets/Dashboard-BWhDP7R9.js (deflated 66%)
  adding: assets/index-CR_9hz06.js (deflated 70%)
  adding: assets/ToggleChips-BTN3tHjJ.js (deflated 44%)
  adding: assets/index-DIQh68oX.js (deflated 49%)
  adding: assets/index-D7T9UOag.js (deflated 61%)
  adding: assets/index-BfGg7wtY.js (deflated 61%)
  adding: assets/Dashboard-wNDDpaF1.js (deflated 66%)
  adding: assets/target-dZt2-wOt.js (deflated 65%)
  adding: assets/trending-up-CmdBV1FH.js (deflated 26%)
  adding: assets/LegalModal-p2Gm4hSm.js (deflated 51%)
  adding: assets/dialog-D5S8IDL4.js (deflated 62%)
  adding: assets/download-D2eDVW69.js (deflated 31%)
  adding: assets/index-BPk4I8hs.js (deflated 64%)
  adding: assets/index-D4XwQBbi.js (deflated 56%)
  adding: assets/input-CILg5bbk.js (deflated 44%)
  adding: assets/circle-check-big-CcuzVGvo.js (deflated 26%)
  adding: assets/FileUploader-DdPx2Tfm.js (deflated 56%)
  adding: assets/select-DvT2NGlA.js (deflated 64%)
  adding: assets/textarea-ByowBwKe.js (deflated 45%)
  adding: assets/link-Di8W5PFO.js (deflated 34%)
  adding: assets/eye-DMF79pck.js (deflated 33%)
  adding: assets/trash-2-CPPWU4DI.js (deflated 40%)
  adding: assets/chevron-down-DWflkS-b.js (deflated 24%)
  adding: assets/check-BefqzW2t.js (deflated 22%)
  adding: assets/index-CF2B-wQG.js (deflated 62%)
  adding: assets/topCards-D2Cau0_0.js (deflated 54%)
  adding: assets/card-BM9bf1NK.js (deflated 62%)
  adding: assets/ImageUploader-GaYDKhjk.js (deflated 51%)
  adding: assets/toolbar-CvNSua92.js (deflated 55%)
  adding: assets/square-pen-CVyXuuri.js (deflated 35%)
  adding: assets/checkbox-D0tPs5ob.js (deflated 57%)
  adding: assets/plus-DMgwbYHf.js (deflated 28%)
  adding: assets/file-text-BnAMDtCh.js (deflated 40%)
  adding: assets/Tabs-CwcsbUKC.js (deflated 65%)
  adding: assets/Stepper-Bm4kU93H.js (deflated 57%)
  adding: assets/index-CjtJe6rb.js (deflated 72%)
  adding: assets/index-CCKkr-8I.js (deflated 61%)
  adding: assets/index-Bq7cQ8q-.js (deflated 49%)
  adding: index.html (deflated 49%)
Saving Lightsail SSH key...
Uploading build to Lightsail...
Warning: Permanently added '15.207.22.250' (ED25519) to the list of known hosts.
Deploying build to /var/www/html ...
Archive:  /home/ubuntu/react-build.zip
  inflating: /var/www/html/favicon.ico  
   creating: /var/www/html/assets/
  inflating: /var/www/html/assets/irfanMalikBg-D4osmO_C.jpg  
  inflating: /var/www/html/assets/meerShinyDress-C8scZpYx.webp  
  inflating: /var/www/html/assets/shakeelBg-NX99JDrP.jpg  
  inflating: /var/www/html/assets/akhtar-qLBVRLf-.jpg  
  inflating: /var/www/html/assets/dubai-Bmqq4ymj.jpg  
  inflating: /var/www/html/assets/fahad-CnovJc60.jpg  
  inflating: /var/www/html/assets/handShake-Dk1DoagP.webp  
  inflating: /var/www/html/assets/salman-DD3Zraly.jpg  
  inflating: /var/www/html/assets/tech-BdWyL5Pa.jpg  
  inflating: /var/www/html/assets/wasim-ETjjiRaD.jpg  
  inflating: /var/www/html/assets/placeholderMan-BvremNML.png  
  inflating: /var/www/html/assets/rectanglePlaceholder-nCbViREl.png  
  inflating: /var/www/html/assets/Fav-BPcykgsi.png  
  inflating: /var/www/html/assets/MainLogo-DJpFhlQE.png  
  inflating: /var/www/html/assets/tower-gldBe0jJ.webp  
  inflating: /var/www/html/assets/tower2-LuqAcWCu.jpg  
  inflating: /var/www/html/assets/tower3-DpFzgoGy.jpg  
  inflating: /var/www/html/assets/meerGreenJacket-ykCKR2uN.png  
  inflating: /var/www/html/assets/wasimAkramBg-D4BFEYu1.png  
  inflating: /var/www/html/assets/arabic-BElshnQY.jpg  
  inflating: /var/www/html/assets/wasimAkram-CBOcRO9q.png  
  inflating: /var/www/html/assets/index-DKx-C6dk.css  
  inflating: /var/www/html/assets/index-CWZeY0YE.js  
  inflating: /var/www/html/assets/Landing-BnhnqN5S.js  
  inflating: /var/www/html/assets/index-Csw-6exM.js  
  inflating: /var/www/html/assets/index-DRnQ2STf.js  
  inflating: /var/www/html/assets/index-Y1T-GoyG.js  
  inflating: /var/www/html/assets/index-CfjNKodP.js  
  inflating: /var/www/html/assets/Header-EgCKuOFp.js  
  inflating: /var/www/html/assets/SignUp-DqKqhkbZ.js  
  inflating: /var/www/html/assets/ForgotPassword-FMvHxg3D.js  
  inflating: /var/www/html/assets/VerifyUserEmail-Bt9Lx2hv.js  
  inflating: /var/www/html/assets/ResetPassword-B4zzko4J.js  
  inflating: /var/www/html/assets/ContactSupport-BAUWmDRA.js  
  inflating: /var/www/html/assets/AuthCallback-CLTErZa8.js  
  inflating: /var/www/html/assets/SelectRole-BlP_xX-C.js  
  inflating: /var/www/html/assets/Login-x8GUUKfG.js  
  inflating: /var/www/html/assets/index-Azov5s_j.js  
  inflating: /var/www/html/assets/index-664CMXYB.js  
  inflating: /var/www/html/assets/Profile-CBlF4_9C.js  
  inflating: /var/www/html/assets/index-BHJVuRX6.js  
  inflating: /var/www/html/assets/index-D-L-ideS.js  
  inflating: /var/www/html/assets/box-CO9MdAWw.js  
  inflating: /var/www/html/assets/EditInvestor-DLBFyMHL.js  
  inflating: /var/www/html/assets/index-BMXfQOQ3.js  
  inflating: /var/www/html/assets/globe-DbwH3Uld.js  
  inflating: /var/www/html/assets/ViewCallLogsModal-D8Y1hz0U.js  
  inflating: /var/www/html/assets/label-B3UtuFwp.js  
  inflating: /var/www/html/assets/EditFounder-xI-SCXB2.js  
  inflating: /var/www/html/assets/index-CycqNvch.js  
  inflating: /var/www/html/assets/index-BQUIUbEu.js  
  inflating: /var/www/html/assets/user-plus-DjFIzcn9.js  
  inflating: /var/www/html/assets/log-in-BpPF-eOb.js  
  inflating: /var/www/html/assets/ban-Dy1L6Kcg.js  
  inflating: /var/www/html/assets/phone-8p_OYWoT.js  
  inflating: /var/www/html/assets/InfoBox-c4N-U2HG.js  
  inflating: /var/www/html/assets/pencil-DPSQ_8Uf.js  
  inflating: /var/www/html/assets/shield-check-8vEAurTB.js  
  inflating: /var/www/html/assets/index-BDGCe1Yd.js  
  inflating: /var/www/html/assets/index-DvPjoseV.js  
  inflating: /var/www/html/assets/EmptyState-7Sa4vTbi.js  
  inflating: /var/www/html/assets/useDebounce-GaWkzfZA.js  
  inflating: /var/www/html/assets/CreateNewBatch-P3xdAd_H.js  
  inflating: /var/www/html/assets/sparkles-DwaOshWt.js  
  inflating: /var/www/html/assets/circle-check-DH8ZuRtv.js  
  inflating: /var/www/html/assets/map-pin-llDMX0h4.js  
  inflating: /var/www/html/assets/briefcase-Bp93gM0i.js  
  inflating: /var/www/html/assets/info-BcPjwlJU.js  
  inflating: /var/www/html/assets/message-square-NEDC0xhw.js  
  inflating: /var/www/html/assets/mail-6QTiBTFb.js  
  inflating: /var/www/html/assets/table-DqG8_RjE.js  
  inflating: /var/www/html/assets/circle-alert-ClxpCV7d.js  
  inflating: /var/www/html/assets/Dashboard-BWhDP7R9.js  
  inflating: /var/www/html/assets/index-CR_9hz06.js  
  inflating: /var/www/html/assets/ToggleChips-BTN3tHjJ.js  
  inflating: /var/www/html/assets/index-DIQh68oX.js  
  inflating: /var/www/html/assets/index-D7T9UOag.js  
  inflating: /var/www/html/assets/index-BfGg7wtY.js  
  inflating: /var/www/html/assets/Dashboard-wNDDpaF1.js  
  inflating: /var/www/html/assets/target-dZt2-wOt.js  
  inflating: /var/www/html/assets/trending-up-CmdBV1FH.js  
  inflating: /var/www/html/assets/LegalModal-p2Gm4hSm.js  
  inflating: /var/www/html/assets/dialog-D5S8IDL4.js  
  inflating: /var/www/html/assets/download-D2eDVW69.js  
  inflating: /var/www/html/assets/index-BPk4I8hs.js  
  inflating: /var/www/html/assets/index-D4XwQBbi.js  
  inflating: /var/www/html/assets/input-CILg5bbk.js  
  inflating: /var/www/html/assets/circle-check-big-CcuzVGvo.js  
  inflating: /var/www/html/assets/FileUploader-DdPx2Tfm.js  
  inflating: /var/www/html/assets/select-DvT2NGlA.js  
  inflating: /var/www/html/assets/textarea-ByowBwKe.js  
  inflating: /var/www/html/assets/link-Di8W5PFO.js  
  inflating: /var/www/html/assets/eye-DMF79pck.js  
  inflating: /var/www/html/assets/trash-2-CPPWU4DI.js  
  inflating: /var/www/html/assets/chevron-down-DWflkS-b.js  
  inflating: /var/www/html/assets/check-BefqzW2t.js  
  inflating: /var/www/html/assets/index-CF2B-wQG.js  
  inflating: /var/www/html/assets/topCards-D2Cau0_0.js  
  inflating: /var/www/html/assets/card-BM9bf1NK.js  
  inflating: /var/www/html/assets/ImageUploader-GaYDKhjk.js  
  inflating: /var/www/html/assets/toolbar-CvNSua92.js  
  inflating: /var/www/html/assets/square-pen-CVyXuuri.js  
  inflating: /var/www/html/assets/checkbox-D0tPs5ob.js  
  inflating: /var/www/html/assets/plus-DMgwbYHf.js  
  inflating: /var/www/html/assets/file-text-BnAMDtCh.js  
  inflating: /var/www/html/assets/Tabs-CwcsbUKC.js  
  inflating: /var/www/html/assets/Stepper-Bm4kU93H.js  
  inflating: /var/www/html/assets/index-CjtJe6rb.js  
  inflating: /var/www/html/assets/index-CCKkr-8I.js  
  inflating: /var/www/html/assets/index-Bq7cQ8q-.js  
  inflating: /var/www/html/index.html  
Saving Git logs repo SSH key...
Testing GitHub SSH key...
Cloning deployment-logs repo...
Cloning into 'logs-repo'...
