Installing dependencies...
npm warn deprecated abab@2.0.6: Use your platform's native atob() and btoa() methods instead
npm warn deprecated w3c-hr-time@1.0.2: Use your platform's native performance.now() and performance.timeOrigin.
npm warn deprecated domexception@2.0.1: Use your platform's native DOMException instead

added 1750 packages, and audited 1751 packages in 4m

222 packages are looking for funding
  run `npm fund` for details

52 vulnerabilities (51 moderate, 1 high)

To address issues that do not require attention, run:
  npm audit fix

To address all issues possible (including breaking changes), run:
  npm audit fix --force

Some issues need review, and may require choosing
a different dependency.

Run `npm audit` for details.
Building React app...

> boilerplate-code-react-js@0.0.0 build
> vite build

vite v7.1.11 building for production...
transforming...
✓ 2915 modules transformed.
rendering chunks...
computing gzip size...
dist/index.html                                     2.18 kB │ gzip:   1.05 kB
dist/assets/rectanglePlaceholder-nCbViREl.png      11.85 kB
dist/assets/irfanMalikBg-D4osmO_C.jpg              24.66 kB
dist/assets/placeholderMan-BvremNML.png            36.64 kB
dist/assets/handShake-Dk1DoagP.webp                65.18 kB
dist/assets/tower-gldBe0jJ.webp                    66.16 kB
dist/assets/tower2-LuqAcWCu.jpg                    72.52 kB
dist/assets/goldenCheck-QMGlinWJ.png              124.08 kB
dist/assets/shakeelBg-NX99JDrP.jpg                143.15 kB
dist/assets/MainLogo-DJpFhlQE.png                 144.86 kB
dist/assets/Fav-BPcykgsi.png                      147.34 kB
dist/assets/akhtar-qLBVRLf-.jpg                   173.92 kB
dist/assets/tower3-DpFzgoGy.jpg                   175.56 kB
dist/assets/meerShinyDress-C8scZpYx.webp          229.68 kB
dist/assets/meerGreenJacket-ykCKR2uN.png          230.19 kB
dist/assets/arabic-BElshnQY.jpg                   238.42 kB
dist/assets/wasim-ETjjiRaD.jpg                    242.26 kB
dist/assets/salman-DD3Zraly.jpg                   255.18 kB
dist/assets/fahad-CnovJc60.jpg                    278.62 kB
dist/assets/tech-BdWyL5Pa.jpg                     281.71 kB
dist/assets/dubai-Bmqq4ymj.jpg                    311.77 kB
dist/assets/wasimAkramBg-D4BFEYu1.png             313.57 kB
dist/assets/wasimAkram-CBOcRO9q.png             4,488.96 kB
dist/assets/index-04iPlWne.css                    132.04 kB │ gzip:  18.06 kB
dist/assets/uiFunctions-WV1ojGTF.js                 0.29 kB │ gzip:   0.23 kB
dist/assets/check-CbMXDmcK.js                       0.29 kB │ gzip:   0.24 kB
dist/assets/chevron-down-C2x7iwUU.js                0.30 kB │ gzip:   0.25 kB
dist/assets/plus-BWBMkuHX.js                        0.33 kB │ gzip:   0.25 kB
dist/assets/trending-up-358JfZV6.js                 0.35 kB │ gzip:   0.27 kB
dist/assets/ban-DPTpaG-3.js                         0.35 kB │ gzip:   0.28 kB
dist/assets/circle-check-big-DgTi5-nb.js            0.36 kB │ gzip:   0.28 kB
dist/assets/info-DseYGcjQ.js                        0.37 kB │ gzip:   0.28 kB
dist/assets/circle-x-BFeivaiS.js                    0.38 kB │ gzip:   0.28 kB
dist/assets/mail-CUG__gLr.js                        0.39 kB │ gzip:   0.31 kB
dist/assets/briefcase-DFdiFPcd.js                   0.39 kB │ gzip:   0.30 kB
dist/assets/upload-Cje2lMI2.js                      0.40 kB │ gzip:   0.30 kB
dist/assets/log-in-BcsF6qXg.js                      0.40 kB │ gzip:   0.29 kB
dist/assets/download-GAapv-Ul.js                    0.41 kB │ gzip:   0.30 kB
dist/assets/message-square-CuYfmZTL.js              0.41 kB │ gzip:   0.31 kB
dist/assets/globe-Cafe6h6N.js                       0.41 kB │ gzip:   0.29 kB
dist/assets/circle-alert-B2CEmE7D.js                0.42 kB │ gzip:   0.30 kB
dist/assets/eye-CIzIYRnl.js                         0.42 kB │ gzip:   0.30 kB
dist/assets/map-pin-Dbh9ixl6.js                     0.43 kB │ gzip:   0.33 kB
dist/assets/link-DChT2vWf.js                        0.43 kB │ gzip:   0.30 kB
dist/assets/pencil-DE84Gd-k.js                      0.45 kB │ gzip:   0.33 kB
dist/assets/user-plus-DRRFKO6s.js                   0.48 kB │ gzip:   0.34 kB
dist/assets/shield-check-CAkqDtmC.js                0.49 kB │ gzip:   0.35 kB
dist/assets/square-pen-Drg3eCES.js                  0.49 kB │ gzip:   0.34 kB
dist/assets/phone-B7ydFcRZ.js                       0.50 kB │ gzip:   0.33 kB
dist/assets/trash-2-D-jA6VA5.js                     0.50 kB │ gzip:   0.32 kB
dist/assets/file-text-C9j-F19Q.js                   0.51 kB │ gzip:   0.32 kB
dist/assets/LegalModal-CAzoXwvm.js                  0.66 kB │ gzip:   0.46 kB
dist/assets/sparkles-DmuDOETq.js                    0.67 kB │ gzip:   0.39 kB
dist/assets/label-cU1M9wSt.js                       0.89 kB │ gzip:   0.55 kB
dist/assets/InfoBox-v1Pz0xru.js                     0.91 kB │ gzip:   0.46 kB
dist/assets/card-CtmEfkg8.js                        1.18 kB │ gzip:   0.46 kB
dist/assets/Tabs-BvhwmK_L.js                        1.23 kB │ gzip:   0.65 kB
dist/assets/GetMoreDetailsModal-C1PpwQGk.js         1.27 kB │ gzip:   0.61 kB
dist/assets/textarea-D0pEVm0G.js                    1.49 kB │ gzip:   0.74 kB
dist/assets/target-DJq-0lk7.js                      1.56 kB │ gzip:   0.56 kB
dist/assets/useDebounce-Cj5lb4C2.js                 1.62 kB │ gzip:   0.69 kB
dist/assets/ToggleChips-CtMUlqwa.js                 1.66 kB │ gzip:   0.82 kB
dist/assets/input-DyY6E2LJ.js                       1.68 kB │ gzip:   0.86 kB
dist/assets/index-DgiS4DCr.js                       1.73 kB │ gzip:   0.81 kB
dist/assets/toolbar-VhPla_s7.js                     1.86 kB │ gzip:   0.86 kB
dist/assets/ImageUploader-DaghsfRw.js               1.95 kB │ gzip:   0.94 kB
dist/assets/topCards-BZjqvYk9.js                    2.01 kB │ gzip:   0.93 kB
dist/assets/index-Bq5Z-QdV.js                       2.07 kB │ gzip:   0.92 kB
dist/assets/ForgotPassword-DbMylnLA.js              2.21 kB │ gzip:   1.10 kB
dist/assets/ResetPassword-s-CPGX8X.js               2.44 kB │ gzip:   1.08 kB
dist/assets/AuthCallback-C_JCSmSy.js                2.70 kB │ gzip:   1.28 kB
dist/assets/FileUploader-bv7bm3qg.js                3.02 kB │ gzip:   1.35 kB
dist/assets/index-DJD4Oe8U.js                       3.07 kB │ gzip:   1.46 kB
dist/assets/index-CI-hr4Qe.js                       3.21 kB │ gzip:   1.60 kB
dist/assets/index-B4vq_Ae2.js                       3.27 kB │ gzip:   1.58 kB
dist/assets/index-bYAoDmyp.js                       3.40 kB │ gzip:   1.62 kB
dist/assets/index-gyLI2PFg.js                       3.48 kB │ gzip:   1.67 kB
dist/assets/SelectRole-pQxVC4kf.js                  3.76 kB │ gzip:   1.73 kB
dist/assets/index-DNBfsAfr.js                       4.08 kB │ gzip:   1.57 kB
dist/assets/checkbox-CgRLdxZZ.js                    4.11 kB │ gzip:   1.80 kB
dist/assets/index-BI3TokaH.js                       4.14 kB │ gzip:   1.63 kB
dist/assets/index-BWT5wZBU.js                       4.14 kB │ gzip:   1.63 kB
dist/assets/index-Da53xbBS.js                       4.18 kB │ gzip:   2.04 kB
dist/assets/index-CYF_fV5N.js                       4.19 kB │ gzip:   2.04 kB
dist/assets/Dashboard-BpEmBknh.js                   4.25 kB │ gzip:   1.44 kB
dist/assets/Dashboard-COjJdyvL.js                   4.26 kB │ gzip:   1.45 kB
dist/assets/index-B9lauGj5.js                       4.32 kB │ gzip:   1.70 kB
dist/assets/SignUp-CpiEtGxf.js                      4.42 kB │ gzip:   1.77 kB
dist/assets/Stepper-DNXoi7De.js                     4.66 kB │ gzip:   2.02 kB
dist/assets/ContactSupport-CuucMigm.js              4.96 kB │ gzip:   2.04 kB
dist/assets/Login-DYfezXZG.js                       5.08 kB │ gzip:   2.15 kB
dist/assets/VerifyUserEmail-BysZeGmn.js             6.20 kB │ gzip:   2.30 kB
dist/assets/businessProposalCard-COXKodSP.js        6.45 kB │ gzip:   2.11 kB
dist/assets/Profile-DlsN0SjR.js                     7.10 kB │ gzip:   2.26 kB
dist/assets/index-D7YHZwsV.js                       7.64 kB │ gzip:   3.13 kB
dist/assets/dialog-CzfldKgs.js                      8.41 kB │ gzip:   3.24 kB
dist/assets/index-C6Z8PzXE.js                       9.54 kB │ gzip:   3.91 kB
dist/assets/index-DFenhIfQ.js                       9.92 kB │ gzip:   3.76 kB
dist/assets/index-Cz_1h5iu.js                       9.93 kB │ gzip:   3.19 kB
dist/assets/index-BbfKNf_O.js                      10.74 kB │ gzip:   3.94 kB
dist/assets/Header-ern1cXq-.js                     11.07 kB │ gzip:   3.46 kB
dist/assets/CreateNewBatch-Ly699J0a.js             15.31 kB │ gzip:   4.10 kB
dist/assets/CreateBusinessProposal-DONMGA0E.js     15.56 kB │ gzip:   4.97 kB
dist/assets/EditFounder-BBmLU-bE.js                17.74 kB │ gzip:   4.27 kB
dist/assets/EditInvestor-Q4adyl8b.js               18.38 kB │ gzip:   4.40 kB
dist/assets/index-C6jBZqee.js                      18.96 kB │ gzip:   5.32 kB
dist/assets/index-DfoK9h4t.js                      19.29 kB │ gzip:   6.33 kB
dist/assets/index-BRzJmeE8.js                      20.98 kB │ gzip:   5.55 kB
dist/assets/select-BZ0zr-RM.js                     21.83 kB │ gzip:   7.80 kB
dist/assets/index-Bz0uqFrh.js                      24.76 kB │ gzip:   8.99 kB
dist/assets/index-BNCHK9rh.js                      30.18 kB │ gzip:  11.62 kB
dist/assets/table-C-4JERyj.js                      45.19 kB │ gzip:  12.84 kB
dist/assets/ViewCallLogsModal-DxZZJo-S.js          82.14 kB │ gzip:  24.80 kB
dist/assets/Landing-2tgUem2Z.js                   136.56 kB │ gzip:  48.82 kB
dist/assets/index-Dt3R6Fnj.js                     747.64 kB │ gzip: 225.92 kB
dist/assets/index-5zQ_SafA.js                     892.41 kB │ gzip: 260.36 kB
dist/assets/CkEditor-CT8V_hQm.js                1,318.06 kB │ gzip: 325.94 kB

(!) Some chunks are larger than 500 kB after minification. Consider:
- Using dynamic import() to code-split the application
- Use build.rollupOptions.output.manualChunks to improve chunking: https://rollupjs.org/configuration-options/#output-manualchunks
- Adjust chunk size limit for this warning via build.chunkSizeWarningLimit.
✓ built in 13.99s
Packaging build...
  adding: favicon.ico (deflated 13%)
  adding: assets/ (stored 0%)
  adding: assets/irfanMalikBg-D4osmO_C.jpg (deflated 1%)
  adding: assets/meerGreenJacket-ykCKR2uN.png (deflated 0%)
  adding: assets/meerShinyDress-C8scZpYx.webp (deflated 0%)
  adding: assets/akhtar-qLBVRLf-.jpg (deflated 1%)
  adding: assets/wasimAkramBg-D4BFEYu1.png (deflated 0%)
  adding: assets/arabic-BElshnQY.jpg (deflated 0%)
  adding: assets/dubai-Bmqq4ymj.jpg (deflated 0%)
  adding: assets/handShake-Dk1DoagP.webp (deflated 0%)
  adding: assets/shakeelBg-NX99JDrP.jpg (deflated 0%)
  adding: assets/wasim-ETjjiRaD.jpg (deflated 0%)
  adding: assets/placeholderMan-BvremNML.png (deflated 3%)
  adding: assets/tech-BdWyL5Pa.jpg (deflated 0%)
  adding: assets/fahad-CnovJc60.jpg (deflated 0%)
  adding: assets/salman-DD3Zraly.jpg (deflated 0%)
  adding: assets/MainLogo-DJpFhlQE.png (deflated 4%)
  adding: assets/tower-gldBe0jJ.webp (deflated 0%)
  adding: assets/tower2-LuqAcWCu.jpg (deflated 2%)
  adding: assets/tower3-DpFzgoGy.jpg (deflated 0%)
  adding: assets/Fav-BPcykgsi.png (deflated 5%)
  adding: assets/rectanglePlaceholder-nCbViREl.png (deflated 31%)
  adding: assets/goldenCheck-QMGlinWJ.png (deflated 0%)
  adding: assets/wasimAkram-CBOcRO9q.png (deflated 1%)
  adding: assets/index-04iPlWne.css (deflated 86%)
  adding: assets/index-Dt3R6Fnj.js (deflated 70%)
  adding: assets/Landing-2tgUem2Z.js (deflated 64%)
  adding: assets/index-CI-hr4Qe.js (deflated 51%)
  adding: assets/index-DJD4Oe8U.js (deflated 53%)
  adding: assets/index-bYAoDmyp.js (deflated 53%)
  adding: assets/index-B4vq_Ae2.js (deflated 52%)
  adding: assets/Header-ern1cXq-.js (deflated 69%)
  adding: assets/SignUp-CpiEtGxf.js (deflated 60%)
  adding: assets/ForgotPassword-DbMylnLA.js (deflated 51%)
  adding: assets/VerifyUserEmail-BysZeGmn.js (deflated 63%)
  adding: assets/ResetPassword-s-CPGX8X.js (deflated 56%)
  adding: assets/ContactSupport-CuucMigm.js (deflated 59%)
  adding: assets/AuthCallback-C_JCSmSy.js (deflated 53%)
  adding: assets/SelectRole-pQxVC4kf.js (deflated 54%)
  adding: assets/Login-DYfezXZG.js (deflated 58%)
  adding: assets/index-DgiS4DCr.js (deflated 54%)
  adding: assets/index-5zQ_SafA.js (deflated 71%)
  adding: assets/Profile-DlsN0SjR.js (deflated 69%)
  adding: assets/index-D7YHZwsV.js (deflated 59%)
  adding: assets/index-DFenhIfQ.js (deflated 62%)
  adding: assets/EditInvestor-Q4adyl8b.js (deflated 76%)
  adding: assets/index-BbfKNf_O.js (deflated 64%)
  adding: assets/globe-Cafe6h6N.js (deflated 33%)
  adding: assets/ViewCallLogsModal-DxZZJo-S.js (deflated 70%)
  adding: assets/label-cU1M9wSt.js (deflated 40%)
  adding: assets/EditFounder-BBmLU-bE.js (deflated 76%)
  adding: assets/index-C6Z8PzXE.js (deflated 59%)
  adding: assets/index-DfoK9h4t.js (deflated 67%)
  adding: assets/user-plus-DRRFKO6s.js (deflated 34%)
  adding: assets/log-in-BcsF6qXg.js (deflated 32%)
  adding: assets/ban-DPTpaG-3.js (deflated 26%)
  adding: assets/phone-B7ydFcRZ.js (deflated 37%)
  adding: assets/InfoBox-v1Pz0xru.js (deflated 51%)
  adding: assets/pencil-DE84Gd-k.js (deflated 31%)
  adding: assets/index-B9lauGj5.js (deflated 61%)
  adding: assets/CreateBusinessProposal-DONMGA0E.js (deflated 68%)
  adding: assets/index-Cz_1h5iu.js (deflated 68%)
  adding: assets/useDebounce-Cj5lb4C2.js (deflated 59%)
  adding: assets/CreateNewBatch-Ly699J0a.js (deflated 73%)
  adding: assets/sparkles-DmuDOETq.js (deflated 45%)
  adding: assets/map-pin-Dbh9ixl6.js (deflated 28%)
  adding: assets/briefcase-DFdiFPcd.js (deflated 28%)
  adding: assets/info-DseYGcjQ.js (deflated 30%)
  adding: assets/shield-check-CAkqDtmC.js (deflated 32%)
  adding: assets/CkEditor-CT8V_hQm.js (deflated 75%)
  adding: assets/message-square-CuYfmZTL.js (deflated 29%)
  adding: assets/mail-CUG__gLr.js (deflated 26%)
  adding: assets/table-C-4JERyj.js (deflated 72%)
  adding: assets/circle-alert-B2CEmE7D.js (deflated 35%)
  adding: assets/Dashboard-BpEmBknh.js (deflated 66%)
  adding: assets/index-C6jBZqee.js (deflated 72%)
  adding: assets/uiFunctions-WV1ojGTF.js (deflated 29%)
  adding: assets/ToggleChips-CtMUlqwa.js (deflated 52%)
  adding: assets/index-Da53xbBS.js (deflated 51%)
  adding: assets/index-DNBfsAfr.js (deflated 62%)
  adding: assets/GetMoreDetailsModal-C1PpwQGk.js (deflated 54%)
  adding: assets/index-BI3TokaH.js (deflated 61%)
  adding: assets/trending-up-358JfZV6.js (deflated 26%)
  adding: assets/LegalModal-CAzoXwvm.js (deflated 33%)
  adding: assets/index-gyLI2PFg.js (deflated 53%)
  adding: assets/dialog-CzfldKgs.js (deflated 62%)
  adding: assets/download-GAapv-Ul.js (deflated 31%)
  adding: assets/index-Bz0uqFrh.js (deflated 64%)
  adding: assets/index-Bq5Z-QdV.js (deflated 56%)
  adding: assets/input-DyY6E2LJ.js (deflated 50%)
  adding: assets/circle-check-big-DgTi5-nb.js (deflated 26%)
  adding: assets/FileUploader-bv7bm3qg.js (deflated 56%)
  adding: assets/select-BZ0zr-RM.js (deflated 64%)
  adding: assets/textarea-D0pEVm0G.js (deflated 52%)
  adding: assets/link-DChT2vWf.js (deflated 35%)
  adding: assets/eye-CIzIYRnl.js (deflated 33%)
  adding: assets/trash-2-D-jA6VA5.js (deflated 40%)
  adding: assets/chevron-down-C2x7iwUU.js (deflated 24%)
  adding: assets/check-CbMXDmcK.js (deflated 22%)
  adding: assets/index-BNCHK9rh.js (deflated 62%)
  adding: assets/topCards-BZjqvYk9.js (deflated 54%)
  adding: assets/card-CtmEfkg8.js (deflated 62%)
  adding: assets/ImageUploader-DaghsfRw.js (deflated 53%)
  adding: assets/upload-Cje2lMI2.js (deflated 31%)
  adding: assets/toolbar-VhPla_s7.js (deflated 55%)
  adding: assets/square-pen-Drg3eCES.js (deflated 35%)
  adding: assets/checkbox-CgRLdxZZ.js (deflated 57%)
  adding: assets/plus-BWBMkuHX.js (deflated 28%)
  adding: assets/file-text-C9j-F19Q.js (deflated 40%)
  adding: assets/businessProposalCard-COXKodSP.js (deflated 68%)
  adding: assets/circle-x-BFeivaiS.js (deflated 30%)
  adding: assets/Stepper-DNXoi7De.js (deflated 57%)
  adding: assets/target-DJq-0lk7.js (deflated 65%)
  adding: assets/Tabs-BvhwmK_L.js (deflated 49%)
  adding: assets/Dashboard-COjJdyvL.js (deflated 66%)
  adding: assets/index-BRzJmeE8.js (deflated 74%)
  adding: assets/index-BWT5wZBU.js (deflated 61%)
  adding: assets/index-CYF_fV5N.js (deflated 52%)
  adding: index.html (deflated 52%)
Saving Lightsail SSH key...
Uploading build to Lightsail...
Warning: Permanently added '15.207.22.250' (ED25519) to the list of known hosts.
Deploying build to /var/www/html ...
Archive:  /home/ubuntu/react-build.zip
  inflating: /var/www/html/favicon.ico  
   creating: /var/www/html/assets/
  inflating: /var/www/html/assets/irfanMalikBg-D4osmO_C.jpg  
  inflating: /var/www/html/assets/meerGreenJacket-ykCKR2uN.png  
  inflating: /var/www/html/assets/meerShinyDress-C8scZpYx.webp  
  inflating: /var/www/html/assets/akhtar-qLBVRLf-.jpg  
  inflating: /var/www/html/assets/wasimAkramBg-D4BFEYu1.png  
  inflating: /var/www/html/assets/arabic-BElshnQY.jpg  
  inflating: /var/www/html/assets/dubai-Bmqq4ymj.jpg  
  inflating: /var/www/html/assets/handShake-Dk1DoagP.webp  
  inflating: /var/www/html/assets/shakeelBg-NX99JDrP.jpg  
  inflating: /var/www/html/assets/wasim-ETjjiRaD.jpg  
  inflating: /var/www/html/assets/placeholderMan-BvremNML.png  
  inflating: /var/www/html/assets/tech-BdWyL5Pa.jpg  
  inflating: /var/www/html/assets/fahad-CnovJc60.jpg  
  inflating: /var/www/html/assets/salman-DD3Zraly.jpg  
  inflating: /var/www/html/assets/MainLogo-DJpFhlQE.png  
  inflating: /var/www/html/assets/tower-gldBe0jJ.webp  
  inflating: /var/www/html/assets/tower2-LuqAcWCu.jpg  
  inflating: /var/www/html/assets/tower3-DpFzgoGy.jpg  
  inflating: /var/www/html/assets/Fav-BPcykgsi.png  
  inflating: /var/www/html/assets/rectanglePlaceholder-nCbViREl.png  
  inflating: /var/www/html/assets/goldenCheck-QMGlinWJ.png  
  inflating: /var/www/html/assets/wasimAkram-CBOcRO9q.png  
  inflating: /var/www/html/assets/index-04iPlWne.css  
  inflating: /var/www/html/assets/index-Dt3R6Fnj.js  
  inflating: /var/www/html/assets/Landing-2tgUem2Z.js  
  inflating: /var/www/html/assets/index-CI-hr4Qe.js  
  inflating: /var/www/html/assets/index-DJD4Oe8U.js  
  inflating: /var/www/html/assets/index-bYAoDmyp.js  
  inflating: /var/www/html/assets/index-B4vq_Ae2.js  
  inflating: /var/www/html/assets/Header-ern1cXq-.js  
  inflating: /var/www/html/assets/SignUp-CpiEtGxf.js  
  inflating: /var/www/html/assets/ForgotPassword-DbMylnLA.js  
  inflating: /var/www/html/assets/VerifyUserEmail-BysZeGmn.js  
  inflating: /var/www/html/assets/ResetPassword-s-CPGX8X.js  
  inflating: /var/www/html/assets/ContactSupport-CuucMigm.js  
  inflating: /var/www/html/assets/AuthCallback-C_JCSmSy.js  
  inflating: /var/www/html/assets/SelectRole-pQxVC4kf.js  
  inflating: /var/www/html/assets/Login-DYfezXZG.js  
  inflating: /var/www/html/assets/index-DgiS4DCr.js  
  inflating: /var/www/html/assets/index-5zQ_SafA.js  
  inflating: /var/www/html/assets/Profile-DlsN0SjR.js  
  inflating: /var/www/html/assets/index-D7YHZwsV.js  
  inflating: /var/www/html/assets/index-DFenhIfQ.js  
  inflating: /var/www/html/assets/EditInvestor-Q4adyl8b.js  
  inflating: /var/www/html/assets/index-BbfKNf_O.js  
  inflating: /var/www/html/assets/globe-Cafe6h6N.js  
  inflating: /var/www/html/assets/ViewCallLogsModal-DxZZJo-S.js  
  inflating: /var/www/html/assets/label-cU1M9wSt.js  
  inflating: /var/www/html/assets/EditFounder-BBmLU-bE.js  
  inflating: /var/www/html/assets/index-C6Z8PzXE.js  
  inflating: /var/www/html/assets/index-DfoK9h4t.js  
  inflating: /var/www/html/assets/user-plus-DRRFKO6s.js  
  inflating: /var/www/html/assets/log-in-BcsF6qXg.js  
  inflating: /var/www/html/assets/ban-DPTpaG-3.js  
  inflating: /var/www/html/assets/phone-B7ydFcRZ.js  
  inflating: /var/www/html/assets/InfoBox-v1Pz0xru.js  
  inflating: /var/www/html/assets/pencil-DE84Gd-k.js  
  inflating: /var/www/html/assets/index-B9lauGj5.js  
  inflating: /var/www/html/assets/CreateBusinessProposal-DONMGA0E.js  
  inflating: /var/www/html/assets/index-Cz_1h5iu.js  
  inflating: /var/www/html/assets/useDebounce-Cj5lb4C2.js  
  inflating: /var/www/html/assets/CreateNewBatch-Ly699J0a.js  
  inflating: /var/www/html/assets/sparkles-DmuDOETq.js  
  inflating: /var/www/html/assets/map-pin-Dbh9ixl6.js  
  inflating: /var/www/html/assets/briefcase-DFdiFPcd.js  
  inflating: /var/www/html/assets/info-DseYGcjQ.js  
  inflating: /var/www/html/assets/shield-check-CAkqDtmC.js  
  inflating: /var/www/html/assets/CkEditor-CT8V_hQm.js  
  inflating: /var/www/html/assets/message-square-CuYfmZTL.js  
  inflating: /var/www/html/assets/mail-CUG__gLr.js  
  inflating: /var/www/html/assets/table-C-4JERyj.js  
  inflating: /var/www/html/assets/circle-alert-B2CEmE7D.js  
  inflating: /var/www/html/assets/Dashboard-BpEmBknh.js  
  inflating: /var/www/html/assets/index-C6jBZqee.js  
  inflating: /var/www/html/assets/uiFunctions-WV1ojGTF.js  
  inflating: /var/www/html/assets/ToggleChips-CtMUlqwa.js  
  inflating: /var/www/html/assets/index-Da53xbBS.js  
  inflating: /var/www/html/assets/index-DNBfsAfr.js  
  inflating: /var/www/html/assets/GetMoreDetailsModal-C1PpwQGk.js  
  inflating: /var/www/html/assets/index-BI3TokaH.js  
  inflating: /var/www/html/assets/trending-up-358JfZV6.js  
  inflating: /var/www/html/assets/LegalModal-CAzoXwvm.js  
  inflating: /var/www/html/assets/index-gyLI2PFg.js  
  inflating: /var/www/html/assets/dialog-CzfldKgs.js  
  inflating: /var/www/html/assets/download-GAapv-Ul.js  
  inflating: /var/www/html/assets/index-Bz0uqFrh.js  
  inflating: /var/www/html/assets/index-Bq5Z-QdV.js  
  inflating: /var/www/html/assets/input-DyY6E2LJ.js  
  inflating: /var/www/html/assets/circle-check-big-DgTi5-nb.js  
  inflating: /var/www/html/assets/FileUploader-bv7bm3qg.js  
  inflating: /var/www/html/assets/select-BZ0zr-RM.js  
  inflating: /var/www/html/assets/textarea-D0pEVm0G.js  
  inflating: /var/www/html/assets/link-DChT2vWf.js  
  inflating: /var/www/html/assets/eye-CIzIYRnl.js  
  inflating: /var/www/html/assets/trash-2-D-jA6VA5.js  
  inflating: /var/www/html/assets/chevron-down-C2x7iwUU.js  
  inflating: /var/www/html/assets/check-CbMXDmcK.js  
  inflating: /var/www/html/assets/index-BNCHK9rh.js  
  inflating: /var/www/html/assets/topCards-BZjqvYk9.js  
  inflating: /var/www/html/assets/card-CtmEfkg8.js  
  inflating: /var/www/html/assets/ImageUploader-DaghsfRw.js  
  inflating: /var/www/html/assets/upload-Cje2lMI2.js  
  inflating: /var/www/html/assets/toolbar-VhPla_s7.js  
  inflating: /var/www/html/assets/square-pen-Drg3eCES.js  
  inflating: /var/www/html/assets/checkbox-CgRLdxZZ.js  
  inflating: /var/www/html/assets/plus-BWBMkuHX.js  
  inflating: /var/www/html/assets/file-text-C9j-F19Q.js  
  inflating: /var/www/html/assets/businessProposalCard-COXKodSP.js  
  inflating: /var/www/html/assets/circle-x-BFeivaiS.js  
  inflating: /var/www/html/assets/Stepper-DNXoi7De.js  
  inflating: /var/www/html/assets/target-DJq-0lk7.js  
  inflating: /var/www/html/assets/Tabs-BvhwmK_L.js  
  inflating: /var/www/html/assets/Dashboard-COjJdyvL.js  
  inflating: /var/www/html/assets/index-BRzJmeE8.js  
  inflating: /var/www/html/assets/index-BWT5wZBU.js  
  inflating: /var/www/html/assets/index-CYF_fV5N.js  
  inflating: /var/www/html/index.html  
Saving Git logs repo SSH key...
Testing GitHub SSH key...
Cloning deployment-logs repo...
Cloning into 'logs-repo'...
