Installing dependencies...

added 437 packages, and audited 438 packages in 10s

129 packages are looking for funding
  run `npm fund` for details

3 vulnerabilities (2 moderate, 1 high)

To address issues that do not require attention, run:
  npm audit fix

Some issues need review, and may require choosing
a different dependency.

Run `npm audit` for details.
Building React DEV app...

> boilerplate-code-react-js@0.0.0 build
> vite build

vite v7.1.11 building for production...
transforming...
✓ 2882 modules transformed.
rendering chunks...
computing gzip size...
dist/index.html                                    0.96 kB │ gzip:   0.53 kB
dist/assets/rectanglePlaceholder-nCbViREl.png     11.85 kB
dist/assets/irfanMalikBg-D4osmO_C.jpg             24.66 kB
dist/assets/placeholderMan-BvremNML.png           36.64 kB
dist/assets/ShahidAfridiBg-CbCvmnf9.jpg           55.65 kB
dist/assets/handShake-Dk1DoagP.webp               65.18 kB
dist/assets/shakeelBg-NX99JDrP.jpg               143.15 kB
dist/assets/MainLogo-DJpFhlQE.png                144.86 kB
dist/assets/Fav-BPcykgsi.png                     147.34 kB
dist/assets/akhtar-qLBVRLf-.jpg                  173.92 kB
dist/assets/meerShinyDress-C8scZpYx.webp         229.68 kB
dist/assets/meerGreenJacket-ykCKR2uN.png         230.19 kB
dist/assets/arabic-BElshnQY.jpg                  238.42 kB
dist/assets/wasim-ETjjiRaD.jpg                   242.26 kB
dist/assets/salman-DD3Zraly.jpg                  255.18 kB
dist/assets/fahad-CnovJc60.jpg                   278.62 kB
dist/assets/tech-BdWyL5Pa.jpg                    281.71 kB
dist/assets/dubai-Bmqq4ymj.jpg                   311.77 kB
dist/assets/wasimAkramBg-D4BFEYu1.png            313.57 kB
dist/assets/wasimAkram-CBOcRO9q.png            4,488.96 kB
dist/assets/shahidAfridi-B5l7MSUw.png          5,182.30 kB
dist/assets/index-BhrjQAgE.css                   121.61 kB │ gzip:  16.78 kB
dist/assets/check-OH14AwHP.js                      0.29 kB │ gzip:   0.24 kB
dist/assets/chevron-down-BpuTf6aa.js               0.30 kB │ gzip:   0.25 kB
dist/assets/search-DbBBZp1P.js                     0.34 kB │ gzip:   0.27 kB
dist/assets/trending-up-CHheuh0N.js                0.35 kB │ gzip:   0.27 kB
dist/assets/mail-CPuomSI5.js                       0.39 kB │ gzip:   0.31 kB
dist/assets/briefcase-Ctx4LoFm.js                  0.39 kB │ gzip:   0.30 kB
dist/assets/target-JMfGgboP.js                     0.39 kB │ gzip:   0.27 kB
dist/assets/download-UO8VPJCK.js                   0.41 kB │ gzip:   0.30 kB
dist/assets/globe-CBt8EZGv.js                      0.41 kB │ gzip:   0.29 kB
dist/assets/circle-alert-_YGHgESl.js               0.42 kB │ gzip:   0.30 kB
dist/assets/eye-CB_1zlPL.js                        0.42 kB │ gzip:   0.30 kB
dist/assets/map-pin-DVNhvcBo.js                    0.43 kB │ gzip:   0.33 kB
dist/assets/link-CiNN7PIU.js                       0.43 kB │ gzip:   0.30 kB
dist/assets/shield-BCBHL3I7.js                     0.44 kB │ gzip:   0.33 kB
dist/assets/users-kvBYhx_S.js                      0.48 kB │ gzip:   0.33 kB
dist/assets/box-CkS5uHAg.js                        0.48 kB │ gzip:   0.33 kB
dist/assets/shield-check-DoGrEiz3.js               0.49 kB │ gzip:   0.35 kB
dist/assets/phone-DII-cSok.js                      0.50 kB │ gzip:   0.33 kB
dist/assets/trash-2-DTGoViIJ.js                    0.50 kB │ gzip:   0.32 kB
dist/assets/ToggleChips-BHrek1SQ.js                0.79 kB │ gzip:   0.49 kB
dist/assets/label-CSOjbG4V.js                      0.89 kB │ gzip:   0.55 kB
dist/assets/textarea-Db9Z92Vv.js                   0.96 kB │ gzip:   0.54 kB
dist/assets/input-DYPlC5b-.js                      1.14 kB │ gzip:   0.66 kB
dist/assets/card-Cn8m4T2Z.js                       1.18 kB │ gzip:   0.46 kB
dist/assets/package-gPHg7gnJ.js                    1.21 kB │ gzip:   0.50 kB
dist/assets/star-BgOdQkuu.js                       1.23 kB │ gzip:   0.60 kB
dist/assets/index-D0W7L6-g.js                      1.73 kB │ gzip:   0.81 kB
dist/assets/phone-call-B7PxCy-H.js                 1.83 kB │ gzip:   0.66 kB
dist/assets/AuthCallback-DvuI8bKq.js               1.96 kB │ gzip:   1.05 kB
dist/assets/topCards-BQ1Auttf.js                   2.01 kB │ gzip:   0.93 kB
dist/assets/index-C74jSXYl.js                      2.07 kB │ gzip:   0.92 kB
dist/assets/ForgotPassword-BjJECbjn.js             2.08 kB │ gzip:   1.03 kB
dist/assets/toolbar-3RFxyyeV.js                    2.22 kB │ gzip:   1.08 kB
dist/assets/ImageUploader-CFHUuv6B.js              2.26 kB │ gzip:   1.13 kB
dist/assets/ResetPassword-CQ2QUglq.js              2.31 kB │ gzip:   1.01 kB
dist/assets/FileUploader-DCc43aTD.js               3.00 kB │ gzip:   1.33 kB
dist/assets/index-Bz2tcKRB.js                      3.05 kB │ gzip:   1.45 kB
dist/assets/index-Ce5wXGZE.js                      3.18 kB │ gzip:   1.58 kB
dist/assets/index-MwfmZYI0.js                      3.24 kB │ gzip:   1.57 kB
dist/assets/index-DQ3OVhm3.js                      3.38 kB │ gzip:   1.60 kB
dist/assets/SignUp-rpzR03Xh.js                     3.67 kB │ gzip:   1.46 kB
dist/assets/LegalModal-7aJx6Bth.js                 4.09 kB │ gzip:   2.01 kB
dist/assets/checkbox-E0Q0TJDv.js                   4.11 kB │ gzip:   1.80 kB
dist/assets/Login-lp-ueJUc.js                      4.14 kB │ gzip:   1.75 kB
dist/assets/Dashboard-D7jUkAR6.js                  4.24 kB │ gzip:   1.42 kB
dist/assets/Dashboard-CrsBGizA.js                  4.24 kB │ gzip:   1.42 kB
dist/assets/Stepper-BIn6ELEe.js                    4.66 kB │ gzip:   2.02 kB
dist/assets/ContactSupport-Dftbfjpd.js             4.82 kB │ gzip:   1.98 kB
dist/assets/VerifyUserEmail-C1IAaig0.js            5.39 kB │ gzip:   2.07 kB
dist/assets/index-CMWYrdMG.js                      6.42 kB │ gzip:   2.68 kB
dist/assets/index-DupPK6OP.js                      6.84 kB │ gzip:   2.45 kB
dist/assets/Profile-Bc96qbTr.js                    6.91 kB │ gzip:   2.43 kB
dist/assets/dialog-BDlLJYRj.js                     8.24 kB │ gzip:   3.18 kB
dist/assets/index-50U9fojz.js                      9.90 kB │ gzip:   4.21 kB
dist/assets/index-UVxTJ6dY.js                      9.91 kB │ gzip:   3.31 kB
dist/assets/index-Bq_bE6f7.js                     10.09 kB │ gzip:   4.28 kB
dist/assets/Header-CivJlsVu.js                    11.36 kB │ gzip:   3.51 kB
dist/assets/EditFounder-ChPtI0ji.js               15.36 kB │ gzip:   3.65 kB
dist/assets/EditInvestor-CLZxkLDo.js              16.57 kB │ gzip:   3.95 kB
dist/assets/index-Ce4HgWqk.js                     16.70 kB │ gzip:   5.25 kB
dist/assets/index-BPAHnKHL.js                     18.30 kB │ gzip:   5.51 kB
dist/assets/select-C2Fdze4g.js                    21.30 kB │ gzip:   7.64 kB
dist/assets/index-VWO9ALfi.js                     24.76 kB │ gzip:   8.99 kB
dist/assets/index-D2VIX3uQ.js                     30.18 kB │ gzip:  11.62 kB
dist/assets/useDebounce-C54S2mnl.js               39.75 kB │ gzip:  11.43 kB
dist/assets/index-CmjTium1.js                     84.88 kB │ gzip:  25.84 kB
dist/assets/Landing-C4herdZK.js                  139.88 kB │ gzip:  49.75 kB
dist/assets/index--x1GikyZ.js                    882.79 kB │ gzip: 258.21 kB
dist/assets/index-DTbTc30O.js                  1,255.47 kB │ gzip: 384.27 kB

(!) Some chunks are larger than 500 kB after minification. Consider:
- Using dynamic import() to code-split the application
- Use build.rollupOptions.output.manualChunks to improve chunking: https://rollupjs.org/configuration-options/#output-manualchunks
- Adjust chunk size limit for this warning via build.chunkSizeWarningLimit.
✓ built in 11.48s
Packaging build...
  adding: favicon.ico (deflated 5%)
  adding: assets/ (stored 0%)
  adding: assets/irfanMalikBg-D4osmO_C.jpg (deflated 1%)
  adding: assets/meerGreenJacket-ykCKR2uN.png (deflated 0%)
  adding: assets/meerShinyDress-C8scZpYx.webp (deflated 0%)
  adding: assets/ShahidAfridiBg-CbCvmnf9.jpg (deflated 0%)
  adding: assets/shakeelBg-NX99JDrP.jpg (deflated 0%)
  adding: assets/wasimAkramBg-D4BFEYu1.png (deflated 0%)
  adding: assets/arabic-BElshnQY.jpg (deflated 0%)
  adding: assets/dubai-Bmqq4ymj.jpg (deflated 0%)
  adding: assets/fahad-CnovJc60.jpg (deflated 0%)
  adding: assets/handShake-Dk1DoagP.webp (deflated 0%)
  adding: assets/salman-DD3Zraly.jpg (deflated 0%)
  adding: assets/tech-BdWyL5Pa.jpg (deflated 0%)
  adding: assets/wasim-ETjjiRaD.jpg (deflated 0%)
  adding: assets/placeholderMan-BvremNML.png (deflated 3%)
  adding: assets/rectanglePlaceholder-nCbViREl.png (deflated 31%)
  adding: assets/Fav-BPcykgsi.png (deflated 5%)
  adding: assets/MainLogo-DJpFhlQE.png (deflated 4%)
  adding: assets/akhtar-qLBVRLf-.jpg (deflated 1%)
  adding: assets/wasimAkram-CBOcRO9q.png (deflated 1%)
  adding: assets/shahidAfridi-B5l7MSUw.png (deflated 1%)
  adding: assets/index-BhrjQAgE.css (deflated 86%)
  adding: assets/index-DTbTc30O.js (deflated 69%)
  adding: assets/Landing-C4herdZK.js (deflated 65%)
  adding: assets/index-Ce5wXGZE.js (deflated 51%)
  adding: assets/index-Bz2tcKRB.js (deflated 53%)
  adding: assets/index-DQ3OVhm3.js (deflated 53%)
  adding: assets/index-MwfmZYI0.js (deflated 52%)
  adding: assets/Header-CivJlsVu.js (deflated 69%)
  adding: assets/SignUp-rpzR03Xh.js (deflated 61%)
  adding: assets/ForgotPassword-BjJECbjn.js (deflated 51%)
  adding: assets/VerifyUserEmail-C1IAaig0.js (deflated 62%)
  adding: assets/ResetPassword-CQ2QUglq.js (deflated 57%)
  adding: assets/ContactSupport-Dftbfjpd.js (deflated 59%)
  adding: assets/AuthCallback-DvuI8bKq.js (deflated 47%)
  adding: assets/Login-lp-ueJUc.js (deflated 58%)
  adding: assets/index-D0W7L6-g.js (deflated 53%)
  adding: assets/index--x1GikyZ.js (deflated 71%)
  adding: assets/Profile-Bc96qbTr.js (deflated 65%)
  adding: assets/index-CMWYrdMG.js (deflated 58%)
  adding: assets/index-CmjTium1.js (deflated 70%)
  adding: assets/label-CSOjbG4V.js (deflated 40%)
  adding: assets/box-CkS5uHAg.js (deflated 36%)
  adding: assets/EditInvestor-CLZxkLDo.js (deflated 76%)
  adding: assets/index-DupPK6OP.js (deflated 64%)
  adding: assets/phone-call-B7PxCy-H.js (deflated 65%)
  adding: assets/shield-check-DoGrEiz3.js (deflated 32%)
  adding: assets/map-pin-DVNhvcBo.js (deflated 28%)
  adding: assets/briefcase-Ctx4LoFm.js (deflated 28%)
  adding: assets/useDebounce-C54S2mnl.js (deflated 71%)
  adding: assets/phone-DII-cSok.js (deflated 37%)
  adding: assets/circle-alert-_YGHgESl.js (deflated 35%)
  adding: assets/mail-CPuomSI5.js (deflated 26%)
  adding: assets/EditFounder-ChPtI0ji.js (deflated 77%)
  adding: assets/Dashboard-D7jUkAR6.js (deflated 67%)
  adding: assets/index-Ce4HgWqk.js (deflated 69%)
  adding: assets/ToggleChips-BHrek1SQ.js (deflated 41%)
  adding: assets/index-50U9fojz.js (deflated 58%)
  adding: assets/Dashboard-CrsBGizA.js (deflated 67%)
  adding: assets/package-gPHg7gnJ.js (deflated 61%)
  adding: assets/trending-up-CHheuh0N.js (deflated 26%)
  adding: assets/index-BPAHnKHL.js (deflated 70%)
  adding: assets/Stepper-BIn6ELEe.js (deflated 57%)
  adding: assets/LegalModal-7aJx6Bth.js (deflated 51%)
  adding: assets/download-UO8VPJCK.js (deflated 31%)
  adding: assets/ImageUploader-CFHUuv6B.js (deflated 51%)
  adding: assets/dialog-BDlLJYRj.js (deflated 61%)
  adding: assets/checkbox-E0Q0TJDv.js (deflated 57%)
  adding: assets/index-C74jSXYl.js (deflated 56%)
  adding: assets/index-UVxTJ6dY.js (deflated 67%)
  adding: assets/toolbar-3RFxyyeV.js (deflated 52%)
  adding: assets/search-DbBBZp1P.js (deflated 26%)
  adding: assets/topCards-BQ1Auttf.js (deflated 54%)
  adding: assets/index-Bq_bE6f7.js (deflated 58%)
  adding: assets/star-BgOdQkuu.js (deflated 53%)
  adding: assets/shield-BCBHL3I7.js (deflated 29%)
  adding: assets/globe-CBt8EZGv.js (deflated 33%)
  adding: assets/users-kvBYhx_S.js (deflated 36%)
  adding: assets/target-JMfGgboP.js (deflated 38%)
  adding: assets/FileUploader-DCc43aTD.js (deflated 56%)
  adding: assets/link-CiNN7PIU.js (deflated 35%)
  adding: assets/trash-2-DTGoViIJ.js (deflated 40%)
  adding: assets/select-C2Fdze4g.js (deflated 64%)
  adding: assets/textarea-Db9Z92Vv.js (deflated 46%)
  adding: assets/chevron-down-BpuTf6aa.js (deflated 24%)
  adding: assets/index-D2VIX3uQ.js (deflated 62%)
  adding: assets/index-VWO9ALfi.js (deflated 64%)
  adding: assets/card-Cn8m4T2Z.js (deflated 62%)
  adding: assets/eye-CB_1zlPL.js (deflated 33%)
  adding: assets/check-OH14AwHP.js (deflated 22%)
  adding: assets/input-DYPlC5b-.js (deflated 44%)
  adding: index.html (deflated 47%)
Saving Lightsail SSH key...
Uploading DEV build to Lightsail...
Warning: Permanently added '15.207.22.250' (ED25519) to the list of known hosts.
Deploying DEV build to /var/www/html-dev ...
Archive:  /home/ubuntu/react-build-dev.zip
  inflating: /var/www/html-dev/favicon.ico  
  inflating: /var/www/html-dev/assets/irfanMalikBg-D4osmO_C.jpg  
  inflating: /var/www/html-dev/assets/meerGreenJacket-ykCKR2uN.png  
  inflating: /var/www/html-dev/assets/meerShinyDress-C8scZpYx.webp  
  inflating: /var/www/html-dev/assets/ShahidAfridiBg-CbCvmnf9.jpg  
  inflating: /var/www/html-dev/assets/shakeelBg-NX99JDrP.jpg  
  inflating: /var/www/html-dev/assets/wasimAkramBg-D4BFEYu1.png  
  inflating: /var/www/html-dev/assets/arabic-BElshnQY.jpg  
  inflating: /var/www/html-dev/assets/dubai-Bmqq4ymj.jpg  
  inflating: /var/www/html-dev/assets/fahad-CnovJc60.jpg  
  inflating: /var/www/html-dev/assets/handShake-Dk1DoagP.webp  
  inflating: /var/www/html-dev/assets/salman-DD3Zraly.jpg  
  inflating: /var/www/html-dev/assets/tech-BdWyL5Pa.jpg  
  inflating: /var/www/html-dev/assets/wasim-ETjjiRaD.jpg  
  inflating: /var/www/html-dev/assets/placeholderMan-BvremNML.png  
  inflating: /var/www/html-dev/assets/rectanglePlaceholder-nCbViREl.png  
  inflating: /var/www/html-dev/assets/Fav-BPcykgsi.png  
  inflating: /var/www/html-dev/assets/MainLogo-DJpFhlQE.png  
  inflating: /var/www/html-dev/assets/akhtar-qLBVRLf-.jpg  
  inflating: /var/www/html-dev/assets/wasimAkram-CBOcRO9q.png  
  inflating: /var/www/html-dev/assets/shahidAfridi-B5l7MSUw.png  
  inflating: /var/www/html-dev/assets/index-BhrjQAgE.css  
  inflating: /var/www/html-dev/assets/index-DTbTc30O.js  
  inflating: /var/www/html-dev/assets/Landing-C4herdZK.js  
  inflating: /var/www/html-dev/assets/index-Ce5wXGZE.js  
  inflating: /var/www/html-dev/assets/index-Bz2tcKRB.js  
  inflating: /var/www/html-dev/assets/index-DQ3OVhm3.js  
  inflating: /var/www/html-dev/assets/index-MwfmZYI0.js  
  inflating: /var/www/html-dev/assets/Header-CivJlsVu.js  
  inflating: /var/www/html-dev/assets/SignUp-rpzR03Xh.js  
  inflating: /var/www/html-dev/assets/ForgotPassword-BjJECbjn.js  
  inflating: /var/www/html-dev/assets/VerifyUserEmail-C1IAaig0.js  
  inflating: /var/www/html-dev/assets/ResetPassword-CQ2QUglq.js  
  inflating: /var/www/html-dev/assets/ContactSupport-Dftbfjpd.js  
  inflating: /var/www/html-dev/assets/AuthCallback-DvuI8bKq.js  
  inflating: /var/www/html-dev/assets/Login-lp-ueJUc.js  
  inflating: /var/www/html-dev/assets/index-D0W7L6-g.js  
  inflating: /var/www/html-dev/assets/index--x1GikyZ.js  
  inflating: /var/www/html-dev/assets/Profile-Bc96qbTr.js  
  inflating: /var/www/html-dev/assets/index-CMWYrdMG.js  
  inflating: /var/www/html-dev/assets/index-CmjTium1.js  
  inflating: /var/www/html-dev/assets/label-CSOjbG4V.js  
  inflating: /var/www/html-dev/assets/box-CkS5uHAg.js  
  inflating: /var/www/html-dev/assets/EditInvestor-CLZxkLDo.js  
  inflating: /var/www/html-dev/assets/index-DupPK6OP.js  
  inflating: /var/www/html-dev/assets/phone-call-B7PxCy-H.js  
  inflating: /var/www/html-dev/assets/shield-check-DoGrEiz3.js  
  inflating: /var/www/html-dev/assets/map-pin-DVNhvcBo.js  
  inflating: /var/www/html-dev/assets/briefcase-Ctx4LoFm.js  
  inflating: /var/www/html-dev/assets/useDebounce-C54S2mnl.js  
  inflating: /var/www/html-dev/assets/phone-DII-cSok.js  
  inflating: /var/www/html-dev/assets/circle-alert-_YGHgESl.js  
  inflating: /var/www/html-dev/assets/mail-CPuomSI5.js  
  inflating: /var/www/html-dev/assets/EditFounder-ChPtI0ji.js  
  inflating: /var/www/html-dev/assets/Dashboard-D7jUkAR6.js  
  inflating: /var/www/html-dev/assets/index-Ce4HgWqk.js  
  inflating: /var/www/html-dev/assets/ToggleChips-BHrek1SQ.js  
  inflating: /var/www/html-dev/assets/index-50U9fojz.js  
  inflating: /var/www/html-dev/assets/Dashboard-CrsBGizA.js  
  inflating: /var/www/html-dev/assets/package-gPHg7gnJ.js  
  inflating: /var/www/html-dev/assets/trending-up-CHheuh0N.js  
  inflating: /var/www/html-dev/assets/index-BPAHnKHL.js  
  inflating: /var/www/html-dev/assets/Stepper-BIn6ELEe.js  
  inflating: /var/www/html-dev/assets/LegalModal-7aJx6Bth.js  
  inflating: /var/www/html-dev/assets/download-UO8VPJCK.js  
  inflating: /var/www/html-dev/assets/ImageUploader-CFHUuv6B.js  
  inflating: /var/www/html-dev/assets/dialog-BDlLJYRj.js  
  inflating: /var/www/html-dev/assets/checkbox-E0Q0TJDv.js  
  inflating: /var/www/html-dev/assets/index-C74jSXYl.js  
  inflating: /var/www/html-dev/assets/index-UVxTJ6dY.js  
  inflating: /var/www/html-dev/assets/toolbar-3RFxyyeV.js  
  inflating: /var/www/html-dev/assets/search-DbBBZp1P.js  
  inflating: /var/www/html-dev/assets/topCards-BQ1Auttf.js  
  inflating: /var/www/html-dev/assets/index-Bq_bE6f7.js  
  inflating: /var/www/html-dev/assets/star-BgOdQkuu.js  
  inflating: /var/www/html-dev/assets/shield-BCBHL3I7.js  
  inflating: /var/www/html-dev/assets/globe-CBt8EZGv.js  
  inflating: /var/www/html-dev/assets/users-kvBYhx_S.js  
  inflating: /var/www/html-dev/assets/target-JMfGgboP.js  
  inflating: /var/www/html-dev/assets/FileUploader-DCc43aTD.js  
  inflating: /var/www/html-dev/assets/link-CiNN7PIU.js  
  inflating: /var/www/html-dev/assets/trash-2-DTGoViIJ.js  
  inflating: /var/www/html-dev/assets/select-C2Fdze4g.js  
  inflating: /var/www/html-dev/assets/textarea-Db9Z92Vv.js  
  inflating: /var/www/html-dev/assets/chevron-down-BpuTf6aa.js  
  inflating: /var/www/html-dev/assets/index-D2VIX3uQ.js  
  inflating: /var/www/html-dev/assets/index-VWO9ALfi.js  
  inflating: /var/www/html-dev/assets/card-Cn8m4T2Z.js  
  inflating: /var/www/html-dev/assets/eye-CB_1zlPL.js  
  inflating: /var/www/html-dev/assets/check-OH14AwHP.js  
  inflating: /var/www/html-dev/assets/input-DYPlC5b-.js  
  inflating: /var/www/html-dev/index.html  
Saving Git logs repo SSH key...
Cloning deployment-logs repo...
Cloning into 'logs-repo'...
