Installing dependencies...
npm warn deprecated w3c-hr-time@1.0.2: Use your platform's native performance.now() and performance.timeOrigin.
npm warn deprecated abab@2.0.6: Use your platform's native atob() and btoa() methods instead
npm warn deprecated domexception@2.0.1: Use your platform's native DOMException instead

added 1750 packages, and audited 1751 packages in 4m

222 packages are looking for funding
  run `npm fund` for details

52 vulnerabilities (51 moderate, 1 high)

To address issues that do not require attention, run:
  npm audit fix

To address all issues possible (including breaking changes), run:
  npm audit fix --force

Some issues need review, and may require choosing
a different dependency.

Run `npm audit` for details.
Building React app...

> boilerplate-code-react-js@0.0.0 build
> vite build

vite v7.1.11 building for production...
transforming...
✓ 2909 modules transformed.
rendering chunks...
computing gzip size...
dist/index.html                                    2.18 kB │ gzip:   1.05 kB
dist/assets/rectanglePlaceholder-nCbViREl.png     11.85 kB
dist/assets/irfanMalikBg-D4osmO_C.jpg             24.66 kB
dist/assets/placeholderMan-BvremNML.png           36.64 kB
dist/assets/handShake-Dk1DoagP.webp               65.18 kB
dist/assets/tower-gldBe0jJ.webp                   66.16 kB
dist/assets/tower2-LuqAcWCu.jpg                   72.52 kB
dist/assets/shakeelBg-NX99JDrP.jpg               143.15 kB
dist/assets/MainLogo-DJpFhlQE.png                144.86 kB
dist/assets/Fav-BPcykgsi.png                     147.34 kB
dist/assets/akhtar-qLBVRLf-.jpg                  173.92 kB
dist/assets/tower3-DpFzgoGy.jpg                  175.56 kB
dist/assets/meerShinyDress-C8scZpYx.webp         229.68 kB
dist/assets/meerGreenJacket-ykCKR2uN.png         230.19 kB
dist/assets/arabic-BElshnQY.jpg                  238.42 kB
dist/assets/wasim-ETjjiRaD.jpg                   242.26 kB
dist/assets/salman-DD3Zraly.jpg                  255.18 kB
dist/assets/fahad-CnovJc60.jpg                   278.62 kB
dist/assets/tech-BdWyL5Pa.jpg                    281.71 kB
dist/assets/dubai-Bmqq4ymj.jpg                   311.77 kB
dist/assets/wasimAkramBg-D4BFEYu1.png            313.57 kB
dist/assets/wasimAkram-CBOcRO9q.png            4,488.96 kB
dist/assets/index-JXyeJqJb.css                   129.83 kB │ gzip:  17.80 kB
dist/assets/check-VwKxWsWQ.js                      0.29 kB │ gzip:   0.24 kB
dist/assets/chevron-down-DUQBEFP8.js               0.30 kB │ gzip:   0.25 kB
dist/assets/plus-Cpj51WGC.js                       0.33 kB │ gzip:   0.25 kB
dist/assets/circle-check-Bw-H_oRc.js               0.35 kB │ gzip:   0.27 kB
dist/assets/trending-up-DcmnHTyf.js                0.35 kB │ gzip:   0.27 kB
dist/assets/ban-DhIqzd4l.js                        0.35 kB │ gzip:   0.28 kB
dist/assets/circle-check-big-BjDoRqH-.js           0.36 kB │ gzip:   0.28 kB
dist/assets/info-CX0_5LBg.js                       0.37 kB │ gzip:   0.28 kB
dist/assets/mail--sDtA_TW.js                       0.39 kB │ gzip:   0.31 kB
dist/assets/briefcase-Lo7HzZKb.js                  0.39 kB │ gzip:   0.30 kB
dist/assets/log-in-BBlP7UwS.js                     0.40 kB │ gzip:   0.29 kB
dist/assets/download-I983wH8C.js                   0.41 kB │ gzip:   0.30 kB
dist/assets/message-square-DnodvFl7.js             0.41 kB │ gzip:   0.31 kB
dist/assets/globe-BvVgoB6-.js                      0.41 kB │ gzip:   0.29 kB
dist/assets/circle-alert-DFl1QaFg.js               0.42 kB │ gzip:   0.29 kB
dist/assets/eye-CBG7MkM5.js                        0.42 kB │ gzip:   0.30 kB
dist/assets/map-pin-DdlzRf7F.js                    0.43 kB │ gzip:   0.33 kB
dist/assets/link-BoxDwja9.js                       0.43 kB │ gzip:   0.30 kB
dist/assets/pencil-BgsRer15.js                     0.45 kB │ gzip:   0.33 kB
dist/assets/box-D1ETwBlM.js                        0.48 kB │ gzip:   0.33 kB
dist/assets/user-plus-CJdyy2s2.js                  0.48 kB │ gzip:   0.34 kB
dist/assets/shield-check-BD2ss3Cy.js               0.49 kB │ gzip:   0.35 kB
dist/assets/square-pen-BMIPtVei.js                 0.49 kB │ gzip:   0.34 kB
dist/assets/phone-BVscr3hF.js                      0.50 kB │ gzip:   0.33 kB
dist/assets/trash-2-FjcPJxC0.js                    0.50 kB │ gzip:   0.32 kB
dist/assets/file-text-CCxE2jHS.js                  0.51 kB │ gzip:   0.32 kB
dist/assets/sparkles-De9UvXAl.js                   0.67 kB │ gzip:   0.39 kB
dist/assets/label-D6gK5GYG.js                      0.89 kB │ gzip:   0.55 kB
dist/assets/InfoBox-DgNeimVJ.js                    0.91 kB │ gzip:   0.46 kB
dist/assets/textarea-DsBNQBZr.js                   0.96 kB │ gzip:   0.54 kB
dist/assets/ToggleChips-BmLQkOPJ.js                1.12 kB │ gzip:   0.64 kB
dist/assets/input-UqBEU2au.js                      1.14 kB │ gzip:   0.66 kB
dist/assets/card-G8cnRqP8.js                       1.18 kB │ gzip:   0.46 kB
dist/assets/target-9NDJJwG-.js                     1.56 kB │ gzip:   0.55 kB
dist/assets/useDebounce-0AUXARjw.js                1.62 kB │ gzip:   0.69 kB
dist/assets/index-DKaXIbOH.js                      1.73 kB │ gzip:   0.80 kB
dist/assets/toolbar-BVjLmLq0.js                    1.86 kB │ gzip:   0.86 kB
dist/assets/topCards-BVNgHuUH.js                   2.01 kB │ gzip:   0.93 kB
dist/assets/index-CaDq2Yll.js                      2.07 kB │ gzip:   0.92 kB
dist/assets/ForgotPassword-DgSwtfP4.js             2.21 kB │ gzip:   1.10 kB
dist/assets/ImageUploader-e2vJr_fm.js              2.26 kB │ gzip:   1.12 kB
dist/assets/ResetPassword-Bz-vk6Wc.js              2.44 kB │ gzip:   1.09 kB
dist/assets/AuthCallback-BDkek4P1.js               2.70 kB │ gzip:   1.28 kB
dist/assets/FileUploader-CBqsW5mF.js               3.02 kB │ gzip:   1.35 kB
dist/assets/index-DNB7pnBZ.js                      3.07 kB │ gzip:   1.47 kB
dist/assets/index-Ca-XD3By.js                      3.21 kB │ gzip:   1.60 kB
dist/assets/index-CwUhBWfD.js                      3.27 kB │ gzip:   1.59 kB
dist/assets/index-Cvc4riHM.js                      3.40 kB │ gzip:   1.62 kB
dist/assets/SelectRole-DEBpbEu1.js                 3.76 kB │ gzip:   1.73 kB
dist/assets/index-XxnfMt1f.js                      3.98 kB │ gzip:   1.50 kB
dist/assets/index-yFF90qYo.js                      4.05 kB │ gzip:   1.60 kB
dist/assets/index-wTe0M36s.js                      4.05 kB │ gzip:   1.60 kB
dist/assets/index-C3p4F4Js.js                      4.05 kB │ gzip:   1.60 kB
dist/assets/LegalModal-CONff-ak.js                 4.09 kB │ gzip:   2.01 kB
dist/assets/checkbox-C6Q6q6xl.js                   4.11 kB │ gzip:   1.80 kB
dist/assets/index-BdU7NLvk.js                      4.18 kB │ gzip:   2.05 kB
dist/assets/index-vqOOU3A0.js                      4.19 kB │ gzip:   2.05 kB
dist/assets/Dashboard-DhhDLLQ3.js                  4.25 kB │ gzip:   1.44 kB
dist/assets/Dashboard-B7qTVpX9.js                  4.26 kB │ gzip:   1.45 kB
dist/assets/SignUp-BfFbkd0R.js                     4.42 kB │ gzip:   1.77 kB
dist/assets/Stepper-D7bUk76m.js                    4.66 kB │ gzip:   2.02 kB
dist/assets/ContactSupport-B-7r0eud.js             4.96 kB │ gzip:   2.04 kB
dist/assets/Login-BLUYQhai.js                      5.08 kB │ gzip:   2.15 kB
dist/assets/Tabs-CbnjfsA6.js                       5.77 kB │ gzip:   2.03 kB
dist/assets/VerifyUserEmail-CBYvKIIr.js            5.95 kB │ gzip:   2.13 kB
dist/assets/Profile-CWcsii79.js                    7.07 kB │ gzip:   2.25 kB
dist/assets/index-H3nxVWmB.js                      7.64 kB │ gzip:   3.13 kB
dist/assets/dialog-By-DEpg6.js                     8.41 kB │ gzip:   3.24 kB
dist/assets/index-eTIjZjVP.js                      8.55 kB │ gzip:   3.15 kB
dist/assets/index-CI7irOc0.js                      8.62 kB │ gzip:   3.35 kB
dist/assets/index-CVc6gELE.js                      9.54 kB │ gzip:   3.92 kB
dist/assets/index-1URCMAga.js                      9.81 kB │ gzip:   3.73 kB
dist/assets/Header-T9E5FR_U.js                    11.07 kB │ gzip:   3.46 kB
dist/assets/EditFounder-C9yViG5R.js               17.43 kB │ gzip:   4.19 kB
dist/assets/EditInvestor-Dysm_D64.js              18.36 kB │ gzip:   4.39 kB
dist/assets/index-CCFXTyGE.js                     19.06 kB │ gzip:   5.36 kB
dist/assets/index-DNODKkkW.js                     19.29 kB │ gzip:   6.32 kB
dist/assets/index-CS1kKH2M.js                     21.17 kB │ gzip:   5.57 kB
dist/assets/select-BIrW_v5n.js                    21.28 kB │ gzip:   7.63 kB
dist/assets/index-C82mwpFk.js                     24.76 kB │ gzip:   8.99 kB
dist/assets/index-Cbu17u0F.js                     30.18 kB │ gzip:  11.61 kB
dist/assets/table-mtFNgqtk.js                     44.91 kB │ gzip:  12.75 kB
dist/assets/ViewCallLogsModal-D5w2PQwV.js         82.14 kB │ gzip:  24.80 kB
dist/assets/Landing-BImwhjsz.js                  136.53 kB │ gzip:  48.81 kB
dist/assets/index-Bhzj6Rl8.js                    747.00 kB │ gzip: 225.71 kB
dist/assets/index-CiNw6FMq.js                    892.37 kB │ gzip: 260.34 kB
dist/assets/CreateNewBatch-CzQ8cGla.js         1,333.05 kB │ gzip: 329.19 kB

(!) Some chunks are larger than 500 kB after minification. Consider:
- Using dynamic import() to code-split the application
- Use build.rollupOptions.output.manualChunks to improve chunking: https://rollupjs.org/configuration-options/#output-manualchunks
- Adjust chunk size limit for this warning via build.chunkSizeWarningLimit.
✓ built in 14.15s
Packaging build...
  adding: favicon.ico (deflated 13%)
  adding: assets/ (stored 0%)
  adding: assets/irfanMalikBg-D4osmO_C.jpg (deflated 1%)
  adding: assets/meerShinyDress-C8scZpYx.webp (deflated 0%)
  adding: assets/meerGreenJacket-ykCKR2uN.png (deflated 0%)
  adding: assets/shakeelBg-NX99JDrP.jpg (deflated 0%)
  adding: assets/wasimAkramBg-D4BFEYu1.png (deflated 0%)
  adding: assets/akhtar-qLBVRLf-.jpg (deflated 1%)
  adding: assets/arabic-BElshnQY.jpg (deflated 0%)
  adding: assets/dubai-Bmqq4ymj.jpg (deflated 0%)
  adding: assets/handShake-Dk1DoagP.webp (deflated 0%)
  adding: assets/fahad-CnovJc60.jpg (deflated 0%)
  adding: assets/placeholderMan-BvremNML.png (deflated 3%)
  adding: assets/wasim-ETjjiRaD.jpg (deflated 0%)
  adding: assets/salman-DD3Zraly.jpg (deflated 0%)
  adding: assets/Fav-BPcykgsi.png (deflated 5%)
  adding: assets/MainLogo-DJpFhlQE.png (deflated 4%)
  adding: assets/tower-gldBe0jJ.webp (deflated 0%)
  adding: assets/tower2-LuqAcWCu.jpg (deflated 2%)
  adding: assets/tower3-DpFzgoGy.jpg (deflated 0%)
  adding: assets/tech-BdWyL5Pa.jpg (deflated 0%)
  adding: assets/rectanglePlaceholder-nCbViREl.png (deflated 31%)
  adding: assets/wasimAkram-CBOcRO9q.png (deflated 1%)
  adding: assets/index-JXyeJqJb.css (deflated 86%)
  adding: assets/index-Bhzj6Rl8.js (deflated 70%)
  adding: assets/Landing-BImwhjsz.js (deflated 64%)
  adding: assets/index-Ca-XD3By.js (deflated 50%)
  adding: assets/index-DNB7pnBZ.js (deflated 53%)
  adding: assets/index-Cvc4riHM.js (deflated 53%)
  adding: assets/index-CwUhBWfD.js (deflated 52%)
  adding: assets/Header-T9E5FR_U.js (deflated 69%)
  adding: assets/SignUp-BfFbkd0R.js (deflated 60%)
  adding: assets/ForgotPassword-DgSwtfP4.js (deflated 51%)
  adding: assets/VerifyUserEmail-CBYvKIIr.js (deflated 64%)
  adding: assets/ResetPassword-Bz-vk6Wc.js (deflated 56%)
  adding: assets/ContactSupport-B-7r0eud.js (deflated 59%)
  adding: assets/AuthCallback-BDkek4P1.js (deflated 53%)
  adding: assets/SelectRole-DEBpbEu1.js (deflated 54%)
  adding: assets/Login-BLUYQhai.js (deflated 58%)
  adding: assets/index-DKaXIbOH.js (deflated 54%)
  adding: assets/index-CiNw6FMq.js (deflated 71%)
  adding: assets/Profile-CWcsii79.js (deflated 69%)
  adding: assets/index-H3nxVWmB.js (deflated 59%)
  adding: assets/index-CI7irOc0.js (deflated 61%)
  adding: assets/box-D1ETwBlM.js (deflated 36%)
  adding: assets/EditInvestor-Dysm_D64.js (deflated 76%)
  adding: assets/index-1URCMAga.js (deflated 62%)
  adding: assets/globe-BvVgoB6-.js (deflated 33%)
  adding: assets/ViewCallLogsModal-D5w2PQwV.js (deflated 70%)
  adding: assets/label-D6gK5GYG.js (deflated 40%)
  adding: assets/EditFounder-C9yViG5R.js (deflated 76%)
  adding: assets/index-CVc6gELE.js (deflated 59%)
  adding: assets/index-DNODKkkW.js (deflated 67%)
  adding: assets/user-plus-CJdyy2s2.js (deflated 34%)
  adding: assets/log-in-BBlP7UwS.js (deflated 31%)
  adding: assets/ban-DhIqzd4l.js (deflated 27%)
  adding: assets/phone-BVscr3hF.js (deflated 37%)
  adding: assets/InfoBox-DgNeimVJ.js (deflated 51%)
  adding: assets/pencil-BgsRer15.js (deflated 31%)
  adding: assets/shield-check-BD2ss3Cy.js (deflated 32%)
  adding: assets/index-XxnfMt1f.js (deflated 63%)
  adding: assets/index-eTIjZjVP.js (deflated 63%)
  adding: assets/useDebounce-0AUXARjw.js (deflated 59%)
  adding: assets/CreateNewBatch-CzQ8cGla.js (deflated 75%)
  adding: assets/sparkles-De9UvXAl.js (deflated 45%)
  adding: assets/map-pin-DdlzRf7F.js (deflated 28%)
  adding: assets/briefcase-Lo7HzZKb.js (deflated 28%)
  adding: assets/info-CX0_5LBg.js (deflated 30%)
  adding: assets/circle-check-Bw-H_oRc.js (deflated 27%)
  adding: assets/message-square-DnodvFl7.js (deflated 29%)
  adding: assets/mail--sDtA_TW.js (deflated 26%)
  adding: assets/table-mtFNgqtk.js (deflated 72%)
  adding: assets/circle-alert-DFl1QaFg.js (deflated 35%)
  adding: assets/Dashboard-DhhDLLQ3.js (deflated 66%)
  adding: assets/index-CCFXTyGE.js (deflated 72%)
  adding: assets/ToggleChips-BmLQkOPJ.js (deflated 44%)
  adding: assets/index-BdU7NLvk.js (deflated 51%)
  adding: assets/index-yFF90qYo.js (deflated 61%)
  adding: assets/index-wTe0M36s.js (deflated 61%)
  adding: assets/Dashboard-B7qTVpX9.js (deflated 66%)
  adding: assets/target-9NDJJwG-.js (deflated 65%)
  adding: assets/trending-up-DcmnHTyf.js (deflated 26%)
  adding: assets/LegalModal-CONff-ak.js (deflated 51%)
  adding: assets/dialog-By-DEpg6.js (deflated 62%)
  adding: assets/download-I983wH8C.js (deflated 31%)
  adding: assets/index-C82mwpFk.js (deflated 64%)
  adding: assets/index-CaDq2Yll.js (deflated 56%)
  adding: assets/input-UqBEU2au.js (deflated 44%)
  adding: assets/circle-check-big-BjDoRqH-.js (deflated 26%)
  adding: assets/FileUploader-CBqsW5mF.js (deflated 56%)
  adding: assets/select-BIrW_v5n.js (deflated 64%)
  adding: assets/textarea-DsBNQBZr.js (deflated 45%)
  adding: assets/link-BoxDwja9.js (deflated 34%)
  adding: assets/eye-CBG7MkM5.js (deflated 33%)
  adding: assets/trash-2-FjcPJxC0.js (deflated 40%)
  adding: assets/chevron-down-DUQBEFP8.js (deflated 23%)
  adding: assets/check-VwKxWsWQ.js (deflated 22%)
  adding: assets/index-Cbu17u0F.js (deflated 62%)
  adding: assets/topCards-BVNgHuUH.js (deflated 54%)
  adding: assets/card-G8cnRqP8.js (deflated 62%)
  adding: assets/ImageUploader-e2vJr_fm.js (deflated 51%)
  adding: assets/toolbar-BVjLmLq0.js (deflated 55%)
  adding: assets/square-pen-BMIPtVei.js (deflated 35%)
  adding: assets/checkbox-C6Q6q6xl.js (deflated 57%)
  adding: assets/plus-Cpj51WGC.js (deflated 27%)
  adding: assets/file-text-CCxE2jHS.js (deflated 40%)
  adding: assets/Tabs-CbnjfsA6.js (deflated 65%)
  adding: assets/Stepper-D7bUk76m.js (deflated 57%)
  adding: assets/index-CS1kKH2M.js (deflated 74%)
  adding: assets/index-C3p4F4Js.js (deflated 61%)
  adding: assets/index-vqOOU3A0.js (deflated 52%)
  adding: index.html (deflated 52%)
Saving Lightsail SSH key...
Uploading build to Lightsail...
Warning: Permanently added '15.207.22.250' (ED25519) to the list of known hosts.
Deploying build to /var/www/html ...
Archive:  /home/ubuntu/react-build.zip
  inflating: /var/www/html/favicon.ico  
   creating: /var/www/html/assets/
  inflating: /var/www/html/assets/irfanMalikBg-D4osmO_C.jpg  
  inflating: /var/www/html/assets/meerShinyDress-C8scZpYx.webp  
  inflating: /var/www/html/assets/meerGreenJacket-ykCKR2uN.png  
  inflating: /var/www/html/assets/shakeelBg-NX99JDrP.jpg  
  inflating: /var/www/html/assets/wasimAkramBg-D4BFEYu1.png  
  inflating: /var/www/html/assets/akhtar-qLBVRLf-.jpg  
  inflating: /var/www/html/assets/arabic-BElshnQY.jpg  
  inflating: /var/www/html/assets/dubai-Bmqq4ymj.jpg  
  inflating: /var/www/html/assets/handShake-Dk1DoagP.webp  
  inflating: /var/www/html/assets/fahad-CnovJc60.jpg  
  inflating: /var/www/html/assets/placeholderMan-BvremNML.png  
  inflating: /var/www/html/assets/wasim-ETjjiRaD.jpg  
  inflating: /var/www/html/assets/salman-DD3Zraly.jpg  
  inflating: /var/www/html/assets/Fav-BPcykgsi.png  
  inflating: /var/www/html/assets/MainLogo-DJpFhlQE.png  
  inflating: /var/www/html/assets/tower-gldBe0jJ.webp  
  inflating: /var/www/html/assets/tower2-LuqAcWCu.jpg  
  inflating: /var/www/html/assets/tower3-DpFzgoGy.jpg  
  inflating: /var/www/html/assets/tech-BdWyL5Pa.jpg  
  inflating: /var/www/html/assets/rectanglePlaceholder-nCbViREl.png  
  inflating: /var/www/html/assets/wasimAkram-CBOcRO9q.png  
  inflating: /var/www/html/assets/index-JXyeJqJb.css  
  inflating: /var/www/html/assets/index-Bhzj6Rl8.js  
  inflating: /var/www/html/assets/Landing-BImwhjsz.js  
  inflating: /var/www/html/assets/index-Ca-XD3By.js  
  inflating: /var/www/html/assets/index-DNB7pnBZ.js  
  inflating: /var/www/html/assets/index-Cvc4riHM.js  
  inflating: /var/www/html/assets/index-CwUhBWfD.js  
  inflating: /var/www/html/assets/Header-T9E5FR_U.js  
  inflating: /var/www/html/assets/SignUp-BfFbkd0R.js  
  inflating: /var/www/html/assets/ForgotPassword-DgSwtfP4.js  
  inflating: /var/www/html/assets/VerifyUserEmail-CBYvKIIr.js  
  inflating: /var/www/html/assets/ResetPassword-Bz-vk6Wc.js  
  inflating: /var/www/html/assets/ContactSupport-B-7r0eud.js  
  inflating: /var/www/html/assets/AuthCallback-BDkek4P1.js  
  inflating: /var/www/html/assets/SelectRole-DEBpbEu1.js  
  inflating: /var/www/html/assets/Login-BLUYQhai.js  
  inflating: /var/www/html/assets/index-DKaXIbOH.js  
  inflating: /var/www/html/assets/index-CiNw6FMq.js  
  inflating: /var/www/html/assets/Profile-CWcsii79.js  
  inflating: /var/www/html/assets/index-H3nxVWmB.js  
  inflating: /var/www/html/assets/index-CI7irOc0.js  
  inflating: /var/www/html/assets/box-D1ETwBlM.js  
  inflating: /var/www/html/assets/EditInvestor-Dysm_D64.js  
  inflating: /var/www/html/assets/index-1URCMAga.js  
  inflating: /var/www/html/assets/globe-BvVgoB6-.js  
  inflating: /var/www/html/assets/ViewCallLogsModal-D5w2PQwV.js  
  inflating: /var/www/html/assets/label-D6gK5GYG.js  
  inflating: /var/www/html/assets/EditFounder-C9yViG5R.js  
  inflating: /var/www/html/assets/index-CVc6gELE.js  
  inflating: /var/www/html/assets/index-DNODKkkW.js  
  inflating: /var/www/html/assets/user-plus-CJdyy2s2.js  
  inflating: /var/www/html/assets/log-in-BBlP7UwS.js  
  inflating: /var/www/html/assets/ban-DhIqzd4l.js  
  inflating: /var/www/html/assets/phone-BVscr3hF.js  
  inflating: /var/www/html/assets/InfoBox-DgNeimVJ.js  
  inflating: /var/www/html/assets/pencil-BgsRer15.js  
  inflating: /var/www/html/assets/shield-check-BD2ss3Cy.js  
  inflating: /var/www/html/assets/index-XxnfMt1f.js  
  inflating: /var/www/html/assets/index-eTIjZjVP.js  
  inflating: /var/www/html/assets/useDebounce-0AUXARjw.js  
  inflating: /var/www/html/assets/CreateNewBatch-CzQ8cGla.js  
  inflating: /var/www/html/assets/sparkles-De9UvXAl.js  
  inflating: /var/www/html/assets/map-pin-DdlzRf7F.js  
  inflating: /var/www/html/assets/briefcase-Lo7HzZKb.js  
  inflating: /var/www/html/assets/info-CX0_5LBg.js  
  inflating: /var/www/html/assets/circle-check-Bw-H_oRc.js  
  inflating: /var/www/html/assets/message-square-DnodvFl7.js  
  inflating: /var/www/html/assets/mail--sDtA_TW.js  
  inflating: /var/www/html/assets/table-mtFNgqtk.js  
  inflating: /var/www/html/assets/circle-alert-DFl1QaFg.js  
  inflating: /var/www/html/assets/Dashboard-DhhDLLQ3.js  
  inflating: /var/www/html/assets/index-CCFXTyGE.js  
  inflating: /var/www/html/assets/ToggleChips-BmLQkOPJ.js  
  inflating: /var/www/html/assets/index-BdU7NLvk.js  
  inflating: /var/www/html/assets/index-yFF90qYo.js  
  inflating: /var/www/html/assets/index-wTe0M36s.js  
  inflating: /var/www/html/assets/Dashboard-B7qTVpX9.js  
  inflating: /var/www/html/assets/target-9NDJJwG-.js  
  inflating: /var/www/html/assets/trending-up-DcmnHTyf.js  
  inflating: /var/www/html/assets/LegalModal-CONff-ak.js  
  inflating: /var/www/html/assets/dialog-By-DEpg6.js  
  inflating: /var/www/html/assets/download-I983wH8C.js  
  inflating: /var/www/html/assets/index-C82mwpFk.js  
  inflating: /var/www/html/assets/index-CaDq2Yll.js  
  inflating: /var/www/html/assets/input-UqBEU2au.js  
  inflating: /var/www/html/assets/circle-check-big-BjDoRqH-.js  
  inflating: /var/www/html/assets/FileUploader-CBqsW5mF.js  
  inflating: /var/www/html/assets/select-BIrW_v5n.js  
  inflating: /var/www/html/assets/textarea-DsBNQBZr.js  
  inflating: /var/www/html/assets/link-BoxDwja9.js  
  inflating: /var/www/html/assets/eye-CBG7MkM5.js  
  inflating: /var/www/html/assets/trash-2-FjcPJxC0.js  
  inflating: /var/www/html/assets/chevron-down-DUQBEFP8.js  
  inflating: /var/www/html/assets/check-VwKxWsWQ.js  
  inflating: /var/www/html/assets/index-Cbu17u0F.js  
  inflating: /var/www/html/assets/topCards-BVNgHuUH.js  
  inflating: /var/www/html/assets/card-G8cnRqP8.js  
  inflating: /var/www/html/assets/ImageUploader-e2vJr_fm.js  
  inflating: /var/www/html/assets/toolbar-BVjLmLq0.js  
  inflating: /var/www/html/assets/square-pen-BMIPtVei.js  
  inflating: /var/www/html/assets/checkbox-C6Q6q6xl.js  
  inflating: /var/www/html/assets/plus-Cpj51WGC.js  
  inflating: /var/www/html/assets/file-text-CCxE2jHS.js  
  inflating: /var/www/html/assets/Tabs-CbnjfsA6.js  
  inflating: /var/www/html/assets/Stepper-D7bUk76m.js  
  inflating: /var/www/html/assets/index-CS1kKH2M.js  
  inflating: /var/www/html/assets/index-C3p4F4Js.js  
  inflating: /var/www/html/assets/index-vqOOU3A0.js  
  inflating: /var/www/html/index.html  
Saving Git logs repo SSH key...
Testing GitHub SSH key...
Cloning deployment-logs repo...
Cloning into 'logs-repo'...
