Installing dependencies...
npm warn deprecated abab@2.0.6: Use your platform's native atob() and btoa() methods instead
npm warn deprecated domexception@2.0.1: Use your platform's native DOMException instead
npm warn deprecated w3c-hr-time@1.0.2: Use your platform's native performance.now() and performance.timeOrigin.

added 1750 packages, and audited 1751 packages in 4m

222 packages are looking for funding
  run `npm fund` for details

52 vulnerabilities (51 moderate, 1 high)

To address issues that do not require attention, run:
  npm audit fix

To address all issues possible (including breaking changes), run:
  npm audit fix --force

Some issues need review, and may require choosing
a different dependency.

Run `npm audit` for details.
Building React app...

> boilerplate-code-react-js@0.0.0 build
> vite build

vite v7.1.11 building for production...
transforming...
✓ 2910 modules transformed.
rendering chunks...
computing gzip size...
dist/index.html                                    2.18 kB │ gzip:   1.05 kB
dist/assets/rectanglePlaceholder-nCbViREl.png     11.85 kB
dist/assets/irfanMalikBg-D4osmO_C.jpg             24.66 kB
dist/assets/placeholderMan-BvremNML.png           36.64 kB
dist/assets/handShake-Dk1DoagP.webp               65.18 kB
dist/assets/tower-gldBe0jJ.webp                   66.16 kB
dist/assets/tower2-LuqAcWCu.jpg                   72.52 kB
dist/assets/shakeelBg-NX99JDrP.jpg               143.15 kB
dist/assets/MainLogo-DJpFhlQE.png                144.86 kB
dist/assets/Fav-BPcykgsi.png                     147.34 kB
dist/assets/akhtar-qLBVRLf-.jpg                  173.92 kB
dist/assets/tower3-DpFzgoGy.jpg                  175.56 kB
dist/assets/meerShinyDress-C8scZpYx.webp         229.68 kB
dist/assets/meerGreenJacket-ykCKR2uN.png         230.19 kB
dist/assets/arabic-BElshnQY.jpg                  238.42 kB
dist/assets/wasim-ETjjiRaD.jpg                   242.26 kB
dist/assets/salman-DD3Zraly.jpg                  255.18 kB
dist/assets/fahad-CnovJc60.jpg                   278.62 kB
dist/assets/tech-BdWyL5Pa.jpg                    281.71 kB
dist/assets/dubai-Bmqq4ymj.jpg                   311.77 kB
dist/assets/wasimAkramBg-D4BFEYu1.png            313.57 kB
dist/assets/wasimAkram-CBOcRO9q.png            4,488.96 kB
dist/assets/index-DPKtgwBE.css                   130.23 kB │ gzip:  17.89 kB
dist/assets/check-DQ6YVtc4.js                      0.29 kB │ gzip:   0.24 kB
dist/assets/chevron-down-BCJCGaDz.js               0.30 kB │ gzip:   0.25 kB
dist/assets/plus-CQs8TsI0.js                       0.33 kB │ gzip:   0.25 kB
dist/assets/trending-up-DXvg0AED.js                0.35 kB │ gzip:   0.27 kB
dist/assets/ban-BzfIeP8F.js                        0.35 kB │ gzip:   0.28 kB
dist/assets/circle-check-big-Cprz-pG7.js           0.36 kB │ gzip:   0.28 kB
dist/assets/info-DvF0ouNT.js                       0.37 kB │ gzip:   0.28 kB
dist/assets/circle-x-DmPDfzGo.js                   0.38 kB │ gzip:   0.28 kB
dist/assets/mail-C_ETEAK1.js                       0.39 kB │ gzip:   0.31 kB
dist/assets/briefcase-awL0dXeZ.js                  0.39 kB │ gzip:   0.30 kB
dist/assets/log-in-C4uFfD1d.js                     0.40 kB │ gzip:   0.29 kB
dist/assets/download-C0KI2j12.js                   0.41 kB │ gzip:   0.30 kB
dist/assets/message-square-D-55x2jJ.js             0.41 kB │ gzip:   0.31 kB
dist/assets/globe-D-mw-BnZ.js                      0.41 kB │ gzip:   0.29 kB
dist/assets/circle-alert-3-mLCwgT.js               0.42 kB │ gzip:   0.29 kB
dist/assets/eye-e3w_sBmz.js                        0.42 kB │ gzip:   0.30 kB
dist/assets/map-pin-BCtrtWXB.js                    0.43 kB │ gzip:   0.33 kB
dist/assets/link-B0OtWhQz.js                       0.43 kB │ gzip:   0.30 kB
dist/assets/pencil-D9rqqCy8.js                     0.45 kB │ gzip:   0.33 kB
dist/assets/user-plus-BLff5SOJ.js                  0.48 kB │ gzip:   0.34 kB
dist/assets/shield-check-Q6LlVvnz.js               0.49 kB │ gzip:   0.35 kB
dist/assets/square-pen-DAJtzby-.js                 0.49 kB │ gzip:   0.34 kB
dist/assets/phone-EDplLAQC.js                      0.50 kB │ gzip:   0.33 kB
dist/assets/trash-2-4p1UQwCi.js                    0.50 kB │ gzip:   0.32 kB
dist/assets/file-text-88F4UacV.js                  0.51 kB │ gzip:   0.32 kB
dist/assets/sparkles-EcY9f4E7.js                   0.67 kB │ gzip:   0.39 kB
dist/assets/label-CcG0fGRD.js                      0.89 kB │ gzip:   0.55 kB
dist/assets/InfoBox-CbYNFp6A.js                    0.91 kB │ gzip:   0.46 kB
dist/assets/textarea-CRtta9rf.js                   0.96 kB │ gzip:   0.54 kB
dist/assets/ToggleChips-DI6bt_R6.js                1.12 kB │ gzip:   0.64 kB
dist/assets/input--4hxLXTT.js                      1.14 kB │ gzip:   0.66 kB
dist/assets/card-5h8kqdoC.js                       1.18 kB │ gzip:   0.46 kB
dist/assets/target-DbpCh_Uy.js                     1.56 kB │ gzip:   0.55 kB
dist/assets/useDebounce-Cyq-Q5vU.js                1.62 kB │ gzip:   0.69 kB
dist/assets/index-CnpvLo4c.js                      1.73 kB │ gzip:   0.81 kB
dist/assets/toolbar-D55An-SX.js                    1.86 kB │ gzip:   0.86 kB
dist/assets/topCards-CTl2qmko.js                   2.01 kB │ gzip:   0.93 kB
dist/assets/index-zBBffSSZ.js                      2.07 kB │ gzip:   0.92 kB
dist/assets/ForgotPassword-d9-Wdq2g.js             2.21 kB │ gzip:   1.10 kB
dist/assets/ImageUploader-BAR9RqgF.js              2.26 kB │ gzip:   1.12 kB
dist/assets/ResetPassword-CUBNe4q1.js              2.44 kB │ gzip:   1.08 kB
dist/assets/AuthCallback-DfYqLZIv.js               2.70 kB │ gzip:   1.28 kB
dist/assets/FileUploader-DEAJ16Z9.js               3.02 kB │ gzip:   1.35 kB
dist/assets/index-Bvr6JOR2.js                      3.07 kB │ gzip:   1.46 kB
dist/assets/index-DdncCE7y.js                      3.21 kB │ gzip:   1.60 kB
dist/assets/index-CdgpJGY_.js                      3.27 kB │ gzip:   1.59 kB
dist/assets/index-DB1_IM_R.js                      3.40 kB │ gzip:   1.62 kB
dist/assets/SelectRole-DkkB-C4c.js                 3.76 kB │ gzip:   1.72 kB
dist/assets/index-DzsKcgBE.js                      4.02 kB │ gzip:   1.51 kB
dist/assets/index-CJGfV_0W.js                      4.09 kB │ gzip:   1.61 kB
dist/assets/index-Ct2gO4OJ.js                      4.09 kB │ gzip:   1.61 kB
dist/assets/LegalModal-D4z3zhmD.js                 4.09 kB │ gzip:   2.01 kB
dist/assets/index-DcrKK3ef.js                      4.09 kB │ gzip:   1.61 kB
dist/assets/checkbox-BKgjxQmq.js                   4.11 kB │ gzip:   1.80 kB
dist/assets/index-D8opl12N.js                      4.18 kB │ gzip:   2.04 kB
dist/assets/index-BSjyvY6l.js                      4.19 kB │ gzip:   2.04 kB
dist/assets/Dashboard-BZ8Dt9ax.js                  4.25 kB │ gzip:   1.44 kB
dist/assets/Dashboard-CVzq4Wcy.js                  4.26 kB │ gzip:   1.45 kB
dist/assets/SignUp-ljU7YnGu.js                     4.42 kB │ gzip:   1.77 kB
dist/assets/Stepper-BBAaxm2p.js                    4.66 kB │ gzip:   2.02 kB
dist/assets/ContactSupport-Cy5JGrZ_.js             4.96 kB │ gzip:   2.04 kB
dist/assets/Login-C6YSAooe.js                      5.08 kB │ gzip:   2.15 kB
dist/assets/Tabs-K6Cj3Fue.js                       5.43 kB │ gzip:   1.94 kB
dist/assets/VerifyUserEmail-B1cAnjAE.js            6.20 kB │ gzip:   2.30 kB
dist/assets/Profile-e9FqMM6-.js                    7.08 kB │ gzip:   2.25 kB
dist/assets/index-C_F9B-mj.js                      7.64 kB │ gzip:   3.13 kB
dist/assets/dialog-JCIQJyoq.js                     8.41 kB │ gzip:   3.24 kB
dist/assets/index-CsPC56FV.js                      9.54 kB │ gzip:   3.92 kB
dist/assets/index-CDUEI6l9.js                      9.92 kB │ gzip:   3.77 kB
dist/assets/index-D1ah0OBw.js                     10.08 kB │ gzip:   3.21 kB
dist/assets/index-D0LQ49BH.js                     10.74 kB │ gzip:   3.94 kB
dist/assets/Header-BQeQce82.js                    11.07 kB │ gzip:   3.46 kB
dist/assets/CreateNewBatch-DHfcBEEv.js            15.31 kB │ gzip:   4.10 kB
dist/assets/EditFounder-CkNWkbeq.js               17.74 kB │ gzip:   4.27 kB
dist/assets/EditInvestor-Dab_MgO4.js              18.36 kB │ gzip:   4.39 kB
dist/assets/index-ZL7fZVWN.js                     19.06 kB │ gzip:   5.36 kB
dist/assets/index-Bm4odNcK.js                     19.29 kB │ gzip:   6.33 kB
dist/assets/index-S_HWL1Wb.js                     20.92 kB │ gzip:   5.53 kB
dist/assets/select-ByZJYxxe.js                    21.28 kB │ gzip:   7.63 kB
dist/assets/index-BI4axlIq.js                     24.76 kB │ gzip:   8.98 kB
dist/assets/index-8kwsRNp_.js                     30.18 kB │ gzip:  11.61 kB
dist/assets/table-4kZ2UPaV.js                     45.19 kB │ gzip:  12.84 kB
dist/assets/ViewCallLogsModal-0vJl13R2.js         82.14 kB │ gzip:  24.80 kB
dist/assets/Landing-Cavw1M9W.js                  136.53 kB │ gzip:  48.81 kB
dist/assets/index-DOitDAmm.js                    747.01 kB │ gzip: 225.70 kB
dist/assets/index-BBg00wjw.js                    892.41 kB │ gzip: 260.36 kB
dist/assets/CkEditor-DtYMlnr6.js               1,318.06 kB │ gzip: 325.94 kB

(!) Some chunks are larger than 500 kB after minification. Consider:
- Using dynamic import() to code-split the application
- Use build.rollupOptions.output.manualChunks to improve chunking: https://rollupjs.org/configuration-options/#output-manualchunks
- Adjust chunk size limit for this warning via build.chunkSizeWarningLimit.
✓ built in 13.73s
Packaging build...
  adding: favicon.ico (deflated 13%)
  adding: assets/ (stored 0%)
  adding: assets/irfanMalikBg-D4osmO_C.jpg (deflated 1%)
  adding: assets/meerGreenJacket-ykCKR2uN.png (deflated 0%)
  adding: assets/meerShinyDress-C8scZpYx.webp (deflated 0%)
  adding: assets/akhtar-qLBVRLf-.jpg (deflated 1%)
  adding: assets/wasimAkramBg-D4BFEYu1.png (deflated 0%)
  adding: assets/arabic-BElshnQY.jpg (deflated 0%)
  adding: assets/dubai-Bmqq4ymj.jpg (deflated 0%)
  adding: assets/handShake-Dk1DoagP.webp (deflated 0%)
  adding: assets/shakeelBg-NX99JDrP.jpg (deflated 0%)
  adding: assets/wasim-ETjjiRaD.jpg (deflated 0%)
  adding: assets/placeholderMan-BvremNML.png (deflated 3%)
  adding: assets/salman-DD3Zraly.jpg (deflated 0%)
  adding: assets/fahad-CnovJc60.jpg (deflated 0%)
  adding: assets/tech-BdWyL5Pa.jpg (deflated 0%)
  adding: assets/MainLogo-DJpFhlQE.png (deflated 4%)
  adding: assets/tower-gldBe0jJ.webp (deflated 0%)
  adding: assets/tower2-LuqAcWCu.jpg (deflated 2%)
  adding: assets/tower3-DpFzgoGy.jpg (deflated 0%)
  adding: assets/rectanglePlaceholder-nCbViREl.png (deflated 31%)
  adding: assets/Fav-BPcykgsi.png (deflated 5%)
  adding: assets/wasimAkram-CBOcRO9q.png (deflated 1%)
  adding: assets/index-DPKtgwBE.css (deflated 86%)
  adding: assets/index-DOitDAmm.js (deflated 70%)
  adding: assets/Landing-Cavw1M9W.js (deflated 64%)
  adding: assets/index-DdncCE7y.js (deflated 51%)
  adding: assets/index-Bvr6JOR2.js (deflated 53%)
  adding: assets/index-DB1_IM_R.js (deflated 53%)
  adding: assets/index-CdgpJGY_.js (deflated 52%)
  adding: assets/Header-BQeQce82.js (deflated 69%)
  adding: assets/SignUp-ljU7YnGu.js (deflated 60%)
  adding: assets/ForgotPassword-d9-Wdq2g.js (deflated 51%)
  adding: assets/VerifyUserEmail-B1cAnjAE.js (deflated 63%)
  adding: assets/ResetPassword-CUBNe4q1.js (deflated 56%)
  adding: assets/ContactSupport-Cy5JGrZ_.js (deflated 59%)
  adding: assets/AuthCallback-DfYqLZIv.js (deflated 53%)
  adding: assets/SelectRole-DkkB-C4c.js (deflated 54%)
  adding: assets/Login-C6YSAooe.js (deflated 58%)
  adding: assets/index-CnpvLo4c.js (deflated 53%)
  adding: assets/index-BBg00wjw.js (deflated 71%)
  adding: assets/Profile-e9FqMM6-.js (deflated 69%)
  adding: assets/index-C_F9B-mj.js (deflated 59%)
  adding: assets/index-CDUEI6l9.js (deflated 62%)
  adding: assets/EditInvestor-Dab_MgO4.js (deflated 76%)
  adding: assets/index-D0LQ49BH.js (deflated 64%)
  adding: assets/globe-D-mw-BnZ.js (deflated 33%)
  adding: assets/ViewCallLogsModal-0vJl13R2.js (deflated 70%)
  adding: assets/label-CcG0fGRD.js (deflated 40%)
  adding: assets/EditFounder-CkNWkbeq.js (deflated 76%)
  adding: assets/index-CsPC56FV.js (deflated 59%)
  adding: assets/index-Bm4odNcK.js (deflated 67%)
  adding: assets/user-plus-BLff5SOJ.js (deflated 34%)
  adding: assets/log-in-C4uFfD1d.js (deflated 32%)
  adding: assets/ban-BzfIeP8F.js (deflated 27%)
  adding: assets/phone-EDplLAQC.js (deflated 37%)
  adding: assets/InfoBox-CbYNFp6A.js (deflated 51%)
  adding: assets/pencil-D9rqqCy8.js (deflated 31%)
  adding: assets/index-DzsKcgBE.js (deflated 63%)
  adding: assets/index-D1ah0OBw.js (deflated 68%)
  adding: assets/useDebounce-Cyq-Q5vU.js (deflated 59%)
  adding: assets/CreateNewBatch-DHfcBEEv.js (deflated 73%)
  adding: assets/sparkles-EcY9f4E7.js (deflated 45%)
  adding: assets/map-pin-BCtrtWXB.js (deflated 28%)
  adding: assets/briefcase-awL0dXeZ.js (deflated 28%)
  adding: assets/info-DvF0ouNT.js (deflated 30%)
  adding: assets/shield-check-Q6LlVvnz.js (deflated 31%)
  adding: assets/CkEditor-DtYMlnr6.js (deflated 75%)
  adding: assets/message-square-D-55x2jJ.js (deflated 29%)
  adding: assets/mail-C_ETEAK1.js (deflated 26%)
  adding: assets/table-4kZ2UPaV.js (deflated 72%)
  adding: assets/circle-alert-3-mLCwgT.js (deflated 36%)
  adding: assets/Dashboard-BZ8Dt9ax.js (deflated 66%)
  adding: assets/index-ZL7fZVWN.js (deflated 72%)
  adding: assets/ToggleChips-DI6bt_R6.js (deflated 44%)
  adding: assets/index-D8opl12N.js (deflated 52%)
  adding: assets/index-CJGfV_0W.js (deflated 61%)
  adding: assets/index-Ct2gO4OJ.js (deflated 61%)
  adding: assets/Dashboard-CVzq4Wcy.js (deflated 66%)
  adding: assets/target-DbpCh_Uy.js (deflated 65%)
  adding: assets/trending-up-DXvg0AED.js (deflated 26%)
  adding: assets/LegalModal-D4z3zhmD.js (deflated 51%)
  adding: assets/dialog-JCIQJyoq.js (deflated 62%)
  adding: assets/download-C0KI2j12.js (deflated 31%)
  adding: assets/index-BI4axlIq.js (deflated 64%)
  adding: assets/index-zBBffSSZ.js (deflated 56%)
  adding: assets/input--4hxLXTT.js (deflated 44%)
  adding: assets/circle-check-big-Cprz-pG7.js (deflated 26%)
  adding: assets/FileUploader-DEAJ16Z9.js (deflated 56%)
  adding: assets/select-ByZJYxxe.js (deflated 64%)
  adding: assets/textarea-CRtta9rf.js (deflated 45%)
  adding: assets/link-B0OtWhQz.js (deflated 35%)
  adding: assets/eye-e3w_sBmz.js (deflated 33%)
  adding: assets/trash-2-4p1UQwCi.js (deflated 40%)
  adding: assets/chevron-down-BCJCGaDz.js (deflated 24%)
  adding: assets/check-DQ6YVtc4.js (deflated 22%)
  adding: assets/index-8kwsRNp_.js (deflated 62%)
  adding: assets/topCards-CTl2qmko.js (deflated 54%)
  adding: assets/card-5h8kqdoC.js (deflated 62%)
  adding: assets/ImageUploader-BAR9RqgF.js (deflated 51%)
  adding: assets/toolbar-D55An-SX.js (deflated 55%)
  adding: assets/square-pen-DAJtzby-.js (deflated 35%)
  adding: assets/checkbox-BKgjxQmq.js (deflated 57%)
  adding: assets/plus-CQs8TsI0.js (deflated 28%)
  adding: assets/file-text-88F4UacV.js (deflated 40%)
  adding: assets/Tabs-K6Cj3Fue.js (deflated 65%)
  adding: assets/circle-x-DmPDfzGo.js (deflated 31%)
  adding: assets/Stepper-BBAaxm2p.js (deflated 57%)
  adding: assets/index-S_HWL1Wb.js (deflated 74%)
  adding: assets/index-DcrKK3ef.js (deflated 61%)
  adding: assets/index-BSjyvY6l.js (deflated 52%)
  adding: index.html (deflated 53%)
Saving Lightsail SSH key...
Uploading build to Lightsail...
Warning: Permanently added '15.207.22.250' (ED25519) to the list of known hosts.
Deploying build to /var/www/html ...
Archive:  /home/ubuntu/react-build.zip
  inflating: /var/www/html/favicon.ico  
   creating: /var/www/html/assets/
  inflating: /var/www/html/assets/irfanMalikBg-D4osmO_C.jpg  
  inflating: /var/www/html/assets/meerGreenJacket-ykCKR2uN.png  
  inflating: /var/www/html/assets/meerShinyDress-C8scZpYx.webp  
  inflating: /var/www/html/assets/akhtar-qLBVRLf-.jpg  
  inflating: /var/www/html/assets/wasimAkramBg-D4BFEYu1.png  
  inflating: /var/www/html/assets/arabic-BElshnQY.jpg  
  inflating: /var/www/html/assets/dubai-Bmqq4ymj.jpg  
  inflating: /var/www/html/assets/handShake-Dk1DoagP.webp  
  inflating: /var/www/html/assets/shakeelBg-NX99JDrP.jpg  
  inflating: /var/www/html/assets/wasim-ETjjiRaD.jpg  
  inflating: /var/www/html/assets/placeholderMan-BvremNML.png  
  inflating: /var/www/html/assets/salman-DD3Zraly.jpg  
  inflating: /var/www/html/assets/fahad-CnovJc60.jpg  
  inflating: /var/www/html/assets/tech-BdWyL5Pa.jpg  
  inflating: /var/www/html/assets/MainLogo-DJpFhlQE.png  
  inflating: /var/www/html/assets/tower-gldBe0jJ.webp  
  inflating: /var/www/html/assets/tower2-LuqAcWCu.jpg  
  inflating: /var/www/html/assets/tower3-DpFzgoGy.jpg  
  inflating: /var/www/html/assets/rectanglePlaceholder-nCbViREl.png  
  inflating: /var/www/html/assets/Fav-BPcykgsi.png  
  inflating: /var/www/html/assets/wasimAkram-CBOcRO9q.png  
  inflating: /var/www/html/assets/index-DPKtgwBE.css  
  inflating: /var/www/html/assets/index-DOitDAmm.js  
  inflating: /var/www/html/assets/Landing-Cavw1M9W.js  
  inflating: /var/www/html/assets/index-DdncCE7y.js  
  inflating: /var/www/html/assets/index-Bvr6JOR2.js  
  inflating: /var/www/html/assets/index-DB1_IM_R.js  
  inflating: /var/www/html/assets/index-CdgpJGY_.js  
  inflating: /var/www/html/assets/Header-BQeQce82.js  
  inflating: /var/www/html/assets/SignUp-ljU7YnGu.js  
  inflating: /var/www/html/assets/ForgotPassword-d9-Wdq2g.js  
  inflating: /var/www/html/assets/VerifyUserEmail-B1cAnjAE.js  
  inflating: /var/www/html/assets/ResetPassword-CUBNe4q1.js  
  inflating: /var/www/html/assets/ContactSupport-Cy5JGrZ_.js  
  inflating: /var/www/html/assets/AuthCallback-DfYqLZIv.js  
  inflating: /var/www/html/assets/SelectRole-DkkB-C4c.js  
  inflating: /var/www/html/assets/Login-C6YSAooe.js  
  inflating: /var/www/html/assets/index-CnpvLo4c.js  
  inflating: /var/www/html/assets/index-BBg00wjw.js  
  inflating: /var/www/html/assets/Profile-e9FqMM6-.js  
  inflating: /var/www/html/assets/index-C_F9B-mj.js  
  inflating: /var/www/html/assets/index-CDUEI6l9.js  
  inflating: /var/www/html/assets/EditInvestor-Dab_MgO4.js  
  inflating: /var/www/html/assets/index-D0LQ49BH.js  
  inflating: /var/www/html/assets/globe-D-mw-BnZ.js  
  inflating: /var/www/html/assets/ViewCallLogsModal-0vJl13R2.js  
  inflating: /var/www/html/assets/label-CcG0fGRD.js  
  inflating: /var/www/html/assets/EditFounder-CkNWkbeq.js  
  inflating: /var/www/html/assets/index-CsPC56FV.js  
  inflating: /var/www/html/assets/index-Bm4odNcK.js  
  inflating: /var/www/html/assets/user-plus-BLff5SOJ.js  
  inflating: /var/www/html/assets/log-in-C4uFfD1d.js  
  inflating: /var/www/html/assets/ban-BzfIeP8F.js  
  inflating: /var/www/html/assets/phone-EDplLAQC.js  
  inflating: /var/www/html/assets/InfoBox-CbYNFp6A.js  
  inflating: /var/www/html/assets/pencil-D9rqqCy8.js  
  inflating: /var/www/html/assets/index-DzsKcgBE.js  
  inflating: /var/www/html/assets/index-D1ah0OBw.js  
  inflating: /var/www/html/assets/useDebounce-Cyq-Q5vU.js  
  inflating: /var/www/html/assets/CreateNewBatch-DHfcBEEv.js  
  inflating: /var/www/html/assets/sparkles-EcY9f4E7.js  
  inflating: /var/www/html/assets/map-pin-BCtrtWXB.js  
  inflating: /var/www/html/assets/briefcase-awL0dXeZ.js  
  inflating: /var/www/html/assets/info-DvF0ouNT.js  
  inflating: /var/www/html/assets/shield-check-Q6LlVvnz.js  
  inflating: /var/www/html/assets/CkEditor-DtYMlnr6.js  
  inflating: /var/www/html/assets/message-square-D-55x2jJ.js  
  inflating: /var/www/html/assets/mail-C_ETEAK1.js  
  inflating: /var/www/html/assets/table-4kZ2UPaV.js  
  inflating: /var/www/html/assets/circle-alert-3-mLCwgT.js  
  inflating: /var/www/html/assets/Dashboard-BZ8Dt9ax.js  
  inflating: /var/www/html/assets/index-ZL7fZVWN.js  
  inflating: /var/www/html/assets/ToggleChips-DI6bt_R6.js  
  inflating: /var/www/html/assets/index-D8opl12N.js  
  inflating: /var/www/html/assets/index-CJGfV_0W.js  
  inflating: /var/www/html/assets/index-Ct2gO4OJ.js  
  inflating: /var/www/html/assets/Dashboard-CVzq4Wcy.js  
  inflating: /var/www/html/assets/target-DbpCh_Uy.js  
  inflating: /var/www/html/assets/trending-up-DXvg0AED.js  
  inflating: /var/www/html/assets/LegalModal-D4z3zhmD.js  
  inflating: /var/www/html/assets/dialog-JCIQJyoq.js  
  inflating: /var/www/html/assets/download-C0KI2j12.js  
  inflating: /var/www/html/assets/index-BI4axlIq.js  
  inflating: /var/www/html/assets/index-zBBffSSZ.js  
  inflating: /var/www/html/assets/input--4hxLXTT.js  
  inflating: /var/www/html/assets/circle-check-big-Cprz-pG7.js  
  inflating: /var/www/html/assets/FileUploader-DEAJ16Z9.js  
  inflating: /var/www/html/assets/select-ByZJYxxe.js  
  inflating: /var/www/html/assets/textarea-CRtta9rf.js  
  inflating: /var/www/html/assets/link-B0OtWhQz.js  
  inflating: /var/www/html/assets/eye-e3w_sBmz.js  
  inflating: /var/www/html/assets/trash-2-4p1UQwCi.js  
  inflating: /var/www/html/assets/chevron-down-BCJCGaDz.js  
  inflating: /var/www/html/assets/check-DQ6YVtc4.js  
  inflating: /var/www/html/assets/index-8kwsRNp_.js  
  inflating: /var/www/html/assets/topCards-CTl2qmko.js  
  inflating: /var/www/html/assets/card-5h8kqdoC.js  
  inflating: /var/www/html/assets/ImageUploader-BAR9RqgF.js  
  inflating: /var/www/html/assets/toolbar-D55An-SX.js  
  inflating: /var/www/html/assets/square-pen-DAJtzby-.js  
  inflating: /var/www/html/assets/checkbox-BKgjxQmq.js  
  inflating: /var/www/html/assets/plus-CQs8TsI0.js  
  inflating: /var/www/html/assets/file-text-88F4UacV.js  
  inflating: /var/www/html/assets/Tabs-K6Cj3Fue.js  
  inflating: /var/www/html/assets/circle-x-DmPDfzGo.js  
  inflating: /var/www/html/assets/Stepper-BBAaxm2p.js  
  inflating: /var/www/html/assets/index-S_HWL1Wb.js  
  inflating: /var/www/html/assets/index-DcrKK3ef.js  
  inflating: /var/www/html/assets/index-BSjyvY6l.js  
  inflating: /var/www/html/index.html  
Saving Git logs repo SSH key...
Testing GitHub SSH key...
Cloning deployment-logs repo...
Cloning into 'logs-repo'...
