Installing dependencies...

added 436 packages, and audited 437 packages in 10s

129 packages are looking for funding
  run `npm fund` for details

3 vulnerabilities (2 moderate, 1 high)

To address issues that do not require attention, run:
  npm audit fix

Some issues need review, and may require choosing
a different dependency.

Run `npm audit` for details.
Building React app...

> boilerplate-code-react-js@0.0.0 build
> vite build

vite v7.1.11 building for production...
transforming...
✓ 2895 modules transformed.
rendering chunks...
computing gzip size...
dist/index.html                                    0.96 kB │ gzip:   0.53 kB
dist/assets/rectanglePlaceholder-nCbViREl.png     11.85 kB
dist/assets/irfanMalikBg-D4osmO_C.jpg             24.66 kB
dist/assets/placeholderMan-BvremNML.png           36.64 kB
dist/assets/ShahidAfridiBg-CbCvmnf9.jpg           55.65 kB
dist/assets/handShake-Dk1DoagP.webp               65.18 kB
dist/assets/tower-gldBe0jJ.webp                   66.16 kB
dist/assets/tower2-LuqAcWCu.jpg                   72.52 kB
dist/assets/shakeelBg-NX99JDrP.jpg               143.15 kB
dist/assets/MainLogo-DJpFhlQE.png                144.86 kB
dist/assets/Fav-BPcykgsi.png                     147.34 kB
dist/assets/akhtar-qLBVRLf-.jpg                  173.92 kB
dist/assets/tower3-DpFzgoGy.jpg                  175.56 kB
dist/assets/meerShinyDress-C8scZpYx.webp         229.68 kB
dist/assets/meerGreenJacket-ykCKR2uN.png         230.19 kB
dist/assets/arabic-BElshnQY.jpg                  238.42 kB
dist/assets/wasim-ETjjiRaD.jpg                   242.26 kB
dist/assets/salman-DD3Zraly.jpg                  255.18 kB
dist/assets/fahad-CnovJc60.jpg                   278.62 kB
dist/assets/tech-BdWyL5Pa.jpg                    281.71 kB
dist/assets/dubai-Bmqq4ymj.jpg                   311.77 kB
dist/assets/wasimAkramBg-D4BFEYu1.png            313.57 kB
dist/assets/wasimAkram-CBOcRO9q.png            4,488.96 kB
dist/assets/shahidAfridi-B5l7MSUw.png          5,182.30 kB
dist/assets/index-DvfyIkKQ.css                   125.87 kB │ gzip:  17.42 kB
dist/assets/check-BCswOOEV.js                      0.29 kB │ gzip:   0.24 kB
dist/assets/chevron-down-BAweGdZ-.js               0.30 kB │ gzip:   0.25 kB
dist/assets/plus-DOXsbH5R.js                       0.33 kB │ gzip:   0.25 kB
dist/assets/search-BogHZhTa.js                     0.34 kB │ gzip:   0.27 kB
dist/assets/trending-up-BXwuari1.js                0.35 kB │ gzip:   0.27 kB
dist/assets/ban-nu3rp8M_.js                        0.35 kB │ gzip:   0.28 kB
dist/assets/circle-check-big-5PL8t71y.js           0.36 kB │ gzip:   0.28 kB
dist/assets/mail-BcoMG2BY.js                       0.39 kB │ gzip:   0.31 kB
dist/assets/briefcase-CUaP4ZT0.js                  0.39 kB │ gzip:   0.30 kB
dist/assets/target-CarSFUg5.js                     0.39 kB │ gzip:   0.27 kB
dist/assets/log-in-DaS659r-.js                     0.40 kB │ gzip:   0.29 kB
dist/assets/download-CE_SM_Bc.js                   0.41 kB │ gzip:   0.30 kB
dist/assets/globe-flIruop8.js                      0.41 kB │ gzip:   0.29 kB
dist/assets/circle-alert-BHyljfRM.js               0.42 kB │ gzip:   0.29 kB
dist/assets/eye-BLjNoN2F.js                        0.42 kB │ gzip:   0.30 kB
dist/assets/map-pin-B8yhWvQ7.js                    0.43 kB │ gzip:   0.33 kB
dist/assets/link-CxBqASSf.js                       0.43 kB │ gzip:   0.30 kB
dist/assets/pencil-y5yvZ8Bx.js                     0.45 kB │ gzip:   0.33 kB
dist/assets/box-4L2jH5TX.js                        0.48 kB │ gzip:   0.33 kB
dist/assets/user-plus-CjtUPcAe.js                  0.48 kB │ gzip:   0.34 kB
dist/assets/shield-check-Cdr1SZz4.js               0.49 kB │ gzip:   0.36 kB
dist/assets/square-pen-CqT40myl.js                 0.49 kB │ gzip:   0.34 kB
dist/assets/phone-DT54NaJ1.js                      0.50 kB │ gzip:   0.33 kB
dist/assets/trash-2-CohUYoHe.js                    0.50 kB │ gzip:   0.32 kB
dist/assets/file-text-DVjxAfhN.js                  0.51 kB │ gzip:   0.32 kB
dist/assets/label-DHDeLfEm.js                      0.88 kB │ gzip:   0.55 kB
dist/assets/textarea-BLNHC1va.js                   0.95 kB │ gzip:   0.54 kB
dist/assets/ToggleChips-DJ5_5O0s.js                1.12 kB │ gzip:   0.64 kB
dist/assets/input-BPvioKem.js                      1.13 kB │ gzip:   0.66 kB
dist/assets/card-BVHBEjZb.js                       1.18 kB │ gzip:   0.46 kB
dist/assets/InfoBox-BFf22wIy.js                    1.19 kB │ gzip:   0.63 kB
dist/assets/package-Cwu2AVvr.js                    1.21 kB │ gzip:   0.49 kB
dist/assets/star-Cnz5ndPe.js                       1.23 kB │ gzip:   0.60 kB
dist/assets/EmptyState-D3lMaLaV.js                 1.47 kB │ gzip:   0.61 kB
dist/assets/index-DoZzHv-L.js                      1.73 kB │ gzip:   0.81 kB
dist/assets/toolbar-D7RjPIbU.js                    1.89 kB │ gzip:   0.87 kB
dist/assets/topCards-DHcEXt7P.js                   2.01 kB │ gzip:   0.93 kB
dist/assets/index-CIO8HnMd.js                      2.07 kB │ gzip:   0.92 kB
dist/assets/ForgotPassword-CBjOZSTI.js             2.19 kB │ gzip:   1.09 kB
dist/assets/ImageUploader-D6kvk4am.js              2.26 kB │ gzip:   1.12 kB
dist/assets/ResetPassword-CrYCaDS0.js              2.41 kB │ gzip:   1.06 kB
dist/assets/AuthCallback-DsjVpNEK.js               2.44 kB │ gzip:   1.23 kB
dist/assets/FileUploader-BNYGlUTY.js               3.00 kB │ gzip:   1.33 kB
dist/assets/index-NRMpyqcF.js                      3.07 kB │ gzip:   1.47 kB
dist/assets/index-Be_nRf5P.js                      3.21 kB │ gzip:   1.60 kB
dist/assets/index-x9X9wT2F.js                      3.27 kB │ gzip:   1.59 kB
dist/assets/SelectRole-CNWpsiIq.js                 3.38 kB │ gzip:   1.54 kB
dist/assets/index-Dw0doTOW.js                      3.40 kB │ gzip:   1.62 kB
dist/assets/SignUp-BnNkHRIs.js                     3.97 kB │ gzip:   1.60 kB
dist/assets/LegalModal-mQB3lfCZ.js                 4.09 kB │ gzip:   2.01 kB
dist/assets/checkbox-DaNW8kcU.js                   4.11 kB │ gzip:   1.80 kB
dist/assets/Dashboard-BF0ca4IG.js                  4.28 kB │ gzip:   1.46 kB
dist/assets/Dashboard-BOX75CMK.js                  4.30 kB │ gzip:   1.46 kB
dist/assets/Stepper-DaRZYuyr.js                    4.66 kB │ gzip:   2.02 kB
dist/assets/ContactSupport-k9XI3Ki9.js             4.93 kB │ gzip:   2.03 kB
dist/assets/Login-hYXRquHR.js                      5.03 kB │ gzip:   2.13 kB
dist/assets/VerifyUserEmail-BdYkYuC0.js            6.14 kB │ gzip:   2.28 kB
dist/assets/index-bJj8EFAa.js                      6.38 kB │ gzip:   3.05 kB
dist/assets/index-n_mywHeQ.js                      6.59 kB │ gzip:   3.13 kB
dist/assets/index-BXdz68m6.js                      6.76 kB │ gzip:   2.76 kB
dist/assets/Profile-B1Gw8Qfo.js                    7.38 kB │ gzip:   2.52 kB
dist/assets/index-DiTnQRNh.js                      7.44 kB │ gzip:   2.84 kB
dist/assets/dialog-B8lHgHxv.js                     8.41 kB │ gzip:   3.24 kB
dist/assets/index-Ct-hY1Pu.js                      8.81 kB │ gzip:   3.32 kB
dist/assets/index-QAtDkLEB.js                      9.19 kB │ gzip:   3.78 kB
dist/assets/index-BNxNgKUP.js                      9.55 kB │ gzip:   3.25 kB
dist/assets/Header-DpnqXZFH.js                    11.06 kB │ gzip:   3.46 kB
dist/assets/EditFounder-BbKAZUXf.js               15.36 kB │ gzip:   3.64 kB
dist/assets/EditInvestor-BRZSY6yD.js              16.64 kB │ gzip:   3.97 kB
dist/assets/index-0ng1lk5m.js                     17.32 kB │ gzip:   5.29 kB
dist/assets/index-CHPjNyiF.js                     18.81 kB │ gzip:   6.17 kB
dist/assets/index-CzpUSNj0.js                     19.17 kB │ gzip:   5.58 kB
dist/assets/select-DFwcn8Uu.js                    21.30 kB │ gzip:   7.64 kB
dist/assets/index-CmuRq9xj.js                     24.76 kB │ gzip:   8.99 kB
dist/assets/index-n_aikqH9.js                     30.18 kB │ gzip:  11.61 kB
dist/assets/useDebounce-U2jW2I6X.js               39.64 kB │ gzip:  11.41 kB
dist/assets/ViewCallLogsModal-a0RN7AA-.js         82.14 kB │ gzip:  24.80 kB
dist/assets/Landing-DACe7lrV.js                  135.90 kB │ gzip:  48.52 kB
dist/assets/index-COZ4nwlb.js                    742.04 kB │ gzip: 224.26 kB
dist/assets/index-CWM1kjQb.js                    882.81 kB │ gzip: 258.20 kB

(!) Some chunks are larger than 500 kB after minification. Consider:
- Using dynamic import() to code-split the application
- Use build.rollupOptions.output.manualChunks to improve chunking: https://rollupjs.org/configuration-options/#output-manualchunks
- Adjust chunk size limit for this warning via build.chunkSizeWarningLimit.
✓ built in 10.37s
Packaging build...
  adding: favicon.ico (deflated 5%)
  adding: assets/ (stored 0%)
  adding: assets/irfanMalikBg-D4osmO_C.jpg (deflated 1%)
  adding: assets/meerGreenJacket-ykCKR2uN.png (deflated 0%)
  adding: assets/meerShinyDress-C8scZpYx.webp (deflated 0%)
  adding: assets/ShahidAfridiBg-CbCvmnf9.jpg (deflated 0%)
  adding: assets/shakeelBg-NX99JDrP.jpg (deflated 0%)
  adding: assets/wasimAkramBg-D4BFEYu1.png (deflated 0%)
  adding: assets/akhtar-qLBVRLf-.jpg (deflated 1%)
  adding: assets/arabic-BElshnQY.jpg (deflated 0%)
  adding: assets/dubai-Bmqq4ymj.jpg (deflated 0%)
  adding: assets/fahad-CnovJc60.jpg (deflated 0%)
  adding: assets/handShake-Dk1DoagP.webp (deflated 0%)
  adding: assets/salman-DD3Zraly.jpg (deflated 0%)
  adding: assets/tech-BdWyL5Pa.jpg (deflated 0%)
  adding: assets/placeholderMan-BvremNML.png (deflated 3%)
  adding: assets/rectanglePlaceholder-nCbViREl.png (deflated 31%)
  adding: assets/Fav-BPcykgsi.png (deflated 5%)
  adding: assets/MainLogo-DJpFhlQE.png (deflated 4%)
  adding: assets/tower-gldBe0jJ.webp (deflated 0%)
  adding: assets/tower2-LuqAcWCu.jpg (deflated 2%)
  adding: assets/tower3-DpFzgoGy.jpg (deflated 0%)
  adding: assets/wasim-ETjjiRaD.jpg (deflated 0%)
  adding: assets/wasimAkram-CBOcRO9q.png (deflated 1%)
  adding: assets/shahidAfridi-B5l7MSUw.png (deflated 1%)
  adding: assets/index-DvfyIkKQ.css (deflated 86%)
  adding: assets/index-COZ4nwlb.js (deflated 70%)
  adding: assets/Landing-DACe7lrV.js (deflated 64%)
  adding: assets/index-Be_nRf5P.js (deflated 50%)
  adding: assets/index-NRMpyqcF.js (deflated 53%)
  adding: assets/index-Dw0doTOW.js (deflated 53%)
  adding: assets/index-x9X9wT2F.js (deflated 52%)
  adding: assets/Header-DpnqXZFH.js (deflated 69%)
  adding: assets/SignUp-BnNkHRIs.js (deflated 60%)
  adding: assets/ForgotPassword-CBjOZSTI.js (deflated 51%)
  adding: assets/VerifyUserEmail-BdYkYuC0.js (deflated 63%)
  adding: assets/ResetPassword-CrYCaDS0.js (deflated 57%)
  adding: assets/ContactSupport-k9XI3Ki9.js (deflated 59%)
  adding: assets/AuthCallback-DsjVpNEK.js (deflated 50%)
  adding: assets/SelectRole-CNWpsiIq.js (deflated 55%)
  adding: assets/Login-hYXRquHR.js (deflated 58%)
  adding: assets/index-DoZzHv-L.js (deflated 53%)
  adding: assets/index-CWM1kjQb.js (deflated 71%)
  adding: assets/Profile-B1Gw8Qfo.js (deflated 66%)
  adding: assets/index-BXdz68m6.js (deflated 59%)
  adding: assets/index-DiTnQRNh.js (deflated 62%)
  adding: assets/box-4L2jH5TX.js (deflated 36%)
  adding: assets/EditInvestor-BRZSY6yD.js (deflated 76%)
  adding: assets/index-Ct-hY1Pu.js (deflated 63%)
  adding: assets/ViewCallLogsModal-a0RN7AA-.js (deflated 70%)
  adding: assets/map-pin-B8yhWvQ7.js (deflated 28%)
  adding: assets/label-DHDeLfEm.js (deflated 40%)
  adding: assets/briefcase-CUaP4ZT0.js (deflated 28%)
  adding: assets/EditFounder-BbKAZUXf.js (deflated 77%)
  adding: assets/index-QAtDkLEB.js (deflated 59%)
  adding: assets/index-CHPjNyiF.js (deflated 67%)
  adding: assets/user-plus-CjtUPcAe.js (deflated 34%)
  adding: assets/log-in-DaS659r-.js (deflated 32%)
  adding: assets/ban-nu3rp8M_.js (deflated 26%)
  adding: assets/phone-DT54NaJ1.js (deflated 36%)
  adding: assets/mail-BcoMG2BY.js (deflated 26%)
  adding: assets/plus-DOXsbH5R.js (deflated 28%)
  adding: assets/InfoBox-BFf22wIy.js (deflated 48%)
  adding: assets/EmptyState-D3lMaLaV.js (deflated 60%)
  adding: assets/pencil-y5yvZ8Bx.js (deflated 31%)
  adding: assets/shield-check-Cdr1SZz4.js (deflated 32%)
  adding: assets/useDebounce-U2jW2I6X.js (deflated 71%)
  adding: assets/circle-alert-BHyljfRM.js (deflated 35%)
  adding: assets/index-BNxNgKUP.js (deflated 66%)
  adding: assets/square-pen-CqT40myl.js (deflated 35%)
  adding: assets/file-text-DVjxAfhN.js (deflated 40%)
  adding: assets/toolbar-D7RjPIbU.js (deflated 55%)
  adding: assets/search-BogHZhTa.js (deflated 26%)
  adding: assets/circle-check-big-5PL8t71y.js (deflated 26%)
  adding: assets/topCards-DHcEXt7P.js (deflated 54%)
  adding: assets/Dashboard-BF0ca4IG.js (deflated 66%)
  adding: assets/index-0ng1lk5m.js (deflated 70%)
  adding: assets/ToggleChips-DJ5_5O0s.js (deflated 44%)
  adding: assets/index-bJj8EFAa.js (deflated 52%)
  adding: assets/Dashboard-BOX75CMK.js (deflated 66%)
  adding: assets/package-Cwu2AVvr.js (deflated 61%)
  adding: assets/trending-up-BXwuari1.js (deflated 26%)
  adding: assets/index-CzpUSNj0.js (deflated 71%)
  adding: assets/Stepper-DaRZYuyr.js (deflated 57%)
  adding: assets/LegalModal-mQB3lfCZ.js (deflated 51%)
  adding: assets/download-CE_SM_Bc.js (deflated 31%)
  adding: assets/ImageUploader-D6kvk4am.js (deflated 51%)
  adding: assets/checkbox-DaNW8kcU.js (deflated 57%)
  adding: assets/dialog-B8lHgHxv.js (deflated 62%)
  adding: assets/index-n_mywHeQ.js (deflated 53%)
  adding: assets/star-Cnz5ndPe.js (deflated 52%)
  adding: assets/globe-flIruop8.js (deflated 33%)
  adding: assets/target-CarSFUg5.js (deflated 38%)
  adding: assets/card-BVHBEjZb.js (deflated 62%)
  adding: assets/FileUploader-BNYGlUTY.js (deflated 56%)
  adding: assets/link-CxBqASSf.js (deflated 34%)
  adding: assets/textarea-BLNHC1va.js (deflated 45%)
  adding: assets/trash-2-CohUYoHe.js (deflated 40%)
  adding: assets/select-DFwcn8Uu.js (deflated 64%)
  adding: assets/chevron-down-BAweGdZ-.js (deflated 24%)
  adding: assets/index-n_aikqH9.js (deflated 62%)
  adding: assets/index-CmuRq9xj.js (deflated 64%)
  adding: assets/eye-BLjNoN2F.js (deflated 33%)
  adding: assets/check-BCswOOEV.js (deflated 22%)
  adding: assets/input-BPvioKem.js (deflated 44%)
  adding: assets/index-CIO8HnMd.js (deflated 56%)
  adding: index.html (deflated 46%)
Saving Lightsail SSH key...
Uploading build to Lightsail...
Warning: Permanently added '15.207.22.250' (ED25519) to the list of known hosts.
Deploying build to /var/www/html ...
Archive:  /home/ubuntu/react-build.zip
  inflating: /var/www/html/favicon.ico  
   creating: /var/www/html/assets/
  inflating: /var/www/html/assets/irfanMalikBg-D4osmO_C.jpg  
  inflating: /var/www/html/assets/meerGreenJacket-ykCKR2uN.png  
  inflating: /var/www/html/assets/meerShinyDress-C8scZpYx.webp  
  inflating: /var/www/html/assets/ShahidAfridiBg-CbCvmnf9.jpg  
  inflating: /var/www/html/assets/shakeelBg-NX99JDrP.jpg  
  inflating: /var/www/html/assets/wasimAkramBg-D4BFEYu1.png  
  inflating: /var/www/html/assets/akhtar-qLBVRLf-.jpg  
  inflating: /var/www/html/assets/arabic-BElshnQY.jpg  
  inflating: /var/www/html/assets/dubai-Bmqq4ymj.jpg  
  inflating: /var/www/html/assets/fahad-CnovJc60.jpg  
  inflating: /var/www/html/assets/handShake-Dk1DoagP.webp  
  inflating: /var/www/html/assets/salman-DD3Zraly.jpg  
  inflating: /var/www/html/assets/tech-BdWyL5Pa.jpg  
  inflating: /var/www/html/assets/placeholderMan-BvremNML.png  
  inflating: /var/www/html/assets/rectanglePlaceholder-nCbViREl.png  
  inflating: /var/www/html/assets/Fav-BPcykgsi.png  
  inflating: /var/www/html/assets/MainLogo-DJpFhlQE.png  
  inflating: /var/www/html/assets/tower-gldBe0jJ.webp  
  inflating: /var/www/html/assets/tower2-LuqAcWCu.jpg  
  inflating: /var/www/html/assets/tower3-DpFzgoGy.jpg  
  inflating: /var/www/html/assets/wasim-ETjjiRaD.jpg  
  inflating: /var/www/html/assets/wasimAkram-CBOcRO9q.png  
  inflating: /var/www/html/assets/shahidAfridi-B5l7MSUw.png  
  inflating: /var/www/html/assets/index-DvfyIkKQ.css  
  inflating: /var/www/html/assets/index-COZ4nwlb.js  
  inflating: /var/www/html/assets/Landing-DACe7lrV.js  
  inflating: /var/www/html/assets/index-Be_nRf5P.js  
  inflating: /var/www/html/assets/index-NRMpyqcF.js  
  inflating: /var/www/html/assets/index-Dw0doTOW.js  
  inflating: /var/www/html/assets/index-x9X9wT2F.js  
  inflating: /var/www/html/assets/Header-DpnqXZFH.js  
  inflating: /var/www/html/assets/SignUp-BnNkHRIs.js  
  inflating: /var/www/html/assets/ForgotPassword-CBjOZSTI.js  
  inflating: /var/www/html/assets/VerifyUserEmail-BdYkYuC0.js  
  inflating: /var/www/html/assets/ResetPassword-CrYCaDS0.js  
  inflating: /var/www/html/assets/ContactSupport-k9XI3Ki9.js  
  inflating: /var/www/html/assets/AuthCallback-DsjVpNEK.js  
  inflating: /var/www/html/assets/SelectRole-CNWpsiIq.js  
  inflating: /var/www/html/assets/Login-hYXRquHR.js  
  inflating: /var/www/html/assets/index-DoZzHv-L.js  
  inflating: /var/www/html/assets/index-CWM1kjQb.js  
  inflating: /var/www/html/assets/Profile-B1Gw8Qfo.js  
  inflating: /var/www/html/assets/index-BXdz68m6.js  
  inflating: /var/www/html/assets/index-DiTnQRNh.js  
  inflating: /var/www/html/assets/box-4L2jH5TX.js  
  inflating: /var/www/html/assets/EditInvestor-BRZSY6yD.js  
  inflating: /var/www/html/assets/index-Ct-hY1Pu.js  
  inflating: /var/www/html/assets/ViewCallLogsModal-a0RN7AA-.js  
  inflating: /var/www/html/assets/map-pin-B8yhWvQ7.js  
  inflating: /var/www/html/assets/label-DHDeLfEm.js  
  inflating: /var/www/html/assets/briefcase-CUaP4ZT0.js  
  inflating: /var/www/html/assets/EditFounder-BbKAZUXf.js  
  inflating: /var/www/html/assets/index-QAtDkLEB.js  
  inflating: /var/www/html/assets/index-CHPjNyiF.js  
  inflating: /var/www/html/assets/user-plus-CjtUPcAe.js  
  inflating: /var/www/html/assets/log-in-DaS659r-.js  
  inflating: /var/www/html/assets/ban-nu3rp8M_.js  
  inflating: /var/www/html/assets/phone-DT54NaJ1.js  
  inflating: /var/www/html/assets/mail-BcoMG2BY.js  
  inflating: /var/www/html/assets/plus-DOXsbH5R.js  
  inflating: /var/www/html/assets/InfoBox-BFf22wIy.js  
  inflating: /var/www/html/assets/EmptyState-D3lMaLaV.js  
  inflating: /var/www/html/assets/pencil-y5yvZ8Bx.js  
  inflating: /var/www/html/assets/shield-check-Cdr1SZz4.js  
  inflating: /var/www/html/assets/useDebounce-U2jW2I6X.js  
  inflating: /var/www/html/assets/circle-alert-BHyljfRM.js  
  inflating: /var/www/html/assets/index-BNxNgKUP.js  
  inflating: /var/www/html/assets/square-pen-CqT40myl.js  
  inflating: /var/www/html/assets/file-text-DVjxAfhN.js  
  inflating: /var/www/html/assets/toolbar-D7RjPIbU.js  
  inflating: /var/www/html/assets/search-BogHZhTa.js  
  inflating: /var/www/html/assets/circle-check-big-5PL8t71y.js  
  inflating: /var/www/html/assets/topCards-DHcEXt7P.js  
  inflating: /var/www/html/assets/Dashboard-BF0ca4IG.js  
  inflating: /var/www/html/assets/index-0ng1lk5m.js  
  inflating: /var/www/html/assets/ToggleChips-DJ5_5O0s.js  
  inflating: /var/www/html/assets/index-bJj8EFAa.js  
  inflating: /var/www/html/assets/Dashboard-BOX75CMK.js  
  inflating: /var/www/html/assets/package-Cwu2AVvr.js  
  inflating: /var/www/html/assets/trending-up-BXwuari1.js  
  inflating: /var/www/html/assets/index-CzpUSNj0.js  
  inflating: /var/www/html/assets/Stepper-DaRZYuyr.js  
  inflating: /var/www/html/assets/LegalModal-mQB3lfCZ.js  
  inflating: /var/www/html/assets/download-CE_SM_Bc.js  
  inflating: /var/www/html/assets/ImageUploader-D6kvk4am.js  
  inflating: /var/www/html/assets/checkbox-DaNW8kcU.js  
  inflating: /var/www/html/assets/dialog-B8lHgHxv.js  
  inflating: /var/www/html/assets/index-n_mywHeQ.js  
  inflating: /var/www/html/assets/star-Cnz5ndPe.js  
  inflating: /var/www/html/assets/globe-flIruop8.js  
  inflating: /var/www/html/assets/target-CarSFUg5.js  
  inflating: /var/www/html/assets/card-BVHBEjZb.js  
  inflating: /var/www/html/assets/FileUploader-BNYGlUTY.js  
  inflating: /var/www/html/assets/link-CxBqASSf.js  
  inflating: /var/www/html/assets/textarea-BLNHC1va.js  
  inflating: /var/www/html/assets/trash-2-CohUYoHe.js  
  inflating: /var/www/html/assets/select-DFwcn8Uu.js  
  inflating: /var/www/html/assets/chevron-down-BAweGdZ-.js  
  inflating: /var/www/html/assets/index-n_aikqH9.js  
  inflating: /var/www/html/assets/index-CmuRq9xj.js  
  inflating: /var/www/html/assets/eye-BLjNoN2F.js  
  inflating: /var/www/html/assets/check-BCswOOEV.js  
  inflating: /var/www/html/assets/input-BPvioKem.js  
  inflating: /var/www/html/assets/index-CIO8HnMd.js  
  inflating: /var/www/html/index.html  
Saving Git logs repo SSH key...
Testing GitHub SSH key...
Cloning deployment-logs repo...
Cloning into 'logs-repo'...
