Installing dependencies...

added 436 packages, and audited 437 packages in 10s

129 packages are looking for funding
  run `npm fund` for details

1 high severity vulnerability

Some issues need review, and may require choosing
a different dependency.

Run `npm audit` for details.
Building React app...

> boilerplate-code-react-js@0.0.0 build
> vite build

vite v7.1.11 building for production...
transforming...
✓ 2900 modules transformed.
rendering chunks...
computing gzip size...
dist/index.html                                    2.18 kB │ gzip:   1.05 kB
dist/assets/rectanglePlaceholder-nCbViREl.png     11.85 kB
dist/assets/irfanMalikBg-D4osmO_C.jpg             24.66 kB
dist/assets/placeholderMan-BvremNML.png           36.64 kB
dist/assets/handShake-Dk1DoagP.webp               65.18 kB
dist/assets/tower-gldBe0jJ.webp                   66.16 kB
dist/assets/tower2-LuqAcWCu.jpg                   72.52 kB
dist/assets/shakeelBg-NX99JDrP.jpg               143.15 kB
dist/assets/MainLogo-DJpFhlQE.png                144.86 kB
dist/assets/Fav-BPcykgsi.png                     147.34 kB
dist/assets/akhtar-qLBVRLf-.jpg                  173.92 kB
dist/assets/tower3-DpFzgoGy.jpg                  175.56 kB
dist/assets/meerShinyDress-C8scZpYx.webp         229.68 kB
dist/assets/meerGreenJacket-ykCKR2uN.png         230.19 kB
dist/assets/arabic-BElshnQY.jpg                  238.42 kB
dist/assets/wasim-ETjjiRaD.jpg                   242.26 kB
dist/assets/salman-DD3Zraly.jpg                  255.18 kB
dist/assets/fahad-CnovJc60.jpg                   278.62 kB
dist/assets/tech-BdWyL5Pa.jpg                    281.71 kB
dist/assets/dubai-Bmqq4ymj.jpg                   311.77 kB
dist/assets/wasimAkramBg-D4BFEYu1.png            313.57 kB
dist/assets/wasimAkram-CBOcRO9q.png            4,488.96 kB
dist/assets/index-NkNC6MWD.css                   128.54 kB │ gzip:  17.58 kB
dist/assets/check-BSiO0l4-.js                      0.29 kB │ gzip:   0.24 kB
dist/assets/chevron-down-DtVuONTp.js               0.30 kB │ gzip:   0.25 kB
dist/assets/plus-CxIl92g7.js                       0.33 kB │ gzip:   0.25 kB
dist/assets/circle-check-CllFhDzw.js               0.35 kB │ gzip:   0.27 kB
dist/assets/trending-up-ByzFWMiw.js                0.35 kB │ gzip:   0.27 kB
dist/assets/ban-DBeY_sjQ.js                        0.35 kB │ gzip:   0.28 kB
dist/assets/circle-check-big-IqmkVLJ0.js           0.36 kB │ gzip:   0.28 kB
dist/assets/info-DOUoWfIL.js                       0.37 kB │ gzip:   0.28 kB
dist/assets/mail-C4mu6CEQ.js                       0.39 kB │ gzip:   0.31 kB
dist/assets/briefcase-EWGM5b6r.js                  0.39 kB │ gzip:   0.30 kB
dist/assets/log-in-BkrKUJI8.js                     0.40 kB │ gzip:   0.29 kB
dist/assets/download-BtgtVqPC.js                   0.41 kB │ gzip:   0.30 kB
dist/assets/message-square-CziJBjj8.js             0.41 kB │ gzip:   0.31 kB
dist/assets/globe-C9geKWjU.js                      0.41 kB │ gzip:   0.29 kB
dist/assets/circle-alert-DSkKJAMR.js               0.42 kB │ gzip:   0.29 kB
dist/assets/eye-lp01A2OK.js                        0.42 kB │ gzip:   0.30 kB
dist/assets/map-pin-CK9aImN0.js                    0.43 kB │ gzip:   0.33 kB
dist/assets/link-DHrv3Ok8.js                       0.43 kB │ gzip:   0.30 kB
dist/assets/pencil-BIaYf2Oz.js                     0.45 kB │ gzip:   0.33 kB
dist/assets/box-CtZSzIEh.js                        0.48 kB │ gzip:   0.33 kB
dist/assets/user-plus-C6_yOKjR.js                  0.48 kB │ gzip:   0.34 kB
dist/assets/shield-check-CsCtp1Tr.js               0.49 kB │ gzip:   0.35 kB
dist/assets/square-pen-Bc0MCwdN.js                 0.49 kB │ gzip:   0.34 kB
dist/assets/phone-BtobePgn.js                      0.50 kB │ gzip:   0.33 kB
dist/assets/trash-2-XzsbtOAm.js                    0.50 kB │ gzip:   0.32 kB
dist/assets/file-text-BmuK6VOt.js                  0.51 kB │ gzip:   0.32 kB
dist/assets/sparkles-Dq7fG9Cn.js                   0.67 kB │ gzip:   0.39 kB
dist/assets/label-YE7P-c_h.js                      0.89 kB │ gzip:   0.55 kB
dist/assets/InfoBox-uVcLtTQm.js                    0.91 kB │ gzip:   0.46 kB
dist/assets/textarea-CpIIdx4D.js                   0.96 kB │ gzip:   0.54 kB
dist/assets/ToggleChips-UR61G89g.js                1.12 kB │ gzip:   0.64 kB
dist/assets/input-LhEIDpLh.js                      1.14 kB │ gzip:   0.66 kB
dist/assets/card-D5FHeXkZ.js                       1.18 kB │ gzip:   0.46 kB
dist/assets/target-BwYQ18-t.js                     1.56 kB │ gzip:   0.55 kB
dist/assets/useDebounce-DNNlxqo8.js                1.62 kB │ gzip:   0.69 kB
dist/assets/index-B1-bHy1g.js                      1.73 kB │ gzip:   0.81 kB
dist/assets/toolbar-BeIfIKp2.js                    1.86 kB │ gzip:   0.86 kB
dist/assets/topCards-DnHPK3A6.js                   2.01 kB │ gzip:   0.93 kB
dist/assets/index-BrdBER-0.js                      2.07 kB │ gzip:   0.92 kB
dist/assets/ForgotPassword-Cg3cihE1.js             2.21 kB │ gzip:   1.10 kB
dist/assets/ImageUploader-B-NmJKGs.js              2.26 kB │ gzip:   1.13 kB
dist/assets/ResetPassword-TZU3fmxY.js              2.44 kB │ gzip:   1.08 kB
dist/assets/AuthCallback-CBWwqvKp.js               2.70 kB │ gzip:   1.28 kB
dist/assets/FileUploader-B2sk6Bpl.js               3.02 kB │ gzip:   1.35 kB
dist/assets/index-EuHJfBiT.js                      3.07 kB │ gzip:   1.46 kB
dist/assets/index-z0OX1t9u.js                      3.21 kB │ gzip:   1.60 kB
dist/assets/index-DOIGvENv.js                      3.27 kB │ gzip:   1.59 kB
dist/assets/index-COpvbCD5.js                      3.40 kB │ gzip:   1.62 kB
dist/assets/SelectRole-DyNdc9Rz.js                 3.76 kB │ gzip:   1.73 kB
dist/assets/index-DpKJYYVJ.js                      3.98 kB │ gzip:   1.50 kB
dist/assets/index-5FxXjDca.js                      4.05 kB │ gzip:   1.60 kB
dist/assets/index-DJG82AL4.js                      4.05 kB │ gzip:   1.60 kB
dist/assets/index-BH2qFNBJ.js                      4.05 kB │ gzip:   1.60 kB
dist/assets/LegalModal-Cmb8C-eM.js                 4.09 kB │ gzip:   2.01 kB
dist/assets/checkbox-B7-VTYjT.js                   4.11 kB │ gzip:   1.80 kB
dist/assets/index-DAGp3SRw.js                      4.18 kB │ gzip:   2.04 kB
dist/assets/index-CHUu65lV.js                      4.19 kB │ gzip:   2.04 kB
dist/assets/Dashboard-iD5-IQY8.js                  4.25 kB │ gzip:   1.44 kB
dist/assets/SignUp-DBd0nkSW.js                     4.25 kB │ gzip:   1.68 kB
dist/assets/Dashboard-BRS-OzVL.js                  4.26 kB │ gzip:   1.45 kB
dist/assets/Stepper-Cr1xmQ2j.js                    4.66 kB │ gzip:   2.02 kB
dist/assets/index-D5235fMd.js                      4.85 kB │ gzip:   2.03 kB
dist/assets/ContactSupport-0Q5nwSI9.js             4.96 kB │ gzip:   2.04 kB
dist/assets/Login-B7CGXVDp.js                      5.08 kB │ gzip:   2.15 kB
dist/assets/Tabs-12X62-Vy.js                       5.77 kB │ gzip:   2.03 kB
dist/assets/VerifyUserEmail-mV_So6Gp.js            5.95 kB │ gzip:   2.14 kB
dist/assets/Profile-CYB8LT1A.js                    7.07 kB │ gzip:   2.25 kB
dist/assets/index-CUvW3s4C.js                      7.40 kB │ gzip:   3.02 kB
dist/assets/index-B5JibViV.js                      8.30 kB │ gzip:   3.22 kB
dist/assets/dialog-CR0wNW5V.js                     8.41 kB │ gzip:   3.24 kB
dist/assets/index-sACOCIEH.js                      9.31 kB │ gzip:   3.81 kB
dist/assets/index-OOjx7mJs.js                      9.50 kB │ gzip:   3.60 kB
dist/assets/Header-16ABgrS4.js                    11.07 kB │ gzip:   3.46 kB
dist/assets/EditFounder-B7lyLLKx.js               16.87 kB │ gzip:   4.06 kB
dist/assets/EditInvestor-mWnEeWnN.js              17.26 kB │ gzip:   4.22 kB
dist/assets/CreateNewBatch-DhOXwQen.js            17.37 kB │ gzip:   4.42 kB
dist/assets/index-DQ41HWMD.js                     17.85 kB │ gzip:   5.14 kB
dist/assets/index-Xs2-Lkmo.js                     19.05 kB │ gzip:   6.22 kB
dist/assets/index-n0ZnfAjz.js                     20.28 kB │ gzip:   5.43 kB
dist/assets/select-Cn0MMX1B.js                    21.30 kB │ gzip:   7.64 kB
dist/assets/index-BCwdqvYx.js                     24.76 kB │ gzip:   8.99 kB
dist/assets/index-DWSYNl6y.js                     30.18 kB │ gzip:  11.61 kB
dist/assets/table-CW1n-2Xk.js                     42.22 kB │ gzip:  11.99 kB
dist/assets/ViewCallLogsModal-C2kYsxZ_.js         82.14 kB │ gzip:  24.80 kB
dist/assets/Landing-DF6W_h2i.js                  136.38 kB │ gzip:  48.78 kB
dist/assets/index-gj7RTgvo.js                    747.14 kB │ gzip: 225.80 kB
dist/assets/index-DA4cxzP_.js                    892.41 kB │ gzip: 260.32 kB

(!) Some chunks are larger than 500 kB after minification. Consider:
- Using dynamic import() to code-split the application
- Use build.rollupOptions.output.manualChunks to improve chunking: https://rollupjs.org/configuration-options/#output-manualchunks
- Adjust chunk size limit for this warning via build.chunkSizeWarningLimit.
✓ built in 10.64s
Packaging build...
  adding: favicon.ico (deflated 13%)
  adding: assets/ (stored 0%)
  adding: assets/irfanMalikBg-D4osmO_C.jpg (deflated 1%)
  adding: assets/meerGreenJacket-ykCKR2uN.png (deflated 0%)
  adding: assets/shakeelBg-NX99JDrP.jpg (deflated 0%)
  adding: assets/meerShinyDress-C8scZpYx.webp (deflated 0%)
  adding: assets/wasimAkramBg-D4BFEYu1.png (deflated 0%)
  adding: assets/akhtar-qLBVRLf-.jpg (deflated 1%)
  adding: assets/arabic-BElshnQY.jpg (deflated 0%)
  adding: assets/dubai-Bmqq4ymj.jpg (deflated 0%)
  adding: assets/fahad-CnovJc60.jpg (deflated 0%)
  adding: assets/handShake-Dk1DoagP.webp (deflated 0%)
  adding: assets/tech-BdWyL5Pa.jpg (deflated 0%)
  adding: assets/wasim-ETjjiRaD.jpg (deflated 0%)
  adding: assets/placeholderMan-BvremNML.png (deflated 3%)
  adding: assets/rectanglePlaceholder-nCbViREl.png (deflated 31%)
  adding: assets/Fav-BPcykgsi.png (deflated 5%)
  adding: assets/MainLogo-DJpFhlQE.png (deflated 4%)
  adding: assets/tower-gldBe0jJ.webp (deflated 0%)
  adding: assets/tower2-LuqAcWCu.jpg (deflated 2%)
  adding: assets/tower3-DpFzgoGy.jpg (deflated 0%)
  adding: assets/salman-DD3Zraly.jpg (deflated 0%)
  adding: assets/wasimAkram-CBOcRO9q.png (deflated 1%)
  adding: assets/index-NkNC6MWD.css (deflated 86%)
  adding: assets/index-gj7RTgvo.js (deflated 70%)
  adding: assets/Landing-DF6W_h2i.js (deflated 64%)
  adding: assets/index-z0OX1t9u.js (deflated 50%)
  adding: assets/index-EuHJfBiT.js (deflated 53%)
  adding: assets/index-COpvbCD5.js (deflated 53%)
  adding: assets/index-DOIGvENv.js (deflated 52%)
  adding: assets/Header-16ABgrS4.js (deflated 69%)
  adding: assets/SignUp-DBd0nkSW.js (deflated 61%)
  adding: assets/ForgotPassword-Cg3cihE1.js (deflated 51%)
  adding: assets/VerifyUserEmail-mV_So6Gp.js (deflated 64%)
  adding: assets/ResetPassword-TZU3fmxY.js (deflated 56%)
  adding: assets/ContactSupport-0Q5nwSI9.js (deflated 59%)
  adding: assets/AuthCallback-CBWwqvKp.js (deflated 53%)
  adding: assets/SelectRole-DyNdc9Rz.js (deflated 54%)
  adding: assets/Login-B7CGXVDp.js (deflated 58%)
  adding: assets/index-B1-bHy1g.js (deflated 53%)
  adding: assets/index-DA4cxzP_.js (deflated 71%)
  adding: assets/Profile-CYB8LT1A.js (deflated 69%)
  adding: assets/index-CUvW3s4C.js (deflated 59%)
  adding: assets/index-B5JibViV.js (deflated 61%)
  adding: assets/box-CtZSzIEh.js (deflated 36%)
  adding: assets/EditInvestor-mWnEeWnN.js (deflated 76%)
  adding: assets/index-OOjx7mJs.js (deflated 62%)
  adding: assets/globe-C9geKWjU.js (deflated 33%)
  adding: assets/ViewCallLogsModal-C2kYsxZ_.js (deflated 70%)
  adding: assets/label-YE7P-c_h.js (deflated 41%)
  adding: assets/EditFounder-B7lyLLKx.js (deflated 76%)
  adding: assets/index-sACOCIEH.js (deflated 59%)
  adding: assets/index-Xs2-Lkmo.js (deflated 67%)
  adding: assets/user-plus-C6_yOKjR.js (deflated 34%)
  adding: assets/log-in-BkrKUJI8.js (deflated 32%)
  adding: assets/ban-DBeY_sjQ.js (deflated 27%)
  adding: assets/phone-BtobePgn.js (deflated 37%)
  adding: assets/InfoBox-uVcLtTQm.js (deflated 50%)
  adding: assets/pencil-BIaYf2Oz.js (deflated 31%)
  adding: assets/shield-check-CsCtp1Tr.js (deflated 32%)
  adding: assets/index-DpKJYYVJ.js (deflated 63%)
  adding: assets/index-D5235fMd.js (deflated 58%)
  adding: assets/useDebounce-DNNlxqo8.js (deflated 59%)
  adding: assets/CreateNewBatch-DhOXwQen.js (deflated 75%)
  adding: assets/sparkles-Dq7fG9Cn.js (deflated 45%)
  adding: assets/circle-check-CllFhDzw.js (deflated 27%)
  adding: assets/map-pin-CK9aImN0.js (deflated 28%)
  adding: assets/briefcase-EWGM5b6r.js (deflated 28%)
  adding: assets/info-DOUoWfIL.js (deflated 30%)
  adding: assets/message-square-CziJBjj8.js (deflated 29%)
  adding: assets/mail-C4mu6CEQ.js (deflated 26%)
  adding: assets/table-CW1n-2Xk.js (deflated 72%)
  adding: assets/circle-alert-DSkKJAMR.js (deflated 36%)
  adding: assets/Dashboard-iD5-IQY8.js (deflated 66%)
  adding: assets/index-DQ41HWMD.js (deflated 71%)
  adding: assets/ToggleChips-UR61G89g.js (deflated 44%)
  adding: assets/index-DAGp3SRw.js (deflated 51%)
  adding: assets/index-5FxXjDca.js (deflated 61%)
  adding: assets/index-DJG82AL4.js (deflated 61%)
  adding: assets/Dashboard-BRS-OzVL.js (deflated 66%)
  adding: assets/target-BwYQ18-t.js (deflated 65%)
  adding: assets/trending-up-ByzFWMiw.js (deflated 26%)
  adding: assets/LegalModal-Cmb8C-eM.js (deflated 51%)
  adding: assets/dialog-CR0wNW5V.js (deflated 62%)
  adding: assets/download-BtgtVqPC.js (deflated 31%)
  adding: assets/index-BCwdqvYx.js (deflated 64%)
  adding: assets/index-BrdBER-0.js (deflated 56%)
  adding: assets/input-LhEIDpLh.js (deflated 44%)
  adding: assets/circle-check-big-IqmkVLJ0.js (deflated 27%)
  adding: assets/FileUploader-B2sk6Bpl.js (deflated 56%)
  adding: assets/select-Cn0MMX1B.js (deflated 64%)
  adding: assets/textarea-CpIIdx4D.js (deflated 46%)
  adding: assets/link-DHrv3Ok8.js (deflated 35%)
  adding: assets/eye-lp01A2OK.js (deflated 33%)
  adding: assets/trash-2-XzsbtOAm.js (deflated 40%)
  adding: assets/chevron-down-DtVuONTp.js (deflated 24%)
  adding: assets/check-BSiO0l4-.js (deflated 22%)
  adding: assets/index-DWSYNl6y.js (deflated 62%)
  adding: assets/topCards-DnHPK3A6.js (deflated 54%)
  adding: assets/card-D5FHeXkZ.js (deflated 62%)
  adding: assets/ImageUploader-B-NmJKGs.js (deflated 51%)
  adding: assets/toolbar-BeIfIKp2.js (deflated 55%)
  adding: assets/square-pen-Bc0MCwdN.js (deflated 35%)
  adding: assets/checkbox-B7-VTYjT.js (deflated 57%)
  adding: assets/plus-CxIl92g7.js (deflated 28%)
  adding: assets/file-text-BmuK6VOt.js (deflated 40%)
  adding: assets/Tabs-12X62-Vy.js (deflated 65%)
  adding: assets/Stepper-Cr1xmQ2j.js (deflated 57%)
  adding: assets/index-n0ZnfAjz.js (deflated 73%)
  adding: assets/index-BH2qFNBJ.js (deflated 61%)
  adding: assets/index-CHUu65lV.js (deflated 52%)
  adding: index.html (deflated 52%)
Saving Lightsail SSH key...
Uploading build to Lightsail...
Warning: Permanently added '15.207.22.250' (ED25519) to the list of known hosts.
Deploying build to /var/www/html ...
Archive:  /home/ubuntu/react-build.zip
  inflating: /var/www/html/favicon.ico  
   creating: /var/www/html/assets/
  inflating: /var/www/html/assets/irfanMalikBg-D4osmO_C.jpg  
  inflating: /var/www/html/assets/meerGreenJacket-ykCKR2uN.png  
  inflating: /var/www/html/assets/shakeelBg-NX99JDrP.jpg  
  inflating: /var/www/html/assets/meerShinyDress-C8scZpYx.webp  
  inflating: /var/www/html/assets/wasimAkramBg-D4BFEYu1.png  
  inflating: /var/www/html/assets/akhtar-qLBVRLf-.jpg  
  inflating: /var/www/html/assets/arabic-BElshnQY.jpg  
  inflating: /var/www/html/assets/dubai-Bmqq4ymj.jpg  
  inflating: /var/www/html/assets/fahad-CnovJc60.jpg  
  inflating: /var/www/html/assets/handShake-Dk1DoagP.webp  
  inflating: /var/www/html/assets/tech-BdWyL5Pa.jpg  
  inflating: /var/www/html/assets/wasim-ETjjiRaD.jpg  
  inflating: /var/www/html/assets/placeholderMan-BvremNML.png  
  inflating: /var/www/html/assets/rectanglePlaceholder-nCbViREl.png  
  inflating: /var/www/html/assets/Fav-BPcykgsi.png  
  inflating: /var/www/html/assets/MainLogo-DJpFhlQE.png  
  inflating: /var/www/html/assets/tower-gldBe0jJ.webp  
  inflating: /var/www/html/assets/tower2-LuqAcWCu.jpg  
  inflating: /var/www/html/assets/tower3-DpFzgoGy.jpg  
  inflating: /var/www/html/assets/salman-DD3Zraly.jpg  
  inflating: /var/www/html/assets/wasimAkram-CBOcRO9q.png  
  inflating: /var/www/html/assets/index-NkNC6MWD.css  
  inflating: /var/www/html/assets/index-gj7RTgvo.js  
  inflating: /var/www/html/assets/Landing-DF6W_h2i.js  
  inflating: /var/www/html/assets/index-z0OX1t9u.js  
  inflating: /var/www/html/assets/index-EuHJfBiT.js  
  inflating: /var/www/html/assets/index-COpvbCD5.js  
  inflating: /var/www/html/assets/index-DOIGvENv.js  
  inflating: /var/www/html/assets/Header-16ABgrS4.js  
  inflating: /var/www/html/assets/SignUp-DBd0nkSW.js  
  inflating: /var/www/html/assets/ForgotPassword-Cg3cihE1.js  
  inflating: /var/www/html/assets/VerifyUserEmail-mV_So6Gp.js  
  inflating: /var/www/html/assets/ResetPassword-TZU3fmxY.js  
  inflating: /var/www/html/assets/ContactSupport-0Q5nwSI9.js  
  inflating: /var/www/html/assets/AuthCallback-CBWwqvKp.js  
  inflating: /var/www/html/assets/SelectRole-DyNdc9Rz.js  
  inflating: /var/www/html/assets/Login-B7CGXVDp.js  
  inflating: /var/www/html/assets/index-B1-bHy1g.js  
  inflating: /var/www/html/assets/index-DA4cxzP_.js  
  inflating: /var/www/html/assets/Profile-CYB8LT1A.js  
  inflating: /var/www/html/assets/index-CUvW3s4C.js  
  inflating: /var/www/html/assets/index-B5JibViV.js  
  inflating: /var/www/html/assets/box-CtZSzIEh.js  
  inflating: /var/www/html/assets/EditInvestor-mWnEeWnN.js  
  inflating: /var/www/html/assets/index-OOjx7mJs.js  
  inflating: /var/www/html/assets/globe-C9geKWjU.js  
  inflating: /var/www/html/assets/ViewCallLogsModal-C2kYsxZ_.js  
  inflating: /var/www/html/assets/label-YE7P-c_h.js  
  inflating: /var/www/html/assets/EditFounder-B7lyLLKx.js  
  inflating: /var/www/html/assets/index-sACOCIEH.js  
  inflating: /var/www/html/assets/index-Xs2-Lkmo.js  
  inflating: /var/www/html/assets/user-plus-C6_yOKjR.js  
  inflating: /var/www/html/assets/log-in-BkrKUJI8.js  
  inflating: /var/www/html/assets/ban-DBeY_sjQ.js  
  inflating: /var/www/html/assets/phone-BtobePgn.js  
  inflating: /var/www/html/assets/InfoBox-uVcLtTQm.js  
  inflating: /var/www/html/assets/pencil-BIaYf2Oz.js  
  inflating: /var/www/html/assets/shield-check-CsCtp1Tr.js  
  inflating: /var/www/html/assets/index-DpKJYYVJ.js  
  inflating: /var/www/html/assets/index-D5235fMd.js  
  inflating: /var/www/html/assets/useDebounce-DNNlxqo8.js  
  inflating: /var/www/html/assets/CreateNewBatch-DhOXwQen.js  
  inflating: /var/www/html/assets/sparkles-Dq7fG9Cn.js  
  inflating: /var/www/html/assets/circle-check-CllFhDzw.js  
  inflating: /var/www/html/assets/map-pin-CK9aImN0.js  
  inflating: /var/www/html/assets/briefcase-EWGM5b6r.js  
  inflating: /var/www/html/assets/info-DOUoWfIL.js  
  inflating: /var/www/html/assets/message-square-CziJBjj8.js  
  inflating: /var/www/html/assets/mail-C4mu6CEQ.js  
  inflating: /var/www/html/assets/table-CW1n-2Xk.js  
  inflating: /var/www/html/assets/circle-alert-DSkKJAMR.js  
  inflating: /var/www/html/assets/Dashboard-iD5-IQY8.js  
  inflating: /var/www/html/assets/index-DQ41HWMD.js  
  inflating: /var/www/html/assets/ToggleChips-UR61G89g.js  
  inflating: /var/www/html/assets/index-DAGp3SRw.js  
  inflating: /var/www/html/assets/index-5FxXjDca.js  
  inflating: /var/www/html/assets/index-DJG82AL4.js  
  inflating: /var/www/html/assets/Dashboard-BRS-OzVL.js  
  inflating: /var/www/html/assets/target-BwYQ18-t.js  
  inflating: /var/www/html/assets/trending-up-ByzFWMiw.js  
  inflating: /var/www/html/assets/LegalModal-Cmb8C-eM.js  
  inflating: /var/www/html/assets/dialog-CR0wNW5V.js  
  inflating: /var/www/html/assets/download-BtgtVqPC.js  
  inflating: /var/www/html/assets/index-BCwdqvYx.js  
  inflating: /var/www/html/assets/index-BrdBER-0.js  
  inflating: /var/www/html/assets/input-LhEIDpLh.js  
  inflating: /var/www/html/assets/circle-check-big-IqmkVLJ0.js  
  inflating: /var/www/html/assets/FileUploader-B2sk6Bpl.js  
  inflating: /var/www/html/assets/select-Cn0MMX1B.js  
  inflating: /var/www/html/assets/textarea-CpIIdx4D.js  
  inflating: /var/www/html/assets/link-DHrv3Ok8.js  
  inflating: /var/www/html/assets/eye-lp01A2OK.js  
  inflating: /var/www/html/assets/trash-2-XzsbtOAm.js  
  inflating: /var/www/html/assets/chevron-down-DtVuONTp.js  
  inflating: /var/www/html/assets/check-BSiO0l4-.js  
  inflating: /var/www/html/assets/index-DWSYNl6y.js  
  inflating: /var/www/html/assets/topCards-DnHPK3A6.js  
  inflating: /var/www/html/assets/card-D5FHeXkZ.js  
  inflating: /var/www/html/assets/ImageUploader-B-NmJKGs.js  
  inflating: /var/www/html/assets/toolbar-BeIfIKp2.js  
  inflating: /var/www/html/assets/square-pen-Bc0MCwdN.js  
  inflating: /var/www/html/assets/checkbox-B7-VTYjT.js  
  inflating: /var/www/html/assets/plus-CxIl92g7.js  
  inflating: /var/www/html/assets/file-text-BmuK6VOt.js  
  inflating: /var/www/html/assets/Tabs-12X62-Vy.js  
  inflating: /var/www/html/assets/Stepper-Cr1xmQ2j.js  
  inflating: /var/www/html/assets/index-n0ZnfAjz.js  
  inflating: /var/www/html/assets/index-BH2qFNBJ.js  
  inflating: /var/www/html/assets/index-CHUu65lV.js  
  inflating: /var/www/html/index.html  
Saving Git logs repo SSH key...
Testing GitHub SSH key...
Cloning deployment-logs repo...
Cloning into 'logs-repo'...
