Installing dependencies...

added 436 packages, and audited 437 packages in 10s

129 packages are looking for funding
  run `npm fund` for details

1 high severity vulnerability

Some issues need review, and may require choosing
a different dependency.

Run `npm audit` for details.
Building React app...

> boilerplate-code-react-js@0.0.0 build
> vite build

vite v7.1.11 building for production...
transforming...
✓ 2902 modules transformed.
rendering chunks...
computing gzip size...
dist/index.html                                    2.18 kB │ gzip:   1.05 kB
dist/assets/rectanglePlaceholder-nCbViREl.png     11.85 kB
dist/assets/irfanMalikBg-D4osmO_C.jpg             24.66 kB
dist/assets/placeholderMan-BvremNML.png           36.64 kB
dist/assets/handShake-Dk1DoagP.webp               65.18 kB
dist/assets/tower-gldBe0jJ.webp                   66.16 kB
dist/assets/tower2-LuqAcWCu.jpg                   72.52 kB
dist/assets/shakeelBg-NX99JDrP.jpg               143.15 kB
dist/assets/MainLogo-DJpFhlQE.png                144.86 kB
dist/assets/Fav-BPcykgsi.png                     147.34 kB
dist/assets/akhtar-qLBVRLf-.jpg                  173.92 kB
dist/assets/tower3-DpFzgoGy.jpg                  175.56 kB
dist/assets/meerShinyDress-C8scZpYx.webp         229.68 kB
dist/assets/meerGreenJacket-ykCKR2uN.png         230.19 kB
dist/assets/arabic-BElshnQY.jpg                  238.42 kB
dist/assets/wasim-ETjjiRaD.jpg                   242.26 kB
dist/assets/salman-DD3Zraly.jpg                  255.18 kB
dist/assets/fahad-CnovJc60.jpg                   278.62 kB
dist/assets/tech-BdWyL5Pa.jpg                    281.71 kB
dist/assets/dubai-Bmqq4ymj.jpg                   311.77 kB
dist/assets/wasimAkramBg-D4BFEYu1.png            313.57 kB
dist/assets/wasimAkram-CBOcRO9q.png            4,488.96 kB
dist/assets/index-DX4TTuru.css                   128.82 kB │ gzip:  17.63 kB
dist/assets/check-iyoGriYB.js                      0.29 kB │ gzip:   0.25 kB
dist/assets/chevron-down-Dc5_azl_.js               0.30 kB │ gzip:   0.25 kB
dist/assets/plus-CPSwwxDG.js                       0.33 kB │ gzip:   0.25 kB
dist/assets/circle-check-Cg14_9dR.js               0.35 kB │ gzip:   0.27 kB
dist/assets/trending-up-DbsmF3aK.js                0.35 kB │ gzip:   0.28 kB
dist/assets/ban-DBfykI0L.js                        0.35 kB │ gzip:   0.28 kB
dist/assets/circle-check-big-C0miDVzx.js           0.36 kB │ gzip:   0.28 kB
dist/assets/info-CnY7k-MA.js                       0.37 kB │ gzip:   0.28 kB
dist/assets/mail-sVaNAvG1.js                       0.39 kB │ gzip:   0.31 kB
dist/assets/briefcase-Cg9B01cA.js                  0.39 kB │ gzip:   0.30 kB
dist/assets/log-in-8Cp6WmVi.js                     0.40 kB │ gzip:   0.29 kB
dist/assets/download-nPBCMlbq.js                   0.41 kB │ gzip:   0.30 kB
dist/assets/message-square-ssA2vl5i.js             0.41 kB │ gzip:   0.31 kB
dist/assets/globe-XtJz9p2C.js                      0.41 kB │ gzip:   0.30 kB
dist/assets/circle-alert-BCmCd9zo.js               0.42 kB │ gzip:   0.30 kB
dist/assets/eye-B3ZJyzP-.js                        0.42 kB │ gzip:   0.31 kB
dist/assets/map-pin-WMCBI3e4.js                    0.43 kB │ gzip:   0.33 kB
dist/assets/link-DD38SnrX.js                       0.43 kB │ gzip:   0.30 kB
dist/assets/pencil-CvkjNScZ.js                     0.45 kB │ gzip:   0.33 kB
dist/assets/box-DaXJizY5.js                        0.48 kB │ gzip:   0.33 kB
dist/assets/user-plus-T8AQNi-s.js                  0.48 kB │ gzip:   0.34 kB
dist/assets/shield-check-CIEnZ-J5.js               0.49 kB │ gzip:   0.36 kB
dist/assets/square-pen-DGX3PBXB.js                 0.49 kB │ gzip:   0.34 kB
dist/assets/phone-2hRFuNRx.js                      0.50 kB │ gzip:   0.34 kB
dist/assets/trash-2-Jov6MKII.js                    0.50 kB │ gzip:   0.32 kB
dist/assets/file-text-2VZJeEQ9.js                  0.51 kB │ gzip:   0.32 kB
dist/assets/sparkles-BryxgEJK.js                   0.67 kB │ gzip:   0.39 kB
dist/assets/label-BvXLYmBc.js                      0.89 kB │ gzip:   0.55 kB
dist/assets/InfoBox-CGFto9CD.js                    0.91 kB │ gzip:   0.46 kB
dist/assets/textarea-UQiK7UHA.js                   0.96 kB │ gzip:   0.54 kB
dist/assets/ToggleChips-CO5JnuWO.js                1.12 kB │ gzip:   0.65 kB
dist/assets/input-CAvg02wQ.js                      1.14 kB │ gzip:   0.66 kB
dist/assets/card-wrR1WTHg.js                       1.18 kB │ gzip:   0.46 kB
dist/assets/target-Cj8lnP5c.js                     1.56 kB │ gzip:   0.56 kB
dist/assets/useDebounce-kfjxfNbN.js                1.62 kB │ gzip:   0.69 kB
dist/assets/index-DMouFNo_.js                      1.73 kB │ gzip:   0.81 kB
dist/assets/toolbar-702g2Uag.js                    1.86 kB │ gzip:   0.86 kB
dist/assets/topCards-wYrTUh_y.js                   2.01 kB │ gzip:   0.93 kB
dist/assets/index-BSn1nyc2.js                      2.07 kB │ gzip:   0.92 kB
dist/assets/ForgotPassword-DABaQWs2.js             2.21 kB │ gzip:   1.10 kB
dist/assets/ImageUploader-B8DYspnJ.js              2.26 kB │ gzip:   1.13 kB
dist/assets/ResetPassword-BfYqny4N.js              2.44 kB │ gzip:   1.08 kB
dist/assets/AuthCallback-DGzo-J8-.js               2.70 kB │ gzip:   1.28 kB
dist/assets/FileUploader-DPMDY-NS.js               3.02 kB │ gzip:   1.36 kB
dist/assets/index-DM7qfPBm.js                      3.07 kB │ gzip:   1.47 kB
dist/assets/index-COcl7ra-.js                      3.21 kB │ gzip:   1.60 kB
dist/assets/index-BSd8rcSU.js                      3.27 kB │ gzip:   1.59 kB
dist/assets/index-ChHtlrgN.js                      3.40 kB │ gzip:   1.62 kB
dist/assets/SelectRole-XSLNv99W.js                 3.76 kB │ gzip:   1.73 kB
dist/assets/index-ctvWXZZn.js                      3.98 kB │ gzip:   1.50 kB
dist/assets/index-ycDIKMht.js                      4.05 kB │ gzip:   1.60 kB
dist/assets/index-DPe-Hfc9.js                      4.05 kB │ gzip:   1.60 kB
dist/assets/index-Dth4Nzxc.js                      4.05 kB │ gzip:   1.60 kB
dist/assets/LegalModal-DPyPINEz.js                 4.09 kB │ gzip:   2.01 kB
dist/assets/checkbox-cdSt3OLA.js                   4.11 kB │ gzip:   1.79 kB
dist/assets/index-BCyfLJEY.js                      4.18 kB │ gzip:   2.04 kB
dist/assets/index-CXY1gLFF.js                      4.19 kB │ gzip:   2.04 kB
dist/assets/Dashboard-BrLt9nUR.js                  4.25 kB │ gzip:   1.44 kB
dist/assets/Dashboard-DLnOz2BZ.js                  4.26 kB │ gzip:   1.45 kB
dist/assets/SignUp-B2YgUOpo.js                     4.42 kB │ gzip:   1.77 kB
dist/assets/Stepper-B2k57Grn.js                    4.66 kB │ gzip:   2.03 kB
dist/assets/ContactSupport-CJeu04U3.js             4.96 kB │ gzip:   2.04 kB
dist/assets/Login-BxDQzZjG.js                      5.08 kB │ gzip:   2.15 kB
dist/assets/Tabs-B-uiUPhQ.js                       5.77 kB │ gzip:   2.03 kB
dist/assets/VerifyUserEmail--SpR1G16.js            5.95 kB │ gzip:   2.13 kB
dist/assets/Profile-DmmueAG4.js                    7.07 kB │ gzip:   2.25 kB
dist/assets/index-4xOUDFw5.js                      7.64 kB │ gzip:   3.13 kB
dist/assets/dialog-BGeKgFrA.js                     8.41 kB │ gzip:   3.24 kB
dist/assets/index-V81t0tpt.js                      8.55 kB │ gzip:   3.15 kB
dist/assets/index-BdkW0nA4.js                      8.62 kB │ gzip:   3.35 kB
dist/assets/index-D3_6At1L.js                      9.54 kB │ gzip:   3.92 kB
dist/assets/index-dGuTsw4n.js                      9.81 kB │ gzip:   3.73 kB
dist/assets/Header-Caz_TPwu.js                    11.07 kB │ gzip:   3.46 kB
dist/assets/EditFounder-CpSoH2mq.js               16.87 kB │ gzip:   4.06 kB
dist/assets/EditInvestor-Cg87ekyW.js              17.26 kB │ gzip:   4.22 kB
dist/assets/CreateNewBatch-C_42XR-B.js            18.26 kB │ gzip:   4.50 kB
dist/assets/index-Lq7H1d6H.js                     19.06 kB │ gzip:   5.36 kB
dist/assets/index-B4DeGWB4.js                     19.29 kB │ gzip:   6.33 kB
dist/assets/index-DAOcFP7M.js                     21.17 kB │ gzip:   5.56 kB
dist/assets/select-Bhw6qOo6.js                    21.28 kB │ gzip:   7.63 kB
dist/assets/index-DgqbJzl2.js                     24.76 kB │ gzip:   8.98 kB
dist/assets/index-CBp7t_xs.js                     30.18 kB │ gzip:  11.61 kB
dist/assets/table-CeLe5Tik.js                     44.91 kB │ gzip:  12.74 kB
dist/assets/ViewCallLogsModal-O2d1c6Np.js         82.14 kB │ gzip:  24.80 kB
dist/assets/Landing-CwMXJgun.js                  136.53 kB │ gzip:  48.81 kB
dist/assets/index-CHb_qvSX.js                    746.88 kB │ gzip: 225.66 kB
dist/assets/index-OZ4fAaH2.js                    892.83 kB │ gzip: 260.43 kB

(!) Some chunks are larger than 500 kB after minification. Consider:
- Using dynamic import() to code-split the application
- Use build.rollupOptions.output.manualChunks to improve chunking: https://rollupjs.org/configuration-options/#output-manualchunks
- Adjust chunk size limit for this warning via build.chunkSizeWarningLimit.
✓ built in 10.72s
Packaging build...
  adding: favicon.ico (deflated 13%)
  adding: assets/ (stored 0%)
  adding: assets/irfanMalikBg-D4osmO_C.jpg (deflated 1%)
  adding: assets/meerGreenJacket-ykCKR2uN.png (deflated 0%)
  adding: assets/meerShinyDress-C8scZpYx.webp (deflated 0%)
  adding: assets/shakeelBg-NX99JDrP.jpg (deflated 0%)
  adding: assets/wasimAkramBg-D4BFEYu1.png (deflated 0%)
  adding: assets/arabic-BElshnQY.jpg (deflated 0%)
  adding: assets/fahad-CnovJc60.jpg (deflated 0%)
  adding: assets/handShake-Dk1DoagP.webp (deflated 0%)
  adding: assets/salman-DD3Zraly.jpg (deflated 0%)
  adding: assets/tech-BdWyL5Pa.jpg (deflated 0%)
  adding: assets/wasim-ETjjiRaD.jpg (deflated 0%)
  adding: assets/placeholderMan-BvremNML.png (deflated 3%)
  adding: assets/rectanglePlaceholder-nCbViREl.png (deflated 31%)
  adding: assets/Fav-BPcykgsi.png (deflated 5%)
  adding: assets/MainLogo-DJpFhlQE.png (deflated 4%)
  adding: assets/tower-gldBe0jJ.webp (deflated 0%)
  adding: assets/tower2-LuqAcWCu.jpg (deflated 2%)
  adding: assets/tower3-DpFzgoGy.jpg (deflated 0%)
  adding: assets/dubai-Bmqq4ymj.jpg (deflated 0%)
  adding: assets/akhtar-qLBVRLf-.jpg (deflated 1%)
  adding: assets/wasimAkram-CBOcRO9q.png (deflated 1%)
  adding: assets/index-DX4TTuru.css (deflated 86%)
  adding: assets/index-CHb_qvSX.js (deflated 70%)
  adding: assets/Landing-CwMXJgun.js (deflated 64%)
  adding: assets/index-COcl7ra-.js (deflated 50%)
  adding: assets/index-DM7qfPBm.js (deflated 53%)
  adding: assets/index-ChHtlrgN.js (deflated 53%)
  adding: assets/index-BSd8rcSU.js (deflated 52%)
  adding: assets/Header-Caz_TPwu.js (deflated 69%)
  adding: assets/SignUp-B2YgUOpo.js (deflated 60%)
  adding: assets/ForgotPassword-DABaQWs2.js (deflated 51%)
  adding: assets/VerifyUserEmail--SpR1G16.js (deflated 64%)
  adding: assets/ResetPassword-BfYqny4N.js (deflated 56%)
  adding: assets/ContactSupport-CJeu04U3.js (deflated 59%)
  adding: assets/AuthCallback-DGzo-J8-.js (deflated 53%)
  adding: assets/SelectRole-XSLNv99W.js (deflated 54%)
  adding: assets/Login-BxDQzZjG.js (deflated 58%)
  adding: assets/index-DMouFNo_.js (deflated 53%)
  adding: assets/index-OZ4fAaH2.js (deflated 71%)
  adding: assets/Profile-DmmueAG4.js (deflated 69%)
  adding: assets/index-4xOUDFw5.js (deflated 59%)
  adding: assets/index-BdkW0nA4.js (deflated 61%)
  adding: assets/box-DaXJizY5.js (deflated 36%)
  adding: assets/EditInvestor-Cg87ekyW.js (deflated 76%)
  adding: assets/index-dGuTsw4n.js (deflated 62%)
  adding: assets/globe-XtJz9p2C.js (deflated 32%)
  adding: assets/ViewCallLogsModal-O2d1c6Np.js (deflated 70%)
  adding: assets/label-BvXLYmBc.js (deflated 40%)
  adding: assets/EditFounder-CpSoH2mq.js (deflated 76%)
  adding: assets/index-D3_6At1L.js (deflated 59%)
  adding: assets/index-B4DeGWB4.js (deflated 67%)
  adding: assets/user-plus-T8AQNi-s.js (deflated 34%)
  adding: assets/log-in-8Cp6WmVi.js (deflated 31%)
  adding: assets/ban-DBfykI0L.js (deflated 26%)
  adding: assets/phone-2hRFuNRx.js (deflated 36%)
  adding: assets/InfoBox-CGFto9CD.js (deflated 51%)
  adding: assets/pencil-CvkjNScZ.js (deflated 31%)
  adding: assets/shield-check-CIEnZ-J5.js (deflated 32%)
  adding: assets/index-ctvWXZZn.js (deflated 63%)
  adding: assets/index-V81t0tpt.js (deflated 63%)
  adding: assets/useDebounce-kfjxfNbN.js (deflated 59%)
  adding: assets/CreateNewBatch-C_42XR-B.js (deflated 76%)
  adding: assets/sparkles-BryxgEJK.js (deflated 45%)
  adding: assets/map-pin-WMCBI3e4.js (deflated 28%)
  adding: assets/briefcase-Cg9B01cA.js (deflated 28%)
  adding: assets/info-CnY7k-MA.js (deflated 30%)
  adding: assets/circle-check-Cg14_9dR.js (deflated 27%)
  adding: assets/message-square-ssA2vl5i.js (deflated 29%)
  adding: assets/mail-sVaNAvG1.js (deflated 25%)
  adding: assets/table-CeLe5Tik.js (deflated 72%)
  adding: assets/circle-alert-BCmCd9zo.js (deflated 35%)
  adding: assets/Dashboard-BrLt9nUR.js (deflated 66%)
  adding: assets/index-Lq7H1d6H.js (deflated 72%)
  adding: assets/ToggleChips-CO5JnuWO.js (deflated 44%)
  adding: assets/index-BCyfLJEY.js (deflated 51%)
  adding: assets/index-ycDIKMht.js (deflated 61%)
  adding: assets/index-DPe-Hfc9.js (deflated 61%)
  adding: assets/Dashboard-DLnOz2BZ.js (deflated 66%)
  adding: assets/target-Cj8lnP5c.js (deflated 65%)
  adding: assets/trending-up-DbsmF3aK.js (deflated 26%)
  adding: assets/LegalModal-DPyPINEz.js (deflated 51%)
  adding: assets/dialog-BGeKgFrA.js (deflated 62%)
  adding: assets/download-nPBCMlbq.js (deflated 31%)
  adding: assets/index-DgqbJzl2.js (deflated 64%)
  adding: assets/index-BSn1nyc2.js (deflated 56%)
  adding: assets/input-CAvg02wQ.js (deflated 44%)
  adding: assets/circle-check-big-C0miDVzx.js (deflated 26%)
  adding: assets/FileUploader-DPMDY-NS.js (deflated 56%)
  adding: assets/select-Bhw6qOo6.js (deflated 64%)
  adding: assets/textarea-UQiK7UHA.js (deflated 45%)
  adding: assets/link-DD38SnrX.js (deflated 34%)
  adding: assets/eye-B3ZJyzP-.js (deflated 32%)
  adding: assets/trash-2-Jov6MKII.js (deflated 40%)
  adding: assets/chevron-down-Dc5_azl_.js (deflated 23%)
  adding: assets/check-iyoGriYB.js (deflated 22%)
  adding: assets/index-CBp7t_xs.js (deflated 62%)
  adding: assets/topCards-wYrTUh_y.js (deflated 54%)
  adding: assets/card-wrR1WTHg.js (deflated 62%)
  adding: assets/ImageUploader-B8DYspnJ.js (deflated 51%)
  adding: assets/toolbar-702g2Uag.js (deflated 55%)
  adding: assets/square-pen-DGX3PBXB.js (deflated 35%)
  adding: assets/checkbox-cdSt3OLA.js (deflated 57%)
  adding: assets/plus-CPSwwxDG.js (deflated 27%)
  adding: assets/file-text-2VZJeEQ9.js (deflated 40%)
  adding: assets/Tabs-B-uiUPhQ.js (deflated 65%)
  adding: assets/Stepper-B2k57Grn.js (deflated 57%)
  adding: assets/index-DAOcFP7M.js (deflated 74%)
  adding: assets/index-Dth4Nzxc.js (deflated 61%)
  adding: assets/index-CXY1gLFF.js (deflated 52%)
  adding: index.html (deflated 52%)
Saving Lightsail SSH key...
Uploading build to Lightsail...
Warning: Permanently added '15.207.22.250' (ED25519) to the list of known hosts.
Deploying build to /var/www/html ...
Archive:  /home/ubuntu/react-build.zip
  inflating: /var/www/html/favicon.ico  
   creating: /var/www/html/assets/
  inflating: /var/www/html/assets/irfanMalikBg-D4osmO_C.jpg  
  inflating: /var/www/html/assets/meerGreenJacket-ykCKR2uN.png  
  inflating: /var/www/html/assets/meerShinyDress-C8scZpYx.webp  
  inflating: /var/www/html/assets/shakeelBg-NX99JDrP.jpg  
  inflating: /var/www/html/assets/wasimAkramBg-D4BFEYu1.png  
  inflating: /var/www/html/assets/arabic-BElshnQY.jpg  
  inflating: /var/www/html/assets/fahad-CnovJc60.jpg  
  inflating: /var/www/html/assets/handShake-Dk1DoagP.webp  
  inflating: /var/www/html/assets/salman-DD3Zraly.jpg  
  inflating: /var/www/html/assets/tech-BdWyL5Pa.jpg  
  inflating: /var/www/html/assets/wasim-ETjjiRaD.jpg  
  inflating: /var/www/html/assets/placeholderMan-BvremNML.png  
  inflating: /var/www/html/assets/rectanglePlaceholder-nCbViREl.png  
  inflating: /var/www/html/assets/Fav-BPcykgsi.png  
  inflating: /var/www/html/assets/MainLogo-DJpFhlQE.png  
  inflating: /var/www/html/assets/tower-gldBe0jJ.webp  
  inflating: /var/www/html/assets/tower2-LuqAcWCu.jpg  
  inflating: /var/www/html/assets/tower3-DpFzgoGy.jpg  
  inflating: /var/www/html/assets/dubai-Bmqq4ymj.jpg  
  inflating: /var/www/html/assets/akhtar-qLBVRLf-.jpg  
  inflating: /var/www/html/assets/wasimAkram-CBOcRO9q.png  
  inflating: /var/www/html/assets/index-DX4TTuru.css  
  inflating: /var/www/html/assets/index-CHb_qvSX.js  
  inflating: /var/www/html/assets/Landing-CwMXJgun.js  
  inflating: /var/www/html/assets/index-COcl7ra-.js  
  inflating: /var/www/html/assets/index-DM7qfPBm.js  
  inflating: /var/www/html/assets/index-ChHtlrgN.js  
  inflating: /var/www/html/assets/index-BSd8rcSU.js  
  inflating: /var/www/html/assets/Header-Caz_TPwu.js  
  inflating: /var/www/html/assets/SignUp-B2YgUOpo.js  
  inflating: /var/www/html/assets/ForgotPassword-DABaQWs2.js  
  inflating: /var/www/html/assets/VerifyUserEmail--SpR1G16.js  
  inflating: /var/www/html/assets/ResetPassword-BfYqny4N.js  
  inflating: /var/www/html/assets/ContactSupport-CJeu04U3.js  
  inflating: /var/www/html/assets/AuthCallback-DGzo-J8-.js  
  inflating: /var/www/html/assets/SelectRole-XSLNv99W.js  
  inflating: /var/www/html/assets/Login-BxDQzZjG.js  
  inflating: /var/www/html/assets/index-DMouFNo_.js  
  inflating: /var/www/html/assets/index-OZ4fAaH2.js  
  inflating: /var/www/html/assets/Profile-DmmueAG4.js  
  inflating: /var/www/html/assets/index-4xOUDFw5.js  
  inflating: /var/www/html/assets/index-BdkW0nA4.js  
  inflating: /var/www/html/assets/box-DaXJizY5.js  
  inflating: /var/www/html/assets/EditInvestor-Cg87ekyW.js  
  inflating: /var/www/html/assets/index-dGuTsw4n.js  
  inflating: /var/www/html/assets/globe-XtJz9p2C.js  
  inflating: /var/www/html/assets/ViewCallLogsModal-O2d1c6Np.js  
  inflating: /var/www/html/assets/label-BvXLYmBc.js  
  inflating: /var/www/html/assets/EditFounder-CpSoH2mq.js  
  inflating: /var/www/html/assets/index-D3_6At1L.js  
  inflating: /var/www/html/assets/index-B4DeGWB4.js  
  inflating: /var/www/html/assets/user-plus-T8AQNi-s.js  
  inflating: /var/www/html/assets/log-in-8Cp6WmVi.js  
  inflating: /var/www/html/assets/ban-DBfykI0L.js  
  inflating: /var/www/html/assets/phone-2hRFuNRx.js  
  inflating: /var/www/html/assets/InfoBox-CGFto9CD.js  
  inflating: /var/www/html/assets/pencil-CvkjNScZ.js  
  inflating: /var/www/html/assets/shield-check-CIEnZ-J5.js  
  inflating: /var/www/html/assets/index-ctvWXZZn.js  
  inflating: /var/www/html/assets/index-V81t0tpt.js  
  inflating: /var/www/html/assets/useDebounce-kfjxfNbN.js  
  inflating: /var/www/html/assets/CreateNewBatch-C_42XR-B.js  
  inflating: /var/www/html/assets/sparkles-BryxgEJK.js  
  inflating: /var/www/html/assets/map-pin-WMCBI3e4.js  
  inflating: /var/www/html/assets/briefcase-Cg9B01cA.js  
  inflating: /var/www/html/assets/info-CnY7k-MA.js  
  inflating: /var/www/html/assets/circle-check-Cg14_9dR.js  
  inflating: /var/www/html/assets/message-square-ssA2vl5i.js  
  inflating: /var/www/html/assets/mail-sVaNAvG1.js  
  inflating: /var/www/html/assets/table-CeLe5Tik.js  
  inflating: /var/www/html/assets/circle-alert-BCmCd9zo.js  
  inflating: /var/www/html/assets/Dashboard-BrLt9nUR.js  
  inflating: /var/www/html/assets/index-Lq7H1d6H.js  
  inflating: /var/www/html/assets/ToggleChips-CO5JnuWO.js  
  inflating: /var/www/html/assets/index-BCyfLJEY.js  
  inflating: /var/www/html/assets/index-ycDIKMht.js  
  inflating: /var/www/html/assets/index-DPe-Hfc9.js  
  inflating: /var/www/html/assets/Dashboard-DLnOz2BZ.js  
  inflating: /var/www/html/assets/target-Cj8lnP5c.js  
  inflating: /var/www/html/assets/trending-up-DbsmF3aK.js  
  inflating: /var/www/html/assets/LegalModal-DPyPINEz.js  
  inflating: /var/www/html/assets/dialog-BGeKgFrA.js  
  inflating: /var/www/html/assets/download-nPBCMlbq.js  
  inflating: /var/www/html/assets/index-DgqbJzl2.js  
  inflating: /var/www/html/assets/index-BSn1nyc2.js  
  inflating: /var/www/html/assets/input-CAvg02wQ.js  
  inflating: /var/www/html/assets/circle-check-big-C0miDVzx.js  
  inflating: /var/www/html/assets/FileUploader-DPMDY-NS.js  
  inflating: /var/www/html/assets/select-Bhw6qOo6.js  
  inflating: /var/www/html/assets/textarea-UQiK7UHA.js  
  inflating: /var/www/html/assets/link-DD38SnrX.js  
  inflating: /var/www/html/assets/eye-B3ZJyzP-.js  
  inflating: /var/www/html/assets/trash-2-Jov6MKII.js  
  inflating: /var/www/html/assets/chevron-down-Dc5_azl_.js  
  inflating: /var/www/html/assets/check-iyoGriYB.js  
  inflating: /var/www/html/assets/index-CBp7t_xs.js  
  inflating: /var/www/html/assets/topCards-wYrTUh_y.js  
  inflating: /var/www/html/assets/card-wrR1WTHg.js  
  inflating: /var/www/html/assets/ImageUploader-B8DYspnJ.js  
  inflating: /var/www/html/assets/toolbar-702g2Uag.js  
  inflating: /var/www/html/assets/square-pen-DGX3PBXB.js  
  inflating: /var/www/html/assets/checkbox-cdSt3OLA.js  
  inflating: /var/www/html/assets/plus-CPSwwxDG.js  
  inflating: /var/www/html/assets/file-text-2VZJeEQ9.js  
  inflating: /var/www/html/assets/Tabs-B-uiUPhQ.js  
  inflating: /var/www/html/assets/Stepper-B2k57Grn.js  
  inflating: /var/www/html/assets/index-DAOcFP7M.js  
  inflating: /var/www/html/assets/index-Dth4Nzxc.js  
  inflating: /var/www/html/assets/index-CXY1gLFF.js  
  inflating: /var/www/html/index.html  
Saving Git logs repo SSH key...
Testing GitHub SSH key...
Cloning deployment-logs repo...
Cloning into 'logs-repo'...
