Installing dependencies...
npm warn deprecated abab@2.0.6: Use your platform's native atob() and btoa() methods instead
npm warn deprecated domexception@2.0.1: Use your platform's native DOMException instead
npm warn deprecated w3c-hr-time@1.0.2: Use your platform's native performance.now() and performance.timeOrigin.

added 1750 packages, and audited 1751 packages in 4m

222 packages are looking for funding
  run `npm fund` for details

52 vulnerabilities (51 moderate, 1 high)

To address issues that do not require attention, run:
  npm audit fix

To address all issues possible (including breaking changes), run:
  npm audit fix --force

Some issues need review, and may require choosing
a different dependency.

Run `npm audit` for details.
Building React app...

> boilerplate-code-react-js@0.0.0 build
> vite build

vite v7.1.11 building for production...
transforming...
✓ 2923 modules transformed.
rendering chunks...
computing gzip size...
dist/index.html                                     2.18 kB │ gzip:   1.05 kB
dist/assets/rectanglePlaceholder-nCbViREl.png      11.85 kB
dist/assets/irfanMalikBg-D4osmO_C.jpg              24.66 kB
dist/assets/proposal6-wLmvSjqd.webp                28.15 kB
dist/assets/placeholderMan-BvremNML.png            36.64 kB
dist/assets/handShake-Dk1DoagP.webp                65.18 kB
dist/assets/tower-gldBe0jJ.webp                    66.16 kB
dist/assets/tower2-LuqAcWCu.jpg                    72.52 kB
dist/assets/goldenCheck-QMGlinWJ.png              124.08 kB
dist/assets/shakeelBg-NX99JDrP.jpg                143.15 kB
dist/assets/MainLogo-DJpFhlQE.png                 144.86 kB
dist/assets/Fav-BPcykgsi.png                      147.34 kB
dist/assets/akhtar-qLBVRLf-.jpg                   173.92 kB
dist/assets/proposal5-DItum-r7.webp               174.24 kB
dist/assets/tower3-DpFzgoGy.jpg                   175.56 kB
dist/assets/proposal2-B9XZZX50.webp               192.62 kB
dist/assets/meerShinyDress-C8scZpYx.webp          229.68 kB
dist/assets/meerGreenJacket-ykCKR2uN.png          230.19 kB
dist/assets/arabic-BElshnQY.jpg                   238.42 kB
dist/assets/wasim-ETjjiRaD.jpg                    242.26 kB
dist/assets/salman-DD3Zraly.jpg                   255.18 kB
dist/assets/fahad-CnovJc60.jpg                    278.62 kB
dist/assets/tech-BdWyL5Pa.jpg                     281.71 kB
dist/assets/dubai-Bmqq4ymj.jpg                    311.77 kB
dist/assets/wasimAkramBg-D4BFEYu1.png             313.57 kB
dist/assets/proposal3-fxAFZeku.webp               445.47 kB
dist/assets/proposal4-CZk7QC75.webp               542.86 kB
dist/assets/proposal1-D37fvLUu.webp               779.05 kB
dist/assets/wasimAkram-CBOcRO9q.png             4,488.96 kB
dist/assets/index-uHodguhT.css                    133.05 kB │ gzip:  18.23 kB
dist/assets/uiFunctions-BwQcgmxD.js                 0.29 kB │ gzip:   0.23 kB
dist/assets/chevron-down-CLak1KxS.js                0.30 kB │ gzip:   0.25 kB
dist/assets/plus-DEOUNbjh.js                        0.33 kB │ gzip:   0.25 kB
dist/assets/trending-up-DALw5WWt.js                 0.35 kB │ gzip:   0.27 kB
dist/assets/ban-DPsZBOE7.js                         0.35 kB │ gzip:   0.28 kB
dist/assets/info-C8Vb8z7Q.js                        0.37 kB │ gzip:   0.28 kB
dist/assets/circle-x-DvVPUZjb.js                    0.38 kB │ gzip:   0.28 kB
dist/assets/mail-DPiOFCx8.js                        0.39 kB │ gzip:   0.31 kB
dist/assets/upload-BzcQPtWK.js                      0.40 kB │ gzip:   0.30 kB
dist/assets/log-in-CMi7xaj9.js                      0.40 kB │ gzip:   0.29 kB
dist/assets/download-C3a0D4CU.js                    0.41 kB │ gzip:   0.30 kB
dist/assets/message-square-CbiPYqs3.js              0.41 kB │ gzip:   0.31 kB
dist/assets/globe-DNBDxxgV.js                       0.41 kB │ gzip:   0.29 kB
dist/assets/circle-alert-DevrFazh.js                0.42 kB │ gzip:   0.29 kB
dist/assets/eye-Ba50nN4A.js                         0.42 kB │ gzip:   0.30 kB
dist/assets/map-pin-DZRt50Gx.js                     0.43 kB │ gzip:   0.33 kB
dist/assets/link-HRZcreo5.js                        0.43 kB │ gzip:   0.30 kB
dist/assets/pencil-BbS_3Xus.js                      0.45 kB │ gzip:   0.33 kB
dist/assets/user-plus-C9sd7yIP.js                   0.48 kB │ gzip:   0.34 kB
dist/assets/shield-check-DWoYmV_f.js                0.49 kB │ gzip:   0.35 kB
dist/assets/square-pen-Caa4bZwf.js                  0.49 kB │ gzip:   0.34 kB
dist/assets/phone-RwHw0V8V.js                       0.50 kB │ gzip:   0.33 kB
dist/assets/trash-2-DrqFIDaQ.js                     0.50 kB │ gzip:   0.32 kB
dist/assets/file-text-BDCWYe4p.js                   0.51 kB │ gzip:   0.32 kB
dist/assets/LegalModal-DuBi-blu.js                  0.66 kB │ gzip:   0.46 kB
dist/assets/sparkles-BX0RULZY.js                    0.67 kB │ gzip:   0.39 kB
dist/assets/InfoBox-DYxHNiCE.js                     0.86 kB │ gzip:   0.44 kB
dist/assets/label-q2Ug-pjz.js                       0.89 kB │ gzip:   0.55 kB
dist/assets/card-BTvXBy7q.js                        1.18 kB │ gzip:   0.46 kB
dist/assets/Tabs-DIe6amQ3.js                        1.23 kB │ gzip:   0.65 kB
dist/assets/GetMoreDetailsModal-D3FE1UGS.js         1.27 kB │ gzip:   0.60 kB
dist/assets/textarea-WUqPIOKa.js                    1.49 kB │ gzip:   0.74 kB
dist/assets/target-SY3wNVsA.js                      1.56 kB │ gzip:   0.56 kB
dist/assets/useDebounce-pjQiO0n7.js                 1.62 kB │ gzip:   0.69 kB
dist/assets/ToggleChips-BNNq51r3.js                 1.66 kB │ gzip:   0.82 kB
dist/assets/input-BZq74vIR.js                       1.68 kB │ gzip:   0.86 kB
dist/assets/topCards-PmgxFLCR.js                    1.71 kB │ gzip:   0.74 kB
dist/assets/ImageUploader-BzvzGuNE.js               1.95 kB │ gzip:   0.94 kB
dist/assets/index-CS_b7q2j.js                       2.07 kB │ gzip:   0.92 kB
dist/assets/ForgotPassword-CXYB96ec.js              2.17 kB │ gzip:   1.09 kB
dist/assets/toolbar-BIkoEQPi.js                     2.33 kB │ gzip:   1.06 kB
dist/assets/ResetPassword-RKS0U74R.js               2.40 kB │ gzip:   1.06 kB
dist/assets/AuthCallback-CvySds9c.js                2.67 kB │ gzip:   1.27 kB
dist/assets/index-DwdL2HbZ.js                       2.67 kB │ gzip:   1.20 kB
dist/assets/index-D5UsXK_d.js                       2.72 kB │ gzip:   1.22 kB
dist/assets/FileUploader-zG8u32Y9.js                3.02 kB │ gzip:   1.35 kB
dist/assets/index-PhhEDsZA.js                       3.07 kB │ gzip:   1.46 kB
dist/assets/index-B3n0wM3z.js                       3.21 kB │ gzip:   1.60 kB
dist/assets/index-C0VZG-Pq.js                       3.27 kB │ gzip:   1.59 kB
dist/assets/index-D6dz1YHc.js                       3.40 kB │ gzip:   1.62 kB
dist/assets/index-CFf5C8dS.js                       3.48 kB │ gzip:   1.67 kB
dist/assets/index-DlVxESxR.js                       3.58 kB │ gzip:   1.38 kB
dist/assets/SelectRole-C_w8o-Zj.js                  3.68 kB │ gzip:   1.70 kB
dist/assets/checkbox-DRiOq0wz.js                    4.08 kB │ gzip:   1.78 kB
dist/assets/index-C_IBecnI.js                       4.21 kB │ gzip:   2.05 kB
dist/assets/index-AC4btT4D.js                       4.21 kB │ gzip:   1.67 kB
dist/assets/index-866n5giS.js                       4.21 kB │ gzip:   1.67 kB
dist/assets/index-B8cha09W.js                       4.22 kB │ gzip:   2.05 kB
dist/assets/Dashboard-B_yBSYJs.js                   4.25 kB │ gzip:   1.45 kB
dist/assets/Dashboard-DkSuuAjP.js                   4.26 kB │ gzip:   1.46 kB
dist/assets/SignUp-CZqy0Ctm.js                      4.34 kB │ gzip:   1.74 kB
dist/assets/index-BSEVEDAF.js                       4.34 kB │ gzip:   1.72 kB
dist/assets/Stepper-CanFkpNx.js                     4.66 kB │ gzip:   2.02 kB
dist/assets/ContactSupport-BD7iDRdF.js              4.94 kB │ gzip:   2.03 kB
dist/assets/Login-CYhq-Hr5.js                       5.04 kB │ gzip:   2.13 kB
dist/assets/VerifyUserEmail-BCuNCkT0.js             6.17 kB │ gzip:   2.29 kB
dist/assets/businessProposalCard-DIYH-U5m.js        6.48 kB │ gzip:   2.13 kB
dist/assets/Profile-BM4mZzV8.js                     7.13 kB │ gzip:   2.27 kB
dist/assets/index-raqTPIdJ.js                       7.69 kB │ gzip:   3.15 kB
dist/assets/index-DTXLZWlq.js                       8.31 kB │ gzip:   3.18 kB
dist/assets/tooltip-qg3jTVM5.js                     8.38 kB │ gzip:   3.08 kB
dist/assets/dialog-BPeu-1Yu.js                      8.44 kB │ gzip:   3.25 kB
dist/assets/index-D58GeTyy.js                       9.59 kB │ gzip:   3.94 kB
dist/assets/index-LsSM8czg.js                       9.97 kB │ gzip:   3.21 kB
dist/assets/index-DTWhe_8t.js                      10.04 kB │ gzip:   3.82 kB
dist/assets/index-Ms3I8Tae.js                      10.85 kB │ gzip:   3.99 kB
dist/assets/Header-OIFeCyf8.js                     11.49 kB │ gzip:   3.52 kB
dist/assets/CreateNewBatch-CtqiE9u4.js             15.28 kB │ gzip:   4.09 kB
dist/assets/CreateBusinessProposal-CkUJD-KM.js     15.59 kB │ gzip:   4.99 kB
dist/assets/index-DTpuU-6A.js                      16.50 kB │ gzip:   6.24 kB
dist/assets/EditFounder-CLy-KfJV.js                17.76 kB │ gzip:   4.28 kB
dist/assets/EditInvestor-QcGNj7tD.js               18.40 kB │ gzip:   4.40 kB
dist/assets/index-CC42SInL.js                      18.99 kB │ gzip:   5.34 kB
dist/assets/index-7tMpajUt.js                      19.33 kB │ gzip:   6.35 kB
dist/assets/index-Bx4BgvCr.js                      21.01 kB │ gzip:   5.57 kB
dist/assets/select-DOXNJsBt.js                     21.86 kB │ gzip:   7.81 kB
dist/assets/index-1fddTF--.js                      27.59 kB │ gzip:  10.66 kB
dist/assets/table-DfMKtxIJ.js                      37.14 kB │ gzip:  10.81 kB
dist/assets/ViewCallLogsModal-CSFjSMKP.js          82.17 kB │ gzip:  24.81 kB
dist/assets/Landing-CiUIq1pf.js                   136.55 kB │ gzip:  48.81 kB
dist/assets/xlsx-DGuHH-KN.js                      429.49 kB │ gzip: 143.07 kB
dist/assets/index-Dt-wq3o3.js                     607.96 kB │ gzip: 165.29 kB
dist/assets/index-DvHr3bFc.js                     756.53 kB │ gzip: 228.19 kB
dist/assets/CkEditor-DzCCfnh_.js                1,318.06 kB │ gzip: 325.94 kB

(!) Some chunks are larger than 500 kB after minification. Consider:
- Using dynamic import() to code-split the application
- Use build.rollupOptions.output.manualChunks to improve chunking: https://rollupjs.org/configuration-options/#output-manualchunks
- Adjust chunk size limit for this warning via build.chunkSizeWarningLimit.
✓ built in 15.29s
Packaging build...
  adding: favicon.ico (deflated 13%)
  adding: assets/ (stored 0%)
  adding: assets/irfanMalikBg-D4osmO_C.jpg (deflated 1%)
  adding: assets/meerShinyDress-C8scZpYx.webp (deflated 0%)
  adding: assets/meerGreenJacket-ykCKR2uN.png (deflated 0%)
  adding: assets/akhtar-qLBVRLf-.jpg (deflated 1%)
  adding: assets/shakeelBg-NX99JDrP.jpg (deflated 0%)
  adding: assets/wasimAkramBg-D4BFEYu1.png (deflated 0%)
  adding: assets/arabic-BElshnQY.jpg (deflated 0%)
  adding: assets/dubai-Bmqq4ymj.jpg (deflated 0%)
  adding: assets/handShake-Dk1DoagP.webp (deflated 0%)
  adding: assets/fahad-CnovJc60.jpg (deflated 0%)
  adding: assets/placeholderMan-BvremNML.png (deflated 3%)
  adding: assets/salman-DD3Zraly.jpg (deflated 0%)
  adding: assets/Fav-BPcykgsi.png (deflated 5%)
  adding: assets/tech-BdWyL5Pa.jpg (deflated 0%)
  adding: assets/MainLogo-DJpFhlQE.png (deflated 4%)
  adding: assets/tower-gldBe0jJ.webp (deflated 0%)
  adding: assets/tower2-LuqAcWCu.jpg (deflated 2%)
  adding: assets/tower3-DpFzgoGy.jpg (deflated 0%)
  adding: assets/wasim-ETjjiRaD.jpg (deflated 0%)
  adding: assets/goldenCheck-QMGlinWJ.png (deflated 0%)
  adding: assets/rectanglePlaceholder-nCbViREl.png (deflated 31%)
  adding: assets/proposal2-B9XZZX50.webp (deflated 3%)
  adding: assets/proposal6-wLmvSjqd.webp (deflated 0%)
  adding: assets/proposal5-DItum-r7.webp (deflated 4%)
  adding: assets/proposal1-D37fvLUu.webp (deflated 1%)
  adding: assets/proposal4-CZk7QC75.webp (deflated 1%)
  adding: assets/wasimAkram-CBOcRO9q.png (deflated 1%)
  adding: assets/index-uHodguhT.css (deflated 86%)
  adding: assets/index-DvHr3bFc.js (deflated 70%)
  adding: assets/Landing-CiUIq1pf.js (deflated 64%)
  adding: assets/index-B3n0wM3z.js (deflated 51%)
  adding: assets/index-PhhEDsZA.js (deflated 53%)
  adding: assets/index-D6dz1YHc.js (deflated 53%)
  adding: assets/index-C0VZG-Pq.js (deflated 52%)
  adding: assets/Header-OIFeCyf8.js (deflated 70%)
  adding: assets/SignUp-CZqy0Ctm.js (deflated 60%)
  adding: assets/ForgotPassword-CXYB96ec.js (deflated 51%)
  adding: assets/VerifyUserEmail-BCuNCkT0.js (deflated 63%)
  adding: assets/ResetPassword-RKS0U74R.js (deflated 56%)
  adding: assets/ContactSupport-BD7iDRdF.js (deflated 59%)
  adding: assets/AuthCallback-CvySds9c.js (deflated 53%)
  adding: assets/SelectRole-C_w8o-Zj.js (deflated 54%)
  adding: assets/Login-CYhq-Hr5.js (deflated 58%)
  adding: assets/index-D5UsXK_d.js (deflated 55%)
  adding: assets/index-Dt-wq3o3.js (deflated 73%)
  adding: assets/Profile-BM4mZzV8.js (deflated 69%)
  adding: assets/index-raqTPIdJ.js (deflated 59%)
  adding: assets/index-DTWhe_8t.js (deflated 62%)
  adding: assets/EditInvestor-QcGNj7tD.js (deflated 76%)
  adding: assets/index-Ms3I8Tae.js (deflated 63%)
  adding: assets/globe-DNBDxxgV.js (deflated 33%)
  adding: assets/ViewCallLogsModal-CSFjSMKP.js (deflated 70%)
  adding: assets/label-q2Ug-pjz.js (deflated 40%)
  adding: assets/EditFounder-CLy-KfJV.js (deflated 76%)
  adding: assets/index-D58GeTyy.js (deflated 59%)
  adding: assets/index-7tMpajUt.js (deflated 67%)
  adding: assets/user-plus-C9sd7yIP.js (deflated 34%)
  adding: assets/log-in-CMi7xaj9.js (deflated 32%)
  adding: assets/ban-DPsZBOE7.js (deflated 27%)
  adding: assets/phone-RwHw0V8V.js (deflated 37%)
  adding: assets/InfoBox-DYxHNiCE.js (deflated 51%)
  adding: assets/pencil-BbS_3Xus.js (deflated 31%)
  adding: assets/index-BSEVEDAF.js (deflated 61%)
  adding: assets/CreateBusinessProposal-CkUJD-KM.js (deflated 68%)
  adding: assets/index-LsSM8czg.js (deflated 68%)
  adding: assets/useDebounce-pjQiO0n7.js (deflated 59%)
  adding: assets/CreateNewBatch-CtqiE9u4.js (deflated 73%)
  adding: assets/sparkles-BX0RULZY.js (deflated 45%)
  adding: assets/map-pin-DZRt50Gx.js (deflated 28%)
  adding: assets/info-C8Vb8z7Q.js (deflated 30%)
  adding: assets/shield-check-DWoYmV_f.js (deflated 32%)
  adding: assets/CkEditor-DzCCfnh_.js (deflated 75%)
  adding: assets/message-square-CbiPYqs3.js (deflated 29%)
  adding: assets/mail-DPiOFCx8.js (deflated 26%)
  adding: assets/table-DfMKtxIJ.js (deflated 71%)
  adding: assets/circle-alert-DevrFazh.js (deflated 36%)
  adding: assets/Dashboard-B_yBSYJs.js (deflated 66%)
  adding: assets/index-CC42SInL.js (deflated 72%)
  adding: assets/uiFunctions-BwQcgmxD.js (deflated 29%)
  adding: assets/ToggleChips-BNNq51r3.js (deflated 51%)
  adding: assets/index-C_IBecnI.js (deflated 52%)
  adding: assets/index-DlVxESxR.js (deflated 62%)
  adding: assets/GetMoreDetailsModal-D3FE1UGS.js (deflated 54%)
  adding: assets/index-AC4btT4D.js (deflated 61%)
  adding: assets/trending-up-DALw5WWt.js (deflated 26%)
  adding: assets/LegalModal-DuBi-blu.js (deflated 33%)
  adding: assets/index-CFf5C8dS.js (deflated 53%)
  adding: assets/dialog-BPeu-1Yu.js (deflated 62%)
  adding: assets/download-C3a0D4CU.js (deflated 31%)
  adding: assets/index-DTXLZWlq.js (deflated 62%)
  adding: assets/index-DTpuU-6A.js (deflated 62%)
  adding: assets/index-CS_b7q2j.js (deflated 56%)
  adding: assets/input-BZq74vIR.js (deflated 50%)
  adding: assets/FileUploader-zG8u32Y9.js (deflated 56%)
  adding: assets/select-DOXNJsBt.js (deflated 64%)
  adding: assets/textarea-WUqPIOKa.js (deflated 52%)
  adding: assets/link-HRZcreo5.js (deflated 35%)
  adding: assets/eye-Ba50nN4A.js (deflated 33%)
  adding: assets/trash-2-DrqFIDaQ.js (deflated 40%)
  adding: assets/chevron-down-CLak1KxS.js (deflated 24%)
  adding: assets/index-DwdL2HbZ.js (deflated 56%)
  adding: assets/index-1fddTF--.js (deflated 62%)
  adding: assets/topCards-PmgxFLCR.js (deflated 58%)
  adding: assets/xlsx-DGuHH-KN.js (deflated 67%)
  adding: assets/card-BTvXBy7q.js (deflated 62%)
  adding: assets/ImageUploader-BzvzGuNE.js (deflated 53%)
  adding: assets/upload-BzcQPtWK.js (deflated 31%)
  adding: assets/toolbar-BIkoEQPi.js (deflated 55%)
  adding: assets/tooltip-qg3jTVM5.js (deflated 63%)
  adding: assets/square-pen-Caa4bZwf.js (deflated 35%)
  adding: assets/checkbox-DRiOq0wz.js (deflated 57%)
  adding: assets/plus-DEOUNbjh.js (deflated 28%)
  adding: assets/file-text-BDCWYe4p.js (deflated 40%)
  adding: assets/businessProposalCard-DIYH-U5m.js (deflated 67%)
  adding: assets/circle-x-DvVPUZjb.js (deflated 31%)
  adding: assets/Stepper-CanFkpNx.js (deflated 57%)
  adding: assets/target-SY3wNVsA.js (deflated 65%)
  adding: assets/Tabs-DIe6amQ3.js (deflated 49%)
  adding: assets/Dashboard-DkSuuAjP.js (deflated 66%)
  adding: assets/index-Bx4BgvCr.js (deflated 74%)
  adding: assets/index-866n5giS.js (deflated 61%)
  adding: assets/index-B8cha09W.js (deflated 52%)
  adding: assets/proposal3-fxAFZeku.webp (deflated 1%)
  adding: index.html (deflated 52%)
Saving Lightsail SSH key...
Uploading build to Lightsail...
Warning: Permanently added '15.207.22.250' (ED25519) to the list of known hosts.
Deploying build to /var/www/html ...
Archive:  /home/ubuntu/react-build.zip
  inflating: /var/www/html/favicon.ico  
   creating: /var/www/html/assets/
  inflating: /var/www/html/assets/irfanMalikBg-D4osmO_C.jpg  
  inflating: /var/www/html/assets/meerShinyDress-C8scZpYx.webp  
  inflating: /var/www/html/assets/meerGreenJacket-ykCKR2uN.png  
  inflating: /var/www/html/assets/akhtar-qLBVRLf-.jpg  
  inflating: /var/www/html/assets/shakeelBg-NX99JDrP.jpg  
  inflating: /var/www/html/assets/wasimAkramBg-D4BFEYu1.png  
  inflating: /var/www/html/assets/arabic-BElshnQY.jpg  
  inflating: /var/www/html/assets/dubai-Bmqq4ymj.jpg  
  inflating: /var/www/html/assets/handShake-Dk1DoagP.webp  
  inflating: /var/www/html/assets/fahad-CnovJc60.jpg  
  inflating: /var/www/html/assets/placeholderMan-BvremNML.png  
  inflating: /var/www/html/assets/salman-DD3Zraly.jpg  
  inflating: /var/www/html/assets/Fav-BPcykgsi.png  
  inflating: /var/www/html/assets/tech-BdWyL5Pa.jpg  
  inflating: /var/www/html/assets/MainLogo-DJpFhlQE.png  
  inflating: /var/www/html/assets/tower-gldBe0jJ.webp  
  inflating: /var/www/html/assets/tower2-LuqAcWCu.jpg  
  inflating: /var/www/html/assets/tower3-DpFzgoGy.jpg  
  inflating: /var/www/html/assets/wasim-ETjjiRaD.jpg  
  inflating: /var/www/html/assets/goldenCheck-QMGlinWJ.png  
  inflating: /var/www/html/assets/rectanglePlaceholder-nCbViREl.png  
  inflating: /var/www/html/assets/proposal2-B9XZZX50.webp  
  inflating: /var/www/html/assets/proposal6-wLmvSjqd.webp  
  inflating: /var/www/html/assets/proposal5-DItum-r7.webp  
  inflating: /var/www/html/assets/proposal1-D37fvLUu.webp  
  inflating: /var/www/html/assets/proposal4-CZk7QC75.webp  
  inflating: /var/www/html/assets/wasimAkram-CBOcRO9q.png  
  inflating: /var/www/html/assets/index-uHodguhT.css  
  inflating: /var/www/html/assets/index-DvHr3bFc.js  
  inflating: /var/www/html/assets/Landing-CiUIq1pf.js  
  inflating: /var/www/html/assets/index-B3n0wM3z.js  
  inflating: /var/www/html/assets/index-PhhEDsZA.js  
  inflating: /var/www/html/assets/index-D6dz1YHc.js  
  inflating: /var/www/html/assets/index-C0VZG-Pq.js  
  inflating: /var/www/html/assets/Header-OIFeCyf8.js  
  inflating: /var/www/html/assets/SignUp-CZqy0Ctm.js  
  inflating: /var/www/html/assets/ForgotPassword-CXYB96ec.js  
  inflating: /var/www/html/assets/VerifyUserEmail-BCuNCkT0.js  
  inflating: /var/www/html/assets/ResetPassword-RKS0U74R.js  
  inflating: /var/www/html/assets/ContactSupport-BD7iDRdF.js  
  inflating: /var/www/html/assets/AuthCallback-CvySds9c.js  
  inflating: /var/www/html/assets/SelectRole-C_w8o-Zj.js  
  inflating: /var/www/html/assets/Login-CYhq-Hr5.js  
  inflating: /var/www/html/assets/index-D5UsXK_d.js  
  inflating: /var/www/html/assets/index-Dt-wq3o3.js  
  inflating: /var/www/html/assets/Profile-BM4mZzV8.js  
  inflating: /var/www/html/assets/index-raqTPIdJ.js  
  inflating: /var/www/html/assets/index-DTWhe_8t.js  
  inflating: /var/www/html/assets/EditInvestor-QcGNj7tD.js  
  inflating: /var/www/html/assets/index-Ms3I8Tae.js  
  inflating: /var/www/html/assets/globe-DNBDxxgV.js  
  inflating: /var/www/html/assets/ViewCallLogsModal-CSFjSMKP.js  
  inflating: /var/www/html/assets/label-q2Ug-pjz.js  
  inflating: /var/www/html/assets/EditFounder-CLy-KfJV.js  
  inflating: /var/www/html/assets/index-D58GeTyy.js  
  inflating: /var/www/html/assets/index-7tMpajUt.js  
  inflating: /var/www/html/assets/user-plus-C9sd7yIP.js  
  inflating: /var/www/html/assets/log-in-CMi7xaj9.js  
  inflating: /var/www/html/assets/ban-DPsZBOE7.js  
  inflating: /var/www/html/assets/phone-RwHw0V8V.js  
  inflating: /var/www/html/assets/InfoBox-DYxHNiCE.js  
  inflating: /var/www/html/assets/pencil-BbS_3Xus.js  
  inflating: /var/www/html/assets/index-BSEVEDAF.js  
  inflating: /var/www/html/assets/CreateBusinessProposal-CkUJD-KM.js  
  inflating: /var/www/html/assets/index-LsSM8czg.js  
  inflating: /var/www/html/assets/useDebounce-pjQiO0n7.js  
  inflating: /var/www/html/assets/CreateNewBatch-CtqiE9u4.js  
  inflating: /var/www/html/assets/sparkles-BX0RULZY.js  
  inflating: /var/www/html/assets/map-pin-DZRt50Gx.js  
  inflating: /var/www/html/assets/info-C8Vb8z7Q.js  
  inflating: /var/www/html/assets/shield-check-DWoYmV_f.js  
  inflating: /var/www/html/assets/CkEditor-DzCCfnh_.js  
  inflating: /var/www/html/assets/message-square-CbiPYqs3.js  
  inflating: /var/www/html/assets/mail-DPiOFCx8.js  
  inflating: /var/www/html/assets/table-DfMKtxIJ.js  
  inflating: /var/www/html/assets/circle-alert-DevrFazh.js  
  inflating: /var/www/html/assets/Dashboard-B_yBSYJs.js  
  inflating: /var/www/html/assets/index-CC42SInL.js  
  inflating: /var/www/html/assets/uiFunctions-BwQcgmxD.js  
  inflating: /var/www/html/assets/ToggleChips-BNNq51r3.js  
  inflating: /var/www/html/assets/index-C_IBecnI.js  
  inflating: /var/www/html/assets/index-DlVxESxR.js  
  inflating: /var/www/html/assets/GetMoreDetailsModal-D3FE1UGS.js  
  inflating: /var/www/html/assets/index-AC4btT4D.js  
  inflating: /var/www/html/assets/trending-up-DALw5WWt.js  
  inflating: /var/www/html/assets/LegalModal-DuBi-blu.js  
  inflating: /var/www/html/assets/index-CFf5C8dS.js  
  inflating: /var/www/html/assets/dialog-BPeu-1Yu.js  
  inflating: /var/www/html/assets/download-C3a0D4CU.js  
  inflating: /var/www/html/assets/index-DTXLZWlq.js  
  inflating: /var/www/html/assets/index-DTpuU-6A.js  
  inflating: /var/www/html/assets/index-CS_b7q2j.js  
  inflating: /var/www/html/assets/input-BZq74vIR.js  
  inflating: /var/www/html/assets/FileUploader-zG8u32Y9.js  
  inflating: /var/www/html/assets/select-DOXNJsBt.js  
  inflating: /var/www/html/assets/textarea-WUqPIOKa.js  
  inflating: /var/www/html/assets/link-HRZcreo5.js  
  inflating: /var/www/html/assets/eye-Ba50nN4A.js  
  inflating: /var/www/html/assets/trash-2-DrqFIDaQ.js  
  inflating: /var/www/html/assets/chevron-down-CLak1KxS.js  
  inflating: /var/www/html/assets/index-DwdL2HbZ.js  
  inflating: /var/www/html/assets/index-1fddTF--.js  
  inflating: /var/www/html/assets/topCards-PmgxFLCR.js  
  inflating: /var/www/html/assets/xlsx-DGuHH-KN.js  
  inflating: /var/www/html/assets/card-BTvXBy7q.js  
  inflating: /var/www/html/assets/ImageUploader-BzvzGuNE.js  
  inflating: /var/www/html/assets/upload-BzcQPtWK.js  
  inflating: /var/www/html/assets/toolbar-BIkoEQPi.js  
  inflating: /var/www/html/assets/tooltip-qg3jTVM5.js  
  inflating: /var/www/html/assets/square-pen-Caa4bZwf.js  
  inflating: /var/www/html/assets/checkbox-DRiOq0wz.js  
  inflating: /var/www/html/assets/plus-DEOUNbjh.js  
  inflating: /var/www/html/assets/file-text-BDCWYe4p.js  
  inflating: /var/www/html/assets/businessProposalCard-DIYH-U5m.js  
  inflating: /var/www/html/assets/circle-x-DvVPUZjb.js  
  inflating: /var/www/html/assets/Stepper-CanFkpNx.js  
  inflating: /var/www/html/assets/target-SY3wNVsA.js  
  inflating: /var/www/html/assets/Tabs-DIe6amQ3.js  
  inflating: /var/www/html/assets/Dashboard-DkSuuAjP.js  
  inflating: /var/www/html/assets/index-Bx4BgvCr.js  
  inflating: /var/www/html/assets/index-866n5giS.js  
  inflating: /var/www/html/assets/index-B8cha09W.js  
  inflating: /var/www/html/assets/proposal3-fxAFZeku.webp  
  inflating: /var/www/html/index.html  
Saving Git logs repo SSH key...
Testing GitHub SSH key...
Cloning deployment-logs repo...
Cloning into 'logs-repo'...
