Installing dependencies...

added 436 packages, and audited 437 packages in 10s

129 packages are looking for funding
  run `npm fund` for details

1 high severity vulnerability

Some issues need review, and may require choosing
a different dependency.

Run `npm audit` for details.
Building React app...

> boilerplate-code-react-js@0.0.0 build
> vite build

vite v7.1.11 building for production...
transforming...
✓ 2902 modules transformed.
rendering chunks...
computing gzip size...
dist/index.html                                    2.18 kB │ gzip:   1.05 kB
dist/assets/rectanglePlaceholder-nCbViREl.png     11.85 kB
dist/assets/irfanMalikBg-D4osmO_C.jpg             24.66 kB
dist/assets/placeholderMan-BvremNML.png           36.64 kB
dist/assets/handShake-Dk1DoagP.webp               65.18 kB
dist/assets/tower-gldBe0jJ.webp                   66.16 kB
dist/assets/tower2-LuqAcWCu.jpg                   72.52 kB
dist/assets/shakeelBg-NX99JDrP.jpg               143.15 kB
dist/assets/MainLogo-DJpFhlQE.png                144.86 kB
dist/assets/Fav-BPcykgsi.png                     147.34 kB
dist/assets/akhtar-qLBVRLf-.jpg                  173.92 kB
dist/assets/tower3-DpFzgoGy.jpg                  175.56 kB
dist/assets/meerShinyDress-C8scZpYx.webp         229.68 kB
dist/assets/meerGreenJacket-ykCKR2uN.png         230.19 kB
dist/assets/arabic-BElshnQY.jpg                  238.42 kB
dist/assets/wasim-ETjjiRaD.jpg                   242.26 kB
dist/assets/salman-DD3Zraly.jpg                  255.18 kB
dist/assets/fahad-CnovJc60.jpg                   278.62 kB
dist/assets/tech-BdWyL5Pa.jpg                    281.71 kB
dist/assets/dubai-Bmqq4ymj.jpg                   311.77 kB
dist/assets/wasimAkramBg-D4BFEYu1.png            313.57 kB
dist/assets/wasimAkram-CBOcRO9q.png            4,488.96 kB
dist/assets/index-DX4TTuru.css                   128.82 kB │ gzip:  17.63 kB
dist/assets/check-Be5gpmZk.js                      0.29 kB │ gzip:   0.24 kB
dist/assets/chevron-down-DQRXIFB3.js               0.30 kB │ gzip:   0.25 kB
dist/assets/plus-CR9Vom5t.js                       0.33 kB │ gzip:   0.25 kB
dist/assets/circle-check-6aDQUdMn.js               0.35 kB │ gzip:   0.27 kB
dist/assets/trending-up-OrkMtSfk.js                0.35 kB │ gzip:   0.27 kB
dist/assets/ban-BpZlZNys.js                        0.35 kB │ gzip:   0.28 kB
dist/assets/circle-check-big-CsshTH_0.js           0.36 kB │ gzip:   0.28 kB
dist/assets/info-sWFooi-z.js                       0.37 kB │ gzip:   0.28 kB
dist/assets/mail-4qm1BwJS.js                       0.39 kB │ gzip:   0.31 kB
dist/assets/briefcase-XKFbXfEW.js                  0.39 kB │ gzip:   0.30 kB
dist/assets/log-in-CJXfY-Mv.js                     0.40 kB │ gzip:   0.29 kB
dist/assets/download-B-Fb-liW.js                   0.41 kB │ gzip:   0.30 kB
dist/assets/message-square-CF_mP-Gx.js             0.41 kB │ gzip:   0.31 kB
dist/assets/globe-DQ98Fm0h.js                      0.41 kB │ gzip:   0.29 kB
dist/assets/circle-alert-CeCcxiUj.js               0.42 kB │ gzip:   0.29 kB
dist/assets/eye-CmoQCyQa.js                        0.42 kB │ gzip:   0.30 kB
dist/assets/map-pin-DoXZPRH5.js                    0.43 kB │ gzip:   0.33 kB
dist/assets/link-cUT03-Ud.js                       0.43 kB │ gzip:   0.30 kB
dist/assets/pencil-CtNYN007.js                     0.45 kB │ gzip:   0.33 kB
dist/assets/box-Y8Kopyob.js                        0.48 kB │ gzip:   0.33 kB
dist/assets/user-plus-DOOrObtn.js                  0.48 kB │ gzip:   0.34 kB
dist/assets/shield-check-D9ODhcNe.js               0.49 kB │ gzip:   0.35 kB
dist/assets/square-pen-BlsdHUmM.js                 0.49 kB │ gzip:   0.34 kB
dist/assets/phone-C54R6eel.js                      0.50 kB │ gzip:   0.33 kB
dist/assets/trash-2-CJ0qexkR.js                    0.50 kB │ gzip:   0.32 kB
dist/assets/file-text-DQ6j4DbM.js                  0.51 kB │ gzip:   0.32 kB
dist/assets/sparkles-BuF-T20D.js                   0.67 kB │ gzip:   0.39 kB
dist/assets/label-Dq9mePZT.js                      0.89 kB │ gzip:   0.55 kB
dist/assets/InfoBox-LFXr45Pf.js                    0.91 kB │ gzip:   0.46 kB
dist/assets/textarea-BaFdKQDe.js                   0.96 kB │ gzip:   0.54 kB
dist/assets/ToggleChips-BIc-Az0a.js                1.12 kB │ gzip:   0.65 kB
dist/assets/input-KNvoA9qd.js                      1.14 kB │ gzip:   0.66 kB
dist/assets/card-B4VfCdqt.js                       1.18 kB │ gzip:   0.46 kB
dist/assets/target-CNO_aBw_.js                     1.56 kB │ gzip:   0.55 kB
dist/assets/useDebounce-BZN9FdBK.js                1.62 kB │ gzip:   0.69 kB
dist/assets/index-D90mHJbJ.js                      1.73 kB │ gzip:   0.81 kB
dist/assets/toolbar-DI3B1VN1.js                    1.86 kB │ gzip:   0.86 kB
dist/assets/topCards-CDFnOGaX.js                   2.01 kB │ gzip:   0.93 kB
dist/assets/index-Vo_iFe0o.js                      2.07 kB │ gzip:   0.92 kB
dist/assets/ForgotPassword-B_z2eTW9.js             2.21 kB │ gzip:   1.10 kB
dist/assets/ImageUploader-D-J-IT9Z.js              2.26 kB │ gzip:   1.13 kB
dist/assets/ResetPassword-DZA10inF.js              2.44 kB │ gzip:   1.08 kB
dist/assets/AuthCallback-CplKYeyR.js               2.70 kB │ gzip:   1.28 kB
dist/assets/FileUploader-khQwz6LR.js               3.02 kB │ gzip:   1.35 kB
dist/assets/index-DpG6vADi.js                      3.07 kB │ gzip:   1.47 kB
dist/assets/index-BCnnbJdM.js                      3.21 kB │ gzip:   1.60 kB
dist/assets/index-DGJRi0c_.js                      3.27 kB │ gzip:   1.59 kB
dist/assets/index-BXicr7m4.js                      3.40 kB │ gzip:   1.62 kB
dist/assets/SelectRole-CjLXL7fJ.js                 3.76 kB │ gzip:   1.73 kB
dist/assets/index-o6twY3Ai.js                      3.98 kB │ gzip:   1.50 kB
dist/assets/index-8_uzV-Pv.js                      4.05 kB │ gzip:   1.60 kB
dist/assets/index-B7nVbK11.js                      4.05 kB │ gzip:   1.60 kB
dist/assets/index-CRybu2XZ.js                      4.05 kB │ gzip:   1.60 kB
dist/assets/LegalModal-CQiOrWF2.js                 4.09 kB │ gzip:   2.01 kB
dist/assets/checkbox-DSExo-5g.js                   4.11 kB │ gzip:   1.80 kB
dist/assets/index-9YWTLql0.js                      4.18 kB │ gzip:   2.05 kB
dist/assets/index-CYE1NyBw.js                      4.19 kB │ gzip:   2.05 kB
dist/assets/Dashboard-Dz-6rEcB.js                  4.25 kB │ gzip:   1.44 kB
dist/assets/Dashboard-s5LSSsnw.js                  4.26 kB │ gzip:   1.45 kB
dist/assets/SignUp-Bjsx1peJ.js                     4.42 kB │ gzip:   1.77 kB
dist/assets/Stepper-C8oyDTVs.js                    4.66 kB │ gzip:   2.03 kB
dist/assets/ContactSupport-BjjYgj9v.js             4.96 kB │ gzip:   2.04 kB
dist/assets/Login-C_96feQd.js                      5.08 kB │ gzip:   2.15 kB
dist/assets/Tabs-D49B4s7F.js                       5.77 kB │ gzip:   2.03 kB
dist/assets/VerifyUserEmail-COKU7tID.js            5.95 kB │ gzip:   2.13 kB
dist/assets/Profile-hGt-L63D.js                    7.07 kB │ gzip:   2.25 kB
dist/assets/index-nduxFIyb.js                      7.64 kB │ gzip:   3.13 kB
dist/assets/dialog-C1rQ-0QM.js                     8.41 kB │ gzip:   3.24 kB
dist/assets/index-BuXtxgo3.js                      8.55 kB │ gzip:   3.15 kB
dist/assets/index-CPAHIhZZ.js                      8.62 kB │ gzip:   3.35 kB
dist/assets/index-oUYPoXbu.js                      9.54 kB │ gzip:   3.92 kB
dist/assets/index-G16zc3tT.js                      9.81 kB │ gzip:   3.73 kB
dist/assets/Header-CdnCuAnG.js                    11.07 kB │ gzip:   3.46 kB
dist/assets/EditFounder-lMF5TZM0.js               16.87 kB │ gzip:   4.06 kB
dist/assets/EditInvestor-B47K59SY.js              17.26 kB │ gzip:   4.22 kB
dist/assets/index-l7W8w6qG.js                     17.85 kB │ gzip:   5.14 kB
dist/assets/CreateNewBatch-Dolnw9b2.js            18.26 kB │ gzip:   4.50 kB
dist/assets/index-WQOZROGV.js                     19.29 kB │ gzip:   6.33 kB
dist/assets/index-BNUVypz5.js                     20.82 kB │ gzip:   5.49 kB
dist/assets/select-BUc_aP8W.js                    21.28 kB │ gzip:   7.63 kB
dist/assets/index-BJWKrM6B.js                     24.76 kB │ gzip:   8.99 kB
dist/assets/index-CYUgl4QI.js                     30.18 kB │ gzip:  11.62 kB
dist/assets/table-DlywKvY0.js                     44.91 kB │ gzip:  12.74 kB
dist/assets/ViewCallLogsModal-J-rZnqAt.js         82.14 kB │ gzip:  24.80 kB
dist/assets/Landing-DIwmBZcJ.js                  136.53 kB │ gzip:  48.81 kB
dist/assets/index-C4WK-85K.js                    746.88 kB │ gzip: 225.67 kB
dist/assets/index-tmq634D8.js                    892.41 kB │ gzip: 260.32 kB

(!) Some chunks are larger than 500 kB after minification. Consider:
- Using dynamic import() to code-split the application
- Use build.rollupOptions.output.manualChunks to improve chunking: https://rollupjs.org/configuration-options/#output-manualchunks
- Adjust chunk size limit for this warning via build.chunkSizeWarningLimit.
✓ built in 10.60s
Packaging build...
  adding: favicon.ico (deflated 13%)
  adding: assets/ (stored 0%)
  adding: assets/irfanMalikBg-D4osmO_C.jpg (deflated 1%)
  adding: assets/meerGreenJacket-ykCKR2uN.png (deflated 0%)
  adding: assets/meerShinyDress-C8scZpYx.webp (deflated 0%)
  adding: assets/shakeelBg-NX99JDrP.jpg (deflated 0%)
  adding: assets/wasimAkramBg-D4BFEYu1.png (deflated 0%)
  adding: assets/akhtar-qLBVRLf-.jpg (deflated 1%)
  adding: assets/arabic-BElshnQY.jpg (deflated 0%)
  adding: assets/dubai-Bmqq4ymj.jpg (deflated 0%)
  adding: assets/handShake-Dk1DoagP.webp (deflated 0%)
  adding: assets/fahad-CnovJc60.jpg (deflated 0%)
  adding: assets/wasim-ETjjiRaD.jpg (deflated 0%)
  adding: assets/placeholderMan-BvremNML.png (deflated 3%)
  adding: assets/rectanglePlaceholder-nCbViREl.png (deflated 31%)
  adding: assets/Fav-BPcykgsi.png (deflated 5%)
  adding: assets/MainLogo-DJpFhlQE.png (deflated 4%)
  adding: assets/tower-gldBe0jJ.webp (deflated 0%)
  adding: assets/tower2-LuqAcWCu.jpg (deflated 2%)
  adding: assets/tower3-DpFzgoGy.jpg (deflated 0%)
  adding: assets/tech-BdWyL5Pa.jpg (deflated 0%)
  adding: assets/salman-DD3Zraly.jpg (deflated 0%)
  adding: assets/wasimAkram-CBOcRO9q.png (deflated 1%)
  adding: assets/index-DX4TTuru.css (deflated 86%)
  adding: assets/index-C4WK-85K.js (deflated 70%)
  adding: assets/Landing-DIwmBZcJ.js (deflated 64%)
  adding: assets/index-BCnnbJdM.js (deflated 50%)
  adding: assets/index-DpG6vADi.js (deflated 53%)
  adding: assets/index-BXicr7m4.js (deflated 53%)
  adding: assets/index-DGJRi0c_.js (deflated 52%)
  adding: assets/Header-CdnCuAnG.js (deflated 69%)
  adding: assets/SignUp-Bjsx1peJ.js (deflated 60%)
  adding: assets/ForgotPassword-B_z2eTW9.js (deflated 51%)
  adding: assets/VerifyUserEmail-COKU7tID.js (deflated 64%)
  adding: assets/ResetPassword-DZA10inF.js (deflated 56%)
  adding: assets/ContactSupport-BjjYgj9v.js (deflated 59%)
  adding: assets/AuthCallback-CplKYeyR.js (deflated 53%)
  adding: assets/SelectRole-CjLXL7fJ.js (deflated 54%)
  adding: assets/Login-C_96feQd.js (deflated 58%)
  adding: assets/index-D90mHJbJ.js (deflated 53%)
  adding: assets/index-tmq634D8.js (deflated 71%)
  adding: assets/Profile-hGt-L63D.js (deflated 68%)
  adding: assets/index-nduxFIyb.js (deflated 59%)
  adding: assets/index-CPAHIhZZ.js (deflated 61%)
  adding: assets/box-Y8Kopyob.js (deflated 36%)
  adding: assets/EditInvestor-B47K59SY.js (deflated 76%)
  adding: assets/index-G16zc3tT.js (deflated 62%)
  adding: assets/globe-DQ98Fm0h.js (deflated 32%)
  adding: assets/ViewCallLogsModal-J-rZnqAt.js (deflated 70%)
  adding: assets/label-Dq9mePZT.js (deflated 40%)
  adding: assets/EditFounder-lMF5TZM0.js (deflated 76%)
  adding: assets/index-oUYPoXbu.js (deflated 59%)
  adding: assets/index-WQOZROGV.js (deflated 67%)
  adding: assets/user-plus-DOOrObtn.js (deflated 34%)
  adding: assets/log-in-CJXfY-Mv.js (deflated 31%)
  adding: assets/ban-BpZlZNys.js (deflated 26%)
  adding: assets/phone-C54R6eel.js (deflated 37%)
  adding: assets/InfoBox-LFXr45Pf.js (deflated 51%)
  adding: assets/pencil-CtNYN007.js (deflated 31%)
  adding: assets/shield-check-D9ODhcNe.js (deflated 32%)
  adding: assets/index-o6twY3Ai.js (deflated 63%)
  adding: assets/index-BuXtxgo3.js (deflated 63%)
  adding: assets/useDebounce-BZN9FdBK.js (deflated 59%)
  adding: assets/CreateNewBatch-Dolnw9b2.js (deflated 76%)
  adding: assets/sparkles-BuF-T20D.js (deflated 45%)
  adding: assets/map-pin-DoXZPRH5.js (deflated 28%)
  adding: assets/briefcase-XKFbXfEW.js (deflated 28%)
  adding: assets/info-sWFooi-z.js (deflated 30%)
  adding: assets/circle-check-6aDQUdMn.js (deflated 27%)
  adding: assets/message-square-CF_mP-Gx.js (deflated 29%)
  adding: assets/mail-4qm1BwJS.js (deflated 25%)
  adding: assets/table-DlywKvY0.js (deflated 72%)
  adding: assets/circle-alert-CeCcxiUj.js (deflated 35%)
  adding: assets/Dashboard-Dz-6rEcB.js (deflated 66%)
  adding: assets/index-l7W8w6qG.js (deflated 71%)
  adding: assets/ToggleChips-BIc-Az0a.js (deflated 44%)
  adding: assets/index-9YWTLql0.js (deflated 51%)
  adding: assets/index-8_uzV-Pv.js (deflated 61%)
  adding: assets/index-B7nVbK11.js (deflated 61%)
  adding: assets/Dashboard-s5LSSsnw.js (deflated 66%)
  adding: assets/target-CNO_aBw_.js (deflated 65%)
  adding: assets/trending-up-OrkMtSfk.js (deflated 26%)
  adding: assets/LegalModal-CQiOrWF2.js (deflated 51%)
  adding: assets/dialog-C1rQ-0QM.js (deflated 62%)
  adding: assets/download-B-Fb-liW.js (deflated 31%)
  adding: assets/index-BJWKrM6B.js (deflated 64%)
  adding: assets/index-Vo_iFe0o.js (deflated 56%)
  adding: assets/input-KNvoA9qd.js (deflated 44%)
  adding: assets/circle-check-big-CsshTH_0.js (deflated 26%)
  adding: assets/FileUploader-khQwz6LR.js (deflated 56%)
  adding: assets/select-BUc_aP8W.js (deflated 64%)
  adding: assets/textarea-BaFdKQDe.js (deflated 45%)
  adding: assets/link-cUT03-Ud.js (deflated 34%)
  adding: assets/eye-CmoQCyQa.js (deflated 33%)
  adding: assets/trash-2-CJ0qexkR.js (deflated 40%)
  adding: assets/chevron-down-DQRXIFB3.js (deflated 23%)
  adding: assets/check-Be5gpmZk.js (deflated 22%)
  adding: assets/index-CYUgl4QI.js (deflated 62%)
  adding: assets/topCards-CDFnOGaX.js (deflated 54%)
  adding: assets/card-B4VfCdqt.js (deflated 62%)
  adding: assets/ImageUploader-D-J-IT9Z.js (deflated 51%)
  adding: assets/toolbar-DI3B1VN1.js (deflated 55%)
  adding: assets/square-pen-BlsdHUmM.js (deflated 35%)
  adding: assets/checkbox-DSExo-5g.js (deflated 57%)
  adding: assets/plus-CR9Vom5t.js (deflated 27%)
  adding: assets/file-text-DQ6j4DbM.js (deflated 40%)
  adding: assets/Tabs-D49B4s7F.js (deflated 65%)
  adding: assets/Stepper-C8oyDTVs.js (deflated 57%)
  adding: assets/index-BNUVypz5.js (deflated 74%)
  adding: assets/index-CRybu2XZ.js (deflated 61%)
  adding: assets/index-CYE1NyBw.js (deflated 52%)
  adding: index.html (deflated 52%)
Saving Lightsail SSH key...
Uploading build to Lightsail...
Warning: Permanently added '15.207.22.250' (ED25519) to the list of known hosts.
Deploying build to /var/www/html ...
Archive:  /home/ubuntu/react-build.zip
  inflating: /var/www/html/favicon.ico  
   creating: /var/www/html/assets/
  inflating: /var/www/html/assets/irfanMalikBg-D4osmO_C.jpg  
  inflating: /var/www/html/assets/meerGreenJacket-ykCKR2uN.png  
  inflating: /var/www/html/assets/meerShinyDress-C8scZpYx.webp  
  inflating: /var/www/html/assets/shakeelBg-NX99JDrP.jpg  
  inflating: /var/www/html/assets/wasimAkramBg-D4BFEYu1.png  
  inflating: /var/www/html/assets/akhtar-qLBVRLf-.jpg  
  inflating: /var/www/html/assets/arabic-BElshnQY.jpg  
  inflating: /var/www/html/assets/dubai-Bmqq4ymj.jpg  
  inflating: /var/www/html/assets/handShake-Dk1DoagP.webp  
  inflating: /var/www/html/assets/fahad-CnovJc60.jpg  
  inflating: /var/www/html/assets/wasim-ETjjiRaD.jpg  
  inflating: /var/www/html/assets/placeholderMan-BvremNML.png  
  inflating: /var/www/html/assets/rectanglePlaceholder-nCbViREl.png  
  inflating: /var/www/html/assets/Fav-BPcykgsi.png  
  inflating: /var/www/html/assets/MainLogo-DJpFhlQE.png  
  inflating: /var/www/html/assets/tower-gldBe0jJ.webp  
  inflating: /var/www/html/assets/tower2-LuqAcWCu.jpg  
  inflating: /var/www/html/assets/tower3-DpFzgoGy.jpg  
  inflating: /var/www/html/assets/tech-BdWyL5Pa.jpg  
  inflating: /var/www/html/assets/salman-DD3Zraly.jpg  
  inflating: /var/www/html/assets/wasimAkram-CBOcRO9q.png  
  inflating: /var/www/html/assets/index-DX4TTuru.css  
  inflating: /var/www/html/assets/index-C4WK-85K.js  
  inflating: /var/www/html/assets/Landing-DIwmBZcJ.js  
  inflating: /var/www/html/assets/index-BCnnbJdM.js  
  inflating: /var/www/html/assets/index-DpG6vADi.js  
  inflating: /var/www/html/assets/index-BXicr7m4.js  
  inflating: /var/www/html/assets/index-DGJRi0c_.js  
  inflating: /var/www/html/assets/Header-CdnCuAnG.js  
  inflating: /var/www/html/assets/SignUp-Bjsx1peJ.js  
  inflating: /var/www/html/assets/ForgotPassword-B_z2eTW9.js  
  inflating: /var/www/html/assets/VerifyUserEmail-COKU7tID.js  
  inflating: /var/www/html/assets/ResetPassword-DZA10inF.js  
  inflating: /var/www/html/assets/ContactSupport-BjjYgj9v.js  
  inflating: /var/www/html/assets/AuthCallback-CplKYeyR.js  
  inflating: /var/www/html/assets/SelectRole-CjLXL7fJ.js  
  inflating: /var/www/html/assets/Login-C_96feQd.js  
  inflating: /var/www/html/assets/index-D90mHJbJ.js  
  inflating: /var/www/html/assets/index-tmq634D8.js  
  inflating: /var/www/html/assets/Profile-hGt-L63D.js  
  inflating: /var/www/html/assets/index-nduxFIyb.js  
  inflating: /var/www/html/assets/index-CPAHIhZZ.js  
  inflating: /var/www/html/assets/box-Y8Kopyob.js  
  inflating: /var/www/html/assets/EditInvestor-B47K59SY.js  
  inflating: /var/www/html/assets/index-G16zc3tT.js  
  inflating: /var/www/html/assets/globe-DQ98Fm0h.js  
  inflating: /var/www/html/assets/ViewCallLogsModal-J-rZnqAt.js  
  inflating: /var/www/html/assets/label-Dq9mePZT.js  
  inflating: /var/www/html/assets/EditFounder-lMF5TZM0.js  
  inflating: /var/www/html/assets/index-oUYPoXbu.js  
  inflating: /var/www/html/assets/index-WQOZROGV.js  
  inflating: /var/www/html/assets/user-plus-DOOrObtn.js  
  inflating: /var/www/html/assets/log-in-CJXfY-Mv.js  
  inflating: /var/www/html/assets/ban-BpZlZNys.js  
  inflating: /var/www/html/assets/phone-C54R6eel.js  
  inflating: /var/www/html/assets/InfoBox-LFXr45Pf.js  
  inflating: /var/www/html/assets/pencil-CtNYN007.js  
  inflating: /var/www/html/assets/shield-check-D9ODhcNe.js  
  inflating: /var/www/html/assets/index-o6twY3Ai.js  
  inflating: /var/www/html/assets/index-BuXtxgo3.js  
  inflating: /var/www/html/assets/useDebounce-BZN9FdBK.js  
  inflating: /var/www/html/assets/CreateNewBatch-Dolnw9b2.js  
  inflating: /var/www/html/assets/sparkles-BuF-T20D.js  
  inflating: /var/www/html/assets/map-pin-DoXZPRH5.js  
  inflating: /var/www/html/assets/briefcase-XKFbXfEW.js  
  inflating: /var/www/html/assets/info-sWFooi-z.js  
  inflating: /var/www/html/assets/circle-check-6aDQUdMn.js  
  inflating: /var/www/html/assets/message-square-CF_mP-Gx.js  
  inflating: /var/www/html/assets/mail-4qm1BwJS.js  
  inflating: /var/www/html/assets/table-DlywKvY0.js  
  inflating: /var/www/html/assets/circle-alert-CeCcxiUj.js  
  inflating: /var/www/html/assets/Dashboard-Dz-6rEcB.js  
  inflating: /var/www/html/assets/index-l7W8w6qG.js  
  inflating: /var/www/html/assets/ToggleChips-BIc-Az0a.js  
  inflating: /var/www/html/assets/index-9YWTLql0.js  
  inflating: /var/www/html/assets/index-8_uzV-Pv.js  
  inflating: /var/www/html/assets/index-B7nVbK11.js  
  inflating: /var/www/html/assets/Dashboard-s5LSSsnw.js  
  inflating: /var/www/html/assets/target-CNO_aBw_.js  
  inflating: /var/www/html/assets/trending-up-OrkMtSfk.js  
  inflating: /var/www/html/assets/LegalModal-CQiOrWF2.js  
  inflating: /var/www/html/assets/dialog-C1rQ-0QM.js  
  inflating: /var/www/html/assets/download-B-Fb-liW.js  
  inflating: /var/www/html/assets/index-BJWKrM6B.js  
  inflating: /var/www/html/assets/index-Vo_iFe0o.js  
  inflating: /var/www/html/assets/input-KNvoA9qd.js  
  inflating: /var/www/html/assets/circle-check-big-CsshTH_0.js  
  inflating: /var/www/html/assets/FileUploader-khQwz6LR.js  
  inflating: /var/www/html/assets/select-BUc_aP8W.js  
  inflating: /var/www/html/assets/textarea-BaFdKQDe.js  
  inflating: /var/www/html/assets/link-cUT03-Ud.js  
  inflating: /var/www/html/assets/eye-CmoQCyQa.js  
  inflating: /var/www/html/assets/trash-2-CJ0qexkR.js  
  inflating: /var/www/html/assets/chevron-down-DQRXIFB3.js  
  inflating: /var/www/html/assets/check-Be5gpmZk.js  
  inflating: /var/www/html/assets/index-CYUgl4QI.js  
  inflating: /var/www/html/assets/topCards-CDFnOGaX.js  
  inflating: /var/www/html/assets/card-B4VfCdqt.js  
  inflating: /var/www/html/assets/ImageUploader-D-J-IT9Z.js  
  inflating: /var/www/html/assets/toolbar-DI3B1VN1.js  
  inflating: /var/www/html/assets/square-pen-BlsdHUmM.js  
  inflating: /var/www/html/assets/checkbox-DSExo-5g.js  
  inflating: /var/www/html/assets/plus-CR9Vom5t.js  
  inflating: /var/www/html/assets/file-text-DQ6j4DbM.js  
  inflating: /var/www/html/assets/Tabs-D49B4s7F.js  
  inflating: /var/www/html/assets/Stepper-C8oyDTVs.js  
  inflating: /var/www/html/assets/index-BNUVypz5.js  
  inflating: /var/www/html/assets/index-CRybu2XZ.js  
  inflating: /var/www/html/assets/index-CYE1NyBw.js  
  inflating: /var/www/html/index.html  
Saving Git logs repo SSH key...
Testing GitHub SSH key...
Cloning deployment-logs repo...
Cloning into 'logs-repo'...
