Installing dependencies...

added 436 packages, and audited 437 packages in 10s

129 packages are looking for funding
  run `npm fund` for details

3 vulnerabilities (2 moderate, 1 high)

To address issues that do not require attention, run:
  npm audit fix

Some issues need review, and may require choosing
a different dependency.

Run `npm audit` for details.
Building React app...

> boilerplate-code-react-js@0.0.0 build
> vite build

vite v7.1.11 building for production...
transforming...
✓ 2900 modules transformed.
rendering chunks...
computing gzip size...
dist/index.html                                    2.18 kB │ gzip:   1.05 kB
dist/assets/rectanglePlaceholder-nCbViREl.png     11.85 kB
dist/assets/irfanMalikBg-D4osmO_C.jpg             24.66 kB
dist/assets/placeholderMan-BvremNML.png           36.64 kB
dist/assets/handShake-Dk1DoagP.webp               65.18 kB
dist/assets/tower-gldBe0jJ.webp                   66.16 kB
dist/assets/tower2-LuqAcWCu.jpg                   72.52 kB
dist/assets/shakeelBg-NX99JDrP.jpg               143.15 kB
dist/assets/MainLogo-DJpFhlQE.png                144.86 kB
dist/assets/Fav-BPcykgsi.png                     147.34 kB
dist/assets/akhtar-qLBVRLf-.jpg                  173.92 kB
dist/assets/tower3-DpFzgoGy.jpg                  175.56 kB
dist/assets/meerShinyDress-C8scZpYx.webp         229.68 kB
dist/assets/meerGreenJacket-ykCKR2uN.png         230.19 kB
dist/assets/arabic-BElshnQY.jpg                  238.42 kB
dist/assets/wasim-ETjjiRaD.jpg                   242.26 kB
dist/assets/salman-DD3Zraly.jpg                  255.18 kB
dist/assets/fahad-CnovJc60.jpg                   278.62 kB
dist/assets/tech-BdWyL5Pa.jpg                    281.71 kB
dist/assets/dubai-Bmqq4ymj.jpg                   311.77 kB
dist/assets/wasimAkramBg-D4BFEYu1.png            313.57 kB
dist/assets/wasimAkram-CBOcRO9q.png            4,488.96 kB
dist/assets/index-BjuG-e1g.css                   128.46 kB │ gzip:  17.57 kB
dist/assets/check-DW6kWSli.js                      0.29 kB │ gzip:   0.24 kB
dist/assets/chevron-down-tPc_9sm0.js               0.30 kB │ gzip:   0.25 kB
dist/assets/plus-BgrUYeLs.js                       0.33 kB │ gzip:   0.25 kB
dist/assets/circle-check-B7MpPQxh.js               0.35 kB │ gzip:   0.27 kB
dist/assets/trending-up-DtS8NJpS.js                0.35 kB │ gzip:   0.27 kB
dist/assets/ban-qjdcG56x.js                        0.35 kB │ gzip:   0.28 kB
dist/assets/circle-check-big-23QUU6Hy.js           0.36 kB │ gzip:   0.28 kB
dist/assets/info-CVclLzFu.js                       0.37 kB │ gzip:   0.28 kB
dist/assets/mail-CWPj4Sif.js                       0.39 kB │ gzip:   0.31 kB
dist/assets/briefcase-BMjuks8S.js                  0.39 kB │ gzip:   0.30 kB
dist/assets/log-in-CrxLC_GZ.js                     0.40 kB │ gzip:   0.29 kB
dist/assets/download-BHD-HtVQ.js                   0.41 kB │ gzip:   0.30 kB
dist/assets/message-square-D211M-s2.js             0.41 kB │ gzip:   0.31 kB
dist/assets/globe-CX9Isvho.js                      0.41 kB │ gzip:   0.29 kB
dist/assets/circle-alert-B9CNfvjG.js               0.42 kB │ gzip:   0.29 kB
dist/assets/eye-DFAAJqde.js                        0.42 kB │ gzip:   0.30 kB
dist/assets/map-pin-BZLxK2lP.js                    0.43 kB │ gzip:   0.33 kB
dist/assets/link-BojRVzcD.js                       0.43 kB │ gzip:   0.30 kB
dist/assets/pencil-BfGtaqWb.js                     0.45 kB │ gzip:   0.33 kB
dist/assets/box-PgyxNdo2.js                        0.48 kB │ gzip:   0.33 kB
dist/assets/user-plus-2RvTTB7i.js                  0.48 kB │ gzip:   0.34 kB
dist/assets/shield-check-Cpnl0weC.js               0.49 kB │ gzip:   0.35 kB
dist/assets/square-pen-6Gz5C5Wj.js                 0.49 kB │ gzip:   0.34 kB
dist/assets/phone-CMpzuv4v.js                      0.50 kB │ gzip:   0.33 kB
dist/assets/trash-2-DYIfBDeS.js                    0.50 kB │ gzip:   0.32 kB
dist/assets/file-text-qu1ya6S1.js                  0.51 kB │ gzip:   0.32 kB
dist/assets/sparkles-9uYLhoDg.js                   0.67 kB │ gzip:   0.39 kB
dist/assets/label-Cefgjwyz.js                      0.89 kB │ gzip:   0.55 kB
dist/assets/InfoBox-Db_w4EgN.js                    0.91 kB │ gzip:   0.46 kB
dist/assets/textarea-BHNB7AXs.js                   0.96 kB │ gzip:   0.54 kB
dist/assets/ToggleChips-C5BKn-Qd.js                1.12 kB │ gzip:   0.64 kB
dist/assets/input-B4u-sxi6.js                      1.14 kB │ gzip:   0.66 kB
dist/assets/card-6T3IrQge.js                       1.18 kB │ gzip:   0.46 kB
dist/assets/target-B9ai2cC7.js                     1.56 kB │ gzip:   0.56 kB
dist/assets/useDebounce-ggyQotfE.js                1.62 kB │ gzip:   0.69 kB
dist/assets/index-CqB212Fh.js                      1.73 kB │ gzip:   0.81 kB
dist/assets/toolbar-COSZYSlp.js                    1.86 kB │ gzip:   0.86 kB
dist/assets/topCards-BHfnX1Ig.js                   2.01 kB │ gzip:   0.93 kB
dist/assets/index-DNccZqnN.js                      2.07 kB │ gzip:   0.92 kB
dist/assets/ForgotPassword-CdsXrU-F.js             2.21 kB │ gzip:   1.10 kB
dist/assets/ImageUploader-CUg6qup_.js              2.26 kB │ gzip:   1.13 kB
dist/assets/ResetPassword-D9ByfGTp.js              2.44 kB │ gzip:   1.08 kB
dist/assets/AuthCallback-BH2brGaA.js               2.47 kB │ gzip:   1.24 kB
dist/assets/FileUploader-BaWSpQN7.js               3.02 kB │ gzip:   1.35 kB
dist/assets/index-BwQ8KnTx.js                      3.07 kB │ gzip:   1.47 kB
dist/assets/index-CxF-Esnb.js                      3.21 kB │ gzip:   1.60 kB
dist/assets/index-B_hY9Qxp.js                      3.27 kB │ gzip:   1.59 kB
dist/assets/index-Be7cLaQB.js                      3.40 kB │ gzip:   1.62 kB
dist/assets/SelectRole-CFkqMnup.js                 3.69 kB │ gzip:   1.68 kB
dist/assets/index-5lvIo_hD.js                      3.98 kB │ gzip:   1.50 kB
dist/assets/index-CBNnW9wV.js                      4.05 kB │ gzip:   1.60 kB
dist/assets/index-pNn115-o.js                      4.05 kB │ gzip:   1.60 kB
dist/assets/index-SM4nkjYv.js                      4.05 kB │ gzip:   1.60 kB
dist/assets/LegalModal-CwckzRYM.js                 4.09 kB │ gzip:   2.01 kB
dist/assets/checkbox-BPEPZo8O.js                   4.11 kB │ gzip:   1.80 kB
dist/assets/index-zYyqfN7v.js                      4.18 kB │ gzip:   2.04 kB
dist/assets/index-DcOHO4y2.js                      4.19 kB │ gzip:   2.04 kB
dist/assets/Dashboard-CtfGKlPz.js                  4.25 kB │ gzip:   1.44 kB
dist/assets/SignUp-CiGCD98Z.js                     4.25 kB │ gzip:   1.67 kB
dist/assets/Dashboard-ByqQqajL.js                  4.26 kB │ gzip:   1.45 kB
dist/assets/Stepper-BJtWskjE.js                    4.66 kB │ gzip:   2.03 kB
dist/assets/index-D4aVQJzm.js                      4.85 kB │ gzip:   2.03 kB
dist/assets/ContactSupport-kMKYxtU5.js             4.96 kB │ gzip:   2.04 kB
dist/assets/Login-qSwervt6.js                      5.08 kB │ gzip:   2.15 kB
dist/assets/Tabs-CgtTuQ2h.js                       5.77 kB │ gzip:   2.03 kB
dist/assets/VerifyUserEmail-BkQn1bxG.js            5.92 kB │ gzip:   2.12 kB
dist/assets/Profile-CI1xUfJV.js                    6.95 kB │ gzip:   2.20 kB
dist/assets/index-yx8TWjiw.js                      7.14 kB │ gzip:   2.94 kB
dist/assets/index-BMjTUqLr.js                      8.17 kB │ gzip:   3.17 kB
dist/assets/dialog-BGRcf4ig.js                     8.41 kB │ gzip:   3.24 kB
dist/assets/index-D-s-9PVG.js                      9.18 kB │ gzip:   3.77 kB
dist/assets/index-BZHf-iDc.js                      9.46 kB │ gzip:   3.58 kB
dist/assets/Header-7QBp4Cpo.js                    11.07 kB │ gzip:   3.46 kB
dist/assets/EditFounder-BjWyrRD9.js               16.73 kB │ gzip:   4.01 kB
dist/assets/EditInvestor-BaagWHs1.js              17.10 kB │ gzip:   4.17 kB
dist/assets/CreateNewBatch-DpgvTiL7.js            17.37 kB │ gzip:   4.42 kB
dist/assets/index-DASbZsdX.js                     17.79 kB │ gzip:   5.11 kB
dist/assets/index-v2rQbM2o.js                     18.80 kB │ gzip:   6.16 kB
dist/assets/index-LokQK3AU.js                     20.22 kB │ gzip:   5.41 kB
dist/assets/select-3eHlLTIQ.js                    21.30 kB │ gzip:   7.63 kB
dist/assets/index-wv-NckPO.js                     24.76 kB │ gzip:   8.99 kB
dist/assets/index-OtRF0qdM.js                     30.18 kB │ gzip:  11.61 kB
dist/assets/table-B-OLH70H.js                     42.22 kB │ gzip:  11.99 kB
dist/assets/ViewCallLogsModal-BYZJrEc6.js         82.14 kB │ gzip:  24.80 kB
dist/assets/Landing-BNhPcX6T.js                  136.33 kB │ gzip:  48.77 kB
dist/assets/index-D8neOP4b.js                    746.32 kB │ gzip: 225.67 kB
dist/assets/index-ifX1zO0X.js                    892.05 kB │ gzip: 260.22 kB

(!) Some chunks are larger than 500 kB after minification. Consider:
- Using dynamic import() to code-split the application
- Use build.rollupOptions.output.manualChunks to improve chunking: https://rollupjs.org/configuration-options/#output-manualchunks
- Adjust chunk size limit for this warning via build.chunkSizeWarningLimit.
✓ built in 10.88s
Packaging build...
  adding: favicon.ico (deflated 13%)
  adding: assets/ (stored 0%)
  adding: assets/irfanMalikBg-D4osmO_C.jpg (deflated 1%)
  adding: assets/meerGreenJacket-ykCKR2uN.png (deflated 0%)
  adding: assets/shakeelBg-NX99JDrP.jpg (deflated 0%)
  adding: assets/meerShinyDress-C8scZpYx.webp (deflated 0%)
  adding: assets/akhtar-qLBVRLf-.jpg (deflated 1%)
  adding: assets/wasimAkramBg-D4BFEYu1.png (deflated 0%)
  adding: assets/arabic-BElshnQY.jpg (deflated 0%)
  adding: assets/dubai-Bmqq4ymj.jpg (deflated 0%)
  adding: assets/handShake-Dk1DoagP.webp (deflated 0%)
  adding: assets/salman-DD3Zraly.jpg (deflated 0%)
  adding: assets/fahad-CnovJc60.jpg (deflated 0%)
  adding: assets/tech-BdWyL5Pa.jpg (deflated 0%)
  adding: assets/placeholderMan-BvremNML.png (deflated 3%)
  adding: assets/rectanglePlaceholder-nCbViREl.png (deflated 31%)
  adding: assets/wasim-ETjjiRaD.jpg (deflated 0%)
  adding: assets/Fav-BPcykgsi.png (deflated 5%)
  adding: assets/MainLogo-DJpFhlQE.png (deflated 4%)
  adding: assets/tower2-LuqAcWCu.jpg (deflated 2%)
  adding: assets/tower-gldBe0jJ.webp (deflated 0%)
  adding: assets/tower3-DpFzgoGy.jpg (deflated 0%)
  adding: assets/wasimAkram-CBOcRO9q.png (deflated 1%)
  adding: assets/index-BjuG-e1g.css (deflated 86%)
  adding: assets/index-D8neOP4b.js (deflated 70%)
  adding: assets/Landing-BNhPcX6T.js (deflated 64%)
  adding: assets/index-CxF-Esnb.js (deflated 50%)
  adding: assets/index-BwQ8KnTx.js (deflated 53%)
  adding: assets/index-Be7cLaQB.js (deflated 53%)
  adding: assets/index-B_hY9Qxp.js (deflated 52%)
  adding: assets/Header-7QBp4Cpo.js (deflated 69%)
  adding: assets/SignUp-CiGCD98Z.js (deflated 61%)
  adding: assets/ForgotPassword-CdsXrU-F.js (deflated 51%)
  adding: assets/VerifyUserEmail-BkQn1bxG.js (deflated 64%)
  adding: assets/ResetPassword-D9ByfGTp.js (deflated 56%)
  adding: assets/ContactSupport-kMKYxtU5.js (deflated 59%)
  adding: assets/AuthCallback-BH2brGaA.js (deflated 50%)
  adding: assets/SelectRole-CFkqMnup.js (deflated 55%)
  adding: assets/Login-qSwervt6.js (deflated 58%)
  adding: assets/index-CqB212Fh.js (deflated 53%)
  adding: assets/index-ifX1zO0X.js (deflated 71%)
  adding: assets/Profile-CI1xUfJV.js (deflated 69%)
  adding: assets/index-yx8TWjiw.js (deflated 59%)
  adding: assets/index-BMjTUqLr.js (deflated 61%)
  adding: assets/box-PgyxNdo2.js (deflated 36%)
  adding: assets/EditInvestor-BaagWHs1.js (deflated 76%)
  adding: assets/index-BZHf-iDc.js (deflated 62%)
  adding: assets/globe-CX9Isvho.js (deflated 33%)
  adding: assets/ViewCallLogsModal-BYZJrEc6.js (deflated 70%)
  adding: assets/label-Cefgjwyz.js (deflated 40%)
  adding: assets/EditFounder-BjWyrRD9.js (deflated 76%)
  adding: assets/index-D-s-9PVG.js (deflated 59%)
  adding: assets/index-v2rQbM2o.js (deflated 67%)
  adding: assets/user-plus-2RvTTB7i.js (deflated 34%)
  adding: assets/log-in-CrxLC_GZ.js (deflated 32%)
  adding: assets/ban-qjdcG56x.js (deflated 26%)
  adding: assets/phone-CMpzuv4v.js (deflated 37%)
  adding: assets/InfoBox-Db_w4EgN.js (deflated 51%)
  adding: assets/pencil-BfGtaqWb.js (deflated 31%)
  adding: assets/shield-check-Cpnl0weC.js (deflated 32%)
  adding: assets/index-5lvIo_hD.js (deflated 63%)
  adding: assets/index-D4aVQJzm.js (deflated 58%)
  adding: assets/useDebounce-ggyQotfE.js (deflated 59%)
  adding: assets/CreateNewBatch-DpgvTiL7.js (deflated 75%)
  adding: assets/sparkles-9uYLhoDg.js (deflated 45%)
  adding: assets/circle-check-B7MpPQxh.js (deflated 27%)
  adding: assets/map-pin-BZLxK2lP.js (deflated 28%)
  adding: assets/briefcase-BMjuks8S.js (deflated 28%)
  adding: assets/info-CVclLzFu.js (deflated 30%)
  adding: assets/message-square-D211M-s2.js (deflated 29%)
  adding: assets/mail-CWPj4Sif.js (deflated 26%)
  adding: assets/table-B-OLH70H.js (deflated 72%)
  adding: assets/circle-alert-B9CNfvjG.js (deflated 36%)
  adding: assets/Dashboard-CtfGKlPz.js (deflated 67%)
  adding: assets/index-DASbZsdX.js (deflated 71%)
  adding: assets/ToggleChips-C5BKn-Qd.js (deflated 44%)
  adding: assets/index-zYyqfN7v.js (deflated 52%)
  adding: assets/index-CBNnW9wV.js (deflated 61%)
  adding: assets/index-pNn115-o.js (deflated 61%)
  adding: assets/Dashboard-ByqQqajL.js (deflated 66%)
  adding: assets/target-B9ai2cC7.js (deflated 65%)
  adding: assets/trending-up-DtS8NJpS.js (deflated 26%)
  adding: assets/LegalModal-CwckzRYM.js (deflated 52%)
  adding: assets/dialog-BGRcf4ig.js (deflated 62%)
  adding: assets/download-BHD-HtVQ.js (deflated 31%)
  adding: assets/index-wv-NckPO.js (deflated 64%)
  adding: assets/index-DNccZqnN.js (deflated 56%)
  adding: assets/input-B4u-sxi6.js (deflated 44%)
  adding: assets/circle-check-big-23QUU6Hy.js (deflated 26%)
  adding: assets/FileUploader-BaWSpQN7.js (deflated 56%)
  adding: assets/select-3eHlLTIQ.js (deflated 64%)
  adding: assets/textarea-BHNB7AXs.js (deflated 45%)
  adding: assets/link-BojRVzcD.js (deflated 34%)
  adding: assets/eye-DFAAJqde.js (deflated 33%)
  adding: assets/trash-2-DYIfBDeS.js (deflated 40%)
  adding: assets/chevron-down-tPc_9sm0.js (deflated 24%)
  adding: assets/check-DW6kWSli.js (deflated 22%)
  adding: assets/index-OtRF0qdM.js (deflated 62%)
  adding: assets/topCards-BHfnX1Ig.js (deflated 54%)
  adding: assets/card-6T3IrQge.js (deflated 62%)
  adding: assets/ImageUploader-CUg6qup_.js (deflated 51%)
  adding: assets/toolbar-COSZYSlp.js (deflated 55%)
  adding: assets/square-pen-6Gz5C5Wj.js (deflated 35%)
  adding: assets/checkbox-BPEPZo8O.js (deflated 57%)
  adding: assets/plus-BgrUYeLs.js (deflated 28%)
  adding: assets/file-text-qu1ya6S1.js (deflated 40%)
  adding: assets/Tabs-CgtTuQ2h.js (deflated 65%)
  adding: assets/Stepper-BJtWskjE.js (deflated 57%)
  adding: assets/index-LokQK3AU.js (deflated 73%)
  adding: assets/index-SM4nkjYv.js (deflated 61%)
  adding: assets/index-DcOHO4y2.js (deflated 52%)
  adding: index.html (deflated 53%)
Saving Lightsail SSH key...
Uploading build to Lightsail...
Warning: Permanently added '15.207.22.250' (ED25519) to the list of known hosts.
Deploying build to /var/www/html ...
Archive:  /home/ubuntu/react-build.zip
  inflating: /var/www/html/favicon.ico  
   creating: /var/www/html/assets/
  inflating: /var/www/html/assets/irfanMalikBg-D4osmO_C.jpg  
  inflating: /var/www/html/assets/meerGreenJacket-ykCKR2uN.png  
  inflating: /var/www/html/assets/shakeelBg-NX99JDrP.jpg  
  inflating: /var/www/html/assets/meerShinyDress-C8scZpYx.webp  
  inflating: /var/www/html/assets/akhtar-qLBVRLf-.jpg  
  inflating: /var/www/html/assets/wasimAkramBg-D4BFEYu1.png  
  inflating: /var/www/html/assets/arabic-BElshnQY.jpg  
  inflating: /var/www/html/assets/dubai-Bmqq4ymj.jpg  
  inflating: /var/www/html/assets/handShake-Dk1DoagP.webp  
  inflating: /var/www/html/assets/salman-DD3Zraly.jpg  
  inflating: /var/www/html/assets/fahad-CnovJc60.jpg  
  inflating: /var/www/html/assets/tech-BdWyL5Pa.jpg  
  inflating: /var/www/html/assets/placeholderMan-BvremNML.png  
  inflating: /var/www/html/assets/rectanglePlaceholder-nCbViREl.png  
  inflating: /var/www/html/assets/wasim-ETjjiRaD.jpg  
  inflating: /var/www/html/assets/Fav-BPcykgsi.png  
  inflating: /var/www/html/assets/MainLogo-DJpFhlQE.png  
  inflating: /var/www/html/assets/tower2-LuqAcWCu.jpg  
  inflating: /var/www/html/assets/tower-gldBe0jJ.webp  
  inflating: /var/www/html/assets/tower3-DpFzgoGy.jpg  
  inflating: /var/www/html/assets/wasimAkram-CBOcRO9q.png  
  inflating: /var/www/html/assets/index-BjuG-e1g.css  
  inflating: /var/www/html/assets/index-D8neOP4b.js  
  inflating: /var/www/html/assets/Landing-BNhPcX6T.js  
  inflating: /var/www/html/assets/index-CxF-Esnb.js  
  inflating: /var/www/html/assets/index-BwQ8KnTx.js  
  inflating: /var/www/html/assets/index-Be7cLaQB.js  
  inflating: /var/www/html/assets/index-B_hY9Qxp.js  
  inflating: /var/www/html/assets/Header-7QBp4Cpo.js  
  inflating: /var/www/html/assets/SignUp-CiGCD98Z.js  
  inflating: /var/www/html/assets/ForgotPassword-CdsXrU-F.js  
  inflating: /var/www/html/assets/VerifyUserEmail-BkQn1bxG.js  
  inflating: /var/www/html/assets/ResetPassword-D9ByfGTp.js  
  inflating: /var/www/html/assets/ContactSupport-kMKYxtU5.js  
  inflating: /var/www/html/assets/AuthCallback-BH2brGaA.js  
  inflating: /var/www/html/assets/SelectRole-CFkqMnup.js  
  inflating: /var/www/html/assets/Login-qSwervt6.js  
  inflating: /var/www/html/assets/index-CqB212Fh.js  
  inflating: /var/www/html/assets/index-ifX1zO0X.js  
  inflating: /var/www/html/assets/Profile-CI1xUfJV.js  
  inflating: /var/www/html/assets/index-yx8TWjiw.js  
  inflating: /var/www/html/assets/index-BMjTUqLr.js  
  inflating: /var/www/html/assets/box-PgyxNdo2.js  
  inflating: /var/www/html/assets/EditInvestor-BaagWHs1.js  
  inflating: /var/www/html/assets/index-BZHf-iDc.js  
  inflating: /var/www/html/assets/globe-CX9Isvho.js  
  inflating: /var/www/html/assets/ViewCallLogsModal-BYZJrEc6.js  
  inflating: /var/www/html/assets/label-Cefgjwyz.js  
  inflating: /var/www/html/assets/EditFounder-BjWyrRD9.js  
  inflating: /var/www/html/assets/index-D-s-9PVG.js  
  inflating: /var/www/html/assets/index-v2rQbM2o.js  
  inflating: /var/www/html/assets/user-plus-2RvTTB7i.js  
  inflating: /var/www/html/assets/log-in-CrxLC_GZ.js  
  inflating: /var/www/html/assets/ban-qjdcG56x.js  
  inflating: /var/www/html/assets/phone-CMpzuv4v.js  
  inflating: /var/www/html/assets/InfoBox-Db_w4EgN.js  
  inflating: /var/www/html/assets/pencil-BfGtaqWb.js  
  inflating: /var/www/html/assets/shield-check-Cpnl0weC.js  
  inflating: /var/www/html/assets/index-5lvIo_hD.js  
  inflating: /var/www/html/assets/index-D4aVQJzm.js  
  inflating: /var/www/html/assets/useDebounce-ggyQotfE.js  
  inflating: /var/www/html/assets/CreateNewBatch-DpgvTiL7.js  
  inflating: /var/www/html/assets/sparkles-9uYLhoDg.js  
  inflating: /var/www/html/assets/circle-check-B7MpPQxh.js  
  inflating: /var/www/html/assets/map-pin-BZLxK2lP.js  
  inflating: /var/www/html/assets/briefcase-BMjuks8S.js  
  inflating: /var/www/html/assets/info-CVclLzFu.js  
  inflating: /var/www/html/assets/message-square-D211M-s2.js  
  inflating: /var/www/html/assets/mail-CWPj4Sif.js  
  inflating: /var/www/html/assets/table-B-OLH70H.js  
  inflating: /var/www/html/assets/circle-alert-B9CNfvjG.js  
  inflating: /var/www/html/assets/Dashboard-CtfGKlPz.js  
  inflating: /var/www/html/assets/index-DASbZsdX.js  
  inflating: /var/www/html/assets/ToggleChips-C5BKn-Qd.js  
  inflating: /var/www/html/assets/index-zYyqfN7v.js  
  inflating: /var/www/html/assets/index-CBNnW9wV.js  
  inflating: /var/www/html/assets/index-pNn115-o.js  
  inflating: /var/www/html/assets/Dashboard-ByqQqajL.js  
  inflating: /var/www/html/assets/target-B9ai2cC7.js  
  inflating: /var/www/html/assets/trending-up-DtS8NJpS.js  
  inflating: /var/www/html/assets/LegalModal-CwckzRYM.js  
  inflating: /var/www/html/assets/dialog-BGRcf4ig.js  
  inflating: /var/www/html/assets/download-BHD-HtVQ.js  
  inflating: /var/www/html/assets/index-wv-NckPO.js  
  inflating: /var/www/html/assets/index-DNccZqnN.js  
  inflating: /var/www/html/assets/input-B4u-sxi6.js  
  inflating: /var/www/html/assets/circle-check-big-23QUU6Hy.js  
  inflating: /var/www/html/assets/FileUploader-BaWSpQN7.js  
  inflating: /var/www/html/assets/select-3eHlLTIQ.js  
  inflating: /var/www/html/assets/textarea-BHNB7AXs.js  
  inflating: /var/www/html/assets/link-BojRVzcD.js  
  inflating: /var/www/html/assets/eye-DFAAJqde.js  
  inflating: /var/www/html/assets/trash-2-DYIfBDeS.js  
  inflating: /var/www/html/assets/chevron-down-tPc_9sm0.js  
  inflating: /var/www/html/assets/check-DW6kWSli.js  
  inflating: /var/www/html/assets/index-OtRF0qdM.js  
  inflating: /var/www/html/assets/topCards-BHfnX1Ig.js  
  inflating: /var/www/html/assets/card-6T3IrQge.js  
  inflating: /var/www/html/assets/ImageUploader-CUg6qup_.js  
  inflating: /var/www/html/assets/toolbar-COSZYSlp.js  
  inflating: /var/www/html/assets/square-pen-6Gz5C5Wj.js  
  inflating: /var/www/html/assets/checkbox-BPEPZo8O.js  
  inflating: /var/www/html/assets/plus-BgrUYeLs.js  
  inflating: /var/www/html/assets/file-text-qu1ya6S1.js  
  inflating: /var/www/html/assets/Tabs-CgtTuQ2h.js  
  inflating: /var/www/html/assets/Stepper-BJtWskjE.js  
  inflating: /var/www/html/assets/index-LokQK3AU.js  
  inflating: /var/www/html/assets/index-SM4nkjYv.js  
  inflating: /var/www/html/assets/index-DcOHO4y2.js  
  inflating: /var/www/html/index.html  
Saving Git logs repo SSH key...
Testing GitHub SSH key...
Cloning deployment-logs repo...
Cloning into 'logs-repo'...
