Installing dependencies...

added 436 packages, and audited 437 packages in 14s

129 packages are looking for funding
  run `npm fund` for details

1 high severity vulnerability

Some issues need review, and may require choosing
a different dependency.

Run `npm audit` for details.
Building React app...

> boilerplate-code-react-js@0.0.0 build
> vite build

vite v7.1.11 building for production...
transforming...
✓ 2902 modules transformed.
rendering chunks...
computing gzip size...
dist/index.html                                    2.18 kB │ gzip:   1.05 kB
dist/assets/rectanglePlaceholder-nCbViREl.png     11.85 kB
dist/assets/irfanMalikBg-D4osmO_C.jpg             24.66 kB
dist/assets/placeholderMan-BvremNML.png           36.64 kB
dist/assets/handShake-Dk1DoagP.webp               65.18 kB
dist/assets/tower-gldBe0jJ.webp                   66.16 kB
dist/assets/tower2-LuqAcWCu.jpg                   72.52 kB
dist/assets/shakeelBg-NX99JDrP.jpg               143.15 kB
dist/assets/MainLogo-DJpFhlQE.png                144.86 kB
dist/assets/Fav-BPcykgsi.png                     147.34 kB
dist/assets/akhtar-qLBVRLf-.jpg                  173.92 kB
dist/assets/tower3-DpFzgoGy.jpg                  175.56 kB
dist/assets/meerShinyDress-C8scZpYx.webp         229.68 kB
dist/assets/meerGreenJacket-ykCKR2uN.png         230.19 kB
dist/assets/arabic-BElshnQY.jpg                  238.42 kB
dist/assets/wasim-ETjjiRaD.jpg                   242.26 kB
dist/assets/salman-DD3Zraly.jpg                  255.18 kB
dist/assets/fahad-CnovJc60.jpg                   278.62 kB
dist/assets/tech-BdWyL5Pa.jpg                    281.71 kB
dist/assets/dubai-Bmqq4ymj.jpg                   311.77 kB
dist/assets/wasimAkramBg-D4BFEYu1.png            313.57 kB
dist/assets/wasimAkram-CBOcRO9q.png            4,488.96 kB
dist/assets/index-DX4TTuru.css                   128.82 kB │ gzip:  17.63 kB
dist/assets/check-CEgsEXDK.js                      0.29 kB │ gzip:   0.24 kB
dist/assets/chevron-down-M313ukA9.js               0.30 kB │ gzip:   0.25 kB
dist/assets/plus-H5lV_E9g.js                       0.33 kB │ gzip:   0.25 kB
dist/assets/circle-check-nAEHz-oU.js               0.35 kB │ gzip:   0.27 kB
dist/assets/trending-up-CecZ8YCp.js                0.35 kB │ gzip:   0.28 kB
dist/assets/ban-Dn1bceHM.js                        0.35 kB │ gzip:   0.28 kB
dist/assets/circle-check-big-C0UYEqzc.js           0.36 kB │ gzip:   0.28 kB
dist/assets/info-CMOhP5w4.js                       0.37 kB │ gzip:   0.28 kB
dist/assets/mail-ESoeAMyj.js                       0.39 kB │ gzip:   0.31 kB
dist/assets/briefcase-D24oxJv6.js                  0.39 kB │ gzip:   0.30 kB
dist/assets/log-in-gva-xha2.js                     0.40 kB │ gzip:   0.29 kB
dist/assets/download-CYAmVVlW.js                   0.41 kB │ gzip:   0.30 kB
dist/assets/message-square-C1p9f4Oi.js             0.41 kB │ gzip:   0.31 kB
dist/assets/globe-COwfADX_.js                      0.41 kB │ gzip:   0.30 kB
dist/assets/circle-alert-B9eG3enb.js               0.42 kB │ gzip:   0.30 kB
dist/assets/eye-Eqy40mTU.js                        0.42 kB │ gzip:   0.30 kB
dist/assets/map-pin-Gyu-xqqs.js                    0.43 kB │ gzip:   0.33 kB
dist/assets/link-DAZ1Lo2G.js                       0.43 kB │ gzip:   0.30 kB
dist/assets/pencil-C7igGdfh.js                     0.45 kB │ gzip:   0.33 kB
dist/assets/box-BpsSyBUU.js                        0.48 kB │ gzip:   0.33 kB
dist/assets/user-plus-B4Kktb93.js                  0.48 kB │ gzip:   0.34 kB
dist/assets/shield-check-B7v0k15e.js               0.49 kB │ gzip:   0.36 kB
dist/assets/square-pen-DRPT3w9Y.js                 0.49 kB │ gzip:   0.34 kB
dist/assets/phone-DXvv0zKn.js                      0.50 kB │ gzip:   0.33 kB
dist/assets/trash-2-BgBaiBhK.js                    0.50 kB │ gzip:   0.32 kB
dist/assets/file-text-DKtksX_3.js                  0.51 kB │ gzip:   0.32 kB
dist/assets/sparkles-JyE4_j2i.js                   0.67 kB │ gzip:   0.39 kB
dist/assets/label-Dxwwnnj4.js                      0.89 kB │ gzip:   0.55 kB
dist/assets/InfoBox-BZ0MCVXX.js                    0.91 kB │ gzip:   0.46 kB
dist/assets/textarea-BaiaK9CQ.js                   0.96 kB │ gzip:   0.54 kB
dist/assets/ToggleChips-DNkzvApC.js                1.12 kB │ gzip:   0.64 kB
dist/assets/input-BJ7IY8f6.js                      1.14 kB │ gzip:   0.66 kB
dist/assets/card-BI8kE1Vt.js                       1.18 kB │ gzip:   0.46 kB
dist/assets/target-DO7O0Q76.js                     1.56 kB │ gzip:   0.55 kB
dist/assets/useDebounce-kRC_a0HK.js                1.62 kB │ gzip:   0.69 kB
dist/assets/index-DxlVYT98.js                      1.73 kB │ gzip:   0.81 kB
dist/assets/toolbar-C8kqBzq9.js                    1.86 kB │ gzip:   0.86 kB
dist/assets/topCards-CTLOI0Fu.js                   2.01 kB │ gzip:   0.93 kB
dist/assets/index-BDogsJYY.js                      2.07 kB │ gzip:   0.92 kB
dist/assets/ForgotPassword-Ch3yve_w.js             2.21 kB │ gzip:   1.11 kB
dist/assets/ImageUploader-C7MVWsXE.js              2.26 kB │ gzip:   1.13 kB
dist/assets/ResetPassword-s-Ii7ViD.js              2.44 kB │ gzip:   1.09 kB
dist/assets/AuthCallback-BE48TfV4.js               2.70 kB │ gzip:   1.29 kB
dist/assets/FileUploader-CErkwKvY.js               3.02 kB │ gzip:   1.35 kB
dist/assets/index-67OJ9PMS.js                      3.07 kB │ gzip:   1.46 kB
dist/assets/index-C3sRN_J4.js                      3.21 kB │ gzip:   1.60 kB
dist/assets/index-BSbdbshS.js                      3.27 kB │ gzip:   1.59 kB
dist/assets/index-ityEi_rq.js                      3.40 kB │ gzip:   1.62 kB
dist/assets/SelectRole-DVfBaBKm.js                 3.76 kB │ gzip:   1.73 kB
dist/assets/index-Coicm9mH.js                      3.98 kB │ gzip:   1.50 kB
dist/assets/index-ByS9SZvK.js                      4.05 kB │ gzip:   1.61 kB
dist/assets/index-BkleIKzF.js                      4.05 kB │ gzip:   1.61 kB
dist/assets/index-Cf9z_l6Q.js                      4.05 kB │ gzip:   1.61 kB
dist/assets/LegalModal-DVpDiYQ4.js                 4.09 kB │ gzip:   2.01 kB
dist/assets/checkbox-Dm8eZ5y0.js                   4.11 kB │ gzip:   1.80 kB
dist/assets/index-ChPMgLD2.js                      4.18 kB │ gzip:   2.05 kB
dist/assets/index-CAedbKnw.js                      4.19 kB │ gzip:   2.05 kB
dist/assets/Dashboard-D_9BZ43T.js                  4.25 kB │ gzip:   1.45 kB
dist/assets/Dashboard-Cza-BASV.js                  4.26 kB │ gzip:   1.45 kB
dist/assets/SignUp-B5r2waXO.js                     4.42 kB │ gzip:   1.78 kB
dist/assets/Stepper-DAsWe7qg.js                    4.66 kB │ gzip:   2.03 kB
dist/assets/ContactSupport-2iaDFC4_.js             4.96 kB │ gzip:   2.05 kB
dist/assets/Login-BHX72mwh.js                      5.08 kB │ gzip:   2.15 kB
dist/assets/Tabs-Dng3UnOr.js                       5.77 kB │ gzip:   2.03 kB
dist/assets/VerifyUserEmail-DAE2UOKu.js            5.95 kB │ gzip:   2.13 kB
dist/assets/Profile-DIYA6Dal.js                    7.07 kB │ gzip:   2.25 kB
dist/assets/index-CA2u3Wyu.js                      7.64 kB │ gzip:   3.13 kB
dist/assets/dialog-ot2q8F34.js                     8.41 kB │ gzip:   3.24 kB
dist/assets/index-CDSoCdbd.js                      8.53 kB │ gzip:   3.33 kB
dist/assets/index-BTW-mA41.js                      8.55 kB │ gzip:   3.15 kB
dist/assets/index-uNCK1oSv.js                      9.54 kB │ gzip:   3.92 kB
dist/assets/index-Ww1woO-e.js                      9.73 kB │ gzip:   3.72 kB
dist/assets/Header-Cw7_fd-D.js                    11.07 kB │ gzip:   3.46 kB
dist/assets/EditFounder-CEfo6xLe.js               16.87 kB │ gzip:   4.06 kB
dist/assets/EditInvestor-CxeFEE1k.js              17.26 kB │ gzip:   4.22 kB
dist/assets/index-C6ofrFla.js                     17.85 kB │ gzip:   5.14 kB
dist/assets/CreateNewBatch-CIwhkUUz.js            18.26 kB │ gzip:   4.50 kB
dist/assets/index-B0jd6roL.js                     19.29 kB │ gzip:   6.33 kB
dist/assets/index-CmlMQSzP.js                     20.28 kB │ gzip:   5.43 kB
dist/assets/select-BD6B5r0F.js                    21.30 kB │ gzip:   7.64 kB
dist/assets/index-BYVjqnIY.js                     24.76 kB │ gzip:   8.98 kB
dist/assets/index-DXF7ybKp.js                     30.18 kB │ gzip:  11.61 kB
dist/assets/table-ClaTsQ2L.js                     44.52 kB │ gzip:  12.63 kB
dist/assets/ViewCallLogsModal-Bd6KToQO.js         82.14 kB │ gzip:  24.80 kB
dist/assets/Landing-Lc4qq2IX.js                  136.53 kB │ gzip:  48.81 kB
dist/assets/index-DSfAwk2R.js                    746.88 kB │ gzip: 225.65 kB
dist/assets/index-Dmc5VHmS.js                    892.41 kB │ gzip: 260.32 kB

(!) Some chunks are larger than 500 kB after minification. Consider:
- Using dynamic import() to code-split the application
- Use build.rollupOptions.output.manualChunks to improve chunking: https://rollupjs.org/configuration-options/#output-manualchunks
- Adjust chunk size limit for this warning via build.chunkSizeWarningLimit.
✓ built in 14.86s
Packaging build...
  adding: favicon.ico (deflated 13%)
  adding: assets/ (stored 0%)
  adding: assets/irfanMalikBg-D4osmO_C.jpg (deflated 1%)
  adding: assets/shakeelBg-NX99JDrP.jpg (deflated 0%)
  adding: assets/meerShinyDress-C8scZpYx.webp (deflated 0%)
  adding: assets/meerGreenJacket-ykCKR2uN.png (deflated 0%)
  adding: assets/wasimAkramBg-D4BFEYu1.png (deflated 0%)
  adding: assets/akhtar-qLBVRLf-.jpg (deflated 1%)
  adding: assets/arabic-BElshnQY.jpg (deflated 0%)
  adding: assets/dubai-Bmqq4ymj.jpg (deflated 0%)
  adding: assets/handShake-Dk1DoagP.webp (deflated 0%)
  adding: assets/salman-DD3Zraly.jpg (deflated 0%)
  adding: assets/fahad-CnovJc60.jpg (deflated 0%)
  adding: assets/placeholderMan-BvremNML.png (deflated 3%)
  adding: assets/tech-BdWyL5Pa.jpg (deflated 0%)
  adding: assets/wasim-ETjjiRaD.jpg (deflated 0%)
  adding: assets/MainLogo-DJpFhlQE.png (deflated 4%)
  adding: assets/tower-gldBe0jJ.webp (deflated 0%)
  adding: assets/tower2-LuqAcWCu.jpg (deflated 2%)
  adding: assets/tower3-DpFzgoGy.jpg (deflated 0%)
  adding: assets/Fav-BPcykgsi.png (deflated 5%)
  adding: assets/rectanglePlaceholder-nCbViREl.png (deflated 31%)
  adding: assets/wasimAkram-CBOcRO9q.png (deflated 1%)
  adding: assets/index-DX4TTuru.css (deflated 86%)
  adding: assets/index-DSfAwk2R.js (deflated 70%)
  adding: assets/Landing-Lc4qq2IX.js (deflated 64%)
  adding: assets/index-C3sRN_J4.js (deflated 51%)
  adding: assets/index-67OJ9PMS.js (deflated 53%)
  adding: assets/index-ityEi_rq.js (deflated 53%)
  adding: assets/index-BSbdbshS.js (deflated 52%)
  adding: assets/Header-Cw7_fd-D.js (deflated 69%)
  adding: assets/SignUp-B5r2waXO.js (deflated 60%)
  adding: assets/ForgotPassword-Ch3yve_w.js (deflated 51%)
  adding: assets/VerifyUserEmail-DAE2UOKu.js (deflated 64%)
  adding: assets/ResetPassword-s-Ii7ViD.js (deflated 56%)
  adding: assets/ContactSupport-2iaDFC4_.js (deflated 59%)
  adding: assets/AuthCallback-BE48TfV4.js (deflated 53%)
  adding: assets/SelectRole-DVfBaBKm.js (deflated 54%)
  adding: assets/Login-BHX72mwh.js (deflated 58%)
  adding: assets/index-DxlVYT98.js (deflated 53%)
  adding: assets/index-Dmc5VHmS.js (deflated 71%)
  adding: assets/Profile-DIYA6Dal.js (deflated 69%)
  adding: assets/index-CA2u3Wyu.js (deflated 59%)
  adding: assets/index-CDSoCdbd.js (deflated 61%)
  adding: assets/box-BpsSyBUU.js (deflated 36%)
  adding: assets/EditInvestor-CxeFEE1k.js (deflated 76%)
  adding: assets/index-Ww1woO-e.js (deflated 62%)
  adding: assets/globe-COwfADX_.js (deflated 33%)
  adding: assets/ViewCallLogsModal-Bd6KToQO.js (deflated 70%)
  adding: assets/label-Dxwwnnj4.js (deflated 40%)
  adding: assets/EditFounder-CEfo6xLe.js (deflated 76%)
  adding: assets/index-uNCK1oSv.js (deflated 59%)
  adding: assets/index-B0jd6roL.js (deflated 67%)
  adding: assets/user-plus-B4Kktb93.js (deflated 34%)
  adding: assets/log-in-gva-xha2.js (deflated 31%)
  adding: assets/ban-Dn1bceHM.js (deflated 27%)
  adding: assets/phone-DXvv0zKn.js (deflated 37%)
  adding: assets/InfoBox-BZ0MCVXX.js (deflated 51%)
  adding: assets/pencil-C7igGdfh.js (deflated 31%)
  adding: assets/shield-check-B7v0k15e.js (deflated 31%)
  adding: assets/index-Coicm9mH.js (deflated 63%)
  adding: assets/index-BTW-mA41.js (deflated 63%)
  adding: assets/useDebounce-kRC_a0HK.js (deflated 59%)
  adding: assets/CreateNewBatch-CIwhkUUz.js (deflated 76%)
  adding: assets/sparkles-JyE4_j2i.js (deflated 45%)
  adding: assets/map-pin-Gyu-xqqs.js (deflated 28%)
  adding: assets/briefcase-D24oxJv6.js (deflated 28%)
  adding: assets/info-CMOhP5w4.js (deflated 30%)
  adding: assets/circle-check-nAEHz-oU.js (deflated 27%)
  adding: assets/message-square-C1p9f4Oi.js (deflated 29%)
  adding: assets/mail-ESoeAMyj.js (deflated 26%)
  adding: assets/table-ClaTsQ2L.js (deflated 72%)
  adding: assets/circle-alert-B9eG3enb.js (deflated 36%)
  adding: assets/Dashboard-D_9BZ43T.js (deflated 66%)
  adding: assets/index-C6ofrFla.js (deflated 71%)
  adding: assets/ToggleChips-DNkzvApC.js (deflated 44%)
  adding: assets/index-ChPMgLD2.js (deflated 51%)
  adding: assets/index-ByS9SZvK.js (deflated 61%)
  adding: assets/index-BkleIKzF.js (deflated 61%)
  adding: assets/Dashboard-Cza-BASV.js (deflated 66%)
  adding: assets/target-DO7O0Q76.js (deflated 65%)
  adding: assets/trending-up-CecZ8YCp.js (deflated 26%)
  adding: assets/LegalModal-DVpDiYQ4.js (deflated 51%)
  adding: assets/dialog-ot2q8F34.js (deflated 62%)
  adding: assets/download-CYAmVVlW.js (deflated 31%)
  adding: assets/index-BYVjqnIY.js (deflated 64%)
  adding: assets/index-BDogsJYY.js (deflated 56%)
  adding: assets/input-BJ7IY8f6.js (deflated 44%)
  adding: assets/circle-check-big-C0UYEqzc.js (deflated 26%)
  adding: assets/FileUploader-CErkwKvY.js (deflated 56%)
  adding: assets/select-BD6B5r0F.js (deflated 64%)
  adding: assets/textarea-BaiaK9CQ.js (deflated 45%)
  adding: assets/link-DAZ1Lo2G.js (deflated 34%)
  adding: assets/eye-Eqy40mTU.js (deflated 33%)
  adding: assets/trash-2-BgBaiBhK.js (deflated 40%)
  adding: assets/chevron-down-M313ukA9.js (deflated 23%)
  adding: assets/check-CEgsEXDK.js (deflated 22%)
  adding: assets/index-DXF7ybKp.js (deflated 62%)
  adding: assets/topCards-CTLOI0Fu.js (deflated 54%)
  adding: assets/card-BI8kE1Vt.js (deflated 62%)
  adding: assets/ImageUploader-C7MVWsXE.js (deflated 51%)
  adding: assets/toolbar-C8kqBzq9.js (deflated 55%)
  adding: assets/square-pen-DRPT3w9Y.js (deflated 35%)
  adding: assets/checkbox-Dm8eZ5y0.js (deflated 57%)
  adding: assets/plus-H5lV_E9g.js (deflated 28%)
  adding: assets/file-text-DKtksX_3.js (deflated 40%)
  adding: assets/Tabs-Dng3UnOr.js (deflated 65%)
  adding: assets/Stepper-DAsWe7qg.js (deflated 57%)
  adding: assets/index-CmlMQSzP.js (deflated 73%)
  adding: assets/index-Cf9z_l6Q.js (deflated 61%)
  adding: assets/index-CAedbKnw.js (deflated 52%)
  adding: index.html (deflated 52%)
Saving Lightsail SSH key...
Uploading build to Lightsail...
Warning: Permanently added '15.207.22.250' (ED25519) to the list of known hosts.
Deploying build to /var/www/html ...
Archive:  /home/ubuntu/react-build.zip
  inflating: /var/www/html/favicon.ico  
   creating: /var/www/html/assets/
  inflating: /var/www/html/assets/irfanMalikBg-D4osmO_C.jpg  
  inflating: /var/www/html/assets/shakeelBg-NX99JDrP.jpg  
  inflating: /var/www/html/assets/meerShinyDress-C8scZpYx.webp  
  inflating: /var/www/html/assets/meerGreenJacket-ykCKR2uN.png  
  inflating: /var/www/html/assets/wasimAkramBg-D4BFEYu1.png  
  inflating: /var/www/html/assets/akhtar-qLBVRLf-.jpg  
  inflating: /var/www/html/assets/arabic-BElshnQY.jpg  
  inflating: /var/www/html/assets/dubai-Bmqq4ymj.jpg  
  inflating: /var/www/html/assets/handShake-Dk1DoagP.webp  
  inflating: /var/www/html/assets/salman-DD3Zraly.jpg  
  inflating: /var/www/html/assets/fahad-CnovJc60.jpg  
  inflating: /var/www/html/assets/placeholderMan-BvremNML.png  
  inflating: /var/www/html/assets/tech-BdWyL5Pa.jpg  
  inflating: /var/www/html/assets/wasim-ETjjiRaD.jpg  
  inflating: /var/www/html/assets/MainLogo-DJpFhlQE.png  
  inflating: /var/www/html/assets/tower-gldBe0jJ.webp  
  inflating: /var/www/html/assets/tower2-LuqAcWCu.jpg  
  inflating: /var/www/html/assets/tower3-DpFzgoGy.jpg  
  inflating: /var/www/html/assets/Fav-BPcykgsi.png  
  inflating: /var/www/html/assets/rectanglePlaceholder-nCbViREl.png  
  inflating: /var/www/html/assets/wasimAkram-CBOcRO9q.png  
  inflating: /var/www/html/assets/index-DX4TTuru.css  
  inflating: /var/www/html/assets/index-DSfAwk2R.js  
  inflating: /var/www/html/assets/Landing-Lc4qq2IX.js  
  inflating: /var/www/html/assets/index-C3sRN_J4.js  
  inflating: /var/www/html/assets/index-67OJ9PMS.js  
  inflating: /var/www/html/assets/index-ityEi_rq.js  
  inflating: /var/www/html/assets/index-BSbdbshS.js  
  inflating: /var/www/html/assets/Header-Cw7_fd-D.js  
  inflating: /var/www/html/assets/SignUp-B5r2waXO.js  
  inflating: /var/www/html/assets/ForgotPassword-Ch3yve_w.js  
  inflating: /var/www/html/assets/VerifyUserEmail-DAE2UOKu.js  
  inflating: /var/www/html/assets/ResetPassword-s-Ii7ViD.js  
  inflating: /var/www/html/assets/ContactSupport-2iaDFC4_.js  
  inflating: /var/www/html/assets/AuthCallback-BE48TfV4.js  
  inflating: /var/www/html/assets/SelectRole-DVfBaBKm.js  
  inflating: /var/www/html/assets/Login-BHX72mwh.js  
  inflating: /var/www/html/assets/index-DxlVYT98.js  
  inflating: /var/www/html/assets/index-Dmc5VHmS.js  
  inflating: /var/www/html/assets/Profile-DIYA6Dal.js  
  inflating: /var/www/html/assets/index-CA2u3Wyu.js  
  inflating: /var/www/html/assets/index-CDSoCdbd.js  
  inflating: /var/www/html/assets/box-BpsSyBUU.js  
  inflating: /var/www/html/assets/EditInvestor-CxeFEE1k.js  
  inflating: /var/www/html/assets/index-Ww1woO-e.js  
  inflating: /var/www/html/assets/globe-COwfADX_.js  
  inflating: /var/www/html/assets/ViewCallLogsModal-Bd6KToQO.js  
  inflating: /var/www/html/assets/label-Dxwwnnj4.js  
  inflating: /var/www/html/assets/EditFounder-CEfo6xLe.js  
  inflating: /var/www/html/assets/index-uNCK1oSv.js  
  inflating: /var/www/html/assets/index-B0jd6roL.js  
  inflating: /var/www/html/assets/user-plus-B4Kktb93.js  
  inflating: /var/www/html/assets/log-in-gva-xha2.js  
  inflating: /var/www/html/assets/ban-Dn1bceHM.js  
  inflating: /var/www/html/assets/phone-DXvv0zKn.js  
  inflating: /var/www/html/assets/InfoBox-BZ0MCVXX.js  
  inflating: /var/www/html/assets/pencil-C7igGdfh.js  
  inflating: /var/www/html/assets/shield-check-B7v0k15e.js  
  inflating: /var/www/html/assets/index-Coicm9mH.js  
  inflating: /var/www/html/assets/index-BTW-mA41.js  
  inflating: /var/www/html/assets/useDebounce-kRC_a0HK.js  
  inflating: /var/www/html/assets/CreateNewBatch-CIwhkUUz.js  
  inflating: /var/www/html/assets/sparkles-JyE4_j2i.js  
  inflating: /var/www/html/assets/map-pin-Gyu-xqqs.js  
  inflating: /var/www/html/assets/briefcase-D24oxJv6.js  
  inflating: /var/www/html/assets/info-CMOhP5w4.js  
  inflating: /var/www/html/assets/circle-check-nAEHz-oU.js  
  inflating: /var/www/html/assets/message-square-C1p9f4Oi.js  
  inflating: /var/www/html/assets/mail-ESoeAMyj.js  
  inflating: /var/www/html/assets/table-ClaTsQ2L.js  
  inflating: /var/www/html/assets/circle-alert-B9eG3enb.js  
  inflating: /var/www/html/assets/Dashboard-D_9BZ43T.js  
  inflating: /var/www/html/assets/index-C6ofrFla.js  
  inflating: /var/www/html/assets/ToggleChips-DNkzvApC.js  
  inflating: /var/www/html/assets/index-ChPMgLD2.js  
  inflating: /var/www/html/assets/index-ByS9SZvK.js  
  inflating: /var/www/html/assets/index-BkleIKzF.js  
  inflating: /var/www/html/assets/Dashboard-Cza-BASV.js  
  inflating: /var/www/html/assets/target-DO7O0Q76.js  
  inflating: /var/www/html/assets/trending-up-CecZ8YCp.js  
  inflating: /var/www/html/assets/LegalModal-DVpDiYQ4.js  
  inflating: /var/www/html/assets/dialog-ot2q8F34.js  
  inflating: /var/www/html/assets/download-CYAmVVlW.js  
  inflating: /var/www/html/assets/index-BYVjqnIY.js  
  inflating: /var/www/html/assets/index-BDogsJYY.js  
  inflating: /var/www/html/assets/input-BJ7IY8f6.js  
  inflating: /var/www/html/assets/circle-check-big-C0UYEqzc.js  
  inflating: /var/www/html/assets/FileUploader-CErkwKvY.js  
  inflating: /var/www/html/assets/select-BD6B5r0F.js  
  inflating: /var/www/html/assets/textarea-BaiaK9CQ.js  
  inflating: /var/www/html/assets/link-DAZ1Lo2G.js  
  inflating: /var/www/html/assets/eye-Eqy40mTU.js  
  inflating: /var/www/html/assets/trash-2-BgBaiBhK.js  
  inflating: /var/www/html/assets/chevron-down-M313ukA9.js  
  inflating: /var/www/html/assets/check-CEgsEXDK.js  
  inflating: /var/www/html/assets/index-DXF7ybKp.js  
  inflating: /var/www/html/assets/topCards-CTLOI0Fu.js  
  inflating: /var/www/html/assets/card-BI8kE1Vt.js  
  inflating: /var/www/html/assets/ImageUploader-C7MVWsXE.js  
  inflating: /var/www/html/assets/toolbar-C8kqBzq9.js  
  inflating: /var/www/html/assets/square-pen-DRPT3w9Y.js  
  inflating: /var/www/html/assets/checkbox-Dm8eZ5y0.js  
  inflating: /var/www/html/assets/plus-H5lV_E9g.js  
  inflating: /var/www/html/assets/file-text-DKtksX_3.js  
  inflating: /var/www/html/assets/Tabs-Dng3UnOr.js  
  inflating: /var/www/html/assets/Stepper-DAsWe7qg.js  
  inflating: /var/www/html/assets/index-CmlMQSzP.js  
  inflating: /var/www/html/assets/index-Cf9z_l6Q.js  
  inflating: /var/www/html/assets/index-CAedbKnw.js  
  inflating: /var/www/html/index.html  
Saving Git logs repo SSH key...
Testing GitHub SSH key...
Cloning deployment-logs repo...
Cloning into 'logs-repo'...
