Installing dependencies...

added 436 packages, and audited 437 packages in 12s

129 packages are looking for funding
  run `npm fund` for details

3 vulnerabilities (2 moderate, 1 high)

To address issues that do not require attention, run:
  npm audit fix

Some issues need review, and may require choosing
a different dependency.

Run `npm audit` for details.
Building React app...

> boilerplate-code-react-js@0.0.0 build
> vite build

vite v7.1.11 building for production...
transforming...
✓ 2895 modules transformed.
rendering chunks...
computing gzip size...
dist/index.html                                    0.96 kB │ gzip:   0.53 kB
dist/assets/rectanglePlaceholder-nCbViREl.png     11.85 kB
dist/assets/irfanMalikBg-D4osmO_C.jpg             24.66 kB
dist/assets/placeholderMan-BvremNML.png           36.64 kB
dist/assets/ShahidAfridiBg-CbCvmnf9.jpg           55.65 kB
dist/assets/handShake-Dk1DoagP.webp               65.18 kB
dist/assets/tower-gldBe0jJ.webp                   66.16 kB
dist/assets/tower2-LuqAcWCu.jpg                   72.52 kB
dist/assets/shakeelBg-NX99JDrP.jpg               143.15 kB
dist/assets/MainLogo-DJpFhlQE.png                144.86 kB
dist/assets/Fav-BPcykgsi.png                     147.34 kB
dist/assets/akhtar-qLBVRLf-.jpg                  173.92 kB
dist/assets/tower3-DpFzgoGy.jpg                  175.56 kB
dist/assets/meerShinyDress-C8scZpYx.webp         229.68 kB
dist/assets/meerGreenJacket-ykCKR2uN.png         230.19 kB
dist/assets/arabic-BElshnQY.jpg                  238.42 kB
dist/assets/wasim-ETjjiRaD.jpg                   242.26 kB
dist/assets/salman-DD3Zraly.jpg                  255.18 kB
dist/assets/fahad-CnovJc60.jpg                   278.62 kB
dist/assets/tech-BdWyL5Pa.jpg                    281.71 kB
dist/assets/dubai-Bmqq4ymj.jpg                   311.77 kB
dist/assets/wasimAkramBg-D4BFEYu1.png            313.57 kB
dist/assets/wasimAkram-CBOcRO9q.png            4,488.96 kB
dist/assets/shahidAfridi-B5l7MSUw.png          5,182.30 kB
dist/assets/index-Druh-jea.css                   122.64 kB │ gzip:  17.21 kB
dist/assets/check-CvLpbGzb.js                      0.29 kB │ gzip:   0.24 kB
dist/assets/chevron-down-B52IpHio.js               0.30 kB │ gzip:   0.25 kB
dist/assets/plus-DnbTH18R.js                       0.33 kB │ gzip:   0.26 kB
dist/assets/search-BVmcK0MP.js                     0.34 kB │ gzip:   0.27 kB
dist/assets/trending-up-BiBWe5tU.js                0.35 kB │ gzip:   0.27 kB
dist/assets/ban-B0Hsrafx.js                        0.35 kB │ gzip:   0.28 kB
dist/assets/circle-check-big-DLnisK5d.js           0.36 kB │ gzip:   0.28 kB
dist/assets/mail-m6OuyriK.js                       0.39 kB │ gzip:   0.31 kB
dist/assets/briefcase-nctzKvoV.js                  0.39 kB │ gzip:   0.30 kB
dist/assets/target-DBAZuOWJ.js                     0.39 kB │ gzip:   0.27 kB
dist/assets/log-in-BsAlf9xa.js                     0.40 kB │ gzip:   0.29 kB
dist/assets/download-Ba_iljsC.js                   0.41 kB │ gzip:   0.30 kB
dist/assets/globe-BWzFtBy6.js                      0.41 kB │ gzip:   0.30 kB
dist/assets/circle-alert-B9Jpww8B.js               0.42 kB │ gzip:   0.30 kB
dist/assets/eye-6QXIhL4W.js                        0.42 kB │ gzip:   0.30 kB
dist/assets/map-pin-BONH20gc.js                    0.43 kB │ gzip:   0.33 kB
dist/assets/link-CqFs-mXe.js                       0.43 kB │ gzip:   0.30 kB
dist/assets/pencil-Bytevd_y.js                     0.45 kB │ gzip:   0.33 kB
dist/assets/box-BhoO6dSt.js                        0.48 kB │ gzip:   0.33 kB
dist/assets/user-plus-BG9Kvj68.js                  0.48 kB │ gzip:   0.34 kB
dist/assets/shield-check-BfX6lKXH.js               0.49 kB │ gzip:   0.35 kB
dist/assets/square-pen-BLHzSXCK.js                 0.49 kB │ gzip:   0.34 kB
dist/assets/phone-B0qaa5AS.js                      0.50 kB │ gzip:   0.33 kB
dist/assets/trash-2-BUpYDNwy.js                    0.50 kB │ gzip:   0.32 kB
dist/assets/file-text-CFYedhWQ.js                  0.51 kB │ gzip:   0.32 kB
dist/assets/label-BdTWuwB2.js                      0.88 kB │ gzip:   0.55 kB
dist/assets/textarea-B3zFiRiW.js                   0.95 kB │ gzip:   0.54 kB
dist/assets/ToggleChips-Cus79-St.js                1.12 kB │ gzip:   0.65 kB
dist/assets/input-D_1aWl74.js                      1.13 kB │ gzip:   0.66 kB
dist/assets/card-DuLxfwYy.js                       1.18 kB │ gzip:   0.46 kB
dist/assets/package-B6yFk8Aj.js                    1.21 kB │ gzip:   0.50 kB
dist/assets/star-D5GlCzmw.js                       1.23 kB │ gzip:   0.60 kB
dist/assets/InfoBox-w81QoW6Y.js                    1.57 kB │ gzip:   0.73 kB
dist/assets/index-DvOsyvkk.js                      1.73 kB │ gzip:   0.80 kB
dist/assets/toolbar-ChZYVfXW.js                    1.89 kB │ gzip:   0.87 kB
dist/assets/topCards-DZ7LrZe3.js                   2.01 kB │ gzip:   0.93 kB
dist/assets/index-Bpn30VhS.js                      2.07 kB │ gzip:   0.92 kB
dist/assets/AuthCallback-DFLt8jCn.js               2.12 kB │ gzip:   1.14 kB
dist/assets/ForgotPassword-8nHfZpvT.js             2.19 kB │ gzip:   1.09 kB
dist/assets/ImageUploader-RBo87ixQ.js              2.26 kB │ gzip:   1.13 kB
dist/assets/ResetPassword-DfPcLzrU.js              2.41 kB │ gzip:   1.07 kB
dist/assets/FileUploader-Djbnw3hC.js               3.00 kB │ gzip:   1.33 kB
dist/assets/index-DaXodwls.js                      3.07 kB │ gzip:   1.46 kB
dist/assets/index-B7hzUpxi.js                      3.21 kB │ gzip:   1.60 kB
dist/assets/index-BUI6MpaS.js                      3.27 kB │ gzip:   1.59 kB
dist/assets/SelectRole-BgSgUQk8.js                 3.38 kB │ gzip:   1.54 kB
dist/assets/index-Ser-xEw4.js                      3.40 kB │ gzip:   1.62 kB
dist/assets/index-BXWn7Pi9.js                      3.96 kB │ gzip:   1.49 kB
dist/assets/SignUp-DTK94y1M.js                     3.97 kB │ gzip:   1.60 kB
dist/assets/index-Dy709912.js                      4.00 kB │ gzip:   1.54 kB
dist/assets/LegalModal-DEtsNnxe.js                 4.09 kB │ gzip:   2.02 kB
dist/assets/checkbox-DWES6jBM.js                   4.11 kB │ gzip:   1.80 kB
dist/assets/Dashboard-DWKNUN8q.js                  4.28 kB │ gzip:   1.46 kB
dist/assets/Dashboard-B-F2Y_9f.js                  4.30 kB │ gzip:   1.47 kB
dist/assets/Stepper-ozeWYeCb.js                    4.66 kB │ gzip:   2.02 kB
dist/assets/ContactSupport-DSRWcY2L.js             4.93 kB │ gzip:   2.03 kB
dist/assets/Login-BYExerVB.js                      5.03 kB │ gzip:   2.13 kB
dist/assets/VerifyUserEmail-DWR_1tBl.js            5.46 kB │ gzip:   2.10 kB
dist/assets/Tabs-ZXFrSg33.js                       5.77 kB │ gzip:   2.03 kB
dist/assets/index-CLLYN9R5.js                      6.34 kB │ gzip:   3.03 kB
dist/assets/index-C1HHkxd0.js                      6.55 kB │ gzip:   3.12 kB
dist/assets/index-DUZs6blo.js                      6.76 kB │ gzip:   2.76 kB
dist/assets/Profile-DhZiy8GC.js                    6.91 kB │ gzip:   2.43 kB
dist/assets/index-BIvG8QPt.js                      7.08 kB │ gzip:   2.66 kB
dist/assets/index-GdL57bVt.js                      7.28 kB │ gzip:   3.09 kB
dist/assets/index-Bu3O7KJO.js                      7.83 kB │ gzip:   2.85 kB
dist/assets/dialog-2XIzY4K9.js                     8.41 kB │ gzip:   3.24 kB
dist/assets/Header-BeS0HTNU.js                    11.06 kB │ gzip:   3.45 kB
dist/assets/EditFounder-CbV-v2Fa.js               15.36 kB │ gzip:   3.64 kB
dist/assets/index-Dc-RzE-z.js                     16.25 kB │ gzip:   5.12 kB
dist/assets/index-CWqT9E0Z.js                     16.57 kB │ gzip:   5.22 kB
dist/assets/EditInvestor-7MwwBQ71.js              16.57 kB │ gzip:   3.94 kB
dist/assets/index-BQIcJXYY.js                     18.30 kB │ gzip:   5.51 kB
dist/assets/select-NFSUG7mS.js                    21.30 kB │ gzip:   7.64 kB
dist/assets/index-CBt_LVrq.js                     24.76 kB │ gzip:   8.99 kB
dist/assets/index-2OaAt73s.js                     30.18 kB │ gzip:  11.62 kB
dist/assets/useDebounce-DSrivilC.js               39.64 kB │ gzip:  11.41 kB
dist/assets/ViewCallLogsModal-C_43kiQo.js         82.14 kB │ gzip:  24.80 kB
dist/assets/Landing-rUfwqNuV.js                  135.98 kB │ gzip:  48.55 kB
dist/assets/index-C636YEO7.js                    737.68 kB │ gzip: 223.32 kB
dist/assets/index-D9zyLcwd.js                    882.81 kB │ gzip: 258.20 kB

(!) Some chunks are larger than 500 kB after minification. Consider:
- Using dynamic import() to code-split the application
- Use build.rollupOptions.output.manualChunks to improve chunking: https://rollupjs.org/configuration-options/#output-manualchunks
- Adjust chunk size limit for this warning via build.chunkSizeWarningLimit.
✓ built in 10.70s
Packaging build...
  adding: favicon.ico (deflated 5%)
  adding: assets/ (stored 0%)
  adding: assets/meerGreenJacket-ykCKR2uN.png (deflated 0%)
  adding: assets/meerShinyDress-C8scZpYx.webp (deflated 0%)
  adding: assets/shakeelBg-NX99JDrP.jpg (deflated 0%)
  adding: assets/wasimAkramBg-D4BFEYu1.png (deflated 0%)
  adding: assets/arabic-BElshnQY.jpg (deflated 0%)
  adding: assets/akhtar-qLBVRLf-.jpg (deflated 1%)
  adding: assets/irfanMalikBg-D4osmO_C.jpg (deflated 1%)
  adding: assets/handShake-Dk1DoagP.webp (deflated 0%)
  adding: assets/ShahidAfridiBg-CbCvmnf9.jpg (deflated 0%)
  adding: assets/salman-DD3Zraly.jpg (deflated 0%)
  adding: assets/tech-BdWyL5Pa.jpg (deflated 0%)
  adding: assets/wasim-ETjjiRaD.jpg (deflated 0%)
  adding: assets/dubai-Bmqq4ymj.jpg (deflated 0%)
  adding: assets/fahad-CnovJc60.jpg (deflated 0%)
  adding: assets/MainLogo-DJpFhlQE.png (deflated 4%)
  adding: assets/tower-gldBe0jJ.webp (deflated 0%)
  adding: assets/tower2-LuqAcWCu.jpg (deflated 2%)
  adding: assets/tower3-DpFzgoGy.jpg (deflated 0%)
  adding: assets/placeholderMan-BvremNML.png (deflated 3%)
  adding: assets/rectanglePlaceholder-nCbViREl.png (deflated 31%)
  adding: assets/Fav-BPcykgsi.png (deflated 5%)
  adding: assets/wasimAkram-CBOcRO9q.png (deflated 1%)
  adding: assets/shahidAfridi-B5l7MSUw.png (deflated 1%)
  adding: assets/index-Druh-jea.css (deflated 86%)
  adding: assets/index-C636YEO7.js (deflated 70%)
  adding: assets/Landing-rUfwqNuV.js (deflated 64%)
  adding: assets/index-B7hzUpxi.js (deflated 51%)
  adding: assets/index-DaXodwls.js (deflated 53%)
  adding: assets/index-Ser-xEw4.js (deflated 53%)
  adding: assets/index-BUI6MpaS.js (deflated 52%)
  adding: assets/Header-BeS0HTNU.js (deflated 69%)
  adding: assets/SignUp-DTK94y1M.js (deflated 60%)
  adding: assets/ForgotPassword-8nHfZpvT.js (deflated 51%)
  adding: assets/VerifyUserEmail-DWR_1tBl.js (deflated 62%)
  adding: assets/ResetPassword-DfPcLzrU.js (deflated 57%)
  adding: assets/ContactSupport-DSRWcY2L.js (deflated 59%)
  adding: assets/AuthCallback-DFLt8jCn.js (deflated 47%)
  adding: assets/SelectRole-BgSgUQk8.js (deflated 55%)
  adding: assets/Login-BYExerVB.js (deflated 58%)
  adding: assets/index-DvOsyvkk.js (deflated 53%)
  adding: assets/index-D9zyLcwd.js (deflated 71%)
  adding: assets/Profile-DhZiy8GC.js (deflated 65%)
  adding: assets/index-DUZs6blo.js (deflated 59%)
  adding: assets/index-BIvG8QPt.js (deflated 63%)
  adding: assets/box-BhoO6dSt.js (deflated 36%)
  adding: assets/EditInvestor-7MwwBQ71.js (deflated 76%)
  adding: assets/index-Bu3O7KJO.js (deflated 64%)
  adding: assets/ViewCallLogsModal-C_43kiQo.js (deflated 70%)
  adding: assets/map-pin-BONH20gc.js (deflated 28%)
  adding: assets/label-BdTWuwB2.js (deflated 40%)
  adding: assets/briefcase-nctzKvoV.js (deflated 28%)
  adding: assets/index-GdL57bVt.js (deflated 58%)
  adding: assets/index-Dc-RzE-z.js (deflated 69%)
  adding: assets/user-plus-BG9Kvj68.js (deflated 34%)
  adding: assets/log-in-BsAlf9xa.js (deflated 32%)
  adding: assets/ban-B0Hsrafx.js (deflated 26%)
  adding: assets/phone-B0qaa5AS.js (deflated 37%)
  adding: assets/mail-m6OuyriK.js (deflated 26%)
  adding: assets/InfoBox-w81QoW6Y.js (deflated 55%)
  adding: assets/pencil-Bytevd_y.js (deflated 31%)
  adding: assets/shield-check-BfX6lKXH.js (deflated 32%)
  adding: assets/useDebounce-DSrivilC.js (deflated 71%)
  adding: assets/circle-alert-B9Jpww8B.js (deflated 35%)
  adding: assets/index-BXWn7Pi9.js (deflated 63%)
  adding: assets/Dashboard-DWKNUN8q.js (deflated 66%)
  adding: assets/index-CWqT9E0Z.js (deflated 69%)
  adding: assets/ToggleChips-Cus79-St.js (deflated 44%)
  adding: assets/index-CLLYN9R5.js (deflated 52%)
  adding: assets/Dashboard-B-F2Y_9f.js (deflated 66%)
  adding: assets/package-B6yFk8Aj.js (deflated 61%)
  adding: assets/trending-up-BiBWe5tU.js (deflated 26%)
  adding: assets/index-BQIcJXYY.js (deflated 70%)
  adding: assets/Stepper-ozeWYeCb.js (deflated 57%)
  adding: assets/LegalModal-DEtsNnxe.js (deflated 51%)
  adding: assets/download-Ba_iljsC.js (deflated 31%)
  adding: assets/ImageUploader-RBo87ixQ.js (deflated 51%)
  adding: assets/checkbox-DWES6jBM.js (deflated 57%)
  adding: assets/dialog-2XIzY4K9.js (deflated 62%)
  adding: assets/index-Bpn30VhS.js (deflated 56%)
  adding: assets/index-Dy709912.js (deflated 62%)
  adding: assets/plus-DnbTH18R.js (deflated 28%)
  adding: assets/Tabs-ZXFrSg33.js (deflated 65%)
  adding: assets/square-pen-BLHzSXCK.js (deflated 35%)
  adding: assets/file-text-CFYedhWQ.js (deflated 40%)
  adding: assets/toolbar-ChZYVfXW.js (deflated 55%)
  adding: assets/search-BVmcK0MP.js (deflated 26%)
  adding: assets/circle-check-big-DLnisK5d.js (deflated 26%)
  adding: assets/topCards-DZ7LrZe3.js (deflated 54%)
  adding: assets/index-C1HHkxd0.js (deflated 53%)
  adding: assets/star-D5GlCzmw.js (deflated 52%)
  adding: assets/globe-BWzFtBy6.js (deflated 32%)
  adding: assets/target-DBAZuOWJ.js (deflated 37%)
  adding: assets/FileUploader-Djbnw3hC.js (deflated 56%)
  adding: assets/link-CqFs-mXe.js (deflated 34%)
  adding: assets/textarea-B3zFiRiW.js (deflated 45%)
  adding: assets/trash-2-BUpYDNwy.js (deflated 40%)
  adding: assets/select-NFSUG7mS.js (deflated 64%)
  adding: assets/chevron-down-B52IpHio.js (deflated 23%)
  adding: assets/index-2OaAt73s.js (deflated 62%)
  adding: assets/index-CBt_LVrq.js (deflated 64%)
  adding: assets/card-DuLxfwYy.js (deflated 62%)
  adding: assets/eye-6QXIhL4W.js (deflated 33%)
  adding: assets/check-CvLpbGzb.js (deflated 22%)
  adding: assets/input-D_1aWl74.js (deflated 44%)
  adding: assets/EditFounder-CbV-v2Fa.js (deflated 77%)
  adding: index.html (deflated 47%)
Saving Lightsail SSH key...
Uploading build to Lightsail...
Warning: Permanently added '15.207.22.250' (ED25519) to the list of known hosts.
Deploying build to /var/www/html ...
Archive:  /home/ubuntu/react-build.zip
  inflating: /var/www/html/favicon.ico  
   creating: /var/www/html/assets/
  inflating: /var/www/html/assets/meerGreenJacket-ykCKR2uN.png  
  inflating: /var/www/html/assets/meerShinyDress-C8scZpYx.webp  
  inflating: /var/www/html/assets/shakeelBg-NX99JDrP.jpg  
  inflating: /var/www/html/assets/wasimAkramBg-D4BFEYu1.png  
  inflating: /var/www/html/assets/arabic-BElshnQY.jpg  
  inflating: /var/www/html/assets/akhtar-qLBVRLf-.jpg  
  inflating: /var/www/html/assets/irfanMalikBg-D4osmO_C.jpg  
  inflating: /var/www/html/assets/handShake-Dk1DoagP.webp  
  inflating: /var/www/html/assets/ShahidAfridiBg-CbCvmnf9.jpg  
  inflating: /var/www/html/assets/salman-DD3Zraly.jpg  
  inflating: /var/www/html/assets/tech-BdWyL5Pa.jpg  
  inflating: /var/www/html/assets/wasim-ETjjiRaD.jpg  
  inflating: /var/www/html/assets/dubai-Bmqq4ymj.jpg  
  inflating: /var/www/html/assets/fahad-CnovJc60.jpg  
  inflating: /var/www/html/assets/MainLogo-DJpFhlQE.png  
  inflating: /var/www/html/assets/tower-gldBe0jJ.webp  
  inflating: /var/www/html/assets/tower2-LuqAcWCu.jpg  
  inflating: /var/www/html/assets/tower3-DpFzgoGy.jpg  
  inflating: /var/www/html/assets/placeholderMan-BvremNML.png  
  inflating: /var/www/html/assets/rectanglePlaceholder-nCbViREl.png  
  inflating: /var/www/html/assets/Fav-BPcykgsi.png  
  inflating: /var/www/html/assets/wasimAkram-CBOcRO9q.png  
  inflating: /var/www/html/assets/shahidAfridi-B5l7MSUw.png  
  inflating: /var/www/html/assets/index-Druh-jea.css  
  inflating: /var/www/html/assets/index-C636YEO7.js  
  inflating: /var/www/html/assets/Landing-rUfwqNuV.js  
  inflating: /var/www/html/assets/index-B7hzUpxi.js  
  inflating: /var/www/html/assets/index-DaXodwls.js  
  inflating: /var/www/html/assets/index-Ser-xEw4.js  
  inflating: /var/www/html/assets/index-BUI6MpaS.js  
  inflating: /var/www/html/assets/Header-BeS0HTNU.js  
  inflating: /var/www/html/assets/SignUp-DTK94y1M.js  
  inflating: /var/www/html/assets/ForgotPassword-8nHfZpvT.js  
  inflating: /var/www/html/assets/VerifyUserEmail-DWR_1tBl.js  
  inflating: /var/www/html/assets/ResetPassword-DfPcLzrU.js  
  inflating: /var/www/html/assets/ContactSupport-DSRWcY2L.js  
  inflating: /var/www/html/assets/AuthCallback-DFLt8jCn.js  
  inflating: /var/www/html/assets/SelectRole-BgSgUQk8.js  
  inflating: /var/www/html/assets/Login-BYExerVB.js  
  inflating: /var/www/html/assets/index-DvOsyvkk.js  
  inflating: /var/www/html/assets/index-D9zyLcwd.js  
  inflating: /var/www/html/assets/Profile-DhZiy8GC.js  
  inflating: /var/www/html/assets/index-DUZs6blo.js  
  inflating: /var/www/html/assets/index-BIvG8QPt.js  
  inflating: /var/www/html/assets/box-BhoO6dSt.js  
  inflating: /var/www/html/assets/EditInvestor-7MwwBQ71.js  
  inflating: /var/www/html/assets/index-Bu3O7KJO.js  
  inflating: /var/www/html/assets/ViewCallLogsModal-C_43kiQo.js  
  inflating: /var/www/html/assets/map-pin-BONH20gc.js  
  inflating: /var/www/html/assets/label-BdTWuwB2.js  
  inflating: /var/www/html/assets/briefcase-nctzKvoV.js  
  inflating: /var/www/html/assets/index-GdL57bVt.js  
  inflating: /var/www/html/assets/index-Dc-RzE-z.js  
  inflating: /var/www/html/assets/user-plus-BG9Kvj68.js  
  inflating: /var/www/html/assets/log-in-BsAlf9xa.js  
  inflating: /var/www/html/assets/ban-B0Hsrafx.js  
  inflating: /var/www/html/assets/phone-B0qaa5AS.js  
  inflating: /var/www/html/assets/mail-m6OuyriK.js  
  inflating: /var/www/html/assets/InfoBox-w81QoW6Y.js  
  inflating: /var/www/html/assets/pencil-Bytevd_y.js  
  inflating: /var/www/html/assets/shield-check-BfX6lKXH.js  
  inflating: /var/www/html/assets/useDebounce-DSrivilC.js  
  inflating: /var/www/html/assets/circle-alert-B9Jpww8B.js  
  inflating: /var/www/html/assets/index-BXWn7Pi9.js  
  inflating: /var/www/html/assets/Dashboard-DWKNUN8q.js  
  inflating: /var/www/html/assets/index-CWqT9E0Z.js  
  inflating: /var/www/html/assets/ToggleChips-Cus79-St.js  
  inflating: /var/www/html/assets/index-CLLYN9R5.js  
  inflating: /var/www/html/assets/Dashboard-B-F2Y_9f.js  
  inflating: /var/www/html/assets/package-B6yFk8Aj.js  
  inflating: /var/www/html/assets/trending-up-BiBWe5tU.js  
  inflating: /var/www/html/assets/index-BQIcJXYY.js  
  inflating: /var/www/html/assets/Stepper-ozeWYeCb.js  
  inflating: /var/www/html/assets/LegalModal-DEtsNnxe.js  
  inflating: /var/www/html/assets/download-Ba_iljsC.js  
  inflating: /var/www/html/assets/ImageUploader-RBo87ixQ.js  
  inflating: /var/www/html/assets/checkbox-DWES6jBM.js  
  inflating: /var/www/html/assets/dialog-2XIzY4K9.js  
  inflating: /var/www/html/assets/index-Bpn30VhS.js  
  inflating: /var/www/html/assets/index-Dy709912.js  
  inflating: /var/www/html/assets/plus-DnbTH18R.js  
  inflating: /var/www/html/assets/Tabs-ZXFrSg33.js  
  inflating: /var/www/html/assets/square-pen-BLHzSXCK.js  
  inflating: /var/www/html/assets/file-text-CFYedhWQ.js  
  inflating: /var/www/html/assets/toolbar-ChZYVfXW.js  
  inflating: /var/www/html/assets/search-BVmcK0MP.js  
  inflating: /var/www/html/assets/circle-check-big-DLnisK5d.js  
  inflating: /var/www/html/assets/topCards-DZ7LrZe3.js  
  inflating: /var/www/html/assets/index-C1HHkxd0.js  
  inflating: /var/www/html/assets/star-D5GlCzmw.js  
  inflating: /var/www/html/assets/globe-BWzFtBy6.js  
  inflating: /var/www/html/assets/target-DBAZuOWJ.js  
  inflating: /var/www/html/assets/FileUploader-Djbnw3hC.js  
  inflating: /var/www/html/assets/link-CqFs-mXe.js  
  inflating: /var/www/html/assets/textarea-B3zFiRiW.js  
  inflating: /var/www/html/assets/trash-2-BUpYDNwy.js  
  inflating: /var/www/html/assets/select-NFSUG7mS.js  
  inflating: /var/www/html/assets/chevron-down-B52IpHio.js  
  inflating: /var/www/html/assets/index-2OaAt73s.js  
  inflating: /var/www/html/assets/index-CBt_LVrq.js  
  inflating: /var/www/html/assets/card-DuLxfwYy.js  
  inflating: /var/www/html/assets/eye-6QXIhL4W.js  
  inflating: /var/www/html/assets/check-CvLpbGzb.js  
  inflating: /var/www/html/assets/input-D_1aWl74.js  
  inflating: /var/www/html/assets/EditFounder-CbV-v2Fa.js  
  inflating: /var/www/html/index.html  
Saving Git logs repo SSH key...
Testing GitHub SSH key...
Cloning deployment-logs repo...
Cloning into 'logs-repo'...
