Installing dependencies...
npm warn deprecated abab@2.0.6: Use your platform's native atob() and btoa() methods instead
npm warn deprecated w3c-hr-time@1.0.2: Use your platform's native performance.now() and performance.timeOrigin.
npm warn deprecated domexception@2.0.1: Use your platform's native DOMException instead

added 1750 packages, and audited 1751 packages in 4m

222 packages are looking for funding
  run `npm fund` for details

52 vulnerabilities (51 moderate, 1 high)

To address issues that do not require attention, run:
  npm audit fix

To address all issues possible (including breaking changes), run:
  npm audit fix --force

Some issues need review, and may require choosing
a different dependency.

Run `npm audit` for details.
Building React app...

> boilerplate-code-react-js@0.0.0 build
> vite build

vite v7.1.11 building for production...
transforming...
✓ 2923 modules transformed.
rendering chunks...
computing gzip size...
dist/index.html                                     2.18 kB │ gzip:   1.05 kB
dist/assets/rectanglePlaceholder-nCbViREl.png      11.85 kB
dist/assets/irfanMalikBg-D4osmO_C.jpg              24.66 kB
dist/assets/proposal6-wLmvSjqd.webp                28.15 kB
dist/assets/placeholderMan-BvremNML.png            36.64 kB
dist/assets/handShake-Dk1DoagP.webp                65.18 kB
dist/assets/tower-gldBe0jJ.webp                    66.16 kB
dist/assets/tower2-LuqAcWCu.jpg                    72.52 kB
dist/assets/goldenCheck-QMGlinWJ.png              124.08 kB
dist/assets/shakeelBg-NX99JDrP.jpg                143.15 kB
dist/assets/MainLogo-DJpFhlQE.png                 144.86 kB
dist/assets/Fav-BPcykgsi.png                      147.34 kB
dist/assets/akhtar-qLBVRLf-.jpg                   173.92 kB
dist/assets/proposal5-DItum-r7.webp               174.24 kB
dist/assets/tower3-DpFzgoGy.jpg                   175.56 kB
dist/assets/proposal2-B9XZZX50.webp               192.62 kB
dist/assets/meerShinyDress-C8scZpYx.webp          229.68 kB
dist/assets/meerGreenJacket-ykCKR2uN.png          230.19 kB
dist/assets/arabic-BElshnQY.jpg                   238.42 kB
dist/assets/wasim-ETjjiRaD.jpg                    242.26 kB
dist/assets/salman-DD3Zraly.jpg                   255.18 kB
dist/assets/fahad-CnovJc60.jpg                    278.62 kB
dist/assets/tech-BdWyL5Pa.jpg                     281.71 kB
dist/assets/dubai-Bmqq4ymj.jpg                    311.77 kB
dist/assets/wasimAkramBg-D4BFEYu1.png             313.57 kB
dist/assets/proposal3-fxAFZeku.webp               445.47 kB
dist/assets/proposal4-CZk7QC75.webp               542.86 kB
dist/assets/proposal1-D37fvLUu.webp               779.05 kB
dist/assets/wasimAkram-CBOcRO9q.png             4,488.96 kB
dist/assets/index-uHodguhT.css                    133.05 kB │ gzip:  18.23 kB
dist/assets/uiFunctions-B4bNLmHa.js                 0.29 kB │ gzip:   0.23 kB
dist/assets/chevron-down-BCBQsIIy.js                0.30 kB │ gzip:   0.25 kB
dist/assets/plus-9730kYfH.js                        0.33 kB │ gzip:   0.25 kB
dist/assets/trending-up-C_bR4Fbb.js                 0.35 kB │ gzip:   0.27 kB
dist/assets/ban-DxfyIPz0.js                         0.35 kB │ gzip:   0.28 kB
dist/assets/info-e6aZzXUZ.js                        0.37 kB │ gzip:   0.28 kB
dist/assets/circle-x-Bnq45qQI.js                    0.38 kB │ gzip:   0.28 kB
dist/assets/mail-RiyhFUrr.js                        0.39 kB │ gzip:   0.31 kB
dist/assets/upload-Bqjeyp9E.js                      0.40 kB │ gzip:   0.30 kB
dist/assets/log-in-ByjN6tYp.js                      0.40 kB │ gzip:   0.29 kB
dist/assets/download-CqQkO_u-.js                    0.41 kB │ gzip:   0.30 kB
dist/assets/message-square-BtbvO6Hz.js              0.41 kB │ gzip:   0.31 kB
dist/assets/globe-B4JFnVm-.js                       0.41 kB │ gzip:   0.29 kB
dist/assets/circle-alert-DrOlX2W6.js                0.42 kB │ gzip:   0.29 kB
dist/assets/eye-UTuMcVFo.js                         0.42 kB │ gzip:   0.30 kB
dist/assets/map-pin-C62c9khH.js                     0.43 kB │ gzip:   0.33 kB
dist/assets/link-CdHFuSAF.js                        0.43 kB │ gzip:   0.30 kB
dist/assets/pencil-vdWIacM0.js                      0.45 kB │ gzip:   0.33 kB
dist/assets/user-plus-CscQ35_C.js                   0.48 kB │ gzip:   0.34 kB
dist/assets/shield-check-BX3SiuVv.js                0.49 kB │ gzip:   0.35 kB
dist/assets/square-pen-CygHREOg.js                  0.49 kB │ gzip:   0.34 kB
dist/assets/phone-CMp-tXxr.js                       0.50 kB │ gzip:   0.33 kB
dist/assets/trash-2-CjXo9i2r.js                     0.50 kB │ gzip:   0.32 kB
dist/assets/file-text-ChjwoxQl.js                   0.51 kB │ gzip:   0.32 kB
dist/assets/LegalModal-DEtxLPZj.js                  0.66 kB │ gzip:   0.46 kB
dist/assets/sparkles-BdXgzqCl.js                    0.67 kB │ gzip:   0.39 kB
dist/assets/InfoBox-8crpDPV7.js                     0.86 kB │ gzip:   0.44 kB
dist/assets/label-BPiuILWY.js                       0.89 kB │ gzip:   0.55 kB
dist/assets/card-SeyiTsem.js                        1.18 kB │ gzip:   0.46 kB
dist/assets/Tabs-BskKerf3.js                        1.23 kB │ gzip:   0.65 kB
dist/assets/GetMoreDetailsModal-DCwdpUDh.js         1.27 kB │ gzip:   0.61 kB
dist/assets/textarea-JG1gaYnT.js                    1.49 kB │ gzip:   0.74 kB
dist/assets/target-X4DJLuj0.js                      1.56 kB │ gzip:   0.55 kB
dist/assets/useDebounce-BM_qcXAI.js                 1.62 kB │ gzip:   0.69 kB
dist/assets/ToggleChips-DnmxPS9T.js                 1.66 kB │ gzip:   0.82 kB
dist/assets/input-BXS1bVLp.js                       1.68 kB │ gzip:   0.86 kB
dist/assets/topCards-DX2aSo3E.js                    1.71 kB │ gzip:   0.74 kB
dist/assets/ImageUploader-Bstna-6B.js               1.95 kB │ gzip:   0.94 kB
dist/assets/index-BNxYnedg.js                       2.07 kB │ gzip:   0.92 kB
dist/assets/ForgotPassword-BcWxdAjH.js              2.17 kB │ gzip:   1.09 kB
dist/assets/toolbar-CH87eFcO.js                     2.33 kB │ gzip:   1.06 kB
dist/assets/ResetPassword-DZQneRUh.js               2.40 kB │ gzip:   1.07 kB
dist/assets/AuthCallback-CxWUe39a.js                2.67 kB │ gzip:   1.27 kB
dist/assets/index-DXMun8ND.js                       2.67 kB │ gzip:   1.20 kB
dist/assets/index-DMQEZA6j.js                       2.72 kB │ gzip:   1.22 kB
dist/assets/FileUploader-B3AindMj.js                3.02 kB │ gzip:   1.35 kB
dist/assets/index-B8muxC6f.js                       3.07 kB │ gzip:   1.46 kB
dist/assets/index-CiDBAKDx.js                       3.21 kB │ gzip:   1.60 kB
dist/assets/index-C-BiiI1K.js                       3.27 kB │ gzip:   1.59 kB
dist/assets/index-BFD5Yp4w.js                       3.40 kB │ gzip:   1.62 kB
dist/assets/index-D8V5jErY.js                       3.48 kB │ gzip:   1.67 kB
dist/assets/index-CAAIwWCD.js                       3.58 kB │ gzip:   1.37 kB
dist/assets/SelectRole-DeGAaqi7.js                  3.68 kB │ gzip:   1.70 kB
dist/assets/checkbox-S4bBG6Yn.js                    4.08 kB │ gzip:   1.78 kB
dist/assets/index-CfA0as6L.js                       4.21 kB │ gzip:   2.05 kB
dist/assets/index-DZtY3kps.js                       4.21 kB │ gzip:   1.67 kB
dist/assets/index-DOWshMME.js                       4.21 kB │ gzip:   1.67 kB
dist/assets/index-DA7eIT3p.js                       4.22 kB │ gzip:   2.05 kB
dist/assets/Dashboard-CJIGj4XD.js                   4.25 kB │ gzip:   1.44 kB
dist/assets/Dashboard-DYDoS2rf.js                   4.26 kB │ gzip:   1.45 kB
dist/assets/SignUp-B6USCSuo.js                      4.34 kB │ gzip:   1.74 kB
dist/assets/index-WSRcIN7l.js                       4.34 kB │ gzip:   1.71 kB
dist/assets/Stepper-fn_NTGcD.js                     4.66 kB │ gzip:   2.02 kB
dist/assets/ContactSupport-D3WOAF-d.js              4.94 kB │ gzip:   2.03 kB
dist/assets/Login-B0y0KN7i.js                       5.04 kB │ gzip:   2.13 kB
dist/assets/VerifyUserEmail-CaHPuQji.js             6.17 kB │ gzip:   2.29 kB
dist/assets/businessProposalCard-C17pl9nK.js        6.48 kB │ gzip:   2.13 kB
dist/assets/Profile-DyJ8U9Ro.js                     7.14 kB │ gzip:   2.26 kB
dist/assets/index-Bqs4fr0V.js                       7.69 kB │ gzip:   3.15 kB
dist/assets/index-BPAqitQ3.js                       8.31 kB │ gzip:   3.18 kB
dist/assets/tooltip-Dz0q7C-g.js                     8.38 kB │ gzip:   3.08 kB
dist/assets/dialog-CCeInJ4n.js                      8.44 kB │ gzip:   3.25 kB
dist/assets/index-BxvvjOlk.js                       9.59 kB │ gzip:   3.94 kB
dist/assets/index-f-lVhvXH.js                       9.97 kB │ gzip:   3.21 kB
dist/assets/index-D9U-4W19.js                      10.04 kB │ gzip:   3.82 kB
dist/assets/index-BgNM1Rap.js                      10.85 kB │ gzip:   3.99 kB
dist/assets/Header-BbEFRneb.js                     11.52 kB │ gzip:   3.53 kB
dist/assets/CreateNewBatch-DDVraTNa.js             15.28 kB │ gzip:   4.09 kB
dist/assets/CreateBusinessProposal-ACEvm6hR.js     15.59 kB │ gzip:   4.99 kB
dist/assets/index-DKUYenrP.js                      16.50 kB │ gzip:   6.24 kB
dist/assets/EditFounder-DdtRRCaa.js                17.76 kB │ gzip:   4.27 kB
dist/assets/EditInvestor-BI5MMFyt.js               18.40 kB │ gzip:   4.40 kB
dist/assets/index-mzjd3u9G.js                      18.99 kB │ gzip:   5.33 kB
dist/assets/index-C1YEXkRd.js                      19.33 kB │ gzip:   6.35 kB
dist/assets/index-CzYhQy4J.js                      21.01 kB │ gzip:   5.56 kB
dist/assets/select-BuJowfvH.js                     21.86 kB │ gzip:   7.81 kB
dist/assets/index-BLvHC8v0.js                      27.59 kB │ gzip:  10.66 kB
dist/assets/table-z3ev94sC.js                      37.21 kB │ gzip:  10.87 kB
dist/assets/ViewCallLogsModal-CLLathfT.js          82.17 kB │ gzip:  24.81 kB
dist/assets/Landing-CrjH_dcV.js                   136.55 kB │ gzip:  48.81 kB
dist/assets/xlsx-DGuHH-KN.js                      429.49 kB │ gzip: 143.07 kB
dist/assets/index-Dm_wjfiN.js                     607.47 kB │ gzip: 165.18 kB
dist/assets/index-pQLiLPag.js                     757.06 kB │ gzip: 228.28 kB
dist/assets/CkEditor-BG-Zp2O-.js                1,318.06 kB │ gzip: 325.94 kB

(!) Some chunks are larger than 500 kB after minification. Consider:
- Using dynamic import() to code-split the application
- Use build.rollupOptions.output.manualChunks to improve chunking: https://rollupjs.org/configuration-options/#output-manualchunks
- Adjust chunk size limit for this warning via build.chunkSizeWarningLimit.
✓ built in 14.64s
Packaging build...
  adding: favicon.ico (deflated 13%)
  adding: assets/ (stored 0%)
  adding: assets/irfanMalikBg-D4osmO_C.jpg (deflated 1%)
  adding: assets/meerGreenJacket-ykCKR2uN.png (deflated 0%)
  adding: assets/wasimAkramBg-D4BFEYu1.png (deflated 0%)
  adding: assets/shakeelBg-NX99JDrP.jpg (deflated 0%)
  adding: assets/meerShinyDress-C8scZpYx.webp (deflated 0%)
  adding: assets/akhtar-qLBVRLf-.jpg (deflated 1%)
  adding: assets/arabic-BElshnQY.jpg (deflated 0%)
  adding: assets/dubai-Bmqq4ymj.jpg (deflated 0%)
  adding: assets/handShake-Dk1DoagP.webp (deflated 0%)
  adding: assets/salman-DD3Zraly.jpg (deflated 0%)
  adding: assets/fahad-CnovJc60.jpg (deflated 0%)
  adding: assets/placeholderMan-BvremNML.png (deflated 3%)
  adding: assets/wasim-ETjjiRaD.jpg (deflated 0%)
  adding: assets/tech-BdWyL5Pa.jpg (deflated 0%)
  adding: assets/MainLogo-DJpFhlQE.png (deflated 4%)
  adding: assets/tower-gldBe0jJ.webp (deflated 0%)
  adding: assets/tower2-LuqAcWCu.jpg (deflated 2%)
  adding: assets/tower3-DpFzgoGy.jpg (deflated 0%)
  adding: assets/rectanglePlaceholder-nCbViREl.png (deflated 31%)
  adding: assets/Fav-BPcykgsi.png (deflated 5%)
  adding: assets/proposal2-B9XZZX50.webp (deflated 3%)
  adding: assets/proposal5-DItum-r7.webp (deflated 4%)
  adding: assets/goldenCheck-QMGlinWJ.png (deflated 0%)
  adding: assets/proposal6-wLmvSjqd.webp (deflated 0%)
  adding: assets/proposal3-fxAFZeku.webp (deflated 1%)
  adding: assets/proposal1-D37fvLUu.webp (deflated 1%)
  adding: assets/proposal4-CZk7QC75.webp (deflated 1%)
  adding: assets/wasimAkram-CBOcRO9q.png (deflated 1%)
  adding: assets/index-uHodguhT.css (deflated 86%)
  adding: assets/index-pQLiLPag.js (deflated 70%)
  adding: assets/Landing-CrjH_dcV.js (deflated 64%)
  adding: assets/index-CiDBAKDx.js (deflated 50%)
  adding: assets/index-B8muxC6f.js (deflated 53%)
  adding: assets/index-BFD5Yp4w.js (deflated 53%)
  adding: assets/index-C-BiiI1K.js (deflated 52%)
  adding: assets/Header-BbEFRneb.js (deflated 70%)
  adding: assets/SignUp-B6USCSuo.js (deflated 60%)
  adding: assets/ForgotPassword-BcWxdAjH.js (deflated 51%)
  adding: assets/VerifyUserEmail-CaHPuQji.js (deflated 63%)
  adding: assets/ResetPassword-DZQneRUh.js (deflated 56%)
  adding: assets/ContactSupport-D3WOAF-d.js (deflated 59%)
  adding: assets/AuthCallback-CxWUe39a.js (deflated 53%)
  adding: assets/SelectRole-DeGAaqi7.js (deflated 54%)
  adding: assets/Login-B0y0KN7i.js (deflated 58%)
  adding: assets/index-DMQEZA6j.js (deflated 54%)
  adding: assets/index-Dm_wjfiN.js (deflated 73%)
  adding: assets/Profile-DyJ8U9Ro.js (deflated 69%)
  adding: assets/index-Bqs4fr0V.js (deflated 59%)
  adding: assets/index-D9U-4W19.js (deflated 62%)
  adding: assets/EditInvestor-BI5MMFyt.js (deflated 76%)
  adding: assets/index-BgNM1Rap.js (deflated 63%)
  adding: assets/globe-B4JFnVm-.js (deflated 33%)
  adding: assets/ViewCallLogsModal-CLLathfT.js (deflated 70%)
  adding: assets/label-BPiuILWY.js (deflated 41%)
  adding: assets/EditFounder-DdtRRCaa.js (deflated 76%)
  adding: assets/index-BxvvjOlk.js (deflated 59%)
  adding: assets/index-C1YEXkRd.js (deflated 67%)
  adding: assets/user-plus-CscQ35_C.js (deflated 34%)
  adding: assets/log-in-ByjN6tYp.js (deflated 32%)
  adding: assets/ban-DxfyIPz0.js (deflated 27%)
  adding: assets/phone-CMp-tXxr.js (deflated 37%)
  adding: assets/InfoBox-8crpDPV7.js (deflated 50%)
  adding: assets/pencil-vdWIacM0.js (deflated 31%)
  adding: assets/index-WSRcIN7l.js (deflated 61%)
  adding: assets/CreateBusinessProposal-ACEvm6hR.js (deflated 68%)
  adding: assets/index-f-lVhvXH.js (deflated 68%)
  adding: assets/useDebounce-BM_qcXAI.js (deflated 59%)
  adding: assets/CreateNewBatch-DDVraTNa.js (deflated 73%)
  adding: assets/sparkles-BdXgzqCl.js (deflated 45%)
  adding: assets/map-pin-C62c9khH.js (deflated 28%)
  adding: assets/info-e6aZzXUZ.js (deflated 30%)
  adding: assets/shield-check-BX3SiuVv.js (deflated 32%)
  adding: assets/CkEditor-BG-Zp2O-.js (deflated 75%)
  adding: assets/message-square-BtbvO6Hz.js (deflated 29%)
  adding: assets/mail-RiyhFUrr.js (deflated 26%)
  adding: assets/table-z3ev94sC.js (deflated 71%)
  adding: assets/circle-alert-DrOlX2W6.js (deflated 36%)
  adding: assets/Dashboard-CJIGj4XD.js (deflated 66%)
  adding: assets/index-mzjd3u9G.js (deflated 72%)
  adding: assets/uiFunctions-B4bNLmHa.js (deflated 29%)
  adding: assets/ToggleChips-DnmxPS9T.js (deflated 52%)
  adding: assets/index-CfA0as6L.js (deflated 52%)
  adding: assets/index-CAAIwWCD.js (deflated 62%)
  adding: assets/GetMoreDetailsModal-DCwdpUDh.js (deflated 54%)
  adding: assets/index-DZtY3kps.js (deflated 61%)
  adding: assets/trending-up-C_bR4Fbb.js (deflated 26%)
  adding: assets/LegalModal-DEtxLPZj.js (deflated 34%)
  adding: assets/index-D8V5jErY.js (deflated 53%)
  adding: assets/dialog-CCeInJ4n.js (deflated 62%)
  adding: assets/download-CqQkO_u-.js (deflated 31%)
  adding: assets/index-BPAqitQ3.js (deflated 62%)
  adding: assets/index-DKUYenrP.js (deflated 62%)
  adding: assets/index-BNxYnedg.js (deflated 56%)
  adding: assets/input-BXS1bVLp.js (deflated 50%)
  adding: assets/FileUploader-B3AindMj.js (deflated 56%)
  adding: assets/select-BuJowfvH.js (deflated 64%)
  adding: assets/textarea-JG1gaYnT.js (deflated 52%)
  adding: assets/link-CdHFuSAF.js (deflated 35%)
  adding: assets/eye-UTuMcVFo.js (deflated 33%)
  adding: assets/trash-2-CjXo9i2r.js (deflated 40%)
  adding: assets/chevron-down-BCBQsIIy.js (deflated 24%)
  adding: assets/index-DXMun8ND.js (deflated 56%)
  adding: assets/index-BLvHC8v0.js (deflated 62%)
  adding: assets/topCards-DX2aSo3E.js (deflated 58%)
  adding: assets/xlsx-DGuHH-KN.js (deflated 67%)
  adding: assets/card-SeyiTsem.js (deflated 62%)
  adding: assets/ImageUploader-Bstna-6B.js (deflated 53%)
  adding: assets/upload-Bqjeyp9E.js (deflated 31%)
  adding: assets/toolbar-CH87eFcO.js (deflated 55%)
  adding: assets/tooltip-Dz0q7C-g.js (deflated 63%)
  adding: assets/square-pen-CygHREOg.js (deflated 35%)
  adding: assets/checkbox-S4bBG6Yn.js (deflated 57%)
  adding: assets/plus-9730kYfH.js (deflated 28%)
  adding: assets/file-text-ChjwoxQl.js (deflated 40%)
  adding: assets/businessProposalCard-C17pl9nK.js (deflated 67%)
  adding: assets/circle-x-Bnq45qQI.js (deflated 31%)
  adding: assets/Stepper-fn_NTGcD.js (deflated 57%)
  adding: assets/target-X4DJLuj0.js (deflated 65%)
  adding: assets/Tabs-BskKerf3.js (deflated 49%)
  adding: assets/Dashboard-DYDoS2rf.js (deflated 66%)
  adding: assets/index-CzYhQy4J.js (deflated 74%)
  adding: assets/index-DOWshMME.js (deflated 61%)
  adding: assets/index-DA7eIT3p.js (deflated 52%)
  adding: index.html (deflated 52%)
Saving Lightsail SSH key...
Uploading build to Lightsail...
Warning: Permanently added '15.207.22.250' (ED25519) to the list of known hosts.
Deploying build to /var/www/html ...
Archive:  /home/ubuntu/react-build.zip
  inflating: /var/www/html/favicon.ico  
   creating: /var/www/html/assets/
  inflating: /var/www/html/assets/irfanMalikBg-D4osmO_C.jpg  
  inflating: /var/www/html/assets/meerGreenJacket-ykCKR2uN.png  
  inflating: /var/www/html/assets/wasimAkramBg-D4BFEYu1.png  
  inflating: /var/www/html/assets/shakeelBg-NX99JDrP.jpg  
  inflating: /var/www/html/assets/meerShinyDress-C8scZpYx.webp  
  inflating: /var/www/html/assets/akhtar-qLBVRLf-.jpg  
  inflating: /var/www/html/assets/arabic-BElshnQY.jpg  
  inflating: /var/www/html/assets/dubai-Bmqq4ymj.jpg  
  inflating: /var/www/html/assets/handShake-Dk1DoagP.webp  
  inflating: /var/www/html/assets/salman-DD3Zraly.jpg  
  inflating: /var/www/html/assets/fahad-CnovJc60.jpg  
  inflating: /var/www/html/assets/placeholderMan-BvremNML.png  
  inflating: /var/www/html/assets/wasim-ETjjiRaD.jpg  
  inflating: /var/www/html/assets/tech-BdWyL5Pa.jpg  
  inflating: /var/www/html/assets/MainLogo-DJpFhlQE.png  
  inflating: /var/www/html/assets/tower-gldBe0jJ.webp  
  inflating: /var/www/html/assets/tower2-LuqAcWCu.jpg  
  inflating: /var/www/html/assets/tower3-DpFzgoGy.jpg  
  inflating: /var/www/html/assets/rectanglePlaceholder-nCbViREl.png  
  inflating: /var/www/html/assets/Fav-BPcykgsi.png  
  inflating: /var/www/html/assets/proposal2-B9XZZX50.webp  
  inflating: /var/www/html/assets/proposal5-DItum-r7.webp  
  inflating: /var/www/html/assets/goldenCheck-QMGlinWJ.png  
  inflating: /var/www/html/assets/proposal6-wLmvSjqd.webp  
  inflating: /var/www/html/assets/proposal3-fxAFZeku.webp  
  inflating: /var/www/html/assets/proposal1-D37fvLUu.webp  
  inflating: /var/www/html/assets/proposal4-CZk7QC75.webp  
  inflating: /var/www/html/assets/wasimAkram-CBOcRO9q.png  
  inflating: /var/www/html/assets/index-uHodguhT.css  
  inflating: /var/www/html/assets/index-pQLiLPag.js  
  inflating: /var/www/html/assets/Landing-CrjH_dcV.js  
  inflating: /var/www/html/assets/index-CiDBAKDx.js  
  inflating: /var/www/html/assets/index-B8muxC6f.js  
  inflating: /var/www/html/assets/index-BFD5Yp4w.js  
  inflating: /var/www/html/assets/index-C-BiiI1K.js  
  inflating: /var/www/html/assets/Header-BbEFRneb.js  
  inflating: /var/www/html/assets/SignUp-B6USCSuo.js  
  inflating: /var/www/html/assets/ForgotPassword-BcWxdAjH.js  
  inflating: /var/www/html/assets/VerifyUserEmail-CaHPuQji.js  
  inflating: /var/www/html/assets/ResetPassword-DZQneRUh.js  
  inflating: /var/www/html/assets/ContactSupport-D3WOAF-d.js  
  inflating: /var/www/html/assets/AuthCallback-CxWUe39a.js  
  inflating: /var/www/html/assets/SelectRole-DeGAaqi7.js  
  inflating: /var/www/html/assets/Login-B0y0KN7i.js  
  inflating: /var/www/html/assets/index-DMQEZA6j.js  
  inflating: /var/www/html/assets/index-Dm_wjfiN.js  
  inflating: /var/www/html/assets/Profile-DyJ8U9Ro.js  
  inflating: /var/www/html/assets/index-Bqs4fr0V.js  
  inflating: /var/www/html/assets/index-D9U-4W19.js  
  inflating: /var/www/html/assets/EditInvestor-BI5MMFyt.js  
  inflating: /var/www/html/assets/index-BgNM1Rap.js  
  inflating: /var/www/html/assets/globe-B4JFnVm-.js  
  inflating: /var/www/html/assets/ViewCallLogsModal-CLLathfT.js  
  inflating: /var/www/html/assets/label-BPiuILWY.js  
  inflating: /var/www/html/assets/EditFounder-DdtRRCaa.js  
  inflating: /var/www/html/assets/index-BxvvjOlk.js  
  inflating: /var/www/html/assets/index-C1YEXkRd.js  
  inflating: /var/www/html/assets/user-plus-CscQ35_C.js  
  inflating: /var/www/html/assets/log-in-ByjN6tYp.js  
  inflating: /var/www/html/assets/ban-DxfyIPz0.js  
  inflating: /var/www/html/assets/phone-CMp-tXxr.js  
  inflating: /var/www/html/assets/InfoBox-8crpDPV7.js  
  inflating: /var/www/html/assets/pencil-vdWIacM0.js  
  inflating: /var/www/html/assets/index-WSRcIN7l.js  
  inflating: /var/www/html/assets/CreateBusinessProposal-ACEvm6hR.js  
  inflating: /var/www/html/assets/index-f-lVhvXH.js  
  inflating: /var/www/html/assets/useDebounce-BM_qcXAI.js  
  inflating: /var/www/html/assets/CreateNewBatch-DDVraTNa.js  
  inflating: /var/www/html/assets/sparkles-BdXgzqCl.js  
  inflating: /var/www/html/assets/map-pin-C62c9khH.js  
  inflating: /var/www/html/assets/info-e6aZzXUZ.js  
  inflating: /var/www/html/assets/shield-check-BX3SiuVv.js  
  inflating: /var/www/html/assets/CkEditor-BG-Zp2O-.js  
  inflating: /var/www/html/assets/message-square-BtbvO6Hz.js  
  inflating: /var/www/html/assets/mail-RiyhFUrr.js  
  inflating: /var/www/html/assets/table-z3ev94sC.js  
  inflating: /var/www/html/assets/circle-alert-DrOlX2W6.js  
  inflating: /var/www/html/assets/Dashboard-CJIGj4XD.js  
  inflating: /var/www/html/assets/index-mzjd3u9G.js  
  inflating: /var/www/html/assets/uiFunctions-B4bNLmHa.js  
  inflating: /var/www/html/assets/ToggleChips-DnmxPS9T.js  
  inflating: /var/www/html/assets/index-CfA0as6L.js  
  inflating: /var/www/html/assets/index-CAAIwWCD.js  
  inflating: /var/www/html/assets/GetMoreDetailsModal-DCwdpUDh.js  
  inflating: /var/www/html/assets/index-DZtY3kps.js  
  inflating: /var/www/html/assets/trending-up-C_bR4Fbb.js  
  inflating: /var/www/html/assets/LegalModal-DEtxLPZj.js  
  inflating: /var/www/html/assets/index-D8V5jErY.js  
  inflating: /var/www/html/assets/dialog-CCeInJ4n.js  
  inflating: /var/www/html/assets/download-CqQkO_u-.js  
  inflating: /var/www/html/assets/index-BPAqitQ3.js  
  inflating: /var/www/html/assets/index-DKUYenrP.js  
  inflating: /var/www/html/assets/index-BNxYnedg.js  
  inflating: /var/www/html/assets/input-BXS1bVLp.js  
  inflating: /var/www/html/assets/FileUploader-B3AindMj.js  
  inflating: /var/www/html/assets/select-BuJowfvH.js  
  inflating: /var/www/html/assets/textarea-JG1gaYnT.js  
  inflating: /var/www/html/assets/link-CdHFuSAF.js  
  inflating: /var/www/html/assets/eye-UTuMcVFo.js  
  inflating: /var/www/html/assets/trash-2-CjXo9i2r.js  
  inflating: /var/www/html/assets/chevron-down-BCBQsIIy.js  
  inflating: /var/www/html/assets/index-DXMun8ND.js  
  inflating: /var/www/html/assets/index-BLvHC8v0.js  
  inflating: /var/www/html/assets/topCards-DX2aSo3E.js  
  inflating: /var/www/html/assets/xlsx-DGuHH-KN.js  
  inflating: /var/www/html/assets/card-SeyiTsem.js  
  inflating: /var/www/html/assets/ImageUploader-Bstna-6B.js  
  inflating: /var/www/html/assets/upload-Bqjeyp9E.js  
  inflating: /var/www/html/assets/toolbar-CH87eFcO.js  
  inflating: /var/www/html/assets/tooltip-Dz0q7C-g.js  
  inflating: /var/www/html/assets/square-pen-CygHREOg.js  
  inflating: /var/www/html/assets/checkbox-S4bBG6Yn.js  
  inflating: /var/www/html/assets/plus-9730kYfH.js  
  inflating: /var/www/html/assets/file-text-ChjwoxQl.js  
  inflating: /var/www/html/assets/businessProposalCard-C17pl9nK.js  
  inflating: /var/www/html/assets/circle-x-Bnq45qQI.js  
  inflating: /var/www/html/assets/Stepper-fn_NTGcD.js  
  inflating: /var/www/html/assets/target-X4DJLuj0.js  
  inflating: /var/www/html/assets/Tabs-BskKerf3.js  
  inflating: /var/www/html/assets/Dashboard-DYDoS2rf.js  
  inflating: /var/www/html/assets/index-CzYhQy4J.js  
  inflating: /var/www/html/assets/index-DOWshMME.js  
  inflating: /var/www/html/assets/index-DA7eIT3p.js  
  inflating: /var/www/html/index.html  
Saving Git logs repo SSH key...
Testing GitHub SSH key...
Cloning deployment-logs repo...
Cloning into 'logs-repo'...
