Installing dependencies...

added 436 packages, and audited 437 packages in 11s

129 packages are looking for funding
  run `npm fund` for details

3 vulnerabilities (2 moderate, 1 high)

To address issues that do not require attention, run:
  npm audit fix

Some issues need review, and may require choosing
a different dependency.

Run `npm audit` for details.
Building React app...

> boilerplate-code-react-js@0.0.0 build
> vite build

vite v7.1.11 building for production...
transforming...
✓ 2900 modules transformed.
rendering chunks...
computing gzip size...
dist/index.html                                    2.18 kB │ gzip:   1.05 kB
dist/assets/rectanglePlaceholder-nCbViREl.png     11.85 kB
dist/assets/irfanMalikBg-D4osmO_C.jpg             24.66 kB
dist/assets/placeholderMan-BvremNML.png           36.64 kB
dist/assets/handShake-Dk1DoagP.webp               65.18 kB
dist/assets/tower-gldBe0jJ.webp                   66.16 kB
dist/assets/tower2-LuqAcWCu.jpg                   72.52 kB
dist/assets/shakeelBg-NX99JDrP.jpg               143.15 kB
dist/assets/MainLogo-DJpFhlQE.png                144.86 kB
dist/assets/Fav-BPcykgsi.png                     147.34 kB
dist/assets/akhtar-qLBVRLf-.jpg                  173.92 kB
dist/assets/tower3-DpFzgoGy.jpg                  175.56 kB
dist/assets/meerShinyDress-C8scZpYx.webp         229.68 kB
dist/assets/meerGreenJacket-ykCKR2uN.png         230.19 kB
dist/assets/arabic-BElshnQY.jpg                  238.42 kB
dist/assets/wasim-ETjjiRaD.jpg                   242.26 kB
dist/assets/salman-DD3Zraly.jpg                  255.18 kB
dist/assets/fahad-CnovJc60.jpg                   278.62 kB
dist/assets/tech-BdWyL5Pa.jpg                    281.71 kB
dist/assets/dubai-Bmqq4ymj.jpg                   311.77 kB
dist/assets/wasimAkramBg-D4BFEYu1.png            313.57 kB
dist/assets/wasimAkram-CBOcRO9q.png            4,488.96 kB
dist/assets/index-O-5qqWpB.css                   128.42 kB │ gzip:  17.56 kB
dist/assets/useDebounce-BuuXs__1.js                0.19 kB │ gzip:   0.17 kB
dist/assets/check-y7fpop4D.js                      0.29 kB │ gzip:   0.24 kB
dist/assets/chevron-down-CyjmEpQU.js               0.30 kB │ gzip:   0.25 kB
dist/assets/plus-1ffrZnkg.js                       0.33 kB │ gzip:   0.25 kB
dist/assets/circle-check-B8noyj4I.js               0.35 kB │ gzip:   0.27 kB
dist/assets/trending-up-D-Z_RJds.js                0.35 kB │ gzip:   0.27 kB
dist/assets/ban-DtZCzRtb.js                        0.35 kB │ gzip:   0.28 kB
dist/assets/circle-check-big-DK33Y3Xe.js           0.36 kB │ gzip:   0.28 kB
dist/assets/info-Ctej3n1l.js                       0.37 kB │ gzip:   0.28 kB
dist/assets/mail-D_FQos3p.js                       0.39 kB │ gzip:   0.31 kB
dist/assets/briefcase-CcBhGSqT.js                  0.39 kB │ gzip:   0.30 kB
dist/assets/log-in-C2SM0TyQ.js                     0.40 kB │ gzip:   0.29 kB
dist/assets/download-CK6v5YC9.js                   0.41 kB │ gzip:   0.30 kB
dist/assets/message-square-B32r66fP.js             0.41 kB │ gzip:   0.31 kB
dist/assets/globe-C20Q2Kaf.js                      0.41 kB │ gzip:   0.30 kB
dist/assets/circle-alert-CoFhvOB3.js               0.42 kB │ gzip:   0.29 kB
dist/assets/eye-BQwOr7Y4.js                        0.42 kB │ gzip:   0.30 kB
dist/assets/map-pin-CsgcpjeR.js                    0.43 kB │ gzip:   0.33 kB
dist/assets/link-Bpottwad.js                       0.43 kB │ gzip:   0.30 kB
dist/assets/pencil-Da_domCa.js                     0.45 kB │ gzip:   0.33 kB
dist/assets/box-DaSBrfku.js                        0.48 kB │ gzip:   0.33 kB
dist/assets/user-plus-B-hGqp0h.js                  0.48 kB │ gzip:   0.34 kB
dist/assets/shield-check-DYhm8We9.js               0.49 kB │ gzip:   0.35 kB
dist/assets/square-pen-DH9LDWss.js                 0.49 kB │ gzip:   0.34 kB
dist/assets/phone-BJSY6BM7.js                      0.50 kB │ gzip:   0.33 kB
dist/assets/trash-2-BZbOYz45.js                    0.50 kB │ gzip:   0.32 kB
dist/assets/file-text-djGsRnUt.js                  0.51 kB │ gzip:   0.32 kB
dist/assets/sparkles-CUMoqGbs.js                   0.67 kB │ gzip:   0.39 kB
dist/assets/label-C0rnuRXw.js                      0.89 kB │ gzip:   0.55 kB
dist/assets/InfoBox-B-Ldo_L0.js                    0.91 kB │ gzip:   0.46 kB
dist/assets/textarea-BscEgpHF.js                   0.96 kB │ gzip:   0.54 kB
dist/assets/ToggleChips-CyFMLtsR.js                1.12 kB │ gzip:   0.65 kB
dist/assets/input-jT5tuzb5.js                      1.14 kB │ gzip:   0.66 kB
dist/assets/card-uhxuYKRG.js                       1.18 kB │ gzip:   0.46 kB
dist/assets/EmptyState-B0kzDApT.js                 1.47 kB │ gzip:   0.61 kB
dist/assets/target-BqVEnVqs.js                     1.56 kB │ gzip:   0.55 kB
dist/assets/index-N8eggKS-.js                      1.73 kB │ gzip:   0.81 kB
dist/assets/toolbar-BCuHPbgE.js                    1.86 kB │ gzip:   0.86 kB
dist/assets/topCards-BhbWdRHh.js                   2.01 kB │ gzip:   0.93 kB
dist/assets/index-BIc7HRz4.js                      2.07 kB │ gzip:   0.92 kB
dist/assets/ForgotPassword-BdffWFBI.js             2.21 kB │ gzip:   1.10 kB
dist/assets/ImageUploader-iQbdfeyX.js              2.26 kB │ gzip:   1.13 kB
dist/assets/ResetPassword-Db4NGnJs.js              2.44 kB │ gzip:   1.08 kB
dist/assets/AuthCallback-4YbeFMGV.js               2.47 kB │ gzip:   1.24 kB
dist/assets/FileUploader-C89pUV7P.js               3.02 kB │ gzip:   1.35 kB
dist/assets/index-TpWBRsua.js                      3.07 kB │ gzip:   1.46 kB
dist/assets/index-BOjg_nsZ.js                      3.21 kB │ gzip:   1.60 kB
dist/assets/index-BcVpqiwp.js                      3.27 kB │ gzip:   1.59 kB
dist/assets/index-D7u1bWJq.js                      3.40 kB │ gzip:   1.62 kB
dist/assets/SelectRole-m7W7eoJw.js                 3.69 kB │ gzip:   1.68 kB
dist/assets/index-gDlPXntY.js                      3.98 kB │ gzip:   1.50 kB
dist/assets/index-LSBv_Olr.js                      4.05 kB │ gzip:   1.60 kB
dist/assets/index-CPW3jyC9.js                      4.05 kB │ gzip:   1.60 kB
dist/assets/index-6JL3L6YL.js                      4.05 kB │ gzip:   1.60 kB
dist/assets/LegalModal-CxP4541_.js                 4.09 kB │ gzip:   2.01 kB
dist/assets/checkbox-BMxfCP11.js                   4.11 kB │ gzip:   1.80 kB
dist/assets/SignUp-B-0n4dbr.js                     4.23 kB │ gzip:   1.67 kB
dist/assets/Dashboard-BtGpXSxy.js                  4.25 kB │ gzip:   1.45 kB
dist/assets/Dashboard-r-0NmEOM.js                  4.26 kB │ gzip:   1.46 kB
dist/assets/index-ChnOcfhs.js                      4.49 kB │ gzip:   2.30 kB
dist/assets/index-DEBeIGpb.js                      4.51 kB │ gzip:   2.30 kB
dist/assets/Stepper-FndyC2Q6.js                    4.66 kB │ gzip:   2.03 kB
dist/assets/index-CgtEtd2H.js                      4.88 kB │ gzip:   2.05 kB
dist/assets/ContactSupport-QSxT_iiY.js             4.96 kB │ gzip:   2.04 kB
dist/assets/Login-XDteNcfB.js                      5.07 kB │ gzip:   2.14 kB
dist/assets/Tabs-B0ocvGiX.js                       5.77 kB │ gzip:   2.03 kB
dist/assets/VerifyUserEmail-TtNi8fM2.js            5.92 kB │ gzip:   2.12 kB
dist/assets/index-BMobmkK2.js                      7.17 kB │ gzip:   2.95 kB
dist/assets/Profile-B1JLrwU-.js                    7.38 kB │ gzip:   2.52 kB
dist/assets/index-DsIL1RdG.js                      7.44 kB │ gzip:   2.83 kB
dist/assets/dialog-YIMzDh-V.js                     8.41 kB │ gzip:   3.24 kB
dist/assets/index-tQMfG1UR.js                      8.81 kB │ gzip:   3.31 kB
dist/assets/index-8T_e9XZC.js                      9.22 kB │ gzip:   3.78 kB
dist/assets/Header-DPiFW36F.js                    11.07 kB │ gzip:   3.46 kB
dist/assets/EditFounder-B-5OoBSt.js               15.37 kB │ gzip:   3.64 kB
dist/assets/EditInvestor-Blyq6AWW.js              16.74 kB │ gzip:   4.05 kB
dist/assets/CreateNewBatch-D7kOB1Nq.js            17.37 kB │ gzip:   4.41 kB
dist/assets/index-DDs1AWmE.js                     18.21 kB │ gzip:   5.43 kB
dist/assets/index-DJUSFcuA.js                     18.84 kB │ gzip:   6.18 kB
dist/assets/index-CpXBMjap.js                     20.65 kB │ gzip:   5.72 kB
dist/assets/select-CTrZF07U.js                    21.30 kB │ gzip:   7.63 kB
dist/assets/index-Cx5Kd4yl.js                     24.76 kB │ gzip:   8.98 kB
dist/assets/index-Cmnr8qO6.js                     30.18 kB │ gzip:  11.62 kB
dist/assets/table-DPpNvT38.js                     42.22 kB │ gzip:  11.99 kB
dist/assets/ViewCallLogsModal-D0Q7g-TI.js         82.14 kB │ gzip:  24.80 kB
dist/assets/Landing-BY7zBsY9.js                  136.33 kB │ gzip:  48.77 kB
dist/assets/index-Cy3jKXix.js                    745.26 kB │ gzip: 225.24 kB
dist/assets/index-9osfdL5-.js                    891.23 kB │ gzip: 260.05 kB

(!) Some chunks are larger than 500 kB after minification. Consider:
- Using dynamic import() to code-split the application
- Use build.rollupOptions.output.manualChunks to improve chunking: https://rollupjs.org/configuration-options/#output-manualchunks
- Adjust chunk size limit for this warning via build.chunkSizeWarningLimit.
✓ built in 10.89s
Packaging build...
  adding: favicon.ico (deflated 13%)
  adding: assets/ (stored 0%)
  adding: assets/irfanMalikBg-D4osmO_C.jpg (deflated 1%)
  adding: assets/meerGreenJacket-ykCKR2uN.png (deflated 0%)
  adding: assets/meerShinyDress-C8scZpYx.webp (deflated 0%)
  adding: assets/shakeelBg-NX99JDrP.jpg (deflated 0%)
  adding: assets/dubai-Bmqq4ymj.jpg (deflated 0%)
  adding: assets/fahad-CnovJc60.jpg (deflated 0%)
  adding: assets/handShake-Dk1DoagP.webp (deflated 0%)
  adding: assets/salman-DD3Zraly.jpg (deflated 0%)
  adding: assets/tech-BdWyL5Pa.jpg (deflated 0%)
  adding: assets/wasim-ETjjiRaD.jpg (deflated 0%)
  adding: assets/placeholderMan-BvremNML.png (deflated 3%)
  adding: assets/rectanglePlaceholder-nCbViREl.png (deflated 31%)
  adding: assets/Fav-BPcykgsi.png (deflated 5%)
  adding: assets/MainLogo-DJpFhlQE.png (deflated 4%)
  adding: assets/tower-gldBe0jJ.webp (deflated 0%)
  adding: assets/tower2-LuqAcWCu.jpg (deflated 2%)
  adding: assets/akhtar-qLBVRLf-.jpg (deflated 1%)
  adding: assets/wasimAkramBg-D4BFEYu1.png (deflated 0%)
  adding: assets/arabic-BElshnQY.jpg (deflated 0%)
  adding: assets/tower3-DpFzgoGy.jpg (deflated 0%)
  adding: assets/wasimAkram-CBOcRO9q.png (deflated 1%)
  adding: assets/index-O-5qqWpB.css (deflated 86%)
  adding: assets/index-Cy3jKXix.js (deflated 70%)
  adding: assets/Landing-BY7zBsY9.js (deflated 64%)
  adding: assets/index-BOjg_nsZ.js (deflated 50%)
  adding: assets/index-TpWBRsua.js (deflated 53%)
  adding: assets/index-D7u1bWJq.js (deflated 53%)
  adding: assets/index-BcVpqiwp.js (deflated 52%)
  adding: assets/Header-DPiFW36F.js (deflated 69%)
  adding: assets/SignUp-B-0n4dbr.js (deflated 61%)
  adding: assets/ForgotPassword-BdffWFBI.js (deflated 51%)
  adding: assets/VerifyUserEmail-TtNi8fM2.js (deflated 64%)
  adding: assets/ResetPassword-Db4NGnJs.js (deflated 57%)
  adding: assets/ContactSupport-QSxT_iiY.js (deflated 59%)
  adding: assets/AuthCallback-4YbeFMGV.js (deflated 50%)
  adding: assets/SelectRole-m7W7eoJw.js (deflated 55%)
  adding: assets/Login-XDteNcfB.js (deflated 58%)
  adding: assets/index-N8eggKS-.js (deflated 53%)
  adding: assets/Profile-B1JLrwU-.js (deflated 66%)
  adding: assets/index-BMobmkK2.js (deflated 59%)
  adding: assets/index-DsIL1RdG.js (deflated 62%)
  adding: assets/box-DaSBrfku.js (deflated 36%)
  adding: assets/EditInvestor-Blyq6AWW.js (deflated 76%)
  adding: assets/index-tQMfG1UR.js (deflated 63%)
  adding: assets/globe-C20Q2Kaf.js (deflated 33%)
  adding: assets/ViewCallLogsModal-D0Q7g-TI.js (deflated 70%)
  adding: assets/label-C0rnuRXw.js (deflated 40%)
  adding: assets/index-8T_e9XZC.js (deflated 59%)
  adding: assets/index-DJUSFcuA.js (deflated 67%)
  adding: assets/user-plus-B-hGqp0h.js (deflated 34%)
  adding: assets/log-in-C2SM0TyQ.js (deflated 32%)
  adding: assets/ban-DtZCzRtb.js (deflated 26%)
  adding: assets/phone-BJSY6BM7.js (deflated 37%)
  adding: assets/InfoBox-B-Ldo_L0.js (deflated 51%)
  adding: assets/pencil-Da_domCa.js (deflated 31%)
  adding: assets/shield-check-DYhm8We9.js (deflated 31%)
  adding: assets/index-gDlPXntY.js (deflated 63%)
  adding: assets/index-CgtEtd2H.js (deflated 58%)
  adding: assets/EmptyState-B0kzDApT.js (deflated 60%)
  adding: assets/useDebounce-BuuXs__1.js (deflated 22%)
  adding: assets/CreateNewBatch-D7kOB1Nq.js (deflated 75%)
  adding: assets/sparkles-CUMoqGbs.js (deflated 45%)
  adding: assets/circle-check-B8noyj4I.js (deflated 27%)
  adding: assets/briefcase-CcBhGSqT.js (deflated 28%)
  adding: assets/info-Ctej3n1l.js (deflated 30%)
  adding: assets/message-square-B32r66fP.js (deflated 29%)
  adding: assets/map-pin-CsgcpjeR.js (deflated 28%)
  adding: assets/mail-D_FQos3p.js (deflated 26%)
  adding: assets/table-DPpNvT38.js (deflated 72%)
  adding: assets/circle-alert-CoFhvOB3.js (deflated 35%)
  adding: assets/Dashboard-BtGpXSxy.js (deflated 66%)
  adding: assets/index-DDs1AWmE.js (deflated 70%)
  adding: assets/ToggleChips-CyFMLtsR.js (deflated 44%)
  adding: assets/index-ChnOcfhs.js (deflated 49%)
  adding: assets/index-LSBv_Olr.js (deflated 61%)
  adding: assets/index-CPW3jyC9.js (deflated 61%)
  adding: assets/Dashboard-r-0NmEOM.js (deflated 66%)
  adding: assets/target-BqVEnVqs.js (deflated 65%)
  adding: assets/trending-up-D-Z_RJds.js (deflated 26%)
  adding: assets/LegalModal-CxP4541_.js (deflated 51%)
  adding: assets/dialog-YIMzDh-V.js (deflated 62%)
  adding: assets/download-CK6v5YC9.js (deflated 31%)
  adding: assets/index-Cx5Kd4yl.js (deflated 64%)
  adding: assets/index-BIc7HRz4.js (deflated 56%)
  adding: assets/input-jT5tuzb5.js (deflated 44%)
  adding: assets/circle-check-big-DK33Y3Xe.js (deflated 26%)
  adding: assets/FileUploader-C89pUV7P.js (deflated 56%)
  adding: assets/select-CTrZF07U.js (deflated 64%)
  adding: assets/textarea-BscEgpHF.js (deflated 45%)
  adding: assets/link-Bpottwad.js (deflated 34%)
  adding: assets/eye-BQwOr7Y4.js (deflated 33%)
  adding: assets/trash-2-BZbOYz45.js (deflated 40%)
  adding: assets/chevron-down-CyjmEpQU.js (deflated 24%)
  adding: assets/check-y7fpop4D.js (deflated 22%)
  adding: assets/index-Cmnr8qO6.js (deflated 62%)
  adding: assets/topCards-BhbWdRHh.js (deflated 54%)
  adding: assets/card-uhxuYKRG.js (deflated 62%)
  adding: assets/ImageUploader-iQbdfeyX.js (deflated 51%)
  adding: assets/toolbar-BCuHPbgE.js (deflated 55%)
  adding: assets/square-pen-DH9LDWss.js (deflated 35%)
  adding: assets/checkbox-BMxfCP11.js (deflated 57%)
  adding: assets/plus-1ffrZnkg.js (deflated 28%)
  adding: assets/file-text-djGsRnUt.js (deflated 40%)
  adding: assets/Tabs-B0ocvGiX.js (deflated 65%)
  adding: assets/Stepper-FndyC2Q6.js (deflated 57%)
  adding: assets/index-CpXBMjap.js (deflated 72%)
  adding: assets/index-6JL3L6YL.js (deflated 61%)
  adding: assets/index-DEBeIGpb.js (deflated 49%)
  adding: assets/EditFounder-B-5OoBSt.js (deflated 77%)
  adding: assets/index-9osfdL5-.js (deflated 71%)
  adding: index.html (deflated 52%)
Saving Lightsail SSH key...
Uploading build to Lightsail...
Warning: Permanently added '15.207.22.250' (ED25519) to the list of known hosts.
Deploying build to /var/www/html ...
Archive:  /home/ubuntu/react-build.zip
  inflating: /var/www/html/favicon.ico  
   creating: /var/www/html/assets/
  inflating: /var/www/html/assets/irfanMalikBg-D4osmO_C.jpg  
  inflating: /var/www/html/assets/meerGreenJacket-ykCKR2uN.png  
  inflating: /var/www/html/assets/meerShinyDress-C8scZpYx.webp  
  inflating: /var/www/html/assets/shakeelBg-NX99JDrP.jpg  
  inflating: /var/www/html/assets/dubai-Bmqq4ymj.jpg  
  inflating: /var/www/html/assets/fahad-CnovJc60.jpg  
  inflating: /var/www/html/assets/handShake-Dk1DoagP.webp  
  inflating: /var/www/html/assets/salman-DD3Zraly.jpg  
  inflating: /var/www/html/assets/tech-BdWyL5Pa.jpg  
  inflating: /var/www/html/assets/wasim-ETjjiRaD.jpg  
  inflating: /var/www/html/assets/placeholderMan-BvremNML.png  
  inflating: /var/www/html/assets/rectanglePlaceholder-nCbViREl.png  
  inflating: /var/www/html/assets/Fav-BPcykgsi.png  
  inflating: /var/www/html/assets/MainLogo-DJpFhlQE.png  
  inflating: /var/www/html/assets/tower-gldBe0jJ.webp  
  inflating: /var/www/html/assets/tower2-LuqAcWCu.jpg  
  inflating: /var/www/html/assets/akhtar-qLBVRLf-.jpg  
  inflating: /var/www/html/assets/wasimAkramBg-D4BFEYu1.png  
  inflating: /var/www/html/assets/arabic-BElshnQY.jpg  
  inflating: /var/www/html/assets/tower3-DpFzgoGy.jpg  
  inflating: /var/www/html/assets/wasimAkram-CBOcRO9q.png  
  inflating: /var/www/html/assets/index-O-5qqWpB.css  
  inflating: /var/www/html/assets/index-Cy3jKXix.js  
  inflating: /var/www/html/assets/Landing-BY7zBsY9.js  
  inflating: /var/www/html/assets/index-BOjg_nsZ.js  
  inflating: /var/www/html/assets/index-TpWBRsua.js  
  inflating: /var/www/html/assets/index-D7u1bWJq.js  
  inflating: /var/www/html/assets/index-BcVpqiwp.js  
  inflating: /var/www/html/assets/Header-DPiFW36F.js  
  inflating: /var/www/html/assets/SignUp-B-0n4dbr.js  
  inflating: /var/www/html/assets/ForgotPassword-BdffWFBI.js  
  inflating: /var/www/html/assets/VerifyUserEmail-TtNi8fM2.js  
  inflating: /var/www/html/assets/ResetPassword-Db4NGnJs.js  
  inflating: /var/www/html/assets/ContactSupport-QSxT_iiY.js  
  inflating: /var/www/html/assets/AuthCallback-4YbeFMGV.js  
  inflating: /var/www/html/assets/SelectRole-m7W7eoJw.js  
  inflating: /var/www/html/assets/Login-XDteNcfB.js  
  inflating: /var/www/html/assets/index-N8eggKS-.js  
  inflating: /var/www/html/assets/Profile-B1JLrwU-.js  
  inflating: /var/www/html/assets/index-BMobmkK2.js  
  inflating: /var/www/html/assets/index-DsIL1RdG.js  
  inflating: /var/www/html/assets/box-DaSBrfku.js  
  inflating: /var/www/html/assets/EditInvestor-Blyq6AWW.js  
  inflating: /var/www/html/assets/index-tQMfG1UR.js  
  inflating: /var/www/html/assets/globe-C20Q2Kaf.js  
  inflating: /var/www/html/assets/ViewCallLogsModal-D0Q7g-TI.js  
  inflating: /var/www/html/assets/label-C0rnuRXw.js  
  inflating: /var/www/html/assets/index-8T_e9XZC.js  
  inflating: /var/www/html/assets/index-DJUSFcuA.js  
  inflating: /var/www/html/assets/user-plus-B-hGqp0h.js  
  inflating: /var/www/html/assets/log-in-C2SM0TyQ.js  
  inflating: /var/www/html/assets/ban-DtZCzRtb.js  
  inflating: /var/www/html/assets/phone-BJSY6BM7.js  
  inflating: /var/www/html/assets/InfoBox-B-Ldo_L0.js  
  inflating: /var/www/html/assets/pencil-Da_domCa.js  
  inflating: /var/www/html/assets/shield-check-DYhm8We9.js  
  inflating: /var/www/html/assets/index-gDlPXntY.js  
  inflating: /var/www/html/assets/index-CgtEtd2H.js  
  inflating: /var/www/html/assets/EmptyState-B0kzDApT.js  
  inflating: /var/www/html/assets/useDebounce-BuuXs__1.js  
  inflating: /var/www/html/assets/CreateNewBatch-D7kOB1Nq.js  
  inflating: /var/www/html/assets/sparkles-CUMoqGbs.js  
  inflating: /var/www/html/assets/circle-check-B8noyj4I.js  
  inflating: /var/www/html/assets/briefcase-CcBhGSqT.js  
  inflating: /var/www/html/assets/info-Ctej3n1l.js  
  inflating: /var/www/html/assets/message-square-B32r66fP.js  
  inflating: /var/www/html/assets/map-pin-CsgcpjeR.js  
  inflating: /var/www/html/assets/mail-D_FQos3p.js  
  inflating: /var/www/html/assets/table-DPpNvT38.js  
  inflating: /var/www/html/assets/circle-alert-CoFhvOB3.js  
  inflating: /var/www/html/assets/Dashboard-BtGpXSxy.js  
  inflating: /var/www/html/assets/index-DDs1AWmE.js  
  inflating: /var/www/html/assets/ToggleChips-CyFMLtsR.js  
  inflating: /var/www/html/assets/index-ChnOcfhs.js  
  inflating: /var/www/html/assets/index-LSBv_Olr.js  
  inflating: /var/www/html/assets/index-CPW3jyC9.js  
  inflating: /var/www/html/assets/Dashboard-r-0NmEOM.js  
  inflating: /var/www/html/assets/target-BqVEnVqs.js  
  inflating: /var/www/html/assets/trending-up-D-Z_RJds.js  
  inflating: /var/www/html/assets/LegalModal-CxP4541_.js  
  inflating: /var/www/html/assets/dialog-YIMzDh-V.js  
  inflating: /var/www/html/assets/download-CK6v5YC9.js  
  inflating: /var/www/html/assets/index-Cx5Kd4yl.js  
  inflating: /var/www/html/assets/index-BIc7HRz4.js  
  inflating: /var/www/html/assets/input-jT5tuzb5.js  
  inflating: /var/www/html/assets/circle-check-big-DK33Y3Xe.js  
  inflating: /var/www/html/assets/FileUploader-C89pUV7P.js  
  inflating: /var/www/html/assets/select-CTrZF07U.js  
  inflating: /var/www/html/assets/textarea-BscEgpHF.js  
  inflating: /var/www/html/assets/link-Bpottwad.js  
  inflating: /var/www/html/assets/eye-BQwOr7Y4.js  
  inflating: /var/www/html/assets/trash-2-BZbOYz45.js  
  inflating: /var/www/html/assets/chevron-down-CyjmEpQU.js  
  inflating: /var/www/html/assets/check-y7fpop4D.js  
  inflating: /var/www/html/assets/index-Cmnr8qO6.js  
  inflating: /var/www/html/assets/topCards-BhbWdRHh.js  
  inflating: /var/www/html/assets/card-uhxuYKRG.js  
  inflating: /var/www/html/assets/ImageUploader-iQbdfeyX.js  
  inflating: /var/www/html/assets/toolbar-BCuHPbgE.js  
  inflating: /var/www/html/assets/square-pen-DH9LDWss.js  
  inflating: /var/www/html/assets/checkbox-BMxfCP11.js  
  inflating: /var/www/html/assets/plus-1ffrZnkg.js  
  inflating: /var/www/html/assets/file-text-djGsRnUt.js  
  inflating: /var/www/html/assets/Tabs-B0ocvGiX.js  
  inflating: /var/www/html/assets/Stepper-FndyC2Q6.js  
  inflating: /var/www/html/assets/index-CpXBMjap.js  
  inflating: /var/www/html/assets/index-6JL3L6YL.js  
  inflating: /var/www/html/assets/index-DEBeIGpb.js  
  inflating: /var/www/html/assets/EditFounder-B-5OoBSt.js  
  inflating: /var/www/html/assets/index-9osfdL5-.js  
  inflating: /var/www/html/index.html  
Saving Git logs repo SSH key...
Testing GitHub SSH key...
Cloning deployment-logs repo...
Cloning into 'logs-repo'...
