Installing dependencies...
npm warn deprecated abab@2.0.6: Use your platform's native atob() and btoa() methods instead
npm warn deprecated domexception@2.0.1: Use your platform's native DOMException instead
npm warn deprecated w3c-hr-time@1.0.2: Use your platform's native performance.now() and performance.timeOrigin.

added 1750 packages, and audited 1751 packages in 4m

222 packages are looking for funding
  run `npm fund` for details

52 vulnerabilities (51 moderate, 1 high)

To address issues that do not require attention, run:
  npm audit fix

To address all issues possible (including breaking changes), run:
  npm audit fix --force

Some issues need review, and may require choosing
a different dependency.

Run `npm audit` for details.
Building React app...

> boilerplate-code-react-js@0.0.0 build
> vite build

vite v7.1.11 building for production...
transforming...
✓ 2921 modules transformed.
rendering chunks...
computing gzip size...
dist/index.html                                     2.18 kB │ gzip:   1.05 kB
dist/assets/rectanglePlaceholder-nCbViREl.png      11.85 kB
dist/assets/irfanMalikBg-D4osmO_C.jpg              24.66 kB
dist/assets/proposal6-wLmvSjqd.webp                28.15 kB
dist/assets/placeholderMan-BvremNML.png            36.64 kB
dist/assets/handShake-Dk1DoagP.webp                65.18 kB
dist/assets/tower-gldBe0jJ.webp                    66.16 kB
dist/assets/tower2-LuqAcWCu.jpg                    72.52 kB
dist/assets/goldenCheck-QMGlinWJ.png              124.08 kB
dist/assets/shakeelBg-NX99JDrP.jpg                143.15 kB
dist/assets/MainLogo-DJpFhlQE.png                 144.86 kB
dist/assets/Fav-BPcykgsi.png                      147.34 kB
dist/assets/akhtar-qLBVRLf-.jpg                   173.92 kB
dist/assets/proposal5-DItum-r7.webp               174.24 kB
dist/assets/tower3-DpFzgoGy.jpg                   175.56 kB
dist/assets/proposal2-B9XZZX50.webp               192.62 kB
dist/assets/meerShinyDress-C8scZpYx.webp          229.68 kB
dist/assets/meerGreenJacket-ykCKR2uN.png          230.19 kB
dist/assets/arabic-BElshnQY.jpg                   238.42 kB
dist/assets/wasim-ETjjiRaD.jpg                    242.26 kB
dist/assets/salman-DD3Zraly.jpg                   255.18 kB
dist/assets/fahad-CnovJc60.jpg                    278.62 kB
dist/assets/tech-BdWyL5Pa.jpg                     281.71 kB
dist/assets/dubai-Bmqq4ymj.jpg                    311.77 kB
dist/assets/wasimAkramBg-D4BFEYu1.png             313.57 kB
dist/assets/proposal3-fxAFZeku.webp               445.47 kB
dist/assets/proposal4-CZk7QC75.webp               542.86 kB
dist/assets/proposal1-D37fvLUu.webp               779.05 kB
dist/assets/wasimAkram-CBOcRO9q.png             4,488.96 kB
dist/assets/index-BvO5KiOZ.css                    132.10 kB │ gzip:  18.07 kB
dist/assets/uiFunctions-BFDaXcME.js                 0.29 kB │ gzip:   0.23 kB
dist/assets/check-SaQRrbGt.js                       0.29 kB │ gzip:   0.24 kB
dist/assets/chevron-down-DNWmRKrP.js                0.30 kB │ gzip:   0.25 kB
dist/assets/plus-BgMBSOE1.js                        0.33 kB │ gzip:   0.25 kB
dist/assets/clock-CTXiNMWn.js                       0.34 kB │ gzip:   0.27 kB
dist/assets/trending-up-BtxUDSkm.js                 0.35 kB │ gzip:   0.27 kB
dist/assets/ban-DavD7bE6.js                         0.35 kB │ gzip:   0.28 kB
dist/assets/circle-check-big-CoTj10zv.js            0.36 kB │ gzip:   0.28 kB
dist/assets/info-BuTowlZk.js                        0.37 kB │ gzip:   0.28 kB
dist/assets/circle-x-CDsf-8Aa.js                    0.38 kB │ gzip:   0.28 kB
dist/assets/mail-CrTPA5zd.js                        0.39 kB │ gzip:   0.31 kB
dist/assets/briefcase-C5Thl0AN.js                   0.39 kB │ gzip:   0.30 kB
dist/assets/upload-BmWxNyRR.js                      0.40 kB │ gzip:   0.30 kB
dist/assets/log-in-xarYngph.js                      0.40 kB │ gzip:   0.29 kB
dist/assets/download-DIkMO3hW.js                    0.41 kB │ gzip:   0.30 kB
dist/assets/message-square-Cl61osL7.js              0.41 kB │ gzip:   0.31 kB
dist/assets/globe-QP3YDcF-.js                       0.41 kB │ gzip:   0.29 kB
dist/assets/circle-alert-U98S-mXs.js                0.42 kB │ gzip:   0.29 kB
dist/assets/eye-De3qLrMD.js                         0.42 kB │ gzip:   0.30 kB
dist/assets/map-pin-BUvVqj6w.js                     0.43 kB │ gzip:   0.32 kB
dist/assets/link-BWuzwUx5.js                        0.43 kB │ gzip:   0.30 kB
dist/assets/pencil-DKBKsczP.js                      0.45 kB │ gzip:   0.33 kB
dist/assets/user-plus-V4zSuMXL.js                   0.48 kB │ gzip:   0.34 kB
dist/assets/shield-check-CUi8d7Bz.js                0.49 kB │ gzip:   0.35 kB
dist/assets/square-pen-CICCc-ns.js                  0.49 kB │ gzip:   0.34 kB
dist/assets/phone-7h7bhteE.js                       0.50 kB │ gzip:   0.33 kB
dist/assets/trash-2-BzkpcLKE.js                     0.50 kB │ gzip:   0.32 kB
dist/assets/file-text-DmBdQldq.js                   0.51 kB │ gzip:   0.32 kB
dist/assets/LegalModal-DbxXRem5.js                  0.66 kB │ gzip:   0.46 kB
dist/assets/sparkles-CX3NDGXP.js                    0.67 kB │ gzip:   0.39 kB
dist/assets/label-DWBjihhH.js                       0.89 kB │ gzip:   0.55 kB
dist/assets/InfoBox-_2yvGAaR.js                     0.91 kB │ gzip:   0.46 kB
dist/assets/card-De-mQjyb.js                        1.18 kB │ gzip:   0.46 kB
dist/assets/Tabs-DXYgj_hT.js                        1.23 kB │ gzip:   0.65 kB
dist/assets/GetMoreDetailsModal-Bz1h5nPG.js         1.27 kB │ gzip:   0.60 kB
dist/assets/textarea-jUFLkBP5.js                    1.49 kB │ gzip:   0.74 kB
dist/assets/target-BCJU0i7B.js                      1.56 kB │ gzip:   0.55 kB
dist/assets/useDebounce-Dsk_6744.js                 1.62 kB │ gzip:   0.69 kB
dist/assets/ToggleChips-DMLsLXfb.js                 1.66 kB │ gzip:   0.82 kB
dist/assets/input-CrRiXHbS.js                       1.68 kB │ gzip:   0.86 kB
dist/assets/topCards-DMbDp_d9.js                    1.71 kB │ gzip:   0.74 kB
dist/assets/toolbar-CAOMO-zc.js                     1.86 kB │ gzip:   0.86 kB
dist/assets/ImageUploader-BUzR08Rf.js               1.95 kB │ gzip:   0.94 kB
dist/assets/index-CKgShktZ.js                       2.07 kB │ gzip:   0.92 kB
dist/assets/ForgotPassword-D3b0fwR9.js              2.21 kB │ gzip:   1.10 kB
dist/assets/ResetPassword-CIPZ-lBs.js               2.44 kB │ gzip:   1.08 kB
dist/assets/AuthCallback-CsMYGlBU.js                2.70 kB │ gzip:   1.28 kB
dist/assets/index-7lEnTLcj.js                       2.72 kB │ gzip:   1.22 kB
dist/assets/FileUploader-D5KxqAwB.js                3.02 kB │ gzip:   1.35 kB
dist/assets/index-v62I30Fa.js                       3.07 kB │ gzip:   1.46 kB
dist/assets/index-DbrFfDu0.js                       3.21 kB │ gzip:   1.60 kB
dist/assets/index-C41xPnIB.js                       3.27 kB │ gzip:   1.59 kB
dist/assets/index-CBIuRFrX.js                       3.40 kB │ gzip:   1.62 kB
dist/assets/index-BkGkmRlr.js                       3.48 kB │ gzip:   1.67 kB
dist/assets/index-RMS-G_Mj.js                       3.52 kB │ gzip:   1.36 kB
dist/assets/SelectRole-WNzBYQv2.js                  3.76 kB │ gzip:   1.73 kB
dist/assets/checkbox-Bz9u8z7p.js                    4.11 kB │ gzip:   1.80 kB
dist/assets/index-oj3xyaAV.js                       4.17 kB │ gzip:   1.64 kB
dist/assets/index-Afoauzbn.js                       4.17 kB │ gzip:   1.64 kB
dist/assets/index-CBF7FzGB.js                       4.18 kB │ gzip:   2.04 kB
dist/assets/index-CQIT97VI.js                       4.19 kB │ gzip:   2.04 kB
dist/assets/Dashboard-Byd1_7y0.js                   4.25 kB │ gzip:   1.44 kB
dist/assets/Dashboard-BuXhNTYO.js                   4.26 kB │ gzip:   1.45 kB
dist/assets/index-WLZ8kgBa.js                       4.33 kB │ gzip:   1.70 kB
dist/assets/SignUp-B5bN0ep9.js                      4.42 kB │ gzip:   1.77 kB
dist/assets/Stepper-BU5ydSAl.js                     4.66 kB │ gzip:   2.02 kB
dist/assets/ContactSupport-DAhcf5s4.js              4.96 kB │ gzip:   2.04 kB
dist/assets/Login-DkTRufIE.js                       5.08 kB │ gzip:   2.15 kB
dist/assets/VerifyUserEmail-BAnx_HO4.js             6.20 kB │ gzip:   2.30 kB
dist/assets/businessProposalCard-D7uDbYA6.js        6.55 kB │ gzip:   2.15 kB
dist/assets/Profile-CH32cMIl.js                     7.10 kB │ gzip:   2.26 kB
dist/assets/index-QrEXPgR9.js                       7.67 kB │ gzip:   3.14 kB
dist/assets/dialog-CtsHz8w8.js                      8.41 kB │ gzip:   3.24 kB
dist/assets/index-CAXfBZkd.js                       9.58 kB │ gzip:   3.93 kB
dist/assets/index-BhSM4-LF.js                       9.96 kB │ gzip:   3.78 kB
dist/assets/index-DOIG8EP_.js                       9.96 kB │ gzip:   3.20 kB
dist/assets/index-fcb72avN.js                      10.77 kB │ gzip:   3.95 kB
dist/assets/Header-C8q1lSJ6.js                     11.49 kB │ gzip:   3.52 kB
dist/assets/CreateNewBatch-DBp5dHJd.js             15.31 kB │ gzip:   4.10 kB
dist/assets/CreateBusinessProposal-C8pj-W3W.js     15.56 kB │ gzip:   4.98 kB
dist/assets/EditFounder-DKxOJRdw.js                17.74 kB │ gzip:   4.27 kB
dist/assets/EditInvestor-D_7DxwGy.js               18.38 kB │ gzip:   4.40 kB
dist/assets/index-C2heKMBd.js                      18.96 kB │ gzip:   5.33 kB
dist/assets/index-CHM4s0tI.js                      19.32 kB │ gzip:   6.34 kB
dist/assets/index-CzXIt_e7.js                      20.98 kB │ gzip:   5.55 kB
dist/assets/select-JiPixlq5.js                     21.83 kB │ gzip:   7.80 kB
dist/assets/index-DR0Z8MTV.js                      24.76 kB │ gzip:   8.98 kB
dist/assets/index-Z7pkrRZe.js                      30.18 kB │ gzip:  11.61 kB
dist/assets/table-Ba-UN4O0.js                      45.19 kB │ gzip:  12.84 kB
dist/assets/ViewCallLogsModal-CBQbtXi4.js          82.14 kB │ gzip:  24.80 kB
dist/assets/Landing-8ZwWEy90.js                   136.56 kB │ gzip:  48.82 kB
dist/assets/index-D_o32aSt.js                     747.99 kB │ gzip: 226.08 kB
dist/assets/index-BwjJl8Jv.js                     892.45 kB │ gzip: 260.37 kB
dist/assets/CkEditor-D9jmxOPN.js                1,318.06 kB │ gzip: 325.94 kB

(!) Some chunks are larger than 500 kB after minification. Consider:
- Using dynamic import() to code-split the application
- Use build.rollupOptions.output.manualChunks to improve chunking: https://rollupjs.org/configuration-options/#output-manualchunks
- Adjust chunk size limit for this warning via build.chunkSizeWarningLimit.
✓ built in 15.29s
Packaging build...
  adding: favicon.ico (deflated 13%)
  adding: assets/ (stored 0%)
  adding: assets/irfanMalikBg-D4osmO_C.jpg (deflated 1%)
  adding: assets/meerGreenJacket-ykCKR2uN.png (deflated 0%)
  adding: assets/meerShinyDress-C8scZpYx.webp (deflated 0%)
  adding: assets/wasimAkramBg-D4BFEYu1.png (deflated 0%)
  adding: assets/arabic-BElshnQY.jpg (deflated 0%)
  adding: assets/akhtar-qLBVRLf-.jpg (deflated 1%)
  adding: assets/dubai-Bmqq4ymj.jpg (deflated 0%)
  adding: assets/handShake-Dk1DoagP.webp (deflated 0%)
  adding: assets/shakeelBg-NX99JDrP.jpg (deflated 0%)
  adding: assets/salman-DD3Zraly.jpg (deflated 0%)
  adding: assets/fahad-CnovJc60.jpg (deflated 0%)
  adding: assets/placeholderMan-BvremNML.png (deflated 3%)
  adding: assets/wasim-ETjjiRaD.jpg (deflated 0%)
  adding: assets/tech-BdWyL5Pa.jpg (deflated 0%)
  adding: assets/MainLogo-DJpFhlQE.png (deflated 4%)
  adding: assets/goldenCheck-QMGlinWJ.png (deflated 0%)
  adding: assets/tower-gldBe0jJ.webp (deflated 0%)
  adding: assets/tower2-LuqAcWCu.jpg (deflated 2%)
  adding: assets/tower3-DpFzgoGy.jpg (deflated 0%)
  adding: assets/Fav-BPcykgsi.png (deflated 5%)
  adding: assets/rectanglePlaceholder-nCbViREl.png (deflated 31%)
  adding: assets/proposal5-DItum-r7.webp (deflated 4%)
  adding: assets/proposal6-wLmvSjqd.webp (deflated 0%)
  adding: assets/proposal3-fxAFZeku.webp (deflated 1%)
  adding: assets/proposal1-D37fvLUu.webp (deflated 1%)
  adding: assets/proposal4-CZk7QC75.webp (deflated 1%)
  adding: assets/wasimAkram-CBOcRO9q.png (deflated 1%)
  adding: assets/index-BvO5KiOZ.css (deflated 86%)
  adding: assets/index-D_o32aSt.js (deflated 70%)
  adding: assets/Landing-8ZwWEy90.js (deflated 64%)
  adding: assets/index-DbrFfDu0.js (deflated 51%)
  adding: assets/index-v62I30Fa.js (deflated 53%)
  adding: assets/index-CBIuRFrX.js (deflated 53%)
  adding: assets/index-C41xPnIB.js (deflated 52%)
  adding: assets/Header-C8q1lSJ6.js (deflated 70%)
  adding: assets/SignUp-B5bN0ep9.js (deflated 60%)
  adding: assets/ForgotPassword-D3b0fwR9.js (deflated 51%)
  adding: assets/VerifyUserEmail-BAnx_HO4.js (deflated 63%)
  adding: assets/ResetPassword-CIPZ-lBs.js (deflated 56%)
  adding: assets/ContactSupport-DAhcf5s4.js (deflated 59%)
  adding: assets/AuthCallback-CsMYGlBU.js (deflated 53%)
  adding: assets/SelectRole-WNzBYQv2.js (deflated 54%)
  adding: assets/Login-DkTRufIE.js (deflated 58%)
  adding: assets/index-7lEnTLcj.js (deflated 55%)
  adding: assets/index-BwjJl8Jv.js (deflated 71%)
  adding: assets/Profile-CH32cMIl.js (deflated 68%)
  adding: assets/index-QrEXPgR9.js (deflated 59%)
  adding: assets/index-BhSM4-LF.js (deflated 62%)
  adding: assets/EditInvestor-D_7DxwGy.js (deflated 76%)
  adding: assets/index-fcb72avN.js (deflated 64%)
  adding: assets/globe-QP3YDcF-.js (deflated 33%)
  adding: assets/ViewCallLogsModal-CBQbtXi4.js (deflated 70%)
  adding: assets/label-DWBjihhH.js (deflated 41%)
  adding: assets/EditFounder-DKxOJRdw.js (deflated 76%)
  adding: assets/index-CAXfBZkd.js (deflated 59%)
  adding: assets/index-CHM4s0tI.js (deflated 67%)
  adding: assets/user-plus-V4zSuMXL.js (deflated 34%)
  adding: assets/log-in-xarYngph.js (deflated 32%)
  adding: assets/ban-DavD7bE6.js (deflated 27%)
  adding: assets/phone-7h7bhteE.js (deflated 37%)
  adding: assets/InfoBox-_2yvGAaR.js (deflated 51%)
  adding: assets/pencil-DKBKsczP.js (deflated 31%)
  adding: assets/index-WLZ8kgBa.js (deflated 61%)
  adding: assets/CreateBusinessProposal-C8pj-W3W.js (deflated 68%)
  adding: assets/index-DOIG8EP_.js (deflated 68%)
  adding: assets/useDebounce-Dsk_6744.js (deflated 59%)
  adding: assets/CreateNewBatch-DBp5dHJd.js (deflated 73%)
  adding: assets/sparkles-CX3NDGXP.js (deflated 45%)
  adding: assets/map-pin-BUvVqj6w.js (deflated 28%)
  adding: assets/briefcase-C5Thl0AN.js (deflated 28%)
  adding: assets/info-BuTowlZk.js (deflated 30%)
  adding: assets/shield-check-CUi8d7Bz.js (deflated 32%)
  adding: assets/CkEditor-D9jmxOPN.js (deflated 75%)
  adding: assets/message-square-Cl61osL7.js (deflated 29%)
  adding: assets/mail-CrTPA5zd.js (deflated 26%)
  adding: assets/table-Ba-UN4O0.js (deflated 72%)
  adding: assets/circle-alert-U98S-mXs.js (deflated 36%)
  adding: assets/Dashboard-Byd1_7y0.js (deflated 67%)
  adding: assets/index-C2heKMBd.js (deflated 72%)
  adding: assets/uiFunctions-BFDaXcME.js (deflated 29%)
  adding: assets/ToggleChips-DMLsLXfb.js (deflated 52%)
  adding: assets/index-CBF7FzGB.js (deflated 52%)
  adding: assets/index-RMS-G_Mj.js (deflated 62%)
  adding: assets/GetMoreDetailsModal-Bz1h5nPG.js (deflated 54%)
  adding: assets/index-oj3xyaAV.js (deflated 61%)
  adding: assets/trending-up-BtxUDSkm.js (deflated 26%)
  adding: assets/LegalModal-DbxXRem5.js (deflated 33%)
  adding: assets/index-BkGkmRlr.js (deflated 53%)
  adding: assets/dialog-CtsHz8w8.js (deflated 62%)
  adding: assets/download-DIkMO3hW.js (deflated 31%)
  adding: assets/index-DR0Z8MTV.js (deflated 64%)
  adding: assets/index-CKgShktZ.js (deflated 56%)
  adding: assets/input-CrRiXHbS.js (deflated 50%)
  adding: assets/circle-check-big-CoTj10zv.js (deflated 27%)
  adding: assets/FileUploader-D5KxqAwB.js (deflated 56%)
  adding: assets/select-JiPixlq5.js (deflated 64%)
  adding: assets/textarea-jUFLkBP5.js (deflated 52%)
  adding: assets/link-BWuzwUx5.js (deflated 35%)
  adding: assets/eye-De3qLrMD.js (deflated 33%)
  adding: assets/trash-2-BzkpcLKE.js (deflated 40%)
  adding: assets/chevron-down-DNWmRKrP.js (deflated 24%)
  adding: assets/check-SaQRrbGt.js (deflated 22%)
  adding: assets/index-Z7pkrRZe.js (deflated 62%)
  adding: assets/clock-CTXiNMWn.js (deflated 26%)
  adding: assets/card-De-mQjyb.js (deflated 62%)
  adding: assets/ImageUploader-BUzR08Rf.js (deflated 53%)
  adding: assets/upload-BmWxNyRR.js (deflated 31%)
  adding: assets/toolbar-CAOMO-zc.js (deflated 55%)
  adding: assets/square-pen-CICCc-ns.js (deflated 35%)
  adding: assets/checkbox-Bz9u8z7p.js (deflated 57%)
  adding: assets/plus-BgMBSOE1.js (deflated 28%)
  adding: assets/file-text-DmBdQldq.js (deflated 40%)
  adding: assets/businessProposalCard-D7uDbYA6.js (deflated 67%)
  adding: assets/circle-x-CDsf-8Aa.js (deflated 31%)
  adding: assets/Stepper-BU5ydSAl.js (deflated 57%)
  adding: assets/target-BCJU0i7B.js (deflated 65%)
  adding: assets/Tabs-DXYgj_hT.js (deflated 49%)
  adding: assets/Dashboard-BuXhNTYO.js (deflated 66%)
  adding: assets/index-CzXIt_e7.js (deflated 74%)
  adding: assets/index-Afoauzbn.js (deflated 61%)
  adding: assets/index-CQIT97VI.js (deflated 52%)
  adding: assets/proposal2-B9XZZX50.webp (deflated 3%)
  adding: assets/topCards-DMbDp_d9.js (deflated 58%)
  adding: index.html (deflated 52%)
Saving Lightsail SSH key...
Uploading build to Lightsail...
Warning: Permanently added '15.207.22.250' (ED25519) to the list of known hosts.
Deploying build to /var/www/html ...
Archive:  /home/ubuntu/react-build.zip
  inflating: /var/www/html/favicon.ico  
   creating: /var/www/html/assets/
  inflating: /var/www/html/assets/irfanMalikBg-D4osmO_C.jpg  
  inflating: /var/www/html/assets/meerGreenJacket-ykCKR2uN.png  
  inflating: /var/www/html/assets/meerShinyDress-C8scZpYx.webp  
  inflating: /var/www/html/assets/wasimAkramBg-D4BFEYu1.png  
  inflating: /var/www/html/assets/arabic-BElshnQY.jpg  
  inflating: /var/www/html/assets/akhtar-qLBVRLf-.jpg  
  inflating: /var/www/html/assets/dubai-Bmqq4ymj.jpg  
  inflating: /var/www/html/assets/handShake-Dk1DoagP.webp  
  inflating: /var/www/html/assets/shakeelBg-NX99JDrP.jpg  
  inflating: /var/www/html/assets/salman-DD3Zraly.jpg  
  inflating: /var/www/html/assets/fahad-CnovJc60.jpg  
  inflating: /var/www/html/assets/placeholderMan-BvremNML.png  
  inflating: /var/www/html/assets/wasim-ETjjiRaD.jpg  
  inflating: /var/www/html/assets/tech-BdWyL5Pa.jpg  
  inflating: /var/www/html/assets/MainLogo-DJpFhlQE.png  
  inflating: /var/www/html/assets/goldenCheck-QMGlinWJ.png  
  inflating: /var/www/html/assets/tower-gldBe0jJ.webp  
  inflating: /var/www/html/assets/tower2-LuqAcWCu.jpg  
  inflating: /var/www/html/assets/tower3-DpFzgoGy.jpg  
  inflating: /var/www/html/assets/Fav-BPcykgsi.png  
  inflating: /var/www/html/assets/rectanglePlaceholder-nCbViREl.png  
  inflating: /var/www/html/assets/proposal5-DItum-r7.webp  
  inflating: /var/www/html/assets/proposal6-wLmvSjqd.webp  
  inflating: /var/www/html/assets/proposal3-fxAFZeku.webp  
  inflating: /var/www/html/assets/proposal1-D37fvLUu.webp  
  inflating: /var/www/html/assets/proposal4-CZk7QC75.webp  
  inflating: /var/www/html/assets/wasimAkram-CBOcRO9q.png  
  inflating: /var/www/html/assets/index-BvO5KiOZ.css  
  inflating: /var/www/html/assets/index-D_o32aSt.js  
  inflating: /var/www/html/assets/Landing-8ZwWEy90.js  
  inflating: /var/www/html/assets/index-DbrFfDu0.js  
  inflating: /var/www/html/assets/index-v62I30Fa.js  
  inflating: /var/www/html/assets/index-CBIuRFrX.js  
  inflating: /var/www/html/assets/index-C41xPnIB.js  
  inflating: /var/www/html/assets/Header-C8q1lSJ6.js  
  inflating: /var/www/html/assets/SignUp-B5bN0ep9.js  
  inflating: /var/www/html/assets/ForgotPassword-D3b0fwR9.js  
  inflating: /var/www/html/assets/VerifyUserEmail-BAnx_HO4.js  
  inflating: /var/www/html/assets/ResetPassword-CIPZ-lBs.js  
  inflating: /var/www/html/assets/ContactSupport-DAhcf5s4.js  
  inflating: /var/www/html/assets/AuthCallback-CsMYGlBU.js  
  inflating: /var/www/html/assets/SelectRole-WNzBYQv2.js  
  inflating: /var/www/html/assets/Login-DkTRufIE.js  
  inflating: /var/www/html/assets/index-7lEnTLcj.js  
  inflating: /var/www/html/assets/index-BwjJl8Jv.js  
  inflating: /var/www/html/assets/Profile-CH32cMIl.js  
  inflating: /var/www/html/assets/index-QrEXPgR9.js  
  inflating: /var/www/html/assets/index-BhSM4-LF.js  
  inflating: /var/www/html/assets/EditInvestor-D_7DxwGy.js  
  inflating: /var/www/html/assets/index-fcb72avN.js  
  inflating: /var/www/html/assets/globe-QP3YDcF-.js  
  inflating: /var/www/html/assets/ViewCallLogsModal-CBQbtXi4.js  
  inflating: /var/www/html/assets/label-DWBjihhH.js  
  inflating: /var/www/html/assets/EditFounder-DKxOJRdw.js  
  inflating: /var/www/html/assets/index-CAXfBZkd.js  
  inflating: /var/www/html/assets/index-CHM4s0tI.js  
  inflating: /var/www/html/assets/user-plus-V4zSuMXL.js  
  inflating: /var/www/html/assets/log-in-xarYngph.js  
  inflating: /var/www/html/assets/ban-DavD7bE6.js  
  inflating: /var/www/html/assets/phone-7h7bhteE.js  
  inflating: /var/www/html/assets/InfoBox-_2yvGAaR.js  
  inflating: /var/www/html/assets/pencil-DKBKsczP.js  
  inflating: /var/www/html/assets/index-WLZ8kgBa.js  
  inflating: /var/www/html/assets/CreateBusinessProposal-C8pj-W3W.js  
  inflating: /var/www/html/assets/index-DOIG8EP_.js  
  inflating: /var/www/html/assets/useDebounce-Dsk_6744.js  
  inflating: /var/www/html/assets/CreateNewBatch-DBp5dHJd.js  
  inflating: /var/www/html/assets/sparkles-CX3NDGXP.js  
  inflating: /var/www/html/assets/map-pin-BUvVqj6w.js  
  inflating: /var/www/html/assets/briefcase-C5Thl0AN.js  
  inflating: /var/www/html/assets/info-BuTowlZk.js  
  inflating: /var/www/html/assets/shield-check-CUi8d7Bz.js  
  inflating: /var/www/html/assets/CkEditor-D9jmxOPN.js  
  inflating: /var/www/html/assets/message-square-Cl61osL7.js  
  inflating: /var/www/html/assets/mail-CrTPA5zd.js  
  inflating: /var/www/html/assets/table-Ba-UN4O0.js  
  inflating: /var/www/html/assets/circle-alert-U98S-mXs.js  
  inflating: /var/www/html/assets/Dashboard-Byd1_7y0.js  
  inflating: /var/www/html/assets/index-C2heKMBd.js  
  inflating: /var/www/html/assets/uiFunctions-BFDaXcME.js  
  inflating: /var/www/html/assets/ToggleChips-DMLsLXfb.js  
  inflating: /var/www/html/assets/index-CBF7FzGB.js  
  inflating: /var/www/html/assets/index-RMS-G_Mj.js  
  inflating: /var/www/html/assets/GetMoreDetailsModal-Bz1h5nPG.js  
  inflating: /var/www/html/assets/index-oj3xyaAV.js  
  inflating: /var/www/html/assets/trending-up-BtxUDSkm.js  
  inflating: /var/www/html/assets/LegalModal-DbxXRem5.js  
  inflating: /var/www/html/assets/index-BkGkmRlr.js  
  inflating: /var/www/html/assets/dialog-CtsHz8w8.js  
  inflating: /var/www/html/assets/download-DIkMO3hW.js  
  inflating: /var/www/html/assets/index-DR0Z8MTV.js  
  inflating: /var/www/html/assets/index-CKgShktZ.js  
  inflating: /var/www/html/assets/input-CrRiXHbS.js  
  inflating: /var/www/html/assets/circle-check-big-CoTj10zv.js  
  inflating: /var/www/html/assets/FileUploader-D5KxqAwB.js  
  inflating: /var/www/html/assets/select-JiPixlq5.js  
  inflating: /var/www/html/assets/textarea-jUFLkBP5.js  
  inflating: /var/www/html/assets/link-BWuzwUx5.js  
  inflating: /var/www/html/assets/eye-De3qLrMD.js  
  inflating: /var/www/html/assets/trash-2-BzkpcLKE.js  
  inflating: /var/www/html/assets/chevron-down-DNWmRKrP.js  
  inflating: /var/www/html/assets/check-SaQRrbGt.js  
  inflating: /var/www/html/assets/index-Z7pkrRZe.js  
  inflating: /var/www/html/assets/clock-CTXiNMWn.js  
  inflating: /var/www/html/assets/card-De-mQjyb.js  
  inflating: /var/www/html/assets/ImageUploader-BUzR08Rf.js  
  inflating: /var/www/html/assets/upload-BmWxNyRR.js  
  inflating: /var/www/html/assets/toolbar-CAOMO-zc.js  
  inflating: /var/www/html/assets/square-pen-CICCc-ns.js  
  inflating: /var/www/html/assets/checkbox-Bz9u8z7p.js  
  inflating: /var/www/html/assets/plus-BgMBSOE1.js  
  inflating: /var/www/html/assets/file-text-DmBdQldq.js  
  inflating: /var/www/html/assets/businessProposalCard-D7uDbYA6.js  
  inflating: /var/www/html/assets/circle-x-CDsf-8Aa.js  
  inflating: /var/www/html/assets/Stepper-BU5ydSAl.js  
  inflating: /var/www/html/assets/target-BCJU0i7B.js  
  inflating: /var/www/html/assets/Tabs-DXYgj_hT.js  
  inflating: /var/www/html/assets/Dashboard-BuXhNTYO.js  
  inflating: /var/www/html/assets/index-CzXIt_e7.js  
  inflating: /var/www/html/assets/index-Afoauzbn.js  
  inflating: /var/www/html/assets/index-CQIT97VI.js  
  inflating: /var/www/html/assets/proposal2-B9XZZX50.webp  
  inflating: /var/www/html/assets/topCards-DMbDp_d9.js  
  inflating: /var/www/html/index.html  
Saving Git logs repo SSH key...
Testing GitHub SSH key...
Cloning deployment-logs repo...
Cloning into 'logs-repo'...
