Installing dependencies...

added 437 packages, and audited 438 packages in 13s

129 packages are looking for funding
  run `npm fund` for details

3 vulnerabilities (2 moderate, 1 high)

To address issues that do not require attention, run:
  npm audit fix

Some issues need review, and may require choosing
a different dependency.

Run `npm audit` for details.
Building React app...

> boilerplate-code-react-js@0.0.0 build
> vite build

vite v7.1.11 building for production...
transforming...
✓ 2882 modules transformed.
rendering chunks...
computing gzip size...
dist/index.html                                    0.96 kB │ gzip:   0.53 kB
dist/assets/rectanglePlaceholder-nCbViREl.png     11.85 kB
dist/assets/irfanMalikBg-D4osmO_C.jpg             24.66 kB
dist/assets/placeholderMan-BvremNML.png           36.64 kB
dist/assets/ShahidAfridiBg-CbCvmnf9.jpg           55.65 kB
dist/assets/handShake-Dk1DoagP.webp               65.18 kB
dist/assets/shakeelBg-NX99JDrP.jpg               143.15 kB
dist/assets/MainLogo-DJpFhlQE.png                144.86 kB
dist/assets/Fav-BPcykgsi.png                     147.34 kB
dist/assets/akhtar-qLBVRLf-.jpg                  173.92 kB
dist/assets/meerShinyDress-C8scZpYx.webp         229.68 kB
dist/assets/meerGreenJacket-ykCKR2uN.png         230.19 kB
dist/assets/arabic-BElshnQY.jpg                  238.42 kB
dist/assets/wasim-ETjjiRaD.jpg                   242.26 kB
dist/assets/salman-DD3Zraly.jpg                  255.18 kB
dist/assets/fahad-CnovJc60.jpg                   278.62 kB
dist/assets/tech-BdWyL5Pa.jpg                    281.71 kB
dist/assets/dubai-Bmqq4ymj.jpg                   311.77 kB
dist/assets/wasimAkramBg-D4BFEYu1.png            313.57 kB
dist/assets/wasimAkram-CBOcRO9q.png            4,488.96 kB
dist/assets/shahidAfridi-B5l7MSUw.png          5,182.30 kB
dist/assets/index-BhrjQAgE.css                   121.61 kB │ gzip:  16.78 kB
dist/assets/check-BOR-8-Wp.js                      0.29 kB │ gzip:   0.24 kB
dist/assets/chevron-down-C012kXhs.js               0.30 kB │ gzip:   0.25 kB
dist/assets/search-CDrhKPSl.js                     0.34 kB │ gzip:   0.27 kB
dist/assets/trending-up-D5a7zHk2.js                0.35 kB │ gzip:   0.27 kB
dist/assets/mail-C7d04zEZ.js                       0.39 kB │ gzip:   0.31 kB
dist/assets/briefcase-BJbDrupF.js                  0.39 kB │ gzip:   0.30 kB
dist/assets/target-fxhZERKD.js                     0.39 kB │ gzip:   0.27 kB
dist/assets/download-DuKYXsLD.js                   0.41 kB │ gzip:   0.30 kB
dist/assets/globe-Bh3q8oUl.js                      0.41 kB │ gzip:   0.30 kB
dist/assets/circle-alert-B6SIwoJj.js               0.42 kB │ gzip:   0.29 kB
dist/assets/eye-BbkdLykj.js                        0.42 kB │ gzip:   0.30 kB
dist/assets/map-pin-CTmAh_JP.js                    0.43 kB │ gzip:   0.33 kB
dist/assets/link-DrJjPHS4.js                       0.43 kB │ gzip:   0.30 kB
dist/assets/shield-ClAV0uUQ.js                     0.44 kB │ gzip:   0.33 kB
dist/assets/users-BeHwh4kp.js                      0.48 kB │ gzip:   0.33 kB
dist/assets/box-BpDH5Hiy.js                        0.48 kB │ gzip:   0.33 kB
dist/assets/shield-check-B5DcQ6_1.js               0.49 kB │ gzip:   0.35 kB
dist/assets/phone-BGY2iv9v.js                      0.50 kB │ gzip:   0.33 kB
dist/assets/trash-2-BxyNPHc5.js                    0.50 kB │ gzip:   0.32 kB
dist/assets/ToggleChips-nq2AaoLf.js                0.79 kB │ gzip:   0.49 kB
dist/assets/label-CsK9Faus.js                      0.89 kB │ gzip:   0.55 kB
dist/assets/textarea-C_iPfCRD.js                   0.96 kB │ gzip:   0.54 kB
dist/assets/input-Dd-BxneG.js                      1.14 kB │ gzip:   0.66 kB
dist/assets/card-BBJOOldk.js                       1.18 kB │ gzip:   0.46 kB
dist/assets/package-BoZ2gt4S.js                    1.21 kB │ gzip:   0.50 kB
dist/assets/star-BE_MSLij.js                       1.23 kB │ gzip:   0.60 kB
dist/assets/index-B3VF6ttY.js                      1.73 kB │ gzip:   0.81 kB
dist/assets/phone-call-Bzeelpu9.js                 1.83 kB │ gzip:   0.66 kB
dist/assets/AuthCallback-BGA1kn2e.js               1.96 kB │ gzip:   1.05 kB
dist/assets/topCards-CS4aLOAu.js                   2.01 kB │ gzip:   0.93 kB
dist/assets/index-Dmp-EZ-U.js                      2.07 kB │ gzip:   0.92 kB
dist/assets/ForgotPassword-XJFfVSMZ.js             2.08 kB │ gzip:   1.03 kB
dist/assets/toolbar-DbXOAVRG.js                    2.22 kB │ gzip:   1.08 kB
dist/assets/ImageUploader-DjazigEZ.js              2.26 kB │ gzip:   1.13 kB
dist/assets/ResetPassword-Blp0xtAa.js              2.31 kB │ gzip:   1.01 kB
dist/assets/FileUploader-zYGNubXm.js               3.00 kB │ gzip:   1.33 kB
dist/assets/index-DAsGc-aJ.js                      3.05 kB │ gzip:   1.45 kB
dist/assets/index-D_Y2HS8F.js                      3.18 kB │ gzip:   1.59 kB
dist/assets/index-iSL2dpUl.js                      3.24 kB │ gzip:   1.57 kB
dist/assets/index-DVrba0eE.js                      3.38 kB │ gzip:   1.61 kB
dist/assets/SignUp-j1SIBHFb.js                     3.67 kB │ gzip:   1.47 kB
dist/assets/LegalModal-wVnxMGkV.js                 4.09 kB │ gzip:   2.01 kB
dist/assets/checkbox-VL_DmcQV.js                   4.11 kB │ gzip:   1.80 kB
dist/assets/Login-CwoESn9H.js                      4.14 kB │ gzip:   1.75 kB
dist/assets/Dashboard-Bky18tvO.js                  4.24 kB │ gzip:   1.43 kB
dist/assets/Dashboard-DBxCi1FS.js                  4.24 kB │ gzip:   1.43 kB
dist/assets/Stepper-BCW0uorY.js                    4.66 kB │ gzip:   2.03 kB
dist/assets/ContactSupport-D7H6grg_.js             4.82 kB │ gzip:   1.98 kB
dist/assets/VerifyUserEmail-B5FSPk4w.js            5.39 kB │ gzip:   2.07 kB
dist/assets/index-CeI_1ru6.js                      6.42 kB │ gzip:   2.68 kB
dist/assets/index-ahdj27Vo.js                      6.84 kB │ gzip:   2.45 kB
dist/assets/Profile-CiwCSgiY.js                    6.91 kB │ gzip:   2.43 kB
dist/assets/dialog-IisbfVAX.js                     8.24 kB │ gzip:   3.18 kB
dist/assets/index-B-u1pce3.js                      9.90 kB │ gzip:   4.21 kB
dist/assets/index-8uqsrVLQ.js                      9.91 kB │ gzip:   3.31 kB
dist/assets/index-CClP9vEC.js                     10.09 kB │ gzip:   4.28 kB
dist/assets/Header-9WRFKp0P.js                    11.36 kB │ gzip:   3.51 kB
dist/assets/EditFounder-D9A7maVz.js               15.36 kB │ gzip:   3.64 kB
dist/assets/EditInvestor-BmzHZ1nX.js              16.57 kB │ gzip:   3.94 kB
dist/assets/index-S_MoxucR.js                     16.70 kB │ gzip:   5.24 kB
dist/assets/index-CdDdgxCs.js                     18.30 kB │ gzip:   5.50 kB
dist/assets/select-CyV9DQZj.js                    21.30 kB │ gzip:   7.64 kB
dist/assets/index-BsvCffNC.js                     24.76 kB │ gzip:   8.99 kB
dist/assets/index-CsVzD0cC.js                     30.18 kB │ gzip:  11.61 kB
dist/assets/useDebounce-Cuoc1xFz.js               39.75 kB │ gzip:  11.42 kB
dist/assets/index-Bc0PgXMp.js                     84.88 kB │ gzip:  25.84 kB
dist/assets/Landing-Cb02Q-7R.js                  139.88 kB │ gzip:  49.75 kB
dist/assets/index-BC1PbvmC.js                    882.79 kB │ gzip: 258.21 kB
dist/assets/index-BSwn_zkL.js                  1,255.47 kB │ gzip: 384.25 kB

(!) Some chunks are larger than 500 kB after minification. Consider:
- Using dynamic import() to code-split the application
- Use build.rollupOptions.output.manualChunks to improve chunking: https://rollupjs.org/configuration-options/#output-manualchunks
- Adjust chunk size limit for this warning via build.chunkSizeWarningLimit.
✓ built in 14.78s
Packaging build...
  adding: favicon.ico (deflated 5%)
  adding: assets/ (stored 0%)
  adding: assets/irfanMalikBg-D4osmO_C.jpg (deflated 1%)
  adding: assets/meerGreenJacket-ykCKR2uN.png (deflated 0%)
  adding: assets/meerShinyDress-C8scZpYx.webp (deflated 0%)
  adding: assets/shakeelBg-NX99JDrP.jpg (deflated 0%)
  adding: assets/wasimAkramBg-D4BFEYu1.png (deflated 0%)
  adding: assets/arabic-BElshnQY.jpg (deflated 0%)
  adding: assets/akhtar-qLBVRLf-.jpg (deflated 1%)
  adding: assets/handShake-Dk1DoagP.webp (deflated 0%)
  adding: assets/ShahidAfridiBg-CbCvmnf9.jpg (deflated 0%)
  adding: assets/dubai-Bmqq4ymj.jpg (deflated 0%)
  adding: assets/wasim-ETjjiRaD.jpg (deflated 0%)
  adding: assets/placeholderMan-BvremNML.png (deflated 3%)
  adding: assets/rectanglePlaceholder-nCbViREl.png (deflated 31%)
  adding: assets/salman-DD3Zraly.jpg (deflated 0%)
  adding: assets/fahad-CnovJc60.jpg (deflated 0%)
  adding: assets/tech-BdWyL5Pa.jpg (deflated 0%)
  adding: assets/MainLogo-DJpFhlQE.png (deflated 4%)
  adding: assets/Fav-BPcykgsi.png (deflated 5%)
  adding: assets/wasimAkram-CBOcRO9q.png (deflated 1%)
  adding: assets/shahidAfridi-B5l7MSUw.png (deflated 1%)
  adding: assets/index-BhrjQAgE.css (deflated 86%)
  adding: assets/index-BSwn_zkL.js (deflated 69%)
  adding: assets/Landing-Cb02Q-7R.js (deflated 65%)
  adding: assets/index-D_Y2HS8F.js (deflated 51%)
  adding: assets/index-DAsGc-aJ.js (deflated 53%)
  adding: assets/index-DVrba0eE.js (deflated 53%)
  adding: assets/index-iSL2dpUl.js (deflated 52%)
  adding: assets/Header-9WRFKp0P.js (deflated 69%)
  adding: assets/SignUp-j1SIBHFb.js (deflated 61%)
  adding: assets/ForgotPassword-XJFfVSMZ.js (deflated 51%)
  adding: assets/VerifyUserEmail-B5FSPk4w.js (deflated 62%)
  adding: assets/ResetPassword-Blp0xtAa.js (deflated 57%)
  adding: assets/ContactSupport-D7H6grg_.js (deflated 59%)
  adding: assets/AuthCallback-BGA1kn2e.js (deflated 47%)
  adding: assets/Login-CwoESn9H.js (deflated 58%)
  adding: assets/index-B3VF6ttY.js (deflated 53%)
  adding: assets/index-BC1PbvmC.js (deflated 71%)
  adding: assets/Profile-CiwCSgiY.js (deflated 65%)
  adding: assets/index-CeI_1ru6.js (deflated 59%)
  adding: assets/index-Bc0PgXMp.js (deflated 70%)
  adding: assets/label-CsK9Faus.js (deflated 40%)
  adding: assets/box-BpDH5Hiy.js (deflated 36%)
  adding: assets/EditInvestor-BmzHZ1nX.js (deflated 76%)
  adding: assets/index-ahdj27Vo.js (deflated 65%)
  adding: assets/phone-call-Bzeelpu9.js (deflated 65%)
  adding: assets/shield-check-B5DcQ6_1.js (deflated 32%)
  adding: assets/map-pin-CTmAh_JP.js (deflated 28%)
  adding: assets/briefcase-BJbDrupF.js (deflated 28%)
  adding: assets/useDebounce-Cuoc1xFz.js (deflated 71%)
  adding: assets/phone-BGY2iv9v.js (deflated 36%)
  adding: assets/circle-alert-B6SIwoJj.js (deflated 35%)
  adding: assets/mail-C7d04zEZ.js (deflated 26%)
  adding: assets/EditFounder-D9A7maVz.js (deflated 77%)
  adding: assets/Dashboard-Bky18tvO.js (deflated 67%)
  adding: assets/index-S_MoxucR.js (deflated 69%)
  adding: assets/ToggleChips-nq2AaoLf.js (deflated 41%)
  adding: assets/index-B-u1pce3.js (deflated 58%)
  adding: assets/Dashboard-DBxCi1FS.js (deflated 67%)
  adding: assets/package-BoZ2gt4S.js (deflated 61%)
  adding: assets/trending-up-D5a7zHk2.js (deflated 26%)
  adding: assets/index-CdDdgxCs.js (deflated 70%)
  adding: assets/Stepper-BCW0uorY.js (deflated 57%)
  adding: assets/LegalModal-wVnxMGkV.js (deflated 52%)
  adding: assets/download-DuKYXsLD.js (deflated 31%)
  adding: assets/ImageUploader-DjazigEZ.js (deflated 51%)
  adding: assets/dialog-IisbfVAX.js (deflated 62%)
  adding: assets/checkbox-VL_DmcQV.js (deflated 57%)
  adding: assets/index-Dmp-EZ-U.js (deflated 56%)
  adding: assets/index-8uqsrVLQ.js (deflated 67%)
  adding: assets/toolbar-DbXOAVRG.js (deflated 52%)
  adding: assets/search-CDrhKPSl.js (deflated 26%)
  adding: assets/topCards-CS4aLOAu.js (deflated 54%)
  adding: assets/index-CClP9vEC.js (deflated 58%)
  adding: assets/star-BE_MSLij.js (deflated 52%)
  adding: assets/shield-ClAV0uUQ.js (deflated 29%)
  adding: assets/globe-Bh3q8oUl.js (deflated 33%)
  adding: assets/users-BeHwh4kp.js (deflated 36%)
  adding: assets/target-fxhZERKD.js (deflated 37%)
  adding: assets/FileUploader-zYGNubXm.js (deflated 56%)
  adding: assets/link-DrJjPHS4.js (deflated 34%)
  adding: assets/trash-2-BxyNPHc5.js (deflated 40%)
  adding: assets/select-CyV9DQZj.js (deflated 64%)
  adding: assets/textarea-C_iPfCRD.js (deflated 45%)
  adding: assets/chevron-down-C012kXhs.js (deflated 24%)
  adding: assets/index-CsVzD0cC.js (deflated 62%)
  adding: assets/index-BsvCffNC.js (deflated 64%)
  adding: assets/card-BBJOOldk.js (deflated 62%)
  adding: assets/eye-BbkdLykj.js (deflated 33%)
  adding: assets/check-BOR-8-Wp.js (deflated 22%)
  adding: assets/input-Dd-BxneG.js (deflated 44%)
  adding: index.html (deflated 47%)
Saving Lightsail SSH key...
Uploading build to Lightsail...
Warning: Permanently added '15.207.22.250' (ED25519) to the list of known hosts.
Deploying build to /var/www/html ...
Archive:  /home/ubuntu/react-build.zip
  inflating: /var/www/html/favicon.ico  
   creating: /var/www/html/assets/
  inflating: /var/www/html/assets/irfanMalikBg-D4osmO_C.jpg  
  inflating: /var/www/html/assets/meerGreenJacket-ykCKR2uN.png  
  inflating: /var/www/html/assets/meerShinyDress-C8scZpYx.webp  
  inflating: /var/www/html/assets/shakeelBg-NX99JDrP.jpg  
  inflating: /var/www/html/assets/wasimAkramBg-D4BFEYu1.png  
  inflating: /var/www/html/assets/arabic-BElshnQY.jpg  
  inflating: /var/www/html/assets/akhtar-qLBVRLf-.jpg  
  inflating: /var/www/html/assets/handShake-Dk1DoagP.webp  
  inflating: /var/www/html/assets/ShahidAfridiBg-CbCvmnf9.jpg  
  inflating: /var/www/html/assets/dubai-Bmqq4ymj.jpg  
  inflating: /var/www/html/assets/wasim-ETjjiRaD.jpg  
  inflating: /var/www/html/assets/placeholderMan-BvremNML.png  
  inflating: /var/www/html/assets/rectanglePlaceholder-nCbViREl.png  
  inflating: /var/www/html/assets/salman-DD3Zraly.jpg  
  inflating: /var/www/html/assets/fahad-CnovJc60.jpg  
  inflating: /var/www/html/assets/tech-BdWyL5Pa.jpg  
  inflating: /var/www/html/assets/MainLogo-DJpFhlQE.png  
  inflating: /var/www/html/assets/Fav-BPcykgsi.png  
  inflating: /var/www/html/assets/wasimAkram-CBOcRO9q.png  
  inflating: /var/www/html/assets/shahidAfridi-B5l7MSUw.png  
  inflating: /var/www/html/assets/index-BhrjQAgE.css  
  inflating: /var/www/html/assets/index-BSwn_zkL.js  
  inflating: /var/www/html/assets/Landing-Cb02Q-7R.js  
  inflating: /var/www/html/assets/index-D_Y2HS8F.js  
  inflating: /var/www/html/assets/index-DAsGc-aJ.js  
  inflating: /var/www/html/assets/index-DVrba0eE.js  
  inflating: /var/www/html/assets/index-iSL2dpUl.js  
  inflating: /var/www/html/assets/Header-9WRFKp0P.js  
  inflating: /var/www/html/assets/SignUp-j1SIBHFb.js  
  inflating: /var/www/html/assets/ForgotPassword-XJFfVSMZ.js  
  inflating: /var/www/html/assets/VerifyUserEmail-B5FSPk4w.js  
  inflating: /var/www/html/assets/ResetPassword-Blp0xtAa.js  
  inflating: /var/www/html/assets/ContactSupport-D7H6grg_.js  
  inflating: /var/www/html/assets/AuthCallback-BGA1kn2e.js  
  inflating: /var/www/html/assets/Login-CwoESn9H.js  
  inflating: /var/www/html/assets/index-B3VF6ttY.js  
  inflating: /var/www/html/assets/index-BC1PbvmC.js  
  inflating: /var/www/html/assets/Profile-CiwCSgiY.js  
  inflating: /var/www/html/assets/index-CeI_1ru6.js  
  inflating: /var/www/html/assets/index-Bc0PgXMp.js  
  inflating: /var/www/html/assets/label-CsK9Faus.js  
  inflating: /var/www/html/assets/box-BpDH5Hiy.js  
  inflating: /var/www/html/assets/EditInvestor-BmzHZ1nX.js  
  inflating: /var/www/html/assets/index-ahdj27Vo.js  
  inflating: /var/www/html/assets/phone-call-Bzeelpu9.js  
  inflating: /var/www/html/assets/shield-check-B5DcQ6_1.js  
  inflating: /var/www/html/assets/map-pin-CTmAh_JP.js  
  inflating: /var/www/html/assets/briefcase-BJbDrupF.js  
  inflating: /var/www/html/assets/useDebounce-Cuoc1xFz.js  
  inflating: /var/www/html/assets/phone-BGY2iv9v.js  
  inflating: /var/www/html/assets/circle-alert-B6SIwoJj.js  
  inflating: /var/www/html/assets/mail-C7d04zEZ.js  
  inflating: /var/www/html/assets/EditFounder-D9A7maVz.js  
  inflating: /var/www/html/assets/Dashboard-Bky18tvO.js  
  inflating: /var/www/html/assets/index-S_MoxucR.js  
  inflating: /var/www/html/assets/ToggleChips-nq2AaoLf.js  
  inflating: /var/www/html/assets/index-B-u1pce3.js  
  inflating: /var/www/html/assets/Dashboard-DBxCi1FS.js  
  inflating: /var/www/html/assets/package-BoZ2gt4S.js  
  inflating: /var/www/html/assets/trending-up-D5a7zHk2.js  
  inflating: /var/www/html/assets/index-CdDdgxCs.js  
  inflating: /var/www/html/assets/Stepper-BCW0uorY.js  
  inflating: /var/www/html/assets/LegalModal-wVnxMGkV.js  
  inflating: /var/www/html/assets/download-DuKYXsLD.js  
  inflating: /var/www/html/assets/ImageUploader-DjazigEZ.js  
  inflating: /var/www/html/assets/dialog-IisbfVAX.js  
  inflating: /var/www/html/assets/checkbox-VL_DmcQV.js  
  inflating: /var/www/html/assets/index-Dmp-EZ-U.js  
  inflating: /var/www/html/assets/index-8uqsrVLQ.js  
  inflating: /var/www/html/assets/toolbar-DbXOAVRG.js  
  inflating: /var/www/html/assets/search-CDrhKPSl.js  
  inflating: /var/www/html/assets/topCards-CS4aLOAu.js  
  inflating: /var/www/html/assets/index-CClP9vEC.js  
  inflating: /var/www/html/assets/star-BE_MSLij.js  
  inflating: /var/www/html/assets/shield-ClAV0uUQ.js  
  inflating: /var/www/html/assets/globe-Bh3q8oUl.js  
  inflating: /var/www/html/assets/users-BeHwh4kp.js  
  inflating: /var/www/html/assets/target-fxhZERKD.js  
  inflating: /var/www/html/assets/FileUploader-zYGNubXm.js  
  inflating: /var/www/html/assets/link-DrJjPHS4.js  
  inflating: /var/www/html/assets/trash-2-BxyNPHc5.js  
  inflating: /var/www/html/assets/select-CyV9DQZj.js  
  inflating: /var/www/html/assets/textarea-C_iPfCRD.js  
  inflating: /var/www/html/assets/chevron-down-C012kXhs.js  
  inflating: /var/www/html/assets/index-CsVzD0cC.js  
  inflating: /var/www/html/assets/index-BsvCffNC.js  
  inflating: /var/www/html/assets/card-BBJOOldk.js  
  inflating: /var/www/html/assets/eye-BbkdLykj.js  
  inflating: /var/www/html/assets/check-BOR-8-Wp.js  
  inflating: /var/www/html/assets/input-Dd-BxneG.js  
  inflating: /var/www/html/index.html  
Saving Git logs repo SSH key...
Testing GitHub SSH key...
Cloning deployment-logs repo...
Cloning into 'logs-repo'...
