Installing dependencies...

added 436 packages, and audited 437 packages in 10s

129 packages are looking for funding
  run `npm fund` for details

3 vulnerabilities (2 moderate, 1 high)

To address issues that do not require attention, run:
  npm audit fix

Some issues need review, and may require choosing
a different dependency.

Run `npm audit` for details.
Building React app...

> boilerplate-code-react-js@0.0.0 build
> vite build

vite v7.1.11 building for production...
transforming...
✓ 2898 modules transformed.
rendering chunks...
computing gzip size...
dist/index.html                                    1.26 kB │ gzip:   0.66 kB
dist/assets/rectanglePlaceholder-nCbViREl.png     11.85 kB
dist/assets/irfanMalikBg-D4osmO_C.jpg             24.66 kB
dist/assets/placeholderMan-BvremNML.png           36.64 kB
dist/assets/ShahidAfridiBg-CbCvmnf9.jpg           55.65 kB
dist/assets/handShake-Dk1DoagP.webp               65.18 kB
dist/assets/tower-gldBe0jJ.webp                   66.16 kB
dist/assets/tower2-LuqAcWCu.jpg                   72.52 kB
dist/assets/shakeelBg-NX99JDrP.jpg               143.15 kB
dist/assets/MainLogo-DJpFhlQE.png                144.86 kB
dist/assets/Fav-BPcykgsi.png                     147.34 kB
dist/assets/akhtar-qLBVRLf-.jpg                  173.92 kB
dist/assets/tower3-DpFzgoGy.jpg                  175.56 kB
dist/assets/meerShinyDress-C8scZpYx.webp         229.68 kB
dist/assets/meerGreenJacket-ykCKR2uN.png         230.19 kB
dist/assets/arabic-BElshnQY.jpg                  238.42 kB
dist/assets/wasim-ETjjiRaD.jpg                   242.26 kB
dist/assets/salman-DD3Zraly.jpg                  255.18 kB
dist/assets/fahad-CnovJc60.jpg                   278.62 kB
dist/assets/tech-BdWyL5Pa.jpg                    281.71 kB
dist/assets/dubai-Bmqq4ymj.jpg                   311.77 kB
dist/assets/wasimAkramBg-D4BFEYu1.png            313.57 kB
dist/assets/wasimAkram-CBOcRO9q.png            4,488.96 kB
dist/assets/shahidAfridi-B5l7MSUw.png          5,182.30 kB
dist/assets/index-DpkPWfhr.css                   124.29 kB │ gzip:  17.30 kB
dist/assets/check-DA8wb5tM.js                      0.29 kB │ gzip:   0.24 kB
dist/assets/chevron-down-qh3hHVLb.js               0.30 kB │ gzip:   0.25 kB
dist/assets/plus-PKmcs79u.js                       0.33 kB │ gzip:   0.25 kB
dist/assets/trending-up-Bl2gtehG.js                0.35 kB │ gzip:   0.27 kB
dist/assets/ban-B7b_ar9r.js                        0.35 kB │ gzip:   0.28 kB
dist/assets/circle-check-big-RhL1FWsU.js           0.36 kB │ gzip:   0.29 kB
dist/assets/mail-BKXZfiOs.js                       0.39 kB │ gzip:   0.31 kB
dist/assets/briefcase-C2S20SAm.js                  0.39 kB │ gzip:   0.30 kB
dist/assets/log-in-CE5sHyLG.js                     0.40 kB │ gzip:   0.29 kB
dist/assets/download-C2LB0zkI.js                   0.41 kB │ gzip:   0.30 kB
dist/assets/globe-DTaZi_3k.js                      0.41 kB │ gzip:   0.30 kB
dist/assets/circle-alert-DHiBFt8f.js               0.42 kB │ gzip:   0.30 kB
dist/assets/eye-CjmeMGDJ.js                        0.42 kB │ gzip:   0.30 kB
dist/assets/map-pin-1Q0Qr7EP.js                    0.43 kB │ gzip:   0.33 kB
dist/assets/link-DKZ5FjaR.js                       0.43 kB │ gzip:   0.30 kB
dist/assets/pencil-CdKw8sqm.js                     0.45 kB │ gzip:   0.33 kB
dist/assets/box-DgywSTZh.js                        0.48 kB │ gzip:   0.33 kB
dist/assets/user-plus-Bkc1ZVe6.js                  0.48 kB │ gzip:   0.34 kB
dist/assets/shield-check-B2P06pMg.js               0.49 kB │ gzip:   0.35 kB
dist/assets/square-pen-DhciDQL6.js                 0.49 kB │ gzip:   0.34 kB
dist/assets/phone-CopXxNs3.js                      0.50 kB │ gzip:   0.33 kB
dist/assets/trash-2-BxFDPexe.js                    0.50 kB │ gzip:   0.32 kB
dist/assets/file-text-Cmgk3l94.js                  0.51 kB │ gzip:   0.32 kB
dist/assets/label-Cnlenm-3.js                      0.89 kB │ gzip:   0.55 kB
dist/assets/textarea-DWnqotl1.js                   0.96 kB │ gzip:   0.54 kB
dist/assets/ToggleChips-CA70ZR59.js                1.12 kB │ gzip:   0.65 kB
dist/assets/input-D00RCoKK.js                      1.14 kB │ gzip:   0.66 kB
dist/assets/card-Bg2upPiU.js                       1.18 kB │ gzip:   0.46 kB
dist/assets/InfoBox-ZniUq2IC.js                    1.20 kB │ gzip:   0.63 kB
dist/assets/EmptyState-BlD_BxrK.js                 1.47 kB │ gzip:   0.61 kB
dist/assets/target-CxNMib3W.js                     1.56 kB │ gzip:   0.56 kB
dist/assets/index-BDR0DJvY.js                      1.73 kB │ gzip:   0.81 kB
dist/assets/toolbar-DdZsG_G9.js                    1.86 kB │ gzip:   0.86 kB
dist/assets/topCards-Cc396tDO.js                   2.01 kB │ gzip:   0.93 kB
dist/assets/index-C6azFf8R.js                      2.07 kB │ gzip:   0.92 kB
dist/assets/ForgotPassword-Dfj8Kf7x.js             2.19 kB │ gzip:   1.09 kB
dist/assets/ImageUploader-DiP_k3_7.js              2.26 kB │ gzip:   1.13 kB
dist/assets/ResetPassword-BTMVCubZ.js              2.41 kB │ gzip:   1.07 kB
dist/assets/AuthCallback-Bqe-odiK.js               2.44 kB │ gzip:   1.23 kB
dist/assets/FileUploader-fr-AZ24f.js               3.02 kB │ gzip:   1.35 kB
dist/assets/index-DJDIoKQi.js                      3.07 kB │ gzip:   1.47 kB
dist/assets/index-ncTDtXxE.js                      3.21 kB │ gzip:   1.61 kB
dist/assets/index-Dvj1al08.js                      3.27 kB │ gzip:   1.59 kB
dist/assets/SelectRole-DQoDGlwy.js                 3.38 kB │ gzip:   1.54 kB
dist/assets/index-CjTPdCoI.js                      3.40 kB │ gzip:   1.63 kB
dist/assets/SignUp-DVd_wULM.js                     3.97 kB │ gzip:   1.60 kB
dist/assets/index-RuC3-WCe.js                      3.98 kB │ gzip:   1.50 kB
dist/assets/index-mAIpxO7X.js                      4.05 kB │ gzip:   1.60 kB
dist/assets/index-BYYCKA2r.js                      4.05 kB │ gzip:   1.60 kB
dist/assets/index-CjbXG_eu.js                      4.05 kB │ gzip:   1.60 kB
dist/assets/LegalModal-CSP_llzq.js                 4.09 kB │ gzip:   2.01 kB
dist/assets/checkbox-CAKqCY4u.js                   4.11 kB │ gzip:   1.80 kB
dist/assets/Dashboard-Ceahl99I.js                  4.25 kB │ gzip:   1.44 kB
dist/assets/Dashboard-CXQ5SdXf.js                  4.26 kB │ gzip:   1.45 kB
dist/assets/index-CjLZg0E3.js                      4.49 kB │ gzip:   2.30 kB
dist/assets/index-GyNLip6N.js                      4.51 kB │ gzip:   2.30 kB
dist/assets/Stepper-B3mfg75K.js                    4.66 kB │ gzip:   2.03 kB
dist/assets/ContactSupport-DIOa6gKU.js             4.93 kB │ gzip:   2.03 kB
dist/assets/Login-BC4YmNk-.js                      5.03 kB │ gzip:   2.14 kB
dist/assets/Tabs-CQraq8QH.js                       5.77 kB │ gzip:   2.03 kB
dist/assets/VerifyUserEmail-CArIQAMj.js            6.14 kB │ gzip:   2.28 kB
dist/assets/index-DOHbqG-k.js                      6.73 kB │ gzip:   2.75 kB
dist/assets/Profile-DLMAT-HA.js                    7.38 kB │ gzip:   2.53 kB
dist/assets/index-Dtj81C_n.js                      7.41 kB │ gzip:   2.82 kB
dist/assets/dialog-DO_CA6T9.js                     8.41 kB │ gzip:   3.24 kB
dist/assets/index-UCPk_0kD.js                      8.78 kB │ gzip:   3.30 kB
dist/assets/index-CA2vdSmx.js                      9.16 kB │ gzip:   3.76 kB
dist/assets/Header-jG_8-KMQ.js                    11.07 kB │ gzip:   3.46 kB
dist/assets/EditFounder-D3FnEKqc.js               15.36 kB │ gzip:   3.64 kB
dist/assets/EditInvestor-W-2GKkI9.js              16.73 kB │ gzip:   4.05 kB
dist/assets/index-DgAwG1eQ.js                     18.22 kB │ gzip:   5.44 kB
dist/assets/index-DGv_wLtU.js                     18.78 kB │ gzip:   6.16 kB
dist/assets/index-DRN0G0wH.js                     20.65 kB │ gzip:   5.72 kB
dist/assets/select-CvxhHdjU.js                    21.30 kB │ gzip:   7.64 kB
dist/assets/index-BaBEivea.js                     24.76 kB │ gzip:   8.99 kB
dist/assets/index-PlhpYUDV.js                     30.18 kB │ gzip:  11.62 kB
dist/assets/useDebounce-Dmk2Yffk.js               39.64 kB │ gzip:  11.41 kB
dist/assets/ViewCallLogsModal-BsPdmPwU.js         82.14 kB │ gzip:  24.80 kB
dist/assets/Landing-D5vJnMUP.js                  136.99 kB │ gzip:  48.93 kB
dist/assets/index-CZPMLO64.js                    743.63 kB │ gzip: 224.69 kB
dist/assets/index-BE6ZoPz3.js                    882.81 kB │ gzip: 258.20 kB

(!) Some chunks are larger than 500 kB after minification. Consider:
- Using dynamic import() to code-split the application
- Use build.rollupOptions.output.manualChunks to improve chunking: https://rollupjs.org/configuration-options/#output-manualchunks
- Adjust chunk size limit for this warning via build.chunkSizeWarningLimit.
✓ built in 10.72s
Packaging build...
  adding: favicon.ico (deflated 13%)
  adding: assets/ (stored 0%)
  adding: assets/irfanMalikBg-D4osmO_C.jpg (deflated 1%)
  adding: assets/meerGreenJacket-ykCKR2uN.png (deflated 0%)
  adding: assets/meerShinyDress-C8scZpYx.webp (deflated 0%)
  adding: assets/ShahidAfridiBg-CbCvmnf9.jpg (deflated 0%)
  adding: assets/shakeelBg-NX99JDrP.jpg (deflated 0%)
  adding: assets/wasimAkramBg-D4BFEYu1.png (deflated 0%)
  adding: assets/akhtar-qLBVRLf-.jpg (deflated 1%)
  adding: assets/arabic-BElshnQY.jpg (deflated 0%)
  adding: assets/dubai-Bmqq4ymj.jpg (deflated 0%)
  adding: assets/fahad-CnovJc60.jpg (deflated 0%)
  adding: assets/handShake-Dk1DoagP.webp (deflated 0%)
  adding: assets/salman-DD3Zraly.jpg (deflated 0%)
  adding: assets/tech-BdWyL5Pa.jpg (deflated 0%)
  adding: assets/wasim-ETjjiRaD.jpg (deflated 0%)
  adding: assets/placeholderMan-BvremNML.png (deflated 3%)
  adding: assets/rectanglePlaceholder-nCbViREl.png (deflated 31%)
  adding: assets/Fav-BPcykgsi.png (deflated 5%)
  adding: assets/MainLogo-DJpFhlQE.png (deflated 4%)
  adding: assets/tower-gldBe0jJ.webp (deflated 0%)
  adding: assets/tower2-LuqAcWCu.jpg (deflated 2%)
  adding: assets/tower3-DpFzgoGy.jpg (deflated 0%)
  adding: assets/wasimAkram-CBOcRO9q.png (deflated 1%)
  adding: assets/shahidAfridi-B5l7MSUw.png (deflated 1%)
  adding: assets/index-DpkPWfhr.css (deflated 86%)
  adding: assets/index-CZPMLO64.js (deflated 70%)
  adding: assets/Landing-D5vJnMUP.js (deflated 64%)
  adding: assets/index-ncTDtXxE.js (deflated 50%)
  adding: assets/index-DJDIoKQi.js (deflated 53%)
  adding: assets/index-CjTPdCoI.js (deflated 53%)
  adding: assets/index-Dvj1al08.js (deflated 52%)
  adding: assets/Header-jG_8-KMQ.js (deflated 69%)
  adding: assets/SignUp-DVd_wULM.js (deflated 60%)
  adding: assets/ForgotPassword-Dfj8Kf7x.js (deflated 51%)
  adding: assets/VerifyUserEmail-CArIQAMj.js (deflated 63%)
  adding: assets/ResetPassword-BTMVCubZ.js (deflated 56%)
  adding: assets/ContactSupport-DIOa6gKU.js (deflated 59%)
  adding: assets/AuthCallback-Bqe-odiK.js (deflated 50%)
  adding: assets/SelectRole-DQoDGlwy.js (deflated 55%)
  adding: assets/Login-BC4YmNk-.js (deflated 58%)
  adding: assets/index-BDR0DJvY.js (deflated 53%)
  adding: assets/index-BE6ZoPz3.js (deflated 71%)
  adding: assets/Profile-DLMAT-HA.js (deflated 66%)
  adding: assets/index-DOHbqG-k.js (deflated 59%)
  adding: assets/index-Dtj81C_n.js (deflated 62%)
  adding: assets/box-DgywSTZh.js (deflated 36%)
  adding: assets/EditInvestor-W-2GKkI9.js (deflated 76%)
  adding: assets/index-UCPk_0kD.js (deflated 63%)
  adding: assets/globe-DTaZi_3k.js (deflated 33%)
  adding: assets/ViewCallLogsModal-BsPdmPwU.js (deflated 70%)
  adding: assets/map-pin-1Q0Qr7EP.js (deflated 28%)
  adding: assets/label-Cnlenm-3.js (deflated 40%)
  adding: assets/briefcase-C2S20SAm.js (deflated 28%)
  adding: assets/EditFounder-D3FnEKqc.js (deflated 77%)
  adding: assets/index-CA2vdSmx.js (deflated 59%)
  adding: assets/index-DGv_wLtU.js (deflated 67%)
  adding: assets/user-plus-Bkc1ZVe6.js (deflated 34%)
  adding: assets/log-in-CE5sHyLG.js (deflated 31%)
  adding: assets/ban-B7b_ar9r.js (deflated 26%)
  adding: assets/phone-CopXxNs3.js (deflated 37%)
  adding: assets/mail-BKXZfiOs.js (deflated 26%)
  adding: assets/InfoBox-ZniUq2IC.js (deflated 48%)
  adding: assets/EmptyState-BlD_BxrK.js (deflated 60%)
  adding: assets/pencil-CdKw8sqm.js (deflated 31%)
  adding: assets/shield-check-B2P06pMg.js (deflated 32%)
  adding: assets/useDebounce-Dmk2Yffk.js (deflated 71%)
  adding: assets/circle-alert-DHiBFt8f.js (deflated 35%)
  adding: assets/index-RuC3-WCe.js (deflated 63%)
  adding: assets/Dashboard-Ceahl99I.js (deflated 66%)
  adding: assets/index-DgAwG1eQ.js (deflated 70%)
  adding: assets/ToggleChips-CA70ZR59.js (deflated 44%)
  adding: assets/index-CjLZg0E3.js (deflated 49%)
  adding: assets/index-mAIpxO7X.js (deflated 61%)
  adding: assets/index-BYYCKA2r.js (deflated 61%)
  adding: assets/Dashboard-CXQ5SdXf.js (deflated 66%)
  adding: assets/target-CxNMib3W.js (deflated 65%)
  adding: assets/trending-up-Bl2gtehG.js (deflated 26%)
  adding: assets/index-DRN0G0wH.js (deflated 72%)
  adding: assets/Stepper-B3mfg75K.js (deflated 57%)
  adding: assets/LegalModal-CSP_llzq.js (deflated 51%)
  adding: assets/download-C2LB0zkI.js (deflated 31%)
  adding: assets/ImageUploader-DiP_k3_7.js (deflated 51%)
  adding: assets/checkbox-CAKqCY4u.js (deflated 57%)
  adding: assets/dialog-DO_CA6T9.js (deflated 62%)
  adding: assets/index-C6azFf8R.js (deflated 56%)
  adding: assets/index-CjbXG_eu.js (deflated 61%)
  adding: assets/plus-PKmcs79u.js (deflated 28%)
  adding: assets/Tabs-CQraq8QH.js (deflated 65%)
  adding: assets/square-pen-DhciDQL6.js (deflated 35%)
  adding: assets/file-text-Cmgk3l94.js (deflated 40%)
  adding: assets/toolbar-DdZsG_G9.js (deflated 55%)
  adding: assets/circle-check-big-RhL1FWsU.js (deflated 26%)
  adding: assets/topCards-Cc396tDO.js (deflated 54%)
  adding: assets/index-BaBEivea.js (deflated 64%)
  adding: assets/input-D00RCoKK.js (deflated 44%)
  adding: assets/FileUploader-fr-AZ24f.js (deflated 56%)
  adding: assets/select-CvxhHdjU.js (deflated 64%)
  adding: assets/textarea-DWnqotl1.js (deflated 45%)
  adding: assets/link-DKZ5FjaR.js (deflated 34%)
  adding: assets/eye-CjmeMGDJ.js (deflated 33%)
  adding: assets/trash-2-BxFDPexe.js (deflated 40%)
  adding: assets/chevron-down-qh3hHVLb.js (deflated 23%)
  adding: assets/check-DA8wb5tM.js (deflated 22%)
  adding: assets/index-PlhpYUDV.js (deflated 62%)
  adding: assets/card-Bg2upPiU.js (deflated 62%)
  adding: assets/index-GyNLip6N.js (deflated 49%)
  adding: index.html (deflated 49%)
Saving Lightsail SSH key...
Uploading build to Lightsail...
Warning: Permanently added '15.207.22.250' (ED25519) to the list of known hosts.
Deploying build to /var/www/html ...
Archive:  /home/ubuntu/react-build.zip
  inflating: /var/www/html/favicon.ico  
   creating: /var/www/html/assets/
  inflating: /var/www/html/assets/irfanMalikBg-D4osmO_C.jpg  
  inflating: /var/www/html/assets/meerGreenJacket-ykCKR2uN.png  
  inflating: /var/www/html/assets/meerShinyDress-C8scZpYx.webp  
  inflating: /var/www/html/assets/ShahidAfridiBg-CbCvmnf9.jpg  
  inflating: /var/www/html/assets/shakeelBg-NX99JDrP.jpg  
  inflating: /var/www/html/assets/wasimAkramBg-D4BFEYu1.png  
  inflating: /var/www/html/assets/akhtar-qLBVRLf-.jpg  
  inflating: /var/www/html/assets/arabic-BElshnQY.jpg  
  inflating: /var/www/html/assets/dubai-Bmqq4ymj.jpg  
  inflating: /var/www/html/assets/fahad-CnovJc60.jpg  
  inflating: /var/www/html/assets/handShake-Dk1DoagP.webp  
  inflating: /var/www/html/assets/salman-DD3Zraly.jpg  
  inflating: /var/www/html/assets/tech-BdWyL5Pa.jpg  
  inflating: /var/www/html/assets/wasim-ETjjiRaD.jpg  
  inflating: /var/www/html/assets/placeholderMan-BvremNML.png  
  inflating: /var/www/html/assets/rectanglePlaceholder-nCbViREl.png  
  inflating: /var/www/html/assets/Fav-BPcykgsi.png  
  inflating: /var/www/html/assets/MainLogo-DJpFhlQE.png  
  inflating: /var/www/html/assets/tower-gldBe0jJ.webp  
  inflating: /var/www/html/assets/tower2-LuqAcWCu.jpg  
  inflating: /var/www/html/assets/tower3-DpFzgoGy.jpg  
  inflating: /var/www/html/assets/wasimAkram-CBOcRO9q.png  
  inflating: /var/www/html/assets/shahidAfridi-B5l7MSUw.png  
  inflating: /var/www/html/assets/index-DpkPWfhr.css  
  inflating: /var/www/html/assets/index-CZPMLO64.js  
  inflating: /var/www/html/assets/Landing-D5vJnMUP.js  
  inflating: /var/www/html/assets/index-ncTDtXxE.js  
  inflating: /var/www/html/assets/index-DJDIoKQi.js  
  inflating: /var/www/html/assets/index-CjTPdCoI.js  
  inflating: /var/www/html/assets/index-Dvj1al08.js  
  inflating: /var/www/html/assets/Header-jG_8-KMQ.js  
  inflating: /var/www/html/assets/SignUp-DVd_wULM.js  
  inflating: /var/www/html/assets/ForgotPassword-Dfj8Kf7x.js  
  inflating: /var/www/html/assets/VerifyUserEmail-CArIQAMj.js  
  inflating: /var/www/html/assets/ResetPassword-BTMVCubZ.js  
  inflating: /var/www/html/assets/ContactSupport-DIOa6gKU.js  
  inflating: /var/www/html/assets/AuthCallback-Bqe-odiK.js  
  inflating: /var/www/html/assets/SelectRole-DQoDGlwy.js  
  inflating: /var/www/html/assets/Login-BC4YmNk-.js  
  inflating: /var/www/html/assets/index-BDR0DJvY.js  
  inflating: /var/www/html/assets/index-BE6ZoPz3.js  
  inflating: /var/www/html/assets/Profile-DLMAT-HA.js  
  inflating: /var/www/html/assets/index-DOHbqG-k.js  
  inflating: /var/www/html/assets/index-Dtj81C_n.js  
  inflating: /var/www/html/assets/box-DgywSTZh.js  
  inflating: /var/www/html/assets/EditInvestor-W-2GKkI9.js  
  inflating: /var/www/html/assets/index-UCPk_0kD.js  
  inflating: /var/www/html/assets/globe-DTaZi_3k.js  
  inflating: /var/www/html/assets/ViewCallLogsModal-BsPdmPwU.js  
  inflating: /var/www/html/assets/map-pin-1Q0Qr7EP.js  
  inflating: /var/www/html/assets/label-Cnlenm-3.js  
  inflating: /var/www/html/assets/briefcase-C2S20SAm.js  
  inflating: /var/www/html/assets/EditFounder-D3FnEKqc.js  
  inflating: /var/www/html/assets/index-CA2vdSmx.js  
  inflating: /var/www/html/assets/index-DGv_wLtU.js  
  inflating: /var/www/html/assets/user-plus-Bkc1ZVe6.js  
  inflating: /var/www/html/assets/log-in-CE5sHyLG.js  
  inflating: /var/www/html/assets/ban-B7b_ar9r.js  
  inflating: /var/www/html/assets/phone-CopXxNs3.js  
  inflating: /var/www/html/assets/mail-BKXZfiOs.js  
  inflating: /var/www/html/assets/InfoBox-ZniUq2IC.js  
  inflating: /var/www/html/assets/EmptyState-BlD_BxrK.js  
  inflating: /var/www/html/assets/pencil-CdKw8sqm.js  
  inflating: /var/www/html/assets/shield-check-B2P06pMg.js  
  inflating: /var/www/html/assets/useDebounce-Dmk2Yffk.js  
  inflating: /var/www/html/assets/circle-alert-DHiBFt8f.js  
  inflating: /var/www/html/assets/index-RuC3-WCe.js  
  inflating: /var/www/html/assets/Dashboard-Ceahl99I.js  
  inflating: /var/www/html/assets/index-DgAwG1eQ.js  
  inflating: /var/www/html/assets/ToggleChips-CA70ZR59.js  
  inflating: /var/www/html/assets/index-CjLZg0E3.js  
  inflating: /var/www/html/assets/index-mAIpxO7X.js  
  inflating: /var/www/html/assets/index-BYYCKA2r.js  
  inflating: /var/www/html/assets/Dashboard-CXQ5SdXf.js  
  inflating: /var/www/html/assets/target-CxNMib3W.js  
  inflating: /var/www/html/assets/trending-up-Bl2gtehG.js  
  inflating: /var/www/html/assets/index-DRN0G0wH.js  
  inflating: /var/www/html/assets/Stepper-B3mfg75K.js  
  inflating: /var/www/html/assets/LegalModal-CSP_llzq.js  
  inflating: /var/www/html/assets/download-C2LB0zkI.js  
  inflating: /var/www/html/assets/ImageUploader-DiP_k3_7.js  
  inflating: /var/www/html/assets/checkbox-CAKqCY4u.js  
  inflating: /var/www/html/assets/dialog-DO_CA6T9.js  
  inflating: /var/www/html/assets/index-C6azFf8R.js  
  inflating: /var/www/html/assets/index-CjbXG_eu.js  
  inflating: /var/www/html/assets/plus-PKmcs79u.js  
  inflating: /var/www/html/assets/Tabs-CQraq8QH.js  
  inflating: /var/www/html/assets/square-pen-DhciDQL6.js  
  inflating: /var/www/html/assets/file-text-Cmgk3l94.js  
  inflating: /var/www/html/assets/toolbar-DdZsG_G9.js  
  inflating: /var/www/html/assets/circle-check-big-RhL1FWsU.js  
  inflating: /var/www/html/assets/topCards-Cc396tDO.js  
  inflating: /var/www/html/assets/index-BaBEivea.js  
  inflating: /var/www/html/assets/input-D00RCoKK.js  
  inflating: /var/www/html/assets/FileUploader-fr-AZ24f.js  
  inflating: /var/www/html/assets/select-CvxhHdjU.js  
  inflating: /var/www/html/assets/textarea-DWnqotl1.js  
  inflating: /var/www/html/assets/link-DKZ5FjaR.js  
  inflating: /var/www/html/assets/eye-CjmeMGDJ.js  
  inflating: /var/www/html/assets/trash-2-BxFDPexe.js  
  inflating: /var/www/html/assets/chevron-down-qh3hHVLb.js  
  inflating: /var/www/html/assets/check-DA8wb5tM.js  
  inflating: /var/www/html/assets/index-PlhpYUDV.js  
  inflating: /var/www/html/assets/card-Bg2upPiU.js  
  inflating: /var/www/html/assets/index-GyNLip6N.js  
  inflating: /var/www/html/index.html  
Saving Git logs repo SSH key...
Testing GitHub SSH key...
Cloning deployment-logs repo...
Cloning into 'logs-repo'...
